{"/Users/rlecart/Desktop/TRAVAIL/tetris/server/classes/Master.js":{"path":"/Users/rlecart/Desktop/TRAVAIL/tetris/server/classes/Master.js","statementMap":{"0":{"start":{"line":1,"column":11},"end":{"line":1,"column":31}},"1":{"start":{"line":2,"column":17},"end":{"line":2,"column":40}},"2":{"start":{"line":3,"column":23},"end":{"line":3,"column":45}},"3":{"start":{"line":4,"column":27},"end":{"line":4,"column":51}},"4":{"start":{"line":5,"column":8},"end":{"line":5,"column":25}},"5":{"start":{"line":7,"column":0},"end":{"line":200,"column":1}},"6":{"start":{"line":9,"column":4},"end":{"line":9,"column":24}},"7":{"start":{"line":10,"column":4},"end":{"line":10,"column":28}},"8":{"start":{"line":11,"column":4},"end":{"line":11,"column":21}},"9":{"start":{"line":15,"column":4},"end":{"line":15,"column":39}},"10":{"start":{"line":16,"column":4},"end":{"line":16,"column":30}},"11":{"start":{"line":17,"column":4},"end":{"line":17,"column":32}},"12":{"start":{"line":22,"column":4},"end":{"line":22,"column":51}},"13":{"start":{"line":23,"column":4},"end":{"line":23,"column":29}},"14":{"start":{"line":24,"column":4},"end":{"line":24,"column":28}},"15":{"start":{"line":29,"column":4},"end":{"line":29,"column":67}},"16":{"start":{"line":33,"column":4},"end":{"line":33,"column":25}},"17":{"start":{"line":37,"column":4},"end":{"line":37,"column":28}},"18":{"start":{"line":41,"column":4},"end":{"line":42,"column":35}},"19":{"start":{"line":42,"column":6},"end":{"line":42,"column":35}},"20":{"start":{"line":46,"column":4},"end":{"line":47,"column":40}},"21":{"start":{"line":47,"column":6},"end":{"line":47,"column":40}},"22":{"start":{"line":48,"column":4},"end":{"line":48,"column":32}},"23":{"start":{"line":52,"column":4},"end":{"line":52,"column":41}},"24":{"start":{"line":56,"column":4},"end":{"line":56,"column":42}},"25":{"start":{"line":69,"column":4},"end":{"line":69,"column":73}},"26":{"start":{"line":77,"column":4},"end":{"line":80,"column":5}},"27":{"start":{"line":78,"column":6},"end":{"line":78,"column":46}},"28":{"start":{"line":79,"column":6},"end":{"line":79,"column":40}},"29":{"start":{"line":84,"column":4},"end":{"line":89,"column":5}},"30":{"start":{"line":85,"column":17},"end":{"line":85,"column":31}},"31":{"start":{"line":86,"column":6},"end":{"line":86,"column":52}},"32":{"start":{"line":87,"column":6},"end":{"line":87,"column":27}},"33":{"start":{"line":88,"column":6},"end":{"line":88,"column":57}},"34":{"start":{"line":93,"column":15},"end":{"line":93,"column":17}},"35":{"start":{"line":95,"column":4},"end":{"line":104,"column":5}},"36":{"start":{"line":96,"column":6},"end":{"line":96,"column":38}},"37":{"start":{"line":97,"column":6},"end":{"line":97,"column":41}},"38":{"start":{"line":98,"column":6},"end":{"line":98,"column":44}},"39":{"start":{"line":100,"column":6},"end":{"line":100,"column":67}},"40":{"start":{"line":101,"column":6},"end":{"line":101,"column":14}},"41":{"start":{"line":108,"column":14},"end":{"line":108,"column":34}},"42":{"start":{"line":109,"column":15},"end":{"line":109,"column":17}},"43":{"start":{"line":111,"column":4},"end":{"line":118,"column":5}},"44":{"start":{"line":112,"column":6},"end":{"line":117,"column":7}},"45":{"start":{"line":113,"column":8},"end":{"line":116,"column":40}},"46":{"start":{"line":114,"column":10},"end":{"line":114,"column":55}},"47":{"start":{"line":116,"column":10},"end":{"line":116,"column":40}},"48":{"start":{"line":119,"column":4},"end":{"line":119,"column":14}},"49":{"start":{"line":123,"column":15},"end":{"line":123,"column":17}},"50":{"start":{"line":125,"column":4},"end":{"line":132,"column":5}},"51":{"start":{"line":126,"column":6},"end":{"line":126,"column":33}},"52":{"start":{"line":127,"column":6},"end":{"line":129,"column":7}},"53":{"start":{"line":128,"column":8},"end":{"line":128,"column":28}},"54":{"start":{"line":130,"column":6},"end":{"line":130,"column":67}},"55":{"start":{"line":131,"column":6},"end":{"line":131,"column":11}},"56":{"start":{"line":136,"column":14},"end":{"line":136,"column":27}},"57":{"start":{"line":137,"column":22},"end":{"line":137,"column":56}},"58":{"start":{"line":139,"column":4},"end":{"line":141,"column":5}},"59":{"start":{"line":140,"column":6},"end":{"line":140,"column":28}},"60":{"start":{"line":142,"column":4},"end":{"line":142,"column":19}},"61":{"start":{"line":143,"column":4},"end":{"line":143,"column":36}},"62":{"start":{"line":144,"column":4},"end":{"line":144,"column":31}},"63":{"start":{"line":149,"column":15},"end":{"line":149,"column":17}},"64":{"start":{"line":151,"column":4},"end":{"line":153,"column":5}},"65":{"start":{"line":152,"column":6},"end":{"line":152,"column":30}},"66":{"start":{"line":154,"column":4},"end":{"line":154,"column":9}},"67":{"start":{"line":158,"column":15},"end":{"line":158,"column":17}},"68":{"start":{"line":160,"column":4},"end":{"line":162,"column":5}},"69":{"start":{"line":161,"column":6},"end":{"line":161,"column":34}},"70":{"start":{"line":166,"column":12},"end":{"line":166,"column":13}},"71":{"start":{"line":168,"column":4},"end":{"line":169,"column":9}},"72":{"start":{"line":169,"column":6},"end":{"line":169,"column":9}},"73":{"start":{"line":170,"column":4},"end":{"line":171,"column":17}},"74":{"start":{"line":171,"column":6},"end":{"line":171,"column":17}},"75":{"start":{"line":172,"column":4},"end":{"line":172,"column":16}},"76":{"start":{"line":177,"column":15},"end":{"line":177,"column":17}},"77":{"start":{"line":179,"column":4},"end":{"line":185,"column":5}},"78":{"start":{"line":180,"column":6},"end":{"line":180,"column":36}},"79":{"start":{"line":181,"column":6},"end":{"line":183,"column":7}},"80":{"start":{"line":182,"column":8},"end":{"line":182,"column":59}},"81":{"start":{"line":184,"column":6},"end":{"line":184,"column":11}},"82":{"start":{"line":189,"column":15},"end":{"line":189,"column":17}},"83":{"start":{"line":190,"column":17},"end":{"line":190,"column":19}},"84":{"start":{"line":193,"column":4},"end":{"line":198,"column":47}},"85":{"start":{"line":194,"column":6},"end":{"line":194,"column":28}},"86":{"start":{"line":195,"column":6},"end":{"line":195,"column":11}},"87":{"start":{"line":198,"column":6},"end":{"line":198,"column":47}}},"fnMap":{"0":{"name":"(anonymous_0)","decl":{"start":{"line":8,"column":2},"end":{"line":8,"column":3}},"loc":{"start":{"line":8,"column":16},"end":{"line":12,"column":3}},"line":8},"1":{"name":"(anonymous_1)","decl":{"start":{"line":14,"column":2},"end":{"line":14,"column":3}},"loc":{"start":{"line":14,"column":16},"end":{"line":19,"column":3}},"line":14},"2":{"name":"(anonymous_2)","decl":{"start":{"line":21,"column":2},"end":{"line":21,"column":3}},"loc":{"start":{"line":21,"column":15},"end":{"line":26,"column":3}},"line":21},"3":{"name":"(anonymous_3)","decl":{"start":{"line":28,"column":2},"end":{"line":28,"column":3}},"loc":{"start":{"line":28,"column":19},"end":{"line":30,"column":3}},"line":28},"4":{"name":"(anonymous_4)","decl":{"start":{"line":32,"column":2},"end":{"line":32,"column":3}},"loc":{"start":{"line":32,"column":14},"end":{"line":34,"column":3}},"line":32},"5":{"name":"(anonymous_5)","decl":{"start":{"line":36,"column":2},"end":{"line":36,"column":3}},"loc":{"start":{"line":36,"column":17},"end":{"line":38,"column":3}},"line":36},"6":{"name":"(anonymous_6)","decl":{"start":{"line":40,"column":2},"end":{"line":40,"column":3}},"loc":{"start":{"line":40,"column":15},"end":{"line":43,"column":3}},"line":40},"7":{"name":"(anonymous_7)","decl":{"start":{"line":45,"column":2},"end":{"line":45,"column":3}},"loc":{"start":{"line":45,"column":19},"end":{"line":49,"column":3}},"line":45},"8":{"name":"(anonymous_8)","decl":{"start":{"line":51,"column":2},"end":{"line":51,"column":3}},"loc":{"start":{"line":51,"column":25},"end":{"line":53,"column":3}},"line":51},"9":{"name":"(anonymous_9)","decl":{"start":{"line":55,"column":2},"end":{"line":55,"column":3}},"loc":{"start":{"line":55,"column":18},"end":{"line":57,"column":3}},"line":55},"10":{"name":"(anonymous_10)","decl":{"start":{"line":59,"column":2},"end":{"line":59,"column":3}},"loc":{"start":{"line":59,"column":20},"end":{"line":74,"column":3}},"line":59},"11":{"name":"(anonymous_11)","decl":{"start":{"line":76,"column":2},"end":{"line":76,"column":3}},"loc":{"start":{"line":76,"column":20},"end":{"line":81,"column":3}},"line":76},"12":{"name":"(anonymous_12)","decl":{"start":{"line":83,"column":2},"end":{"line":83,"column":3}},"loc":{"start":{"line":83,"column":36},"end":{"line":90,"column":3}},"line":83},"13":{"name":"(anonymous_13)","decl":{"start":{"line":92,"column":2},"end":{"line":92,"column":3}},"loc":{"start":{"line":92,"column":39},"end":{"line":105,"column":3}},"line":92},"14":{"name":"(anonymous_14)","decl":{"start":{"line":107,"column":2},"end":{"line":107,"column":3}},"loc":{"start":{"line":107,"column":38},"end":{"line":120,"column":3}},"line":107},"15":{"name":"(anonymous_15)","decl":{"start":{"line":122,"column":2},"end":{"line":122,"column":3}},"loc":{"start":{"line":122,"column":32},"end":{"line":133,"column":3}},"line":122},"16":{"name":"(anonymous_16)","decl":{"start":{"line":135,"column":2},"end":{"line":135,"column":3}},"loc":{"start":{"line":135,"column":18},"end":{"line":146,"column":3}},"line":135},"17":{"name":"(anonymous_17)","decl":{"start":{"line":148,"column":2},"end":{"line":148,"column":3}},"loc":{"start":{"line":148,"column":37},"end":{"line":155,"column":3}},"line":148},"18":{"name":"(anonymous_18)","decl":{"start":{"line":157,"column":2},"end":{"line":157,"column":3}},"loc":{"start":{"line":157,"column":35},"end":{"line":163,"column":3}},"line":157},"19":{"name":"(anonymous_19)","decl":{"start":{"line":165,"column":2},"end":{"line":165,"column":3}},"loc":{"start":{"line":165,"column":36},"end":{"line":173,"column":3}},"line":165},"20":{"name":"(anonymous_20)","decl":{"start":{"line":175,"column":2},"end":{"line":175,"column":3}},"loc":{"start":{"line":175,"column":35},"end":{"line":186,"column":3}},"line":175},"21":{"name":"(anonymous_21)","decl":{"start":{"line":188,"column":2},"end":{"line":188,"column":3}},"loc":{"start":{"line":188,"column":42},"end":{"line":199,"column":3}},"line":188}},"branchMap":{"0":{"loc":{"start":{"line":41,"column":4},"end":{"line":42,"column":35}},"type":"if","locations":[{"start":{"line":41,"column":4},"end":{"line":42,"column":35}},{"start":{"line":41,"column":4},"end":{"line":42,"column":35}}],"line":41},"1":{"loc":{"start":{"line":41,"column":8},"end":{"line":41,"column":96}},"type":"binary-expr","locations":[{"start":{"line":41,"column":8},"end":{"line":41,"column":25}},{"start":{"line":41,"column":29},"end":{"line":41,"column":58}},{"start":{"line":41,"column":62},"end":{"line":41,"column":96}}],"line":41},"2":{"loc":{"start":{"line":46,"column":4},"end":{"line":47,"column":40}},"type":"if","locations":[{"start":{"line":46,"column":4},"end":{"line":47,"column":40}},{"start":{"line":46,"column":4},"end":{"line":47,"column":40}}],"line":46},"3":{"loc":{"start":{"line":77,"column":4},"end":{"line":80,"column":5}},"type":"if","locations":[{"start":{"line":77,"column":4},"end":{"line":80,"column":5}},{"start":{"line":77,"column":4},"end":{"line":80,"column":5}}],"line":77},"4":{"loc":{"start":{"line":84,"column":4},"end":{"line":89,"column":5}},"type":"if","locations":[{"start":{"line":84,"column":4},"end":{"line":89,"column":5}},{"start":{"line":84,"column":4},"end":{"line":89,"column":5}}],"line":84},"5":{"loc":{"start":{"line":84,"column":8},"end":{"line":84,"column":45}},"type":"binary-expr","locations":[{"start":{"line":84,"column":8},"end":{"line":84,"column":19}},{"start":{"line":84,"column":23},"end":{"line":84,"column":45}}],"line":84},"6":{"loc":{"start":{"line":95,"column":4},"end":{"line":104,"column":5}},"type":"if","locations":[{"start":{"line":95,"column":4},"end":{"line":104,"column":5}},{"start":{"line":95,"column":4},"end":{"line":104,"column":5}}],"line":95},"7":{"loc":{"start":{"line":95,"column":8},"end":{"line":95,"column":129}},"type":"binary-expr","locations":[{"start":{"line":95,"column":8},"end":{"line":95,"column":19}},{"start":{"line":95,"column":24},"end":{"line":95,"column":48}},{"start":{"line":95,"column":53},"end":{"line":95,"column":69}},{"start":{"line":95,"column":73},"end":{"line":95,"column":103}},{"start":{"line":95,"column":107},"end":{"line":95,"column":129}}],"line":95},"8":{"loc":{"start":{"line":108,"column":14},"end":{"line":108,"column":34}},"type":"cond-expr","locations":[{"start":{"line":108,"column":27},"end":{"line":108,"column":29}},{"start":{"line":108,"column":32},"end":{"line":108,"column":34}}],"line":108},"9":{"loc":{"start":{"line":111,"column":4},"end":{"line":118,"column":5}},"type":"if","locations":[{"start":{"line":111,"column":4},"end":{"line":118,"column":5}},{"start":{"line":111,"column":4},"end":{"line":118,"column":5}}],"line":111},"10":{"loc":{"start":{"line":111,"column":8},"end":{"line":111,"column":59}},"type":"binary-expr","locations":[{"start":{"line":111,"column":9},"end":{"line":111,"column":33}},{"start":{"line":111,"column":38},"end":{"line":111,"column":59}}],"line":111},"11":{"loc":{"start":{"line":113,"column":8},"end":{"line":116,"column":40}},"type":"if","locations":[{"start":{"line":113,"column":8},"end":{"line":116,"column":40}},{"start":{"line":113,"column":8},"end":{"line":116,"column":40}}],"line":113},"12":{"loc":{"start":{"line":125,"column":4},"end":{"line":132,"column":5}},"type":"if","locations":[{"start":{"line":125,"column":4},"end":{"line":132,"column":5}},{"start":{"line":125,"column":4},"end":{"line":132,"column":5}}],"line":125},"13":{"loc":{"start":{"line":125,"column":8},"end":{"line":125,"column":67}},"type":"binary-expr","locations":[{"start":{"line":125,"column":9},"end":{"line":125,"column":33}},{"start":{"line":125,"column":38},"end":{"line":125,"column":67}}],"line":125},"14":{"loc":{"start":{"line":127,"column":6},"end":{"line":129,"column":7}},"type":"if","locations":[{"start":{"line":127,"column":6},"end":{"line":129,"column":7}},{"start":{"line":127,"column":6},"end":{"line":129,"column":7}}],"line":127},"15":{"loc":{"start":{"line":151,"column":4},"end":{"line":153,"column":5}},"type":"if","locations":[{"start":{"line":151,"column":4},"end":{"line":153,"column":5}},{"start":{"line":151,"column":4},"end":{"line":153,"column":5}}],"line":151},"16":{"loc":{"start":{"line":151,"column":8},"end":{"line":151,"column":60}},"type":"binary-expr","locations":[{"start":{"line":151,"column":9},"end":{"line":151,"column":33}},{"start":{"line":151,"column":38},"end":{"line":151,"column":60}}],"line":151},"17":{"loc":{"start":{"line":160,"column":4},"end":{"line":162,"column":5}},"type":"if","locations":[{"start":{"line":160,"column":4},"end":{"line":162,"column":5}},{"start":{"line":160,"column":4},"end":{"line":162,"column":5}}],"line":160},"18":{"loc":{"start":{"line":160,"column":8},"end":{"line":160,"column":60}},"type":"binary-expr","locations":[{"start":{"line":160,"column":9},"end":{"line":160,"column":33}},{"start":{"line":160,"column":38},"end":{"line":160,"column":60}}],"line":160},"19":{"loc":{"start":{"line":170,"column":4},"end":{"line":171,"column":17}},"type":"if","locations":[{"start":{"line":170,"column":4},"end":{"line":171,"column":17}},{"start":{"line":170,"column":4},"end":{"line":171,"column":17}}],"line":170},"20":{"loc":{"start":{"line":179,"column":4},"end":{"line":185,"column":5}},"type":"if","locations":[{"start":{"line":179,"column":4},"end":{"line":185,"column":5}},{"start":{"line":179,"column":4},"end":{"line":185,"column":5}}],"line":179},"21":{"loc":{"start":{"line":179,"column":8},"end":{"line":179,"column":86}},"type":"binary-expr","locations":[{"start":{"line":179,"column":8},"end":{"line":179,"column":11}},{"start":{"line":179,"column":15},"end":{"line":179,"column":23}},{"start":{"line":179,"column":28},"end":{"line":179,"column":52}},{"start":{"line":179,"column":57},"end":{"line":179,"column":86}}],"line":179},"22":{"loc":{"start":{"line":181,"column":6},"end":{"line":183,"column":7}},"type":"if","locations":[{"start":{"line":181,"column":6},"end":{"line":183,"column":7}},{"start":{"line":181,"column":6},"end":{"line":183,"column":7}}],"line":181},"23":{"loc":{"start":{"line":193,"column":4},"end":{"line":198,"column":47}},"type":"if","locations":[{"start":{"line":193,"column":4},"end":{"line":198,"column":47}},{"start":{"line":193,"column":4},"end":{"line":198,"column":47}}],"line":193},"24":{"loc":{"start":{"line":193,"column":8},"end":{"line":193,"column":78}},"type":"binary-expr","locations":[{"start":{"line":193,"column":9},"end":{"line":193,"column":33}},{"start":{"line":193,"column":39},"end":{"line":193,"column":77}}],"line":193}},"s":{"0":1,"1":1,"2":1,"3":1,"4":1,"5":1,"6":4,"7":4,"8":4,"9":4,"10":4,"11":4,"12":4,"13":4,"14":4,"15":6,"16":1,"17":22,"18":119,"19":119,"20":41,"21":31,"22":10,"23":0,"24":0,"25":59,"26":51,"27":51,"28":51,"29":10,"30":6,"31":6,"32":6,"33":6,"34":20,"35":20,"36":19,"37":19,"38":19,"39":19,"40":19,"41":4,"42":4,"43":4,"44":4,"45":12,"46":12,"47":0,"48":4,"49":10,"50":10,"51":9,"52":9,"53":1,"54":9,"55":9,"56":1,"57":1,"58":1,"59":0,"60":1,"61":1,"62":1,"63":4,"64":4,"65":1,"66":4,"67":1,"68":1,"69":1,"70":4,"71":4,"72":10,"73":4,"74":1,"75":3,"76":4,"77":4,"78":4,"79":4,"80":1,"81":4,"82":20,"83":20,"84":20,"85":20,"86":20,"87":0},"f":{"0":4,"1":4,"2":4,"3":6,"4":1,"5":22,"6":119,"7":41,"8":0,"9":0,"10":59,"11":51,"12":10,"13":20,"14":4,"15":10,"16":1,"17":4,"18":1,"19":4,"20":4,"21":20},"b":{"0":[119,0],"1":[119,119,119],"2":[31,10],"3":[51,0],"4":[6,4],"5":[10,7],"6":[19,1],"7":[20,20,20,20,20],"8":[4,0],"9":[4,0],"10":[4,4],"11":[12,0],"12":[9,1],"13":[10,10],"14":[1,8],"15":[1,3],"16":[4,4],"17":[1,0],"18":[1,1],"19":[1,3],"20":[4,0],"21":[4,4,4,4],"22":[1,3],"23":[20,0],"24":[20,20]},"_coverageSchema":"1a1c01bbd47fc00a2c39e90264f33305004495a9","hash":"da90ed1cd5027802c1ff0ced872c0ab032f8c64e","contentHash":"701c4132495abbc0033b20660968bd6d346a2ae120b1f383e014548d170067f4"},"/Users/rlecart/Desktop/TRAVAIL/tetris/server/classes/Room.js":{"path":"/Users/rlecart/Desktop/TRAVAIL/tetris/server/classes/Room.js","statementMap":{"0":{"start":{"line":1,"column":23},"end":{"line":1,"column":63}},"1":{"start":{"line":2,"column":13},"end":{"line":2,"column":35}},"2":{"start":{"line":3,"column":8},"end":{"line":3,"column":25}},"3":{"start":{"line":4,"column":30},"end":{"line":4,"column":54}},"4":{"start":{"line":6,"column":0},"end":{"line":294,"column":1}},"5":{"start":{"line":8,"column":4},"end":{"line":8,"column":18}},"6":{"start":{"line":9,"column":4},"end":{"line":9,"column":24}},"7":{"start":{"line":10,"column":4},"end":{"line":10,"column":22}},"8":{"start":{"line":11,"column":4},"end":{"line":11,"column":26}},"9":{"start":{"line":12,"column":4},"end":{"line":12,"column":43}},"10":{"start":{"line":15,"column":4},"end":{"line":15,"column":30}},"11":{"start":{"line":16,"column":4},"end":{"line":16,"column":21}},"12":{"start":{"line":17,"column":4},"end":{"line":17,"column":23}},"13":{"start":{"line":19,"column":4},"end":{"line":19,"column":27}},"14":{"start":{"line":21,"column":4},"end":{"line":21,"column":22}},"15":{"start":{"line":22,"column":4},"end":{"line":22,"column":27}},"16":{"start":{"line":23,"column":4},"end":{"line":23,"column":27}},"17":{"start":{"line":27,"column":4},"end":{"line":28,"column":57}},"18":{"start":{"line":28,"column":6},"end":{"line":28,"column":57}},"19":{"start":{"line":32,"column":4},"end":{"line":32,"column":57}},"20":{"start":{"line":36,"column":4},"end":{"line":37,"column":32}},"21":{"start":{"line":37,"column":6},"end":{"line":37,"column":32}},"22":{"start":{"line":38,"column":4},"end":{"line":38,"column":26}},"23":{"start":{"line":42,"column":4},"end":{"line":42,"column":19}},"24":{"start":{"line":46,"column":4},"end":{"line":46,"column":22}},"25":{"start":{"line":50,"column":4},"end":{"line":51,"column":40}},"26":{"start":{"line":51,"column":6},"end":{"line":51,"column":40}},"27":{"start":{"line":52,"column":4},"end":{"line":52,"column":30}},"28":{"start":{"line":56,"column":4},"end":{"line":56,"column":25}},"29":{"start":{"line":60,"column":4},"end":{"line":60,"column":27}},"30":{"start":{"line":64,"column":4},"end":{"line":64,"column":24}},"31":{"start":{"line":68,"column":4},"end":{"line":68,"column":33}},"32":{"start":{"line":69,"column":4},"end":{"line":69,"column":30}},"33":{"start":{"line":70,"column":4},"end":{"line":70,"column":25}},"34":{"start":{"line":71,"column":4},"end":{"line":75,"column":12}},"35":{"start":{"line":72,"column":6},"end":{"line":72,"column":23}},"36":{"start":{"line":73,"column":6},"end":{"line":73,"column":25}},"37":{"start":{"line":74,"column":6},"end":{"line":74,"column":11}},"38":{"start":{"line":79,"column":4},"end":{"line":79,"column":25}},"39":{"start":{"line":83,"column":16},"end":{"line":83,"column":21}},"40":{"start":{"line":85,"column":4},"end":{"line":88,"column":5}},"41":{"start":{"line":86,"column":6},"end":{"line":86,"column":28}},"42":{"start":{"line":87,"column":6},"end":{"line":87,"column":18}},"43":{"start":{"line":89,"column":4},"end":{"line":89,"column":40}},"44":{"start":{"line":90,"column":4},"end":{"line":90,"column":37}},"45":{"start":{"line":91,"column":4},"end":{"line":91,"column":96}},"46":{"start":{"line":92,"column":4},"end":{"line":92,"column":20}},"47":{"start":{"line":96,"column":4},"end":{"line":96,"column":20}},"48":{"start":{"line":97,"column":4},"end":{"line":103,"column":5}},"49":{"start":{"line":99,"column":6},"end":{"line":102,"column":7}},"50":{"start":{"line":100,"column":8},"end":{"line":100,"column":43}},"51":{"start":{"line":101,"column":8},"end":{"line":101,"column":59}},"52":{"start":{"line":104,"column":4},"end":{"line":104,"column":70}},"53":{"start":{"line":106,"column":4},"end":{"line":106,"column":38}},"54":{"start":{"line":107,"column":4},"end":{"line":107,"column":65}},"55":{"start":{"line":111,"column":4},"end":{"line":111,"column":68}},"56":{"start":{"line":115,"column":4},"end":{"line":115,"column":34}},"57":{"start":{"line":119,"column":4},"end":{"line":120,"column":30}},"58":{"start":{"line":120,"column":6},"end":{"line":120,"column":30}},"59":{"start":{"line":121,"column":4},"end":{"line":121,"column":25}},"60":{"start":{"line":125,"column":4},"end":{"line":126,"column":32}},"61":{"start":{"line":126,"column":6},"end":{"line":126,"column":32}},"62":{"start":{"line":127,"column":4},"end":{"line":127,"column":27}},"63":{"start":{"line":132,"column":4},"end":{"line":132,"column":28}},"64":{"start":{"line":138,"column":4},"end":{"line":138,"column":27}},"65":{"start":{"line":142,"column":4},"end":{"line":142,"column":31}},"66":{"start":{"line":146,"column":4},"end":{"line":146,"column":24}},"67":{"start":{"line":150,"column":4},"end":{"line":150,"column":27}},"68":{"start":{"line":154,"column":4},"end":{"line":154,"column":24}},"69":{"start":{"line":158,"column":4},"end":{"line":158,"column":31}},"70":{"start":{"line":162,"column":19},"end":{"line":162,"column":21}},"71":{"start":{"line":164,"column":4},"end":{"line":164,"column":28}},"72":{"start":{"line":165,"column":4},"end":{"line":165,"column":34}},"73":{"start":{"line":166,"column":4},"end":{"line":166,"column":38}},"74":{"start":{"line":167,"column":4},"end":{"line":167,"column":32}},"75":{"start":{"line":168,"column":4},"end":{"line":168,"column":44}},"76":{"start":{"line":172,"column":4},"end":{"line":172,"column":21}},"77":{"start":{"line":176,"column":4},"end":{"line":177,"column":19}},"78":{"start":{"line":177,"column":6},"end":{"line":177,"column":19}},"79":{"start":{"line":178,"column":4},"end":{"line":178,"column":18}},"80":{"start":{"line":184,"column":4},"end":{"line":184,"column":20}},"81":{"start":{"line":185,"column":4},"end":{"line":185,"column":20}},"82":{"start":{"line":186,"column":4},"end":{"line":186,"column":24}},"83":{"start":{"line":187,"column":4},"end":{"line":187,"column":84}},"84":{"start":{"line":188,"column":4},"end":{"line":188,"column":34}},"85":{"start":{"line":193,"column":14},"end":{"line":193,"column":16}},"86":{"start":{"line":194,"column":22},"end":{"line":194,"column":24}},"87":{"start":{"line":196,"column":4},"end":{"line":199,"column":41}},"88":{"start":{"line":197,"column":6},"end":{"line":197,"column":46}},"89":{"start":{"line":199,"column":6},"end":{"line":199,"column":41}},"90":{"start":{"line":200,"column":4},"end":{"line":203,"column":5}},"91":{"start":{"line":201,"column":6},"end":{"line":202,"column":48}},"92":{"start":{"line":202,"column":8},"end":{"line":202,"column":48}},"93":{"start":{"line":204,"column":4},"end":{"line":204,"column":16}},"94":{"start":{"line":208,"column":4},"end":{"line":209,"column":31}},"95":{"start":{"line":209,"column":6},"end":{"line":209,"column":31}},"96":{"start":{"line":214,"column":21},"end":{"line":214,"column":66}},"97":{"start":{"line":217,"column":4},"end":{"line":226,"column":5}},"98":{"start":{"line":218,"column":6},"end":{"line":225,"column":7}},"99":{"start":{"line":219,"column":8},"end":{"line":224,"column":9}},"100":{"start":{"line":220,"column":10},"end":{"line":223,"column":23}},"101":{"start":{"line":221,"column":12},"end":{"line":221,"column":32}},"102":{"start":{"line":222,"column":15},"end":{"line":223,"column":23}},"103":{"start":{"line":223,"column":12},"end":{"line":223,"column":23}},"104":{"start":{"line":227,"column":4},"end":{"line":227,"column":16}},"105":{"start":{"line":231,"column":17},"end":{"line":231,"column":21}},"106":{"start":{"line":232,"column":20},"end":{"line":232,"column":22}},"107":{"start":{"line":233,"column":14},"end":{"line":233,"column":16}},"108":{"start":{"line":235,"column":4},"end":{"line":242,"column":5}},"109":{"start":{"line":236,"column":6},"end":{"line":241,"column":7}},"110":{"start":{"line":237,"column":8},"end":{"line":240,"column":10}},"111":{"start":{"line":243,"column":4},"end":{"line":247,"column":5}},"112":{"start":{"line":244,"column":6},"end":{"line":245,"column":40}},"113":{"start":{"line":245,"column":8},"end":{"line":245,"column":40}},"114":{"start":{"line":246,"column":8},"end":{"line":246,"column":26}},"115":{"start":{"line":248,"column":4},"end":{"line":248,"column":16}},"116":{"start":{"line":253,"column":4},"end":{"line":255,"column":5}},"117":{"start":{"line":254,"column":6},"end":{"line":254,"column":60}},"118":{"start":{"line":259,"column":19},"end":{"line":259,"column":37}},"119":{"start":{"line":261,"column":4},"end":{"line":265,"column":5}},"120":{"start":{"line":262,"column":6},"end":{"line":264,"column":7}},"121":{"start":{"line":263,"column":8},"end":{"line":263,"column":57}},"122":{"start":{"line":266,"column":4},"end":{"line":272,"column":5}},"123":{"start":{"line":267,"column":6},"end":{"line":267,"column":32}},"124":{"start":{"line":268,"column":6},"end":{"line":271,"column":7}},"125":{"start":{"line":269,"column":8},"end":{"line":270,"column":83}},"126":{"start":{"line":270,"column":10},"end":{"line":270,"column":83}},"127":{"start":{"line":277,"column":21},"end":{"line":277,"column":34}},"128":{"start":{"line":279,"column":4},"end":{"line":283,"column":5}},"129":{"start":{"line":280,"column":6},"end":{"line":282,"column":7}},"130":{"start":{"line":281,"column":8},"end":{"line":281,"column":38}},"131":{"start":{"line":287,"column":21},"end":{"line":287,"column":34}},"132":{"start":{"line":289,"column":4},"end":{"line":292,"column":5}},"133":{"start":{"line":290,"column":6},"end":{"line":291,"column":38}},"134":{"start":{"line":291,"column":8},"end":{"line":291,"column":38}}},"fnMap":{"0":{"name":"(anonymous_0)","decl":{"start":{"line":7,"column":2},"end":{"line":7,"column":3}},"loc":{"start":{"line":7,"column":16},"end":{"line":24,"column":3}},"line":7},"1":{"name":"(anonymous_1)","decl":{"start":{"line":26,"column":2},"end":{"line":26,"column":3}},"loc":{"start":{"line":26,"column":14},"end":{"line":29,"column":3}},"line":26},"2":{"name":"(anonymous_2)","decl":{"start":{"line":31,"column":2},"end":{"line":31,"column":3}},"loc":{"start":{"line":31,"column":16},"end":{"line":33,"column":3}},"line":31},"3":{"name":"(anonymous_3)","decl":{"start":{"line":35,"column":2},"end":{"line":35,"column":3}},"loc":{"start":{"line":35,"column":13},"end":{"line":39,"column":3}},"line":35},"4":{"name":"(anonymous_4)","decl":{"start":{"line":41,"column":2},"end":{"line":41,"column":3}},"loc":{"start":{"line":41,"column":14},"end":{"line":43,"column":3}},"line":41},"5":{"name":"(anonymous_5)","decl":{"start":{"line":45,"column":2},"end":{"line":45,"column":3}},"loc":{"start":{"line":45,"column":11},"end":{"line":47,"column":3}},"line":45},"6":{"name":"(anonymous_6)","decl":{"start":{"line":49,"column":2},"end":{"line":49,"column":3}},"loc":{"start":{"line":49,"column":25},"end":{"line":53,"column":3}},"line":49},"7":{"name":"(anonymous_7)","decl":{"start":{"line":55,"column":2},"end":{"line":55,"column":3}},"loc":{"start":{"line":55,"column":13},"end":{"line":57,"column":3}},"line":55},"8":{"name":"(anonymous_8)","decl":{"start":{"line":59,"column":2},"end":{"line":59,"column":3}},"loc":{"start":{"line":59,"column":16},"end":{"line":61,"column":3}},"line":59},"9":{"name":"(anonymous_9)","decl":{"start":{"line":63,"column":2},"end":{"line":63,"column":3}},"loc":{"start":{"line":63,"column":19},"end":{"line":65,"column":3}},"line":63},"10":{"name":"(anonymous_10)","decl":{"start":{"line":67,"column":2},"end":{"line":67,"column":3}},"loc":{"start":{"line":67,"column":15},"end":{"line":76,"column":3}},"line":67},"11":{"name":"(anonymous_11)","decl":{"start":{"line":71,"column":15},"end":{"line":71,"column":16}},"loc":{"start":{"line":71,"column":21},"end":{"line":75,"column":5}},"line":71},"12":{"name":"(anonymous_12)","decl":{"start":{"line":78,"column":2},"end":{"line":78,"column":3}},"loc":{"start":{"line":78,"column":13},"end":{"line":80,"column":3}},"line":78},"13":{"name":"(anonymous_13)","decl":{"start":{"line":82,"column":2},"end":{"line":82,"column":3}},"loc":{"start":{"line":82,"column":33},"end":{"line":93,"column":3}},"line":82},"14":{"name":"(anonymous_14)","decl":{"start":{"line":95,"column":2},"end":{"line":95,"column":3}},"loc":{"start":{"line":95,"column":25},"end":{"line":108,"column":3}},"line":95},"15":{"name":"(anonymous_15)","decl":{"start":{"line":110,"column":2},"end":{"line":110,"column":3}},"loc":{"start":{"line":110,"column":28},"end":{"line":112,"column":3}},"line":110},"16":{"name":"(anonymous_16)","decl":{"start":{"line":114,"column":2},"end":{"line":114,"column":3}},"loc":{"start":{"line":114,"column":22},"end":{"line":116,"column":3}},"line":114},"17":{"name":"(anonymous_17)","decl":{"start":{"line":118,"column":2},"end":{"line":118,"column":3}},"loc":{"start":{"line":118,"column":15},"end":{"line":122,"column":3}},"line":118},"18":{"name":"(anonymous_18)","decl":{"start":{"line":124,"column":2},"end":{"line":124,"column":3}},"loc":{"start":{"line":124,"column":17},"end":{"line":128,"column":3}},"line":124},"19":{"name":"(anonymous_19)","decl":{"start":{"line":130,"column":2},"end":{"line":130,"column":3}},"loc":{"start":{"line":130,"column":21},"end":{"line":135,"column":3}},"line":130},"20":{"name":"(anonymous_20)","decl":{"start":{"line":137,"column":2},"end":{"line":137,"column":3}},"loc":{"start":{"line":137,"column":18},"end":{"line":139,"column":3}},"line":137},"21":{"name":"(anonymous_21)","decl":{"start":{"line":141,"column":2},"end":{"line":141,"column":3}},"loc":{"start":{"line":141,"column":20},"end":{"line":143,"column":3}},"line":141},"22":{"name":"(anonymous_22)","decl":{"start":{"line":145,"column":2},"end":{"line":145,"column":3}},"loc":{"start":{"line":145,"column":13},"end":{"line":147,"column":3}},"line":145},"23":{"name":"(anonymous_23)","decl":{"start":{"line":149,"column":2},"end":{"line":149,"column":3}},"loc":{"start":{"line":149,"column":16},"end":{"line":151,"column":3}},"line":149},"24":{"name":"(anonymous_24)","decl":{"start":{"line":153,"column":2},"end":{"line":153,"column":3}},"loc":{"start":{"line":153,"column":13},"end":{"line":155,"column":3}},"line":153},"25":{"name":"(anonymous_25)","decl":{"start":{"line":157,"column":2},"end":{"line":157,"column":3}},"loc":{"start":{"line":157,"column":20},"end":{"line":159,"column":3}},"line":157},"26":{"name":"(anonymous_26)","decl":{"start":{"line":161,"column":2},"end":{"line":161,"column":3}},"loc":{"start":{"line":161,"column":16},"end":{"line":173,"column":3}},"line":161},"27":{"name":"(anonymous_27)","decl":{"start":{"line":175,"column":2},"end":{"line":175,"column":3}},"loc":{"start":{"line":175,"column":14},"end":{"line":179,"column":3}},"line":175},"28":{"name":"(anonymous_28)","decl":{"start":{"line":181,"column":2},"end":{"line":181,"column":3}},"loc":{"start":{"line":181,"column":18},"end":{"line":190,"column":3}},"line":181},"29":{"name":"(anonymous_29)","decl":{"start":{"line":192,"column":2},"end":{"line":192,"column":3}},"loc":{"start":{"line":192,"column":31},"end":{"line":205,"column":3}},"line":192},"30":{"name":"(anonymous_30)","decl":{"start":{"line":207,"column":2},"end":{"line":207,"column":3}},"loc":{"start":{"line":207,"column":21},"end":{"line":210,"column":3}},"line":207},"31":{"name":"(anonymous_31)","decl":{"start":{"line":212,"column":2},"end":{"line":212,"column":3}},"loc":{"start":{"line":212,"column":18},"end":{"line":228,"column":3}},"line":212},"32":{"name":"(anonymous_32)","decl":{"start":{"line":230,"column":2},"end":{"line":230,"column":3}},"loc":{"start":{"line":230,"column":28},"end":{"line":249,"column":3}},"line":230},"33":{"name":"(anonymous_33)","decl":{"start":{"line":251,"column":2},"end":{"line":251,"column":3}},"loc":{"start":{"line":251,"column":14},"end":{"line":256,"column":3}},"line":251},"34":{"name":"(anonymous_34)","decl":{"start":{"line":258,"column":2},"end":{"line":258,"column":3}},"loc":{"start":{"line":258,"column":31},"end":{"line":274,"column":3}},"line":258},"35":{"name":"(anonymous_35)","decl":{"start":{"line":276,"column":2},"end":{"line":276,"column":3}},"loc":{"start":{"line":276,"column":38},"end":{"line":284,"column":3}},"line":276},"36":{"name":"(anonymous_36)","decl":{"start":{"line":286,"column":2},"end":{"line":286,"column":3}},"loc":{"start":{"line":286,"column":37},"end":{"line":293,"column":3}},"line":286}},"branchMap":{"0":{"loc":{"start":{"line":27,"column":4},"end":{"line":28,"column":57}},"type":"if","locations":[{"start":{"line":27,"column":4},"end":{"line":28,"column":57}},{"start":{"line":27,"column":4},"end":{"line":28,"column":57}}],"line":27},"1":{"loc":{"start":{"line":27,"column":8},"end":{"line":27,"column":21}},"type":"binary-expr","locations":[{"start":{"line":27,"column":8},"end":{"line":27,"column":11}},{"start":{"line":27,"column":15},"end":{"line":27,"column":21}}],"line":27},"2":{"loc":{"start":{"line":36,"column":4},"end":{"line":37,"column":32}},"type":"if","locations":[{"start":{"line":36,"column":4},"end":{"line":37,"column":32}},{"start":{"line":36,"column":4},"end":{"line":37,"column":32}}],"line":36},"3":{"loc":{"start":{"line":50,"column":4},"end":{"line":51,"column":40}},"type":"if","locations":[{"start":{"line":50,"column":4},"end":{"line":51,"column":40}},{"start":{"line":50,"column":4},"end":{"line":51,"column":40}}],"line":50},"4":{"loc":{"start":{"line":85,"column":4},"end":{"line":88,"column":5}},"type":"if","locations":[{"start":{"line":85,"column":4},"end":{"line":88,"column":5}},{"start":{"line":85,"column":4},"end":{"line":88,"column":5}}],"line":85},"5":{"loc":{"start":{"line":97,"column":4},"end":{"line":103,"column":5}},"type":"if","locations":[{"start":{"line":97,"column":4},"end":{"line":103,"column":5}},{"start":{"line":97,"column":4},"end":{"line":103,"column":5}}],"line":97},"6":{"loc":{"start":{"line":99,"column":6},"end":{"line":102,"column":7}},"type":"if","locations":[{"start":{"line":99,"column":6},"end":{"line":102,"column":7}},{"start":{"line":99,"column":6},"end":{"line":102,"column":7}}],"line":99},"7":{"loc":{"start":{"line":119,"column":4},"end":{"line":120,"column":30}},"type":"if","locations":[{"start":{"line":119,"column":4},"end":{"line":120,"column":30}},{"start":{"line":119,"column":4},"end":{"line":120,"column":30}}],"line":119},"8":{"loc":{"start":{"line":125,"column":4},"end":{"line":126,"column":32}},"type":"if","locations":[{"start":{"line":125,"column":4},"end":{"line":126,"column":32}},{"start":{"line":125,"column":4},"end":{"line":126,"column":32}}],"line":125},"9":{"loc":{"start":{"line":176,"column":4},"end":{"line":177,"column":19}},"type":"if","locations":[{"start":{"line":176,"column":4},"end":{"line":177,"column":19}},{"start":{"line":176,"column":4},"end":{"line":177,"column":19}}],"line":176},"10":{"loc":{"start":{"line":196,"column":4},"end":{"line":199,"column":41}},"type":"if","locations":[{"start":{"line":196,"column":4},"end":{"line":199,"column":41}},{"start":{"line":196,"column":4},"end":{"line":199,"column":41}}],"line":196},"11":{"loc":{"start":{"line":201,"column":6},"end":{"line":202,"column":48}},"type":"if","locations":[{"start":{"line":201,"column":6},"end":{"line":202,"column":48}},{"start":{"line":201,"column":6},"end":{"line":202,"column":48}}],"line":201},"12":{"loc":{"start":{"line":201,"column":10},"end":{"line":201,"column":48}},"type":"binary-expr","locations":[{"start":{"line":201,"column":10},"end":{"line":201,"column":27}},{"start":{"line":201,"column":31},"end":{"line":201,"column":48}}],"line":201},"13":{"loc":{"start":{"line":220,"column":10},"end":{"line":223,"column":23}},"type":"if","locations":[{"start":{"line":220,"column":10},"end":{"line":223,"column":23}},{"start":{"line":220,"column":10},"end":{"line":223,"column":23}}],"line":220},"14":{"loc":{"start":{"line":220,"column":14},"end":{"line":220,"column":71}},"type":"binary-expr","locations":[{"start":{"line":220,"column":14},"end":{"line":220,"column":37}},{"start":{"line":220,"column":41},"end":{"line":220,"column":54}},{"start":{"line":220,"column":58},"end":{"line":220,"column":71}}],"line":220},"15":{"loc":{"start":{"line":222,"column":15},"end":{"line":223,"column":23}},"type":"if","locations":[{"start":{"line":222,"column":15},"end":{"line":223,"column":23}},{"start":{"line":222,"column":15},"end":{"line":223,"column":23}}],"line":222},"16":{"loc":{"start":{"line":236,"column":6},"end":{"line":241,"column":7}},"type":"if","locations":[{"start":{"line":236,"column":6},"end":{"line":241,"column":7}},{"start":{"line":236,"column":6},"end":{"line":241,"column":7}}],"line":236},"17":{"loc":{"start":{"line":236,"column":10},"end":{"line":236,"column":84}},"type":"binary-expr","locations":[{"start":{"line":236,"column":10},"end":{"line":236,"column":27}},{"start":{"line":236,"column":31},"end":{"line":236,"column":36}},{"start":{"line":236,"column":40},"end":{"line":236,"column":55}},{"start":{"line":236,"column":59},"end":{"line":236,"column":84}}],"line":236},"18":{"loc":{"start":{"line":243,"column":4},"end":{"line":247,"column":5}},"type":"if","locations":[{"start":{"line":243,"column":4},"end":{"line":247,"column":5}},{"start":{"line":243,"column":4},"end":{"line":247,"column":5}}],"line":243},"19":{"loc":{"start":{"line":243,"column":8},"end":{"line":243,"column":37}},"type":"binary-expr","locations":[{"start":{"line":243,"column":8},"end":{"line":243,"column":30}},{"start":{"line":243,"column":34},"end":{"line":243,"column":37}}],"line":243},"20":{"loc":{"start":{"line":244,"column":6},"end":{"line":245,"column":40}},"type":"if","locations":[{"start":{"line":244,"column":6},"end":{"line":245,"column":40}},{"start":{"line":244,"column":6},"end":{"line":245,"column":40}}],"line":244},"21":{"loc":{"start":{"line":262,"column":6},"end":{"line":264,"column":7}},"type":"if","locations":[{"start":{"line":262,"column":6},"end":{"line":264,"column":7}},{"start":{"line":262,"column":6},"end":{"line":264,"column":7}}],"line":262},"22":{"loc":{"start":{"line":266,"column":4},"end":{"line":272,"column":5}},"type":"if","locations":[{"start":{"line":266,"column":4},"end":{"line":272,"column":5}},{"start":{"line":266,"column":4},"end":{"line":272,"column":5}}],"line":266},"23":{"loc":{"start":{"line":269,"column":8},"end":{"line":270,"column":83}},"type":"if","locations":[{"start":{"line":269,"column":8},"end":{"line":270,"column":83}},{"start":{"line":269,"column":8},"end":{"line":270,"column":83}}],"line":269},"24":{"loc":{"start":{"line":280,"column":6},"end":{"line":282,"column":7}},"type":"if","locations":[{"start":{"line":280,"column":6},"end":{"line":282,"column":7}},{"start":{"line":280,"column":6},"end":{"line":282,"column":7}}],"line":280},"25":{"loc":{"start":{"line":290,"column":6},"end":{"line":291,"column":38}},"type":"if","locations":[{"start":{"line":290,"column":6},"end":{"line":291,"column":38}},{"start":{"line":290,"column":6},"end":{"line":291,"column":38}}],"line":290}},"s":{"0":1,"1":1,"2":1,"3":1,"4":1,"5":6,"6":6,"7":6,"8":6,"9":6,"10":6,"11":6,"12":6,"13":6,"14":6,"15":6,"16":6,"17":19,"18":6,"19":0,"20":59,"21":0,"22":59,"23":6,"24":74,"25":150,"26":100,"27":50,"28":67,"29":75,"30":2,"31":1,"32":1,"33":1,"34":1,"35":1,"36":1,"37":1,"38":1,"39":19,"40":19,"41":6,"42":6,"43":19,"44":19,"45":19,"46":19,"47":9,"48":9,"49":2,"50":1,"51":1,"52":9,"53":9,"54":9,"55":4,"56":0,"57":22,"58":8,"59":14,"60":18,"61":8,"62":10,"63":2,"64":2,"65":16,"66":6,"67":8,"68":7,"69":6,"70":38,"71":38,"72":38,"73":38,"74":38,"75":38,"76":38,"77":5,"78":2,"79":3,"80":1,"81":1,"82":1,"83":1,"84":1,"85":55,"86":55,"87":55,"88":44,"89":11,"90":11,"91":44,"92":44,"93":11,"94":2,"95":8,"96":28,"97":28,"98":84,"99":1680,"100":16800,"101":0,"102":16800,"103":0,"104":28,"105":28,"106":28,"107":28,"108":28,"109":112,"110":84,"111":28,"112":28,"113":28,"114":28,"115":0,"116":1,"117":4,"118":2,"119":2,"120":8,"121":8,"122":2,"123":2,"124":2,"125":8,"126":8,"127":39,"128":39,"129":25,"130":17,"131":20,"132":20,"133":80,"134":20},"f":{"0":6,"1":19,"2":0,"3":59,"4":6,"5":74,"6":150,"7":67,"8":75,"9":2,"10":1,"11":1,"12":1,"13":19,"14":9,"15":4,"16":0,"17":22,"18":18,"19":2,"20":2,"21":16,"22":6,"23":8,"24":7,"25":6,"26":38,"27":5,"28":1,"29":55,"30":2,"31":28,"32":28,"33":1,"34":2,"35":39,"36":20},"b":{"0":[6,13],"1":[19,6],"2":[0,59],"3":[100,50],"4":[6,13],"5":[2,7],"6":[1,1],"7":[8,14],"8":[8,10],"9":[2,3],"10":[44,11],"11":[44,0],"12":[44,44],"13":[0,16800],"14":[16800,16800,0],"15":[0,16800],"16":[84,28],"17":[112,84,84,84],"18":[28,0],"19":[28,28],"20":[28,0],"21":[8,0],"22":[2,0],"23":[8,0],"24":[17,8],"25":[20,60]},"_coverageSchema":"1a1c01bbd47fc00a2c39e90264f33305004495a9","hash":"ec24410290d8aeedde34f20b83b22ddf4ba37094","contentHash":"9e257a4f138a0f0760e7486ca117d9b79fc3d7963a0bb64a700dbd71026ce9b5"},"/Users/rlecart/Desktop/TRAVAIL/tetris/server/classes/Player.js":{"path":"/Users/rlecart/Desktop/TRAVAIL/tetris/server/classes/Player.js","statementMap":{"0":{"start":{"line":1,"column":18},"end":{"line":1,"column":42}},"1":{"start":{"line":2,"column":11},"end":{"line":2,"column":31}},"2":{"start":{"line":4,"column":0},"end":{"line":62,"column":1}},"3":{"start":{"line":7,"column":4},"end":{"line":7,"column":29}},"4":{"start":{"line":8,"column":4},"end":{"line":8,"column":25}},"5":{"start":{"line":9,"column":4},"end":{"line":9,"column":26}},"6":{"start":{"line":13,"column":4},"end":{"line":13,"column":27}},"7":{"start":{"line":17,"column":4},"end":{"line":17,"column":25}},"8":{"start":{"line":21,"column":4},"end":{"line":21,"column":29}},"9":{"start":{"line":25,"column":4},"end":{"line":25,"column":30}},"10":{"start":{"line":29,"column":4},"end":{"line":29,"column":23}},"11":{"start":{"line":33,"column":4},"end":{"line":33,"column":26}},"12":{"start":{"line":37,"column":4},"end":{"line":37,"column":43}},"13":{"start":{"line":41,"column":4},"end":{"line":41,"column":24}},"14":{"start":{"line":45,"column":18},"end":{"line":45,"column":20}},"15":{"start":{"line":47,"column":4},"end":{"line":58,"column":5}},"16":{"start":{"line":48,"column":6},"end":{"line":48,"column":47}},"17":{"start":{"line":49,"column":9},"end":{"line":58,"column":5}},"18":{"start":{"line":50,"column":6},"end":{"line":50,"column":48}},"19":{"start":{"line":51,"column":9},"end":{"line":58,"column":5}},"20":{"start":{"line":52,"column":6},"end":{"line":52,"column":47}},"21":{"start":{"line":53,"column":9},"end":{"line":58,"column":5}},"22":{"start":{"line":54,"column":6},"end":{"line":54,"column":47}},"23":{"start":{"line":55,"column":9},"end":{"line":58,"column":5}},"24":{"start":{"line":56,"column":6},"end":{"line":57,"column":49}},"25":{"start":{"line":57,"column":8},"end":{"line":57,"column":49}},"26":{"start":{"line":59,"column":4},"end":{"line":60,"column":98}},"27":{"start":{"line":60,"column":6},"end":{"line":60,"column":98}}},"fnMap":{"0":{"name":"(anonymous_0)","decl":{"start":{"line":5,"column":2},"end":{"line":5,"column":3}},"loc":{"start":{"line":5,"column":32},"end":{"line":10,"column":3}},"line":5},"1":{"name":"(anonymous_1)","decl":{"start":{"line":12,"column":2},"end":{"line":12,"column":3}},"loc":{"start":{"line":12,"column":10},"end":{"line":14,"column":3}},"line":12},"2":{"name":"(anonymous_2)","decl":{"start":{"line":16,"column":2},"end":{"line":16,"column":3}},"loc":{"start":{"line":16,"column":14},"end":{"line":18,"column":3}},"line":16},"3":{"name":"(anonymous_3)","decl":{"start":{"line":20,"column":2},"end":{"line":20,"column":3}},"loc":{"start":{"line":20,"column":15},"end":{"line":22,"column":3}},"line":20},"4":{"name":"(anonymous_4)","decl":{"start":{"line":24,"column":2},"end":{"line":24,"column":3}},"loc":{"start":{"line":24,"column":12},"end":{"line":26,"column":3}},"line":24},"5":{"name":"(anonymous_5)","decl":{"start":{"line":28,"column":2},"end":{"line":28,"column":3}},"loc":{"start":{"line":28,"column":12},"end":{"line":30,"column":3}},"line":28},"6":{"name":"(anonymous_6)","decl":{"start":{"line":32,"column":2},"end":{"line":32,"column":3}},"loc":{"start":{"line":32,"column":15},"end":{"line":34,"column":3}},"line":32},"7":{"name":"(anonymous_7)","decl":{"start":{"line":36,"column":2},"end":{"line":36,"column":3}},"loc":{"start":{"line":36,"column":31},"end":{"line":38,"column":3}},"line":36},"8":{"name":"(anonymous_8)","decl":{"start":{"line":40,"column":2},"end":{"line":40,"column":3}},"loc":{"start":{"line":40,"column":19},"end":{"line":42,"column":3}},"line":40},"9":{"name":"(anonymous_9)","decl":{"start":{"line":44,"column":2},"end":{"line":44,"column":3}},"loc":{"start":{"line":44,"column":18},"end":{"line":61,"column":3}},"line":44}},"branchMap":{"0":{"loc":{"start":{"line":47,"column":4},"end":{"line":58,"column":5}},"type":"if","locations":[{"start":{"line":47,"column":4},"end":{"line":58,"column":5}},{"start":{"line":47,"column":4},"end":{"line":58,"column":5}}],"line":47},"1":{"loc":{"start":{"line":49,"column":9},"end":{"line":58,"column":5}},"type":"if","locations":[{"start":{"line":49,"column":9},"end":{"line":58,"column":5}},{"start":{"line":49,"column":9},"end":{"line":58,"column":5}}],"line":49},"2":{"loc":{"start":{"line":51,"column":9},"end":{"line":58,"column":5}},"type":"if","locations":[{"start":{"line":51,"column":9},"end":{"line":58,"column":5}},{"start":{"line":51,"column":9},"end":{"line":58,"column":5}}],"line":51},"3":{"loc":{"start":{"line":53,"column":9},"end":{"line":58,"column":5}},"type":"if","locations":[{"start":{"line":53,"column":9},"end":{"line":58,"column":5}},{"start":{"line":53,"column":9},"end":{"line":58,"column":5}}],"line":53},"4":{"loc":{"start":{"line":55,"column":9},"end":{"line":58,"column":5}},"type":"if","locations":[{"start":{"line":55,"column":9},"end":{"line":58,"column":5}},{"start":{"line":55,"column":9},"end":{"line":58,"column":5}}],"line":55},"5":{"loc":{"start":{"line":56,"column":13},"end":{"line":56,"column":44}},"type":"binary-expr","locations":[{"start":{"line":56,"column":13},"end":{"line":56,"column":26}},{"start":{"line":56,"column":30},"end":{"line":56,"column":44}}],"line":56},"6":{"loc":{"start":{"line":59,"column":4},"end":{"line":60,"column":98}},"type":"if","locations":[{"start":{"line":59,"column":4},"end":{"line":60,"column":98}},{"start":{"line":59,"column":4},"end":{"line":60,"column":98}}],"line":59}},"s":{"0":1,"1":1,"2":1,"3":19,"4":19,"5":19,"6":42,"7":2,"8":0,"9":84,"10":396,"11":0,"12":4,"13":8,"14":20,"15":20,"16":4,"17":16,"18":4,"19":12,"20":0,"21":12,"22":4,"23":8,"24":4,"25":68,"26":20,"27":20},"f":{"0":19,"1":42,"2":2,"3":0,"4":84,"5":396,"6":0,"7":4,"8":8,"9":20},"b":{"0":[4,16],"1":[4,12],"2":[0,12],"3":[4,8],"4":[4,4],"5":[72,8],"6":[20,0]},"_coverageSchema":"1a1c01bbd47fc00a2c39e90264f33305004495a9","hash":"b94bc390cf30398922fbfa2e0a82461ccd82c708","contentHash":"3631032bc1a7547212909d175e2bc6c4768916aaf09bc54ed7047200e07e7f84"},"/Users/rlecart/Desktop/TRAVAIL/tetris/server/refresh.js":{"path":"/Users/rlecart/Desktop/TRAVAIL/tetris/server/refresh.js","statementMap":{"0":{"start":{"line":1,"column":17},"end":{"line":1,"column":59}},"1":{"start":{"line":3,"column":16},"end":{"line":5,"column":1}},"2":{"start":{"line":4,"column":2},"end":{"line":4,"column":61}},"3":{"start":{"line":7,"column":17},"end":{"line":15,"column":1}},"4":{"start":{"line":8,"column":12},"end":{"line":8,"column":20}},"5":{"start":{"line":13,"column":2},"end":{"line":13,"column":25}},"6":{"start":{"line":14,"column":2},"end":{"line":14,"column":24}},"7":{"start":{"line":21,"column":2},"end":{"line":21,"column":49}},"8":{"start":{"line":22,"column":2},"end":{"line":22,"column":49}},"9":{"start":{"line":28,"column":23},"end":{"line":38,"column":1}},"10":{"start":{"line":29,"column":2},"end":{"line":29,"column":19}},"11":{"start":{"line":30,"column":2},"end":{"line":31,"column":51}},"12":{"start":{"line":31,"column":4},"end":{"line":31,"column":51}},"13":{"start":{"line":32,"column":2},"end":{"line":32,"column":55}},"14":{"start":{"line":33,"column":2},"end":{"line":33,"column":57}},"15":{"start":{"line":34,"column":2},"end":{"line":34,"column":48}},"16":{"start":{"line":35,"column":2},"end":{"line":35,"column":56}},"17":{"start":{"line":36,"column":2},"end":{"line":36,"column":88}},"18":{"start":{"line":37,"column":2},"end":{"line":37,"column":15}},"19":{"start":{"line":40,"column":17},"end":{"line":61,"column":1}},"20":{"start":{"line":41,"column":10},"end":{"line":41,"column":12}},"21":{"start":{"line":42,"column":10},"end":{"line":42,"column":12}},"22":{"start":{"line":43,"column":10},"end":{"line":43,"column":21}},"23":{"start":{"line":44,"column":10},"end":{"line":44,"column":21}},"24":{"start":{"line":45,"column":11},"end":{"line":45,"column":23}},"25":{"start":{"line":46,"column":15},"end":{"line":46,"column":36}},"26":{"start":{"line":48,"column":2},"end":{"line":60,"column":3}},"27":{"start":{"line":49,"column":4},"end":{"line":56,"column":5}},"28":{"start":{"line":50,"column":6},"end":{"line":54,"column":7}},"29":{"start":{"line":53,"column":8},"end":{"line":53,"column":31}},"30":{"start":{"line":55,"column":6},"end":{"line":55,"column":9}},"31":{"start":{"line":57,"column":4},"end":{"line":57,"column":19}},"32":{"start":{"line":58,"column":4},"end":{"line":58,"column":11}},"33":{"start":{"line":59,"column":4},"end":{"line":59,"column":7}},"34":{"start":{"line":63,"column":19},"end":{"line":86,"column":1}},"35":{"start":{"line":64,"column":10},"end":{"line":64,"column":12}},"36":{"start":{"line":65,"column":10},"end":{"line":65,"column":12}},"37":{"start":{"line":66,"column":10},"end":{"line":66,"column":21}},"38":{"start":{"line":67,"column":10},"end":{"line":67,"column":21}},"39":{"start":{"line":68,"column":15},"end":{"line":68,"column":36}},"40":{"start":{"line":70,"column":2},"end":{"line":72,"column":15}},"41":{"start":{"line":72,"column":4},"end":{"line":72,"column":15}},"42":{"start":{"line":73,"column":2},"end":{"line":83,"column":3}},"43":{"start":{"line":74,"column":4},"end":{"line":79,"column":5}},"44":{"start":{"line":75,"column":6},"end":{"line":77,"column":7}},"45":{"start":{"line":76,"column":8},"end":{"line":76,"column":19}},"46":{"start":{"line":78,"column":6},"end":{"line":78,"column":9}},"47":{"start":{"line":80,"column":4},"end":{"line":80,"column":11}},"48":{"start":{"line":81,"column":4},"end":{"line":81,"column":19}},"49":{"start":{"line":82,"column":4},"end":{"line":82,"column":7}},"50":{"start":{"line":85,"column":2},"end":{"line":85,"column":12}},"51":{"start":{"line":88,"column":20},"end":{"line":105,"column":1}},"52":{"start":{"line":89,"column":10},"end":{"line":89,"column":12}},"53":{"start":{"line":90,"column":10},"end":{"line":90,"column":12}},"54":{"start":{"line":91,"column":10},"end":{"line":91,"column":21}},"55":{"start":{"line":92,"column":10},"end":{"line":92,"column":21}},"56":{"start":{"line":93,"column":15},"end":{"line":93,"column":36}},"57":{"start":{"line":95,"column":2},"end":{"line":104,"column":3}},"58":{"start":{"line":96,"column":4},"end":{"line":100,"column":5}},"59":{"start":{"line":97,"column":6},"end":{"line":98,"column":30}},"60":{"start":{"line":98,"column":8},"end":{"line":98,"column":30}},"61":{"start":{"line":99,"column":6},"end":{"line":99,"column":9}},"62":{"start":{"line":101,"column":4},"end":{"line":101,"column":19}},"63":{"start":{"line":102,"column":4},"end":{"line":102,"column":11}},"64":{"start":{"line":103,"column":4},"end":{"line":103,"column":7}},"65":{"start":{"line":107,"column":20},"end":{"line":111,"column":1}},"66":{"start":{"line":108,"column":2},"end":{"line":109,"column":17}},"67":{"start":{"line":109,"column":4},"end":{"line":109,"column":17}},"68":{"start":{"line":110,"column":2},"end":{"line":110,"column":16}},"69":{"start":{"line":113,"column":18},"end":{"line":147,"column":1}},"70":{"start":{"line":114,"column":2},"end":{"line":117,"column":3}},"71":{"start":{"line":116,"column":4},"end":{"line":116,"column":14}},"72":{"start":{"line":118,"column":12},"end":{"line":118,"column":33}},"73":{"start":{"line":120,"column":2},"end":{"line":123,"column":71}},"74":{"start":{"line":121,"column":4},"end":{"line":121,"column":71}},"75":{"start":{"line":121,"column":34},"end":{"line":121,"column":70}},"76":{"start":{"line":121,"column":49},"end":{"line":121,"column":59}},"77":{"start":{"line":123,"column":4},"end":{"line":123,"column":71}},"78":{"start":{"line":123,"column":34},"end":{"line":123,"column":60}},"79":{"start":{"line":123,"column":49},"end":{"line":123,"column":59}},"80":{"start":{"line":129,"column":2},"end":{"line":129,"column":26}},"81":{"start":{"line":130,"column":2},"end":{"line":130,"column":12}},"82":{"start":{"line":149,"column":17},"end":{"line":175,"column":1}},"83":{"start":{"line":150,"column":17},"end":{"line":150,"column":29}},"84":{"start":{"line":151,"column":17},"end":{"line":151,"column":29}},"85":{"start":{"line":152,"column":10},"end":{"line":152,"column":11}},"86":{"start":{"line":153,"column":10},"end":{"line":153,"column":11}},"87":{"start":{"line":154,"column":10},"end":{"line":154,"column":12}},"88":{"start":{"line":155,"column":10},"end":{"line":155,"column":12}},"89":{"start":{"line":157,"column":2},"end":{"line":165,"column":3}},"90":{"start":{"line":158,"column":4},"end":{"line":163,"column":5}},"91":{"start":{"line":159,"column":6},"end":{"line":162,"column":7}},"92":{"start":{"line":160,"column":8},"end":{"line":160,"column":23}},"93":{"start":{"line":161,"column":8},"end":{"line":161,"column":23}},"94":{"start":{"line":164,"column":4},"end":{"line":164,"column":10}},"95":{"start":{"line":166,"column":2},"end":{"line":169,"column":3}},"96":{"start":{"line":167,"column":4},"end":{"line":168,"column":9}},"97":{"start":{"line":168,"column":6},"end":{"line":168,"column":9}},"98":{"start":{"line":170,"column":2},"end":{"line":173,"column":3}},"99":{"start":{"line":171,"column":4},"end":{"line":172,"column":9}},"100":{"start":{"line":172,"column":6},"end":{"line":172,"column":9}},"101":{"start":{"line":174,"column":2},"end":{"line":174,"column":17}},"102":{"start":{"line":177,"column":21},"end":{"line":205,"column":1}},"103":{"start":{"line":178,"column":10},"end":{"line":178,"column":23}},"104":{"start":{"line":179,"column":10},"end":{"line":179,"column":20}},"105":{"start":{"line":180,"column":16},"end":{"line":180,"column":17}},"106":{"start":{"line":181,"column":16},"end":{"line":181,"column":17}},"107":{"start":{"line":183,"column":10},"end":{"line":183,"column":12}},"108":{"start":{"line":184,"column":10},"end":{"line":184,"column":12}},"109":{"start":{"line":186,"column":2},"end":{"line":202,"column":3}},"110":{"start":{"line":187,"column":4},"end":{"line":195,"column":5}},"111":{"start":{"line":188,"column":6},"end":{"line":194,"column":7}},"112":{"start":{"line":190,"column":8},"end":{"line":191,"column":15}},"113":{"start":{"line":191,"column":10},"end":{"line":191,"column":15}},"114":{"start":{"line":192,"column":8},"end":{"line":193,"column":15}},"115":{"start":{"line":193,"column":10},"end":{"line":193,"column":15}},"116":{"start":{"line":201,"column":4},"end":{"line":201,"column":10}},"117":{"start":{"line":203,"column":2},"end":{"line":203,"column":36}},"118":{"start":{"line":204,"column":2},"end":{"line":204,"column":37}},"119":{"start":{"line":207,"column":18},"end":{"line":223,"column":1}},"120":{"start":{"line":208,"column":2},"end":{"line":209,"column":14}},"121":{"start":{"line":209,"column":4},"end":{"line":209,"column":14}},"122":{"start":{"line":210,"column":2},"end":{"line":213,"column":3}},"123":{"start":{"line":212,"column":4},"end":{"line":212,"column":14}},"124":{"start":{"line":214,"column":2},"end":{"line":216,"column":14}},"125":{"start":{"line":216,"column":4},"end":{"line":216,"column":14}},"126":{"start":{"line":217,"column":2},"end":{"line":221,"column":3}},"127":{"start":{"line":220,"column":4},"end":{"line":220,"column":14}},"128":{"start":{"line":222,"column":2},"end":{"line":222,"column":15}},"129":{"start":{"line":225,"column":18},"end":{"line":266,"column":1}},"130":{"start":{"line":229,"column":2},"end":{"line":230,"column":25}},"131":{"start":{"line":230,"column":4},"end":{"line":230,"column":25}},"132":{"start":{"line":231,"column":2},"end":{"line":231,"column":47}},"133":{"start":{"line":232,"column":2},"end":{"line":232,"column":41}},"134":{"start":{"line":233,"column":2},"end":{"line":237,"column":3}},"135":{"start":{"line":234,"column":4},"end":{"line":235,"column":28}},"136":{"start":{"line":235,"column":6},"end":{"line":235,"column":28}},"137":{"start":{"line":236,"column":4},"end":{"line":236,"column":19}},"138":{"start":{"line":238,"column":2},"end":{"line":239,"column":26}},"139":{"start":{"line":239,"column":4},"end":{"line":239,"column":26}},"140":{"start":{"line":240,"column":2},"end":{"line":241,"column":21}},"141":{"start":{"line":241,"column":4},"end":{"line":241,"column":21}},"142":{"start":{"line":242,"column":2},"end":{"line":243,"column":25}},"143":{"start":{"line":243,"column":4},"end":{"line":243,"column":25}},"144":{"start":{"line":244,"column":2},"end":{"line":244,"column":14}},"145":{"start":{"line":245,"column":2},"end":{"line":245,"column":14}},"146":{"start":{"line":246,"column":2},"end":{"line":263,"column":3}},"147":{"start":{"line":247,"column":4},"end":{"line":262,"column":5}},"148":{"start":{"line":249,"column":6},"end":{"line":249,"column":17}},"149":{"start":{"line":252,"column":6},"end":{"line":252,"column":18}},"150":{"start":{"line":253,"column":6},"end":{"line":253,"column":18}},"151":{"start":{"line":254,"column":6},"end":{"line":255,"column":30}},"152":{"start":{"line":255,"column":8},"end":{"line":255,"column":30}},"153":{"start":{"line":256,"column":6},"end":{"line":261,"column":7}},"154":{"start":{"line":257,"column":8},"end":{"line":257,"column":22}},"155":{"start":{"line":258,"column":8},"end":{"line":259,"column":20}},"156":{"start":{"line":259,"column":10},"end":{"line":259,"column":20}},"157":{"start":{"line":260,"column":8},"end":{"line":260,"column":18}},"158":{"start":{"line":264,"column":2},"end":{"line":264,"column":16}},"159":{"start":{"line":265,"column":2},"end":{"line":265,"column":12}},"160":{"start":{"line":268,"column":24},"end":{"line":280,"column":1}},"161":{"start":{"line":269,"column":10},"end":{"line":269,"column":12}},"162":{"start":{"line":270,"column":14},"end":{"line":270,"column":15}},"163":{"start":{"line":272,"column":2},"end":{"line":278,"column":3}},"164":{"start":{"line":273,"column":4},"end":{"line":277,"column":5}},"165":{"start":{"line":274,"column":6},"end":{"line":274,"column":30}},"166":{"start":{"line":275,"column":6},"end":{"line":275,"column":9}},"167":{"start":{"line":276,"column":6},"end":{"line":276,"column":13}},"168":{"start":{"line":279,"column":2},"end":{"line":279,"column":16}},"169":{"start":{"line":282,"column":16},"end":{"line":287,"column":1}},"170":{"start":{"line":284,"column":2},"end":{"line":284,"column":19}},"171":{"start":{"line":285,"column":2},"end":{"line":285,"column":25}},"172":{"start":{"line":290,"column":16},"end":{"line":290,"column":29}},"173":{"start":{"line":292,"column":2},"end":{"line":320,"column":3}},"174":{"start":{"line":294,"column":4},"end":{"line":319,"column":5}},"175":{"start":{"line":295,"column":6},"end":{"line":318,"column":7}},"176":{"start":{"line":295,"column":19},"end":{"line":295,"column":20}},"177":{"start":{"line":300,"column":8},"end":{"line":317,"column":9}},"178":{"start":{"line":300,"column":76},"end":{"line":300,"column":86}},"179":{"start":{"line":301,"column":10},"end":{"line":301,"column":28}},"180":{"start":{"line":302,"column":10},"end":{"line":302,"column":16}},"181":{"start":{"line":306,"column":10},"end":{"line":307,"column":66}},"182":{"start":{"line":307,"column":12},"end":{"line":307,"column":66}},"183":{"start":{"line":309,"column":10},"end":{"line":309,"column":52}},"184":{"start":{"line":311,"column":10},"end":{"line":311,"column":55}},"185":{"start":{"line":313,"column":10},"end":{"line":313,"column":64}},"186":{"start":{"line":316,"column":10},"end":{"line":316,"column":104}},"187":{"start":{"line":324,"column":17},"end":{"line":324,"column":18}},"188":{"start":{"line":325,"column":20},"end":{"line":325,"column":21}},"189":{"start":{"line":329,"column":2},"end":{"line":330,"column":30}},"190":{"start":{"line":330,"column":4},"end":{"line":330,"column":30}},"191":{"start":{"line":332,"column":2},"end":{"line":332,"column":34}},"192":{"start":{"line":334,"column":2},"end":{"line":350,"column":3}},"193":{"start":{"line":336,"column":4},"end":{"line":336,"column":21}},"194":{"start":{"line":339,"column":7},"end":{"line":350,"column":3}},"195":{"start":{"line":341,"column":4},"end":{"line":342,"column":42}},"196":{"start":{"line":342,"column":6},"end":{"line":342,"column":42}},"197":{"start":{"line":345,"column":4},"end":{"line":345,"column":37}},"198":{"start":{"line":346,"column":4},"end":{"line":346,"column":30}},"199":{"start":{"line":349,"column":4},"end":{"line":349,"column":27}},"200":{"start":{"line":352,"column":2},"end":{"line":352,"column":15}},"201":{"start":{"line":356,"column":0},"end":{"line":356,"column":60}}},"fnMap":{"0":{"name":"(anonymous_0)","decl":{"start":{"line":3,"column":16},"end":{"line":3,"column":17}},"loc":{"start":{"line":3,"column":30},"end":{"line":5,"column":1}},"line":3},"1":{"name":"(anonymous_1)","decl":{"start":{"line":7,"column":17},"end":{"line":7,"column":18}},"loc":{"start":{"line":7,"column":33},"end":{"line":15,"column":1}},"line":7},"2":{"name":"initShapes","decl":{"start":{"line":17,"column":9},"end":{"line":17,"column":19}},"loc":{"start":{"line":17,"column":26},"end":{"line":26,"column":1}},"line":17},"3":{"name":"(anonymous_3)","decl":{"start":{"line":28,"column":23},"end":{"line":28,"column":24}},"loc":{"start":{"line":28,"column":39},"end":{"line":38,"column":1}},"line":28},"4":{"name":"(anonymous_4)","decl":{"start":{"line":40,"column":17},"end":{"line":40,"column":18}},"loc":{"start":{"line":40,"column":27},"end":{"line":61,"column":1}},"line":40},"5":{"name":"(anonymous_5)","decl":{"start":{"line":63,"column":19},"end":{"line":63,"column":20}},"loc":{"start":{"line":63,"column":38},"end":{"line":86,"column":1}},"line":63},"6":{"name":"(anonymous_6)","decl":{"start":{"line":88,"column":20},"end":{"line":88,"column":21}},"loc":{"start":{"line":88,"column":30},"end":{"line":105,"column":1}},"line":88},"7":{"name":"(anonymous_7)","decl":{"start":{"line":107,"column":20},"end":{"line":107,"column":21}},"loc":{"start":{"line":107,"column":30},"end":{"line":111,"column":1}},"line":107},"8":{"name":"(anonymous_8)","decl":{"start":{"line":113,"column":18},"end":{"line":113,"column":19}},"loc":{"start":{"line":113,"column":33},"end":{"line":147,"column":1}},"line":113},"9":{"name":"(anonymous_9)","decl":{"start":{"line":121,"column":18},"end":{"line":121,"column":19}},"loc":{"start":{"line":121,"column":34},"end":{"line":121,"column":70}},"line":121},"10":{"name":"(anonymous_10)","decl":{"start":{"line":121,"column":42},"end":{"line":121,"column":43}},"loc":{"start":{"line":121,"column":49},"end":{"line":121,"column":59}},"line":121},"11":{"name":"(anonymous_11)","decl":{"start":{"line":123,"column":18},"end":{"line":123,"column":19}},"loc":{"start":{"line":123,"column":34},"end":{"line":123,"column":60}},"line":123},"12":{"name":"(anonymous_12)","decl":{"start":{"line":123,"column":42},"end":{"line":123,"column":43}},"loc":{"start":{"line":123,"column":49},"end":{"line":123,"column":59}},"line":123},"13":{"name":"(anonymous_13)","decl":{"start":{"line":149,"column":17},"end":{"line":149,"column":18}},"loc":{"start":{"line":149,"column":26},"end":{"line":175,"column":1}},"line":149},"14":{"name":"(anonymous_14)","decl":{"start":{"line":177,"column":21},"end":{"line":177,"column":22}},"loc":{"start":{"line":177,"column":30},"end":{"line":205,"column":1}},"line":177},"15":{"name":"(anonymous_15)","decl":{"start":{"line":207,"column":18},"end":{"line":207,"column":19}},"loc":{"start":{"line":207,"column":43},"end":{"line":223,"column":1}},"line":207},"16":{"name":"(anonymous_16)","decl":{"start":{"line":225,"column":18},"end":{"line":225,"column":19}},"loc":{"start":{"line":225,"column":34},"end":{"line":266,"column":1}},"line":225},"17":{"name":"(anonymous_17)","decl":{"start":{"line":268,"column":24},"end":{"line":268,"column":25}},"loc":{"start":{"line":268,"column":34},"end":{"line":280,"column":1}},"line":268},"18":{"name":"(anonymous_18)","decl":{"start":{"line":282,"column":16},"end":{"line":282,"column":17}},"loc":{"start":{"line":282,"column":35},"end":{"line":287,"column":1}},"line":282},"19":{"name":"addFilledLine","decl":{"start":{"line":289,"column":9},"end":{"line":289,"column":22}},"loc":{"start":{"line":289,"column":48},"end":{"line":321,"column":1}},"line":289},"20":{"name":"(anonymous_20)","decl":{"start":{"line":300,"column":64},"end":{"line":300,"column":65}},"loc":{"start":{"line":300,"column":74},"end":{"line":300,"column":88}},"line":300},"21":{"name":"refresh","decl":{"start":{"line":323,"column":9},"end":{"line":323,"column":16}},"loc":{"start":{"line":323,"column":33},"end":{"line":353,"column":1}},"line":323}},"branchMap":{"0":{"loc":{"start":{"line":30,"column":2},"end":{"line":31,"column":51}},"type":"if","locations":[{"start":{"line":30,"column":2},"end":{"line":31,"column":51}},{"start":{"line":30,"column":2},"end":{"line":31,"column":51}}],"line":30},"1":{"loc":{"start":{"line":50,"column":6},"end":{"line":54,"column":7}},"type":"if","locations":[{"start":{"line":50,"column":6},"end":{"line":54,"column":7}},{"start":{"line":50,"column":6},"end":{"line":54,"column":7}}],"line":50},"2":{"loc":{"start":{"line":70,"column":2},"end":{"line":72,"column":15}},"type":"if","locations":[{"start":{"line":70,"column":2},"end":{"line":72,"column":15}},{"start":{"line":70,"column":2},"end":{"line":72,"column":15}}],"line":70},"3":{"loc":{"start":{"line":70,"column":6},"end":{"line":71,"column":55}},"type":"binary-expr","locations":[{"start":{"line":70,"column":6},"end":{"line":70,"column":55}},{"start":{"line":71,"column":7},"end":{"line":71,"column":55}}],"line":70},"4":{"loc":{"start":{"line":75,"column":6},"end":{"line":77,"column":7}},"type":"if","locations":[{"start":{"line":75,"column":6},"end":{"line":77,"column":7}},{"start":{"line":75,"column":6},"end":{"line":77,"column":7}}],"line":75},"5":{"loc":{"start":{"line":75,"column":10},"end":{"line":75,"column":94}},"type":"binary-expr","locations":[{"start":{"line":75,"column":10},"end":{"line":75,"column":28}},{"start":{"line":75,"column":32},"end":{"line":75,"column":65}},{"start":{"line":75,"column":69},"end":{"line":75,"column":94}}],"line":75},"6":{"loc":{"start":{"line":97,"column":6},"end":{"line":98,"column":30}},"type":"if","locations":[{"start":{"line":97,"column":6},"end":{"line":98,"column":30}},{"start":{"line":97,"column":6},"end":{"line":98,"column":30}}],"line":97},"7":{"loc":{"start":{"line":108,"column":2},"end":{"line":109,"column":17}},"type":"if","locations":[{"start":{"line":108,"column":2},"end":{"line":109,"column":17}},{"start":{"line":108,"column":2},"end":{"line":109,"column":17}}],"line":108},"8":{"loc":{"start":{"line":114,"column":2},"end":{"line":117,"column":3}},"type":"if","locations":[{"start":{"line":114,"column":2},"end":{"line":117,"column":3}},{"start":{"line":114,"column":2},"end":{"line":117,"column":3}}],"line":114},"9":{"loc":{"start":{"line":120,"column":2},"end":{"line":123,"column":71}},"type":"if","locations":[{"start":{"line":120,"column":2},"end":{"line":123,"column":71}},{"start":{"line":120,"column":2},"end":{"line":123,"column":71}}],"line":120},"10":{"loc":{"start":{"line":159,"column":6},"end":{"line":162,"column":7}},"type":"if","locations":[{"start":{"line":159,"column":6},"end":{"line":162,"column":7}},{"start":{"line":159,"column":6},"end":{"line":162,"column":7}}],"line":159},"11":{"loc":{"start":{"line":167,"column":4},"end":{"line":168,"column":9}},"type":"if","locations":[{"start":{"line":167,"column":4},"end":{"line":168,"column":9}},{"start":{"line":167,"column":4},"end":{"line":168,"column":9}}],"line":167},"12":{"loc":{"start":{"line":171,"column":4},"end":{"line":172,"column":9}},"type":"if","locations":[{"start":{"line":171,"column":4},"end":{"line":172,"column":9}},{"start":{"line":171,"column":4},"end":{"line":172,"column":9}}],"line":171},"13":{"loc":{"start":{"line":188,"column":6},"end":{"line":194,"column":7}},"type":"if","locations":[{"start":{"line":188,"column":6},"end":{"line":194,"column":7}},{"start":{"line":188,"column":6},"end":{"line":194,"column":7}}],"line":188},"14":{"loc":{"start":{"line":190,"column":8},"end":{"line":191,"column":15}},"type":"if","locations":[{"start":{"line":190,"column":8},"end":{"line":191,"column":15}},{"start":{"line":190,"column":8},"end":{"line":191,"column":15}}],"line":190},"15":{"loc":{"start":{"line":192,"column":8},"end":{"line":193,"column":15}},"type":"if","locations":[{"start":{"line":192,"column":8},"end":{"line":193,"column":15}},{"start":{"line":192,"column":8},"end":{"line":193,"column":15}}],"line":192},"16":{"loc":{"start":{"line":208,"column":2},"end":{"line":209,"column":14}},"type":"if","locations":[{"start":{"line":208,"column":2},"end":{"line":209,"column":14}},{"start":{"line":208,"column":2},"end":{"line":209,"column":14}}],"line":208},"17":{"loc":{"start":{"line":208,"column":6},"end":{"line":208,"column":46}},"type":"binary-expr","locations":[{"start":{"line":208,"column":6},"end":{"line":208,"column":24}},{"start":{"line":208,"column":28},"end":{"line":208,"column":35}},{"start":{"line":208,"column":39},"end":{"line":208,"column":46}}],"line":208},"18":{"loc":{"start":{"line":210,"column":2},"end":{"line":213,"column":3}},"type":"if","locations":[{"start":{"line":210,"column":2},"end":{"line":213,"column":3}},{"start":{"line":210,"column":2},"end":{"line":213,"column":3}}],"line":210},"19":{"loc":{"start":{"line":210,"column":6},"end":{"line":211,"column":83}},"type":"binary-expr","locations":[{"start":{"line":210,"column":6},"end":{"line":210,"column":37}},{"start":{"line":211,"column":7},"end":{"line":211,"column":83}}],"line":210},"20":{"loc":{"start":{"line":214,"column":2},"end":{"line":216,"column":14}},"type":"if","locations":[{"start":{"line":214,"column":2},"end":{"line":216,"column":14}},{"start":{"line":214,"column":2},"end":{"line":216,"column":14}}],"line":214},"21":{"loc":{"start":{"line":214,"column":6},"end":{"line":215,"column":82}},"type":"binary-expr","locations":[{"start":{"line":214,"column":6},"end":{"line":214,"column":37}},{"start":{"line":215,"column":7},"end":{"line":215,"column":82}}],"line":214},"22":{"loc":{"start":{"line":217,"column":2},"end":{"line":221,"column":3}},"type":"if","locations":[{"start":{"line":217,"column":2},"end":{"line":221,"column":3}},{"start":{"line":217,"column":2},"end":{"line":221,"column":3}}],"line":217},"23":{"loc":{"start":{"line":217,"column":6},"end":{"line":219,"column":155}},"type":"binary-expr","locations":[{"start":{"line":217,"column":6},"end":{"line":217,"column":13}},{"start":{"line":217,"column":17},"end":{"line":217,"column":24}},{"start":{"line":218,"column":9},"end":{"line":218,"column":42}},{"start":{"line":218,"column":46},"end":{"line":218,"column":153}},{"start":{"line":219,"column":10},"end":{"line":219,"column":43}},{"start":{"line":219,"column":47},"end":{"line":219,"column":153}}],"line":217},"24":{"loc":{"start":{"line":229,"column":2},"end":{"line":230,"column":25}},"type":"if","locations":[{"start":{"line":229,"column":2},"end":{"line":230,"column":25}},{"start":{"line":229,"column":2},"end":{"line":230,"column":25}}],"line":229},"25":{"loc":{"start":{"line":229,"column":6},"end":{"line":229,"column":24}},"type":"binary-expr","locations":[{"start":{"line":229,"column":6},"end":{"line":229,"column":13}},{"start":{"line":229,"column":17},"end":{"line":229,"column":24}}],"line":229},"26":{"loc":{"start":{"line":233,"column":2},"end":{"line":237,"column":3}},"type":"if","locations":[{"start":{"line":233,"column":2},"end":{"line":237,"column":3}},{"start":{"line":233,"column":2},"end":{"line":237,"column":3}}],"line":233},"27":{"loc":{"start":{"line":233,"column":6},"end":{"line":233,"column":37}},"type":"binary-expr","locations":[{"start":{"line":233,"column":6},"end":{"line":233,"column":21}},{"start":{"line":233,"column":25},"end":{"line":233,"column":37}}],"line":233},"28":{"loc":{"start":{"line":234,"column":4},"end":{"line":235,"column":28}},"type":"if","locations":[{"start":{"line":234,"column":4},"end":{"line":235,"column":28}},{"start":{"line":234,"column":4},"end":{"line":235,"column":28}}],"line":234},"29":{"loc":{"start":{"line":234,"column":8},"end":{"line":234,"column":26}},"type":"binary-expr","locations":[{"start":{"line":234,"column":8},"end":{"line":234,"column":15}},{"start":{"line":234,"column":19},"end":{"line":234,"column":26}}],"line":234},"30":{"loc":{"start":{"line":238,"column":2},"end":{"line":239,"column":26}},"type":"if","locations":[{"start":{"line":238,"column":2},"end":{"line":239,"column":26}},{"start":{"line":238,"column":2},"end":{"line":239,"column":26}}],"line":238},"31":{"loc":{"start":{"line":238,"column":6},"end":{"line":238,"column":24}},"type":"binary-expr","locations":[{"start":{"line":238,"column":6},"end":{"line":238,"column":13}},{"start":{"line":238,"column":17},"end":{"line":238,"column":24}}],"line":238},"32":{"loc":{"start":{"line":240,"column":2},"end":{"line":241,"column":21}},"type":"if","locations":[{"start":{"line":240,"column":2},"end":{"line":241,"column":21}},{"start":{"line":240,"column":2},"end":{"line":241,"column":21}}],"line":240},"33":{"loc":{"start":{"line":240,"column":6},"end":{"line":240,"column":48}},"type":"binary-expr","locations":[{"start":{"line":240,"column":6},"end":{"line":240,"column":24}},{"start":{"line":240,"column":29},"end":{"line":240,"column":36}},{"start":{"line":240,"column":40},"end":{"line":240,"column":47}}],"line":240},"34":{"loc":{"start":{"line":242,"column":2},"end":{"line":243,"column":25}},"type":"if","locations":[{"start":{"line":242,"column":2},"end":{"line":243,"column":25}},{"start":{"line":242,"column":2},"end":{"line":243,"column":25}}],"line":242},"35":{"loc":{"start":{"line":242,"column":6},"end":{"line":242,"column":24}},"type":"binary-expr","locations":[{"start":{"line":242,"column":6},"end":{"line":242,"column":13}},{"start":{"line":242,"column":17},"end":{"line":242,"column":24}}],"line":242},"36":{"loc":{"start":{"line":246,"column":2},"end":{"line":263,"column":3}},"type":"if","locations":[{"start":{"line":246,"column":2},"end":{"line":263,"column":3}},{"start":{"line":246,"column":2},"end":{"line":263,"column":3}}],"line":246},"37":{"loc":{"start":{"line":247,"column":4},"end":{"line":262,"column":5}},"type":"if","locations":[{"start":{"line":247,"column":4},"end":{"line":262,"column":5}},{"start":{"line":247,"column":4},"end":{"line":262,"column":5}}],"line":247},"38":{"loc":{"start":{"line":254,"column":6},"end":{"line":255,"column":30}},"type":"if","locations":[{"start":{"line":254,"column":6},"end":{"line":255,"column":30}},{"start":{"line":254,"column":6},"end":{"line":255,"column":30}}],"line":254},"39":{"loc":{"start":{"line":254,"column":10},"end":{"line":254,"column":28}},"type":"binary-expr","locations":[{"start":{"line":254,"column":10},"end":{"line":254,"column":17}},{"start":{"line":254,"column":21},"end":{"line":254,"column":28}}],"line":254},"40":{"loc":{"start":{"line":256,"column":6},"end":{"line":261,"column":7}},"type":"if","locations":[{"start":{"line":256,"column":6},"end":{"line":261,"column":7}},{"start":{"line":256,"column":6},"end":{"line":261,"column":7}}],"line":256},"41":{"loc":{"start":{"line":258,"column":8},"end":{"line":259,"column":20}},"type":"if","locations":[{"start":{"line":258,"column":8},"end":{"line":259,"column":20}},{"start":{"line":258,"column":8},"end":{"line":259,"column":20}}],"line":258},"42":{"loc":{"start":{"line":258,"column":12},"end":{"line":258,"column":30}},"type":"binary-expr","locations":[{"start":{"line":258,"column":12},"end":{"line":258,"column":19}},{"start":{"line":258,"column":23},"end":{"line":258,"column":30}}],"line":258},"43":{"loc":{"start":{"line":273,"column":4},"end":{"line":277,"column":5}},"type":"if","locations":[{"start":{"line":273,"column":4},"end":{"line":277,"column":5}},{"start":{"line":273,"column":4},"end":{"line":277,"column":5}}],"line":273},"44":{"loc":{"start":{"line":273,"column":8},"end":{"line":273,"column":74}},"type":"binary-expr","locations":[{"start":{"line":273,"column":8},"end":{"line":273,"column":39}},{"start":{"line":273,"column":43},"end":{"line":273,"column":74}}],"line":273},"45":{"loc":{"start":{"line":294,"column":4},"end":{"line":319,"column":5}},"type":"if","locations":[{"start":{"line":294,"column":4},"end":{"line":319,"column":5}},{"start":{"line":294,"column":4},"end":{"line":319,"column":5}}],"line":294},"46":{"loc":{"start":{"line":300,"column":8},"end":{"line":317,"column":9}},"type":"if","locations":[{"start":{"line":300,"column":8},"end":{"line":317,"column":9}},{"start":{"line":300,"column":8},"end":{"line":317,"column":9}}],"line":300},"47":{"loc":{"start":{"line":306,"column":10},"end":{"line":307,"column":66}},"type":"if","locations":[{"start":{"line":306,"column":10},"end":{"line":307,"column":66}},{"start":{"line":306,"column":10},"end":{"line":307,"column":66}}],"line":306},"48":{"loc":{"start":{"line":329,"column":2},"end":{"line":330,"column":30}},"type":"if","locations":[{"start":{"line":329,"column":2},"end":{"line":330,"column":30}},{"start":{"line":329,"column":2},"end":{"line":330,"column":30}}],"line":329},"49":{"loc":{"start":{"line":334,"column":2},"end":{"line":350,"column":3}},"type":"if","locations":[{"start":{"line":334,"column":2},"end":{"line":350,"column":3}},{"start":{"line":334,"column":2},"end":{"line":350,"column":3}}],"line":334},"50":{"loc":{"start":{"line":339,"column":7},"end":{"line":350,"column":3}},"type":"if","locations":[{"start":{"line":339,"column":7},"end":{"line":350,"column":3}},{"start":{"line":339,"column":7},"end":{"line":350,"column":3}}],"line
[...]
line":109},"18":{"name":"(anonymous_18)","decl":{"start":{"line":113,"column":2},"end":{"line":113,"column":3}},"loc":{"start":{"line":113,"column":14},"end":{"line":115,"column":3}},"line":113},"19":{"name":"(anonymous_19)","decl":{"start":{"line":117,"column":2},"end":{"line":117,"column":3}},"loc":{"start":{"line":117,"column":14},"end":{"line":119,"column":3}},"line":117},"20":{"name":"(anonymous_20)","decl":{"start":{"line":121,"column":2},"end":{"line":121,"column":3}},"loc":{"start":{"line":121,"column":14},"end":{"line":123,"column":3}},"line":121},"21":{"name":"(anonymous_21)","decl":{"start":{"line":125,"column":2},"end":{"line":125,"column":3}},"loc":{"start":{"line":125,"column":14},"end":{"line":127,"column":3}},"line":125},"22":{"name":"(anonymous_22)","decl":{"start":{"line":129,"column":2},"end":{"line":129,"column":3}},"loc":{"start":{"line":129,"column":22},"end":{"line":132,"column":3}},"line":129},"23":{"name":"(anonymous_23)","decl":{"start":{"line":134,"column":2},"end":{"line":134,"column":3}},"loc":{"start":{"line":134,"column":13},"end":{"line":137,"column":3}},"line":134},"24":{"name":"(anonymous_24)","decl":{"start":{"line":139,"column":2},"end":{"line":139,"column":3}},"loc":{"start":{"line":139,"column":21},"end":{"line":141,"column":3}},"line":139}},"branchMap":{"0":{"loc":{"start":{"line":33,"column":4},"end":{"line":37,"column":5}},"type":"if","locations":[{"start":{"line":33,"column":4},"end":{"line":37,"column":5}},{"start":{"line":33,"column":4},"end":{"line":37,"column":5}}],"line":33},"1":{"loc":{"start":{"line":33,"column":8},"end":{"line":33,"column":38}},"type":"binary-expr","locations":[{"start":{"line":33,"column":8},"end":{"line":33,"column":19}},{"start":{"line":33,"column":23},"end":{"line":33,"column":38}}],"line":33},"2":{"loc":{"start":{"line":34,"column":6},"end":{"line":35,"column":34}},"type":"if","locations":[{"start":{"line":34,"column":6},"end":{"line":35,"column":34}},{"start":{"line":34,"column":6},"end":{"line":35,"column":34}}],"line":34},"3":{"loc":{"start":{"line":34,"column":10},"end":{"line":34,"column":43}},"type":"binary-expr","locations":[{"start":{"line":34,"column":10},"end":{"line":34,"column":24}},{"start":{"line":34,"column":28},"end":{"line":34,"column":43}}],"line":34},"4":{"loc":{"start":{"line":46,"column":4},"end":{"line":54,"column":25}},"type":"if","locations":[{"start":{"line":46,"column":4},"end":{"line":54,"column":25}},{"start":{"line":46,"column":4},"end":{"line":54,"column":25}}],"line":46},"5":{"loc":{"start":{"line":47,"column":6},"end":{"line":51,"column":30}},"type":"if","locations":[{"start":{"line":47,"column":6},"end":{"line":51,"column":30}},{"start":{"line":47,"column":6},"end":{"line":51,"column":30}}],"line":47},"6":{"loc":{"start":{"line":58,"column":4},"end":{"line":65,"column":5}},"type":"if","locations":[{"start":{"line":58,"column":4},"end":{"line":65,"column":5}},{"start":{"line":58,"column":4},"end":{"line":65,"column":5}}],"line":58},"7":{"loc":{"start":{"line":59,"column":6},"end":{"line":64,"column":7}},"type":"if","locations":[{"start":{"line":59,"column":6},"end":{"line":64,"column":7}},{"start":{"line":59,"column":6},"end":{"line":64,"column":7}}],"line":59},"8":{"loc":{"start":{"line":59,"column":10},"end":{"line":59,"column":52}},"type":"binary-expr","locations":[{"start":{"line":59,"column":10},"end":{"line":59,"column":33}},{"start":{"line":59,"column":37},"end":{"line":59,"column":52}}],"line":59},"9":{"loc":{"start":{"line":60,"column":8},"end":{"line":62,"column":9}},"type":"if","locations":[{"start":{"line":60,"column":8},"end":{"line":62,"column":9}},{"start":{"line":60,"column":8},"end":{"line":62,"column":9}}],"line":60},"10":{"loc":{"start":{"line":60,"column":12},"end":{"line":60,"column":57}},"type":"binary-expr","locations":[{"start":{"line":60,"column":12},"end":{"line":60,"column":38}},{"start":{"line":60,"column":42},"end":{"line":60,"column":57}}],"line":60}},"s":{"0":1,"1":1,"2":1,"3":4,"4":4,"5":4,"6":4,"7":4,"8":4,"9":4,"10":4,"11":0,"12":0,"13":0,"14":0,"15":0,"16":0,"17":0,"18":0,"19":1024,"20":852,"21":672,"22":180,"23":172,"24":168,"25":656,"26":656,"27":656,"28":0,"29":0,"30":364,"31":364,"32":4,"33":0,"34":4,"35":360,"36":4,"37":28,"38":16,"39":4,"40":4,"41":192,"42":4,"43":1188,"44":528,"45":84,"46":84,"47":0,"48":0,"49":4,"50":4,"51":0,"52":0,"53":0,"54":0,"55":0},"f":{"0":4,"1":0,"2":0,"3":1024,"4":168,"5":656,"6":364,"7":4,"8":28,"9":16,"10":4,"11":4,"12":192,"13":4,"14":1188,"15":528,"16":84,"17":84,"18":0,"19":0,"20":4,"21":4,"22":0,"23":0,"24":0},"b":{"0":[852,172],"1":[1024,1024],"2":[672,180],"3":[852,852],"4":[656,0],"5":[656,0],"6":[364,0],"7":[4,360],"8":[364,364],"9":[0,4],"10":[4,4]},"_coverageSchema":"1a1c01bbd47fc00a2c39e90264f33305004495a9","hash":"66d809781ef7b13845350d2b65a62b83fe689526","contentHash":"4482ff3b2b42a1179f1555f20efc7d4b754c22ec261ff0916147ed2bdfb2688d"},"/Users/rlecart/Desktop/TRAVAIL/tetris/server/classes/Servers.js":{"path":"/Users/rlecart/Desktop/TRAVAIL/tetris/server/classes/Servers.js","statementMap":{"0":{"start":{"line":1,"column":17},"end":{"line":1,"column":43}},"1":{"start":{"line":2,"column":11},"end":{"line":2,"column":26}},"2":{"start":{"line":3,"column":17},"end":{"line":3,"column":37}},"3":{"start":{"line":5,"column":0},"end":{"line":94,"column":1}},"4":{"start":{"line":7,"column":4},"end":{"line":7,"column":33}},"5":{"start":{"line":8,"column":4},"end":{"line":8,"column":21}},"6":{"start":{"line":9,"column":4},"end":{"line":9,"column":17}},"7":{"start":{"line":13,"column":4},"end":{"line":13,"column":39}},"8":{"start":{"line":14,"column":4},"end":{"line":21,"column":7}},"9":{"start":{"line":26,"column":4},"end":{"line":26,"column":24}},"10":{"start":{"line":30,"column":4},"end":{"line":30,"column":25}},"11":{"start":{"line":34,"column":4},"end":{"line":34,"column":21}},"12":{"start":{"line":38,"column":4},"end":{"line":42,"column":5}},"13":{"start":{"line":39,"column":6},"end":{"line":41,"column":7}},"14":{"start":{"line":40,"column":8},"end":{"line":40,"column":26}},"15":{"start":{"line":43,"column":4},"end":{"line":43,"column":20}},"16":{"start":{"line":47,"column":4},"end":{"line":90,"column":6}},"17":{"start":{"line":48,"column":6},"end":{"line":48,"column":30}},"18":{"start":{"line":49,"column":6},"end":{"line":54,"column":8}},"19":{"start":{"line":50,"column":8},"end":{"line":53,"column":50}},"20":{"start":{"line":51,"column":10},"end":{"line":51,"column":51}},"21":{"start":{"line":53,"column":10},"end":{"line":53,"column":50}},"22":{"start":{"line":55,"column":6},"end":{"line":55,"column":102}},"23":{"start":{"line":55,"column":59},"end":{"line":55,"column":99}},"24":{"start":{"line":56,"column":6},"end":{"line":56,"column":108}},"25":{"start":{"line":56,"column":62},"end":{"line":56,"column":105}},"26":{"start":{"line":57,"column":6},"end":{"line":57,"column":94}},"27":{"start":{"line":57,"column":55},"end":{"line":57,"column":91}},"28":{"start":{"line":58,"column":6},"end":{"line":60,"column":8}},"29":{"start":{"line":59,"column":8},"end":{"line":59,"column":46}},"30":{"start":{"line":61,"column":6},"end":{"line":61,"column":104}},"31":{"start":{"line":61,"column":60},"end":{"line":61,"column":101}},"32":{"start":{"line":62,"column":6},"end":{"line":62,"column":100}},"33":{"start":{"line":62,"column":58},"end":{"line":62,"column":97}},"34":{"start":{"line":63,"column":6},"end":{"line":63,"column":100}},"35":{"start":{"line":63,"column":58},"end":{"line":63,"column":97}},"36":{"start":{"line":64,"column":6},"end":{"line":64,"column":54}},"37":{"start":{"line":64,"column":32},"end":{"line":64,"column":51}},"38":{"start":{"line":66,"column":6},"end":{"line":87,"column":9}},"39":{"start":{"line":67,"column":8},"end":{"line":67,"column":41}},"40":{"start":{"line":68,"column":8},"end":{"line":68,"column":49}},"41":{"start":{"line":91,"column":4},"end":{"line":91,"column":32}}},"fnMap":{"0":{"name":"(anonymous_0)","decl":{"start":{"line":6,"column":2},"end":{"line":6,"column":3}},"loc":{"start":{"line":6,"column":16},"end":{"line":10,"column":3}},"line":6},"1":{"name":"(anonymous_1)","decl":{"start":{"line":12,"column":2},"end":{"line":12,"column":3}},"loc":{"start":{"line":12,"column":16},"end":{"line":23,"column":3}},"line":12},"2":{"name":"(anonymous_2)","decl":{"start":{"line":25,"column":2},"end":{"line":25,"column":3}},"loc":{"start":{"line":25,"column":15},"end":{"line":27,"column":3}},"line":25},"3":{"name":"(anonymous_3)","decl":{"start":{"line":29,"column":2},"end":{"line":29,"column":3}},"loc":{"start":{"line":29,"column":18},"end":{"line":31,"column":3}},"line":29},"4":{"name":"(anonymous_4)","decl":{"start":{"line":33,"column":2},"end":{"line":33,"column":3}},"loc":{"start":{"line":33,"column":16},"end":{"line":35,"column":3}},"line":33},"5":{"name":"(anonymous_5)","decl":{"start":{"line":37,"column":2},"end":{"line":37,"column":3}},"loc":{"start":{"line":37,"column":25},"end":{"line":44,"column":3}},"line":37},"6":{"name":"(anonymous_6)","decl":{"start":{"line":46,"column":2},"end":{"line":46,"column":3}},"loc":{"start":{"line":46,"column":20},"end":{"line":93,"column":3}},"line":46},"7":{"name":"(anonymous_7)","decl":{"start":{"line":47,"column":30},"end":{"line":47,"column":31}},"loc":{"start":{"line":47,"column":42},"end":{"line":90,"column":5}},"line":47},"8":{"name":"(anonymous_8)","decl":{"start":{"line":49,"column":24},"end":{"line":49,"column":25}},"loc":{"start":{"line":49,"column":58},"end":{"line":54,"column":7}},"line":49},"9":{"name":"(anonymous_9)","decl":{"start":{"line":55,"column":30},"end":{"line":55,"column":31}},"loc":{"start":{"line":55,"column":57},"end":{"line":55,"column":101}},"line":55},"10":{"name":"(anonymous_10)","decl":{"start":{"line":56,"column":28},"end":{"line":56,"column":29}},"loc":{"start":{"line":56,"column":60},"end":{"line":56,"column":107}},"line":56},"11":{"name":"(anonymous_11)","decl":{"start":{"line":57,"column":29},"end":{"line":57,"column":30}},"loc":{"start":{"line":57,"column":53},"end":{"line":57,"column":93}},"line":57},"12":{"name":"(anonymous_12)","decl":{"start":{"line":58,"column":31},"end":{"line":58,"column":32}},"loc":{"start":{"line":58,"column":45},"end":{"line":60,"column":7}},"line":58},"13":{"name":"(anonymous_13)","decl":{"start":{"line":61,"column":34},"end":{"line":61,"column":35}},"loc":{"start":{"line":61,"column":58},"end":{"line":61,"column":103}},"line":61},"14":{"name":"(anonymous_14)","decl":{"start":{"line":62,"column":32},"end":{"line":62,"column":33}},"loc":{"start":{"line":62,"column":56},"end":{"line":62,"column":99}},"line":62},"15":{"name":"(anonymous_15)","decl":{"start":{"line":63,"column":32},"end":{"line":63,"column":33}},"loc":{"start":{"line":63,"column":56},"end":{"line":63,"column":99}},"line":63},"16":{"name":"(anonymous_16)","decl":{"start":{"line":64,"column":24},"end":{"line":64,"column":25}},"loc":{"start":{"line":64,"column":30},"end":{"line":64,"column":53}},"line":64},"17":{"name":"(anonymous_17)","decl":{"start":{"line":66,"column":34},"end":{"line":66,"column":35}},"loc":{"start":{"line":66,"column":40},"end":{"line":87,"column":7}},"line":66}},"branchMap":{"0":{"loc":{"start":{"line":38,"column":4},"end":{"line":42,"column":5}},"type":"if","locations":[{"start":{"line":38,"column":4},"end":{"line":42,"column":5}},{"start":{"line":38,"column":4},"end":{"line":42,"column":5}}],"line":38},"1":{"loc":{"start":{"line":50,"column":8},"end":{"line":53,"column":50}},"type":"if","locations":[{"start":{"line":50,"column":8},"end":{"line":53,"column":50}},{"start":{"line":50,"column":8},"end":{"line":53,"column":50}}],"line":50}},"s":{"0":1,"1":1,"2":1,"3":1,"4":4,"5":4,"6":4,"7":4,"8":4,"9":4,"10":1,"11":1,"12":4,"13":1,"14":8,"15":4,"16":4,"17":59,"18":59,"19":20,"20":20,"21":0,"22":59,"23":1,"24":59,"25":1,"26":59,"27":1,"28":59,"29":1,"30":59,"31":4,"32":59,"33":4,"34":59,"35":1,"36":59,"37":51,"38":59,"39":0,"40":0,"41":4},"f":{"0":4,"1":4,"2":4,"3":1,"4":1,"5":4,"6":4,"7":59,"8":20,"9":1,"10":1,"11":1,"12":1,"13":4,"14":4,"15":1,"16":51,"17":0},"b":{"0":[1,3],"1":[20,0]},"_coverageSchema":"1a1c01bbd47fc00a2c39e90264f33305004495a9","hash":"18514f9fc1da7bc59b4e546352513f8db6cb2808","contentHash":"4503b1432352bdc761519e8bea71a34d22de7fbba91ea7b49ebe1d8f17d6401c"},"/Users/rlecart/Desktop/TRAVAIL/tetris/server/utils.js":{"path":"/Users/rlecart/Desktop/TRAVAIL/tetris/server/utils.js","statementMap":{"0":{"start":{"line":1,"column":20},"end":{"line":3,"column":1}},"1":{"start":{"line":2,"column":2},"end":{"line":2,"column":50}},"2":{"start":{"line":5,"column":21},"end":{"line":10,"column":1}},"3":{"start":{"line":6,"column":12},"end":{"line":6,"column":25}},"4":{"start":{"line":7,"column":2},"end":{"line":8,"column":23}},"5":{"start":{"line":8,"column":4},"end":{"line":8,"column":23}},"6":{"start":{"line":9,"column":2},"end":{"line":9,"column":14}},"7":{"start":{"line":12,"column":27},"end":{"line":18,"column":1}},"8":{"start":{"line":13,"column":12},"end":{"line":13,"column":14}},"9":{"start":{"line":15,"column":2},"end":{"line":16,"column":19}},"10":{"start":{"line":16,"column":4},"end":{"line":16,"column":19}},"11":{"start":{"line":17,"column":2},"end":{"line":17,"column":12}},"12":{"start":{"line":20,"column":0},"end":{"line":20,"column":66}}},"fnMap":{"0":{"name":"(anonymous_0)","decl":{"start":{"line":1,"column":20},"end":{"line":1,"column":21}},"loc":{"start":{"line":1,"column":26},"end":{"line":3,"column":1}},"line":1},"1":{"name":"(anonymous_1)","decl":{"start":{"line":5,"column":21},"end":{"line":5,"column":22}},"loc":{"start":{"line":5,"column":36},"end":{"line":10,"column":1}},"line":5},"2":{"name":"(anonymous_2)","decl":{"start":{"line":12,"column":27},"end":{"line":12,"column":28}},"loc":{"start":{"line":12,"column":36},"end":{"line":18,"column":1}},"line":12}},"branchMap":{},"s":{"0":1,"1":6,"2":1,"3":6,"4":6,"5":0,"6":6,"7":1,"8":0,"9":0,"10":0,"11":0,"12":1},"f":{"0":6,"1":6,"2":0},"b":{},"_coverageSchema":"1a1c01bbd47fc00a2c39e90264f33305004495a9","hash":"9225f90e68542ceb6c0582f5eff3ec61e24ff8f7","contentHash":"7eb61aa990952b8b06a378801f6eece884fcc0b11169f392b3d9d81603b687ee"},"/Users/rlecart/Desktop/TRAVAIL/tetris/src/api/clientApi.js":{"path":"/Users/rlecart/Desktop/TRAVAIL/tetris/src/api/clientApi.js","statementMap":{"0":{"start":{"line":1,"column":13},"end":{"line":5,"column":1}},"1":{"start":{"line":2,"column":2},"end":{"line":4,"column":5}},"2":{"start":{"line":3,"column":4},"end":{"line":3,"column":52}},"3":{"start":{"line":7,"column":20},"end":{"line":11,"column":1}},"4":{"start":{"line":8,"column":2},"end":{"line":10,"column":5}},"5":{"start":{"line":9,"column":4},"end":{"line":9,"column":43}},"6":{"start":{"line":13,"column":19},"end":{"line":17,"column":1}},"7":{"start":{"line":14,"column":2},"end":{"line":16,"column":5}},"8":{"start":{"line":15,"column":4},"end":{"line":15,"column":53}},"9":{"start":{"line":19,"column":17},"end":{"line":23,"column":1}},"10":{"start":{"line":20,"column":2},"end":{"line":22,"column":5}},"11":{"start":{"line":21,"column":4},"end":{"line":21,"column":59}},"12":{"start":{"line":25,"column":23},"end":{"line":29,"column":1}},"13":{"start":{"line":26,"column":2},"end":{"line":28,"column":5}},"14":{"start":{"line":27,"column":4},"end":{"line":27,"column":57}},"15":{"start":{"line":31,"column":18},"end":{"line":35,"column":1}},"16":{"start":{"line":32,"column":2},"end":{"line":34,"column":5}},"17":{"start":{"line":33,"column":4},"end":{"line":33,"column":52}},"18":{"start":{"line":37,"column":21},"end":{"line":41,"column":1}},"19":{"start":{"line":38,"column":2},"end":{"line":40,"column":5}},"20":{"start":{"line":39,"column":4},"end":{"line":39,"column":55}},"21":{"start":{"line":43,"column":21},"end":{"line":47,"column":1}},"22":{"start":{"line":44,"column":2},"end":{"line":46,"column":5}},"23":{"start":{"line":45,"column":4},"end":{"line":45,"column":55}},"24":{"start":{"line":49,"column":0},"end":{"line":49,"column":115}}},"fnMap":{"0":{"name":"(anonymous_0)","decl":{"start":{"line":1,"column":13},"end":{"line":1,"column":14}},"loc":{"start":{"line":1,"column":38},"end":{"line":5,"column":1}},"line":1},"1":{"name":"(anonymous_1)","decl":{"start":{"line":2,"column":22},"end":{"line":2,"column":23}},"loc":{"start":{"line":2,"column":31},"end":{"line":4,"column":3}},"line":2},"2":{"name":"(anonymous_2)","decl":{"start":{"line":7,"column":20},"end":{"line":7,"column":21}},"loc":{"start":{"line":7,"column":40},"end":{"line":11,"column":1}},"line":7},"3":{"name":"(anonymous_3)","decl":{"start":{"line":8,"column":22},"end":{"line":8,"column":23}},"loc":{"start":{"line":8,"column":31},"end":{"line":10,"column":3}},"line":8},"4":{"name":"(anonymous_4)","decl":{"start":{"line":13,"column":19},"end":{"line":13,"column":20}},"loc":{"start":{"line":13,"column":39},"end":{"line":17,"column":1}},"line":13},"5":{"name":"(anonymous_5)","decl":{"start":{"line":14,"column":22},"end":{"line":14,"column":23}},"loc":{"start":{"line":14,"column":31},"end":{"line":16,"column":3}},"line":14},"6":{"name":"(anonymous_6)","decl":{"start":{"line":19,"column":17},"end":{"line":19,"column":18}},"loc":{"start":{"line":19,"column":45},"end":{"line":23,"column":1}},"line":19},"7":{"name":"(anonymous_7)","decl":{"start":{"line":20,"column":22},"end":{"line":20,"column":23}},"loc":{"start":{"line":20,"column":31},"end":{"line":22,"column":3}},"line":20},"8":{"name":"(anonymous_8)","decl":{"start":{"line":25,"column":23},"end":{"line":25,"column":24}},"loc":{"start":{"line":25,"column":43},"end":{"line":29,"column":1}},"line":25},"9":{"name":"(anonymous_9)","decl":{"start":{"line":26,"column":22},"end":{"line":26,"column":23}},"loc":{"start":{"line":26,"column":31},"end":{"line":28,"column":3}},"line":26},"10":{"name":"(anonymous_10)","decl":{"start":{"line":31,"column":18},"end":{"line":31,"column":19}},"loc":{"start":{"line":31,"column":38},"end":{"line":35,"column":1}},"line":31},"11":{"name":"(anonymous_11)","decl":{"start":{"line":32,"column":22},"end":{"line":32,"column":23}},"loc":{"start":{"line":32,"column":31},"end":{"line":34,"column":3}},"line":32},"12":{"name":"(anonymous_12)","decl":{"start":{"line":37,"column":21},"end":{"line":37,"column":22}},"loc":{"start":{"line":37,"column":41},"end":{"line":41,"column":1}},"line":37},"13":{"name":"(anonymous_13)","decl":{"start":{"line":38,"column":22},"end":{"line":38,"column":23}},"loc":{"start":{"line":38,"column":31},"end":{"line":40,"column":3}},"line":38},"14":{"name":"(anonymous_14)","decl":{"start":{"line":43,"column":21},"end":{"line":43,"column":22}},"loc":{"start":{"line":43,"column":41},"end":{"line":47,"column":1}},"line":43},"15":{"name":"(anonymous_15)","decl":{"start":{"line":44,"column":22},"end":{"line":44,"column":23}},"loc":{"start":{"line":44,"column":31},"end":{"line":46,"column":3}},"line":44}},"branchMap":{},"s":{"0":1,"1":20,"2":20,"3":1,"4":1,"5":1,"6":1,"7":1,"8":1,"9":1,"10":1,"11":1,"12":1,"13":4,"14":4,"15":1,"16":1,"17":1,"18":1,"19":1,"20":1,"21":1,"22":4,"23":4,"24":1},"f":{"0":20,"1":20,"2":1,"3":1,"4":1,"5":1,"6":1,"7":1,"8":4,"9":4,"10":1,"11":1,"12":1,"13":1,"14":4,"15":4},"b":{},"_coverageSchema":"1a1c01bbd47fc00a2c39e90264f33305004495a9","hash":"ae643b6ea494d8003f1167f0fad353bb83866a4a","contentHash":"776533d6d3a7e8917bb4c82aceba49902ca29906e5263acd5684447c9c7371f1"},"/Users/rlecart/Desktop/TRAVAIL/tetris/server/server.js":{"path":"/Users/rlecart/Desktop/TRAVAIL/tetris/server/server.js","statementMap":{"0":{"start":{"line":1,"column":13},"end":{"line":1,"column":43}},"1":{"start":{"line":3,"column":13},"end":{"line":3,"column":25}},"2":{"start":{"line":5,"column":0},"end":{"line":5,"column":20}},"3":{"start":{"line":9,"column":0},"end":{"line":9,"column":23}}},"fnMap":{},"branchMap":{},"s":{"0":1,"1":1,"2":1,"3":1},"f":{},"b":{},"_coverageSchema":"1a1c01bbd47fc00a2c39e90264f33305004495a9","hash":"1b849c14aea190571fd3401ae596806c61a97bf5","contentHash":"9764de14a9f31fcf2160bea8bf79c730acf39cd3c14a4cc3c9ec27d0498f2d8e"}}