{"/Users/pbernier/Desktop/tetris/server/classes/Master.js":{"path":"/Users/pbernier/Desktop/tetris/server/classes/Master.js","statementMap":{"0":{"start":{"line":1,"column":11},"end":{"line":1,"column":31}},"1":{"start":{"line":2,"column":17},"end":{"line":2,"column":40}},"2":{"start":{"line":3,"column":21},"end":{"line":3,"column":43}},"3":{"start":{"line":4,"column":16},"end":{"line":4,"column":40}},"4":{"start":{"line":6,"column":0},"end":{"line":168,"column":1}},"5":{"start":{"line":8,"column":4},"end":{"line":8,"column":24}},"6":{"start":{"line":9,"column":4},"end":{"line":9,"column":28}},"7":{"start":{"line":10,"column":4},"end":{"line":10,"column":21}},"8":{"start":{"line":14,"column":4},"end":{"line":14,"column":39}},"9":{"start":{"line":15,"column":4},"end":{"line":15,"column":30}},"10":{"start":{"line":16,"column":4},"end":{"line":16,"column":32}},"11":{"start":{"line":20,"column":4},"end":{"line":20,"column":51}},"12":{"start":{"line":21,"column":4},"end":{"line":21,"column":29}},"13":{"start":{"line":22,"column":4},"end":{"line":22,"column":28}},"14":{"start":{"line":27,"column":4},"end":{"line":27,"column":67}},"15":{"start":{"line":31,"column":4},"end":{"line":31,"column":25}},"16":{"start":{"line":35,"column":4},"end":{"line":35,"column":28}},"17":{"start":{"line":39,"column":4},"end":{"line":40,"column":35}},"18":{"start":{"line":40,"column":6},"end":{"line":40,"column":35}},"19":{"start":{"line":44,"column":4},"end":{"line":45,"column":40}},"20":{"start":{"line":45,"column":6},"end":{"line":45,"column":40}},"21":{"start":{"line":46,"column":4},"end":{"line":46,"column":32}},"22":{"start":{"line":50,"column":4},"end":{"line":50,"column":41}},"23":{"start":{"line":54,"column":4},"end":{"line":54,"column":42}},"24":{"start":{"line":58,"column":4},"end":{"line":58,"column":73}},"25":{"start":{"line":62,"column":4},"end":{"line":67,"column":5}},"26":{"start":{"line":63,"column":17},"end":{"line":63,"column":31}},"27":{"start":{"line":64,"column":6},"end":{"line":64,"column":52}},"28":{"start":{"line":65,"column":6},"end":{"line":65,"column":27}},"29":{"start":{"line":66,"column":6},"end":{"line":66,"column":52}},"30":{"start":{"line":71,"column":15},"end":{"line":71,"column":17}},"31":{"start":{"line":73,"column":4},"end":{"line":80,"column":5}},"32":{"start":{"line":74,"column":6},"end":{"line":74,"column":38}},"33":{"start":{"line":75,"column":6},"end":{"line":75,"column":41}},"34":{"start":{"line":76,"column":6},"end":{"line":76,"column":44}},"35":{"start":{"line":78,"column":6},"end":{"line":78,"column":67}},"36":{"start":{"line":79,"column":6},"end":{"line":79,"column":41}},"37":{"start":{"line":84,"column":14},"end":{"line":84,"column":34}},"38":{"start":{"line":85,"column":15},"end":{"line":85,"column":17}},"39":{"start":{"line":87,"column":4},"end":{"line":94,"column":5}},"40":{"start":{"line":88,"column":6},"end":{"line":93,"column":7}},"41":{"start":{"line":89,"column":8},"end":{"line":92,"column":40}},"42":{"start":{"line":90,"column":10},"end":{"line":90,"column":55}},"43":{"start":{"line":92,"column":10},"end":{"line":92,"column":40}},"44":{"start":{"line":95,"column":4},"end":{"line":95,"column":14}},"45":{"start":{"line":99,"column":15},"end":{"line":99,"column":17}},"46":{"start":{"line":101,"column":4},"end":{"line":106,"column":5}},"47":{"start":{"line":102,"column":6},"end":{"line":102,"column":33}},"48":{"start":{"line":103,"column":6},"end":{"line":105,"column":7}},"49":{"start":{"line":104,"column":8},"end":{"line":104,"column":28}},"50":{"start":{"line":110,"column":14},"end":{"line":110,"column":27}},"51":{"start":{"line":111,"column":22},"end":{"line":111,"column":56}},"52":{"start":{"line":113,"column":4},"end":{"line":115,"column":5}},"53":{"start":{"line":114,"column":6},"end":{"line":114,"column":28}},"54":{"start":{"line":116,"column":4},"end":{"line":116,"column":19}},"55":{"start":{"line":117,"column":4},"end":{"line":117,"column":36}},"56":{"start":{"line":118,"column":4},"end":{"line":118,"column":31}},"57":{"start":{"line":123,"column":15},"end":{"line":123,"column":17}},"58":{"start":{"line":125,"column":4},"end":{"line":127,"column":5}},"59":{"start":{"line":126,"column":6},"end":{"line":126,"column":30}},"60":{"start":{"line":131,"column":15},"end":{"line":131,"column":17}},"61":{"start":{"line":133,"column":4},"end":{"line":135,"column":5}},"62":{"start":{"line":134,"column":6},"end":{"line":134,"column":37}},"63":{"start":{"line":139,"column":12},"end":{"line":139,"column":13}},"64":{"start":{"line":141,"column":4},"end":{"line":142,"column":9}},"65":{"start":{"line":142,"column":6},"end":{"line":142,"column":9}},"66":{"start":{"line":143,"column":4},"end":{"line":144,"column":17}},"67":{"start":{"line":144,"column":6},"end":{"line":144,"column":17}},"68":{"start":{"line":145,"column":4},"end":{"line":145,"column":16}},"69":{"start":{"line":150,"column":15},"end":{"line":150,"column":17}},"70":{"start":{"line":152,"column":4},"end":{"line":157,"column":5}},"71":{"start":{"line":153,"column":6},"end":{"line":153,"column":36}},"72":{"start":{"line":154,"column":6},"end":{"line":156,"column":7}},"73":{"start":{"line":155,"column":8},"end":{"line":155,"column":59}},"74":{"start":{"line":161,"column":15},"end":{"line":161,"column":17}},"75":{"start":{"line":162,"column":17},"end":{"line":162,"column":19}},"76":{"start":{"line":165,"column":4},"end":{"line":166,"column":28}},"77":{"start":{"line":166,"column":6},"end":{"line":166,"column":28}}},"fnMap":{"0":{"name":"(anonymous_0)","decl":{"start":{"line":7,"column":2},"end":{"line":7,"column":3}},"loc":{"start":{"line":7,"column":16},"end":{"line":11,"column":3}},"line":7},"1":{"name":"(anonymous_1)","decl":{"start":{"line":13,"column":2},"end":{"line":13,"column":3}},"loc":{"start":{"line":13,"column":16},"end":{"line":17,"column":3}},"line":13},"2":{"name":"(anonymous_2)","decl":{"start":{"line":19,"column":2},"end":{"line":19,"column":3}},"loc":{"start":{"line":19,"column":15},"end":{"line":24,"column":3}},"line":19},"3":{"name":"(anonymous_3)","decl":{"start":{"line":26,"column":2},"end":{"line":26,"column":3}},"loc":{"start":{"line":26,"column":19},"end":{"line":28,"column":3}},"line":26},"4":{"name":"(anonymous_4)","decl":{"start":{"line":30,"column":2},"end":{"line":30,"column":3}},"loc":{"start":{"line":30,"column":14},"end":{"line":32,"column":3}},"line":30},"5":{"name":"(anonymous_5)","decl":{"start":{"line":34,"column":2},"end":{"line":34,"column":3}},"loc":{"start":{"line":34,"column":17},"end":{"line":36,"column":3}},"line":34},"6":{"name":"(anonymous_6)","decl":{"start":{"line":38,"column":2},"end":{"line":38,"column":3}},"loc":{"start":{"line":38,"column":15},"end":{"line":41,"column":3}},"line":38},"7":{"name":"(anonymous_7)","decl":{"start":{"line":43,"column":2},"end":{"line":43,"column":3}},"loc":{"start":{"line":43,"column":19},"end":{"line":47,"column":3}},"line":43},"8":{"name":"(anonymous_8)","decl":{"start":{"line":49,"column":2},"end":{"line":49,"column":3}},"loc":{"start":{"line":49,"column":25},"end":{"line":51,"column":3}},"line":49},"9":{"name":"(anonymous_9)","decl":{"start":{"line":53,"column":2},"end":{"line":53,"column":3}},"loc":{"start":{"line":53,"column":18},"end":{"line":55,"column":3}},"line":53},"10":{"name":"(anonymous_10)","decl":{"start":{"line":57,"column":2},"end":{"line":57,"column":3}},"loc":{"start":{"line":57,"column":20},"end":{"line":59,"column":3}},"line":57},"11":{"name":"(anonymous_11)","decl":{"start":{"line":61,"column":2},"end":{"line":61,"column":3}},"loc":{"start":{"line":61,"column":31},"end":{"line":68,"column":3}},"line":61},"12":{"name":"(anonymous_12)","decl":{"start":{"line":70,"column":2},"end":{"line":70,"column":3}},"loc":{"start":{"line":70,"column":34},"end":{"line":81,"column":3}},"line":70},"13":{"name":"(anonymous_13)","decl":{"start":{"line":83,"column":2},"end":{"line":83,"column":3}},"loc":{"start":{"line":83,"column":38},"end":{"line":96,"column":3}},"line":83},"14":{"name":"(anonymous_14)","decl":{"start":{"line":98,"column":2},"end":{"line":98,"column":3}},"loc":{"start":{"line":98,"column":35},"end":{"line":107,"column":3}},"line":98},"15":{"name":"(anonymous_15)","decl":{"start":{"line":109,"column":2},"end":{"line":109,"column":3}},"loc":{"start":{"line":109,"column":18},"end":{"line":120,"column":3}},"line":109},"16":{"name":"(anonymous_16)","decl":{"start":{"line":122,"column":2},"end":{"line":122,"column":3}},"loc":{"start":{"line":122,"column":40},"end":{"line":128,"column":3}},"line":122},"17":{"name":"(anonymous_17)","decl":{"start":{"line":130,"column":2},"end":{"line":130,"column":3}},"loc":{"start":{"line":130,"column":30},"end":{"line":136,"column":3}},"line":130},"18":{"name":"(anonymous_18)","decl":{"start":{"line":138,"column":2},"end":{"line":138,"column":3}},"loc":{"start":{"line":138,"column":36},"end":{"line":146,"column":3}},"line":138},"19":{"name":"(anonymous_19)","decl":{"start":{"line":148,"column":2},"end":{"line":148,"column":3}},"loc":{"start":{"line":148,"column":30},"end":{"line":158,"column":3}},"line":148},"20":{"name":"(anonymous_20)","decl":{"start":{"line":160,"column":2},"end":{"line":160,"column":3}},"loc":{"start":{"line":160,"column":32},"end":{"line":167,"column":3}},"line":160}},"branchMap":{"0":{"loc":{"start":{"line":39,"column":4},"end":{"line":40,"column":35}},"type":"if","locations":[{"start":{"line":39,"column":4},"end":{"line":40,"column":35}},{"start":{"line":39,"column":4},"end":{"line":40,"column":35}}],"line":39},"1":{"loc":{"start":{"line":39,"column":8},"end":{"line":39,"column":82}},"type":"binary-expr","locations":[{"start":{"line":39,"column":8},"end":{"line":39,"column":25}},{"start":{"line":39,"column":29},"end":{"line":39,"column":58}},{"start":{"line":39,"column":62},"end":{"line":39,"column":82}}],"line":39},"2":{"loc":{"start":{"line":44,"column":4},"end":{"line":45,"column":40}},"type":"if","locations":[{"start":{"line":44,"column":4},"end":{"line":45,"column":40}},{"start":{"line":44,"column":4},"end":{"line":45,"column":40}}],"line":44},"3":{"loc":{"start":{"line":62,"column":4},"end":{"line":67,"column":5}},"type":"if","locations":[{"start":{"line":62,"column":4},"end":{"line":67,"column":5}},{"start":{"line":62,"column":4},"end":{"line":67,"column":5}}],"line":62},"4":{"loc":{"start":{"line":62,"column":8},"end":{"line":62,"column":45}},"type":"binary-expr","locations":[{"start":{"line":62,"column":8},"end":{"line":62,"column":19}},{"start":{"line":62,"column":23},"end":{"line":62,"column":45}}],"line":62},"5":{"loc":{"start":{"line":73,"column":4},"end":{"line":80,"column":5}},"type":"if","locations":[{"start":{"line":73,"column":4},"end":{"line":80,"column":5}},{"start":{"line":73,"column":4},"end":{"line":80,"column":5}}],"line":73},"6":{"loc":{"start":{"line":73,"column":8},"end":{"line":73,"column":129}},"type":"binary-expr","locations":[{"start":{"line":73,"column":8},"end":{"line":73,"column":19}},{"start":{"line":73,"column":24},"end":{"line":73,"column":48}},{"start":{"line":73,"column":53},"end":{"line":73,"column":69}},{"start":{"line":73,"column":73},"end":{"line":73,"column":103}},{"start":{"line":73,"column":107},"end":{"line":73,"column":129}}],"line":73},"7":{"loc":{"start":{"line":84,"column":14},"end":{"line":84,"column":34}},"type":"cond-expr","locations":[{"start":{"line":84,"column":27},"end":{"line":84,"column":29}},{"start":{"line":84,"column":32},"end":{"line":84,"column":34}}],"line":84},"8":{"loc":{"start":{"line":87,"column":4},"end":{"line":94,"column":5}},"type":"if","locations":[{"start":{"line":87,"column":4},"end":{"line":94,"column":5}},{"start":{"line":87,"column":4},"end":{"line":94,"column":5}}],"line":87},"9":{"loc":{"start":{"line":87,"column":8},"end":{"line":87,"column":59}},"type":"binary-expr","locations":[{"start":{"line":87,"column":9},"end":{"line":87,"column":33}},{"start":{"line":87,"column":38},"end":{"line":87,"column":59}}],"line":87},"10":{"loc":{"start":{"line":89,"column":8},"end":{"line":92,"column":40}},"type":"if","locations":[{"start":{"line":89,"column":8},"end":{"line":92,"column":40}},{"start":{"line":89,"column":8},"end":{"line":92,"column":40}}],"line":89},"11":{"loc":{"start":{"line":101,"column":4},"end":{"line":106,"column":5}},"type":"if","locations":[{"start":{"line":101,"column":4},"end":{"line":106,"column":5}},{"start":{"line":101,"column":4},"end":{"line":106,"column":5}}],"line":101},"12":{"loc":{"start":{"line":101,"column":8},"end":{"line":101,"column":67}},"type":"binary-expr","locations":[{"start":{"line":101,"column":9},"end":{"line":101,"column":33}},{"start":{"line":101,"column":38},"end":{"line":101,"column":67}}],"line":101},"13":{"loc":{"start":{"line":103,"column":6},"end":{"line":105,"column":7}},"type":"if","locations":[{"start":{"line":103,"column":6},"end":{"line":105,"column":7}},{"start":{"line":103,"column":6},"end":{"line":105,"column":7}}],"line":103},"14":{"loc":{"start":{"line":125,"column":4},"end":{"line":127,"column":5}},"type":"if","locations":[{"start":{"line":125,"column":4},"end":{"line":127,"column":5}},{"start":{"line":125,"column":4},"end":{"line":127,"column":5}}],"line":125},"15":{"loc":{"start":{"line":125,"column":8},"end":{"line":125,"column":60}},"type":"binary-expr","locations":[{"start":{"line":125,"column":9},"end":{"line":125,"column":33}},{"start":{"line":125,"column":38},"end":{"line":125,"column":60}}],"line":125},"16":{"loc":{"start":{"line":133,"column":4},"end":{"line":135,"column":5}},"type":"if","locations":[{"start":{"line":133,"column":4},"end":{"line":135,"column":5}},{"start":{"line":133,"column":4},"end":{"line":135,"column":5}}],"line":133},"17":{"loc":{"start":{"line":133,"column":8},"end":{"line":133,"column":60}},"type":"binary-expr","locations":[{"start":{"line":133,"column":9},"end":{"line":133,"column":33}},{"start":{"line":133,"column":38},"end":{"line":133,"column":60}}],"line":133},"18":{"loc":{"start":{"line":143,"column":4},"end":{"line":144,"column":17}},"type":"if","locations":[{"start":{"line":143,"column":4},"end":{"line":144,"column":17}},{"start":{"line":143,"column":4},"end":{"line":144,"column":17}}],"line":143},"19":{"loc":{"start":{"line":152,"column":4},"end":{"line":157,"column":5}},"type":"if","locations":[{"start":{"line":152,"column":4},"end":{"line":157,"column":5}},{"start":{"line":152,"column":4},"end":{"line":157,"column":5}}],"line":152},"20":{"loc":{"start":{"line":152,"column":8},"end":{"line":152,"column":86}},"type":"binary-expr","locations":[{"start":{"line":152,"column":8},"end":{"line":152,"column":11}},{"start":{"line":152,"column":15},"end":{"line":152,"column":23}},{"start":{"line":152,"column":28},"end":{"line":152,"column":52}},{"start":{"line":152,"column":57},"end":{"line":152,"column":86}}],"line":152},"21":{"loc":{"start":{"line":154,"column":6},"end":{"line":156,"column":7}},"type":"if","locations":[{"start":{"line":154,"column":6},"end":{"line":156,"column":7}},{"start":{"line":154,"column":6},"end":{"line":156,"column":7}}],"line":154},"22":{"loc":{"start":{"line":165,"column":4},"end":{"line":166,"column":28}},"type":"if","locations":[{"start":{"line":165,"column":4},"end":{"line":166,"column":28}},{"start":{"line":165,"column":4},"end":{"line":166,"column":28}}],"line":165},"23":{"loc":{"start":{"line":165,"column":8},"end":{"line":165,"column":78}},"type":"binary-expr","locations":[{"start":{"line":165,"column":9},"end":{"line":165,"column":33}},{"start":{"line":165,"column":39},"end":{"line":165,"column":77}}],"line":165}},"s":{"0":1,"1":1,"2":1,"3":1,"4":1,"5":1,"6":1,"7":1,"8":1,"9":1,"10":1,"11":1,"12":1,"13":1,"14":5,"15":2,"16":16,"17":61,"18":61,"19":16,"20":16,"21":0,"22":0,"23":0,"24":2,"25":9,"26":5,"27":5,"28":5,"29":5,"30":15,"31":15,"32":14,"33":14,"34":14,"35":14,"36":14,"37":3,"38":3,"39":3,"40":3,"41":2,"42":2,"43":0,"44":3,"45":9,"46":9,"47":8,"48":8,"49":1,"50":1,"51":1,"52":1,"53":0,"54":1,"55":1,"56":1,"57":0,"58":0,"59":0,"60":0,"61":0,"62":0,"63":1,"64":1,"65":1,"66":1,"67":1,"68":0,"69":1,"70":1,"71":1,"72":1,"73":1,"74":0,"75":0,"76":0,"77":0},"f":{"0":1,"1":1,"2":1,"3":5,"4":2,"5":16,"6":61,"7":16,"8":0,"9":0,"10":2,"11":9,"12":15,"13":3,"14":9,"15":1,"16":0,"17":0,"18":1,"19":1,"20":0},"b":{"0":[61,0],"1":[61,61,61],"2":[16,0],"3":[5,4],"4":[9,6],"5":[14,1],"6":[15,14,14,14,14],"7":[3,0],"8":[3,0],"9":[3,3],"10":[2,0],"11":[8,1],"12":[9,9],"13":[1,7],"14":[0,0],"15":[0,0],"16":[0,0],"17":[0,0],"18":[1,0],"19":[1,0],"20":[1,1,1,1],"21":[1,0],"22":[0,0],"23":[0,0]},"_coverageSchema":"1a1c01bbd47fc00a2c39e90264f33305004495a9","hash":"47fa893d600a0aab2c77f19eb8a70d4c778ff25c","contentHash":"dbf97c47f06b26ddab8b80751eba4b9a00aef197935d565051d7544cd6a1181c"},"/Users/pbernier/Desktop/tetris/server/classes/Room.js":{"path":"/Users/pbernier/Desktop/tetris/server/classes/Room.js","statementMap":{"0":{"start":{"line":1,"column":21},"end":{"line":1,"column":61}},"1":{"start":{"line":2,"column":13},"end":{"line":2,"column":35}},"2":{"start":{"line":3,"column":8},"end":{"line":3,"column":25}},"3":{"start":{"line":4,"column":28},"end":{"line":4,"column":52}},"4":{"start":{"line":6,"column":0},"end":{"line":288,"column":1}},"5":{"start":{"line":8,"column":4},"end":{"line":8,"column":18}},"6":{"start":{"line":9,"column":4},"end":{"line":9,"column":24}},"7":{"start":{"line":10,"column":4},"end":{"line":10,"column":22}},"8":{"start":{"line":11,"column":4},"end":{"line":11,"column":26}},"9":{"start":{"line":12,"column":4},"end":{"line":12,"column":43}},"10":{"start":{"line":15,"column":4},"end":{"line":15,"column":30}},"11":{"start":{"line":16,"column":4},"end":{"line":16,"column":21}},"12":{"start":{"line":17,"column":4},"end":{"line":17,"column":23}},"13":{"start":{"line":19,"column":4},"end":{"line":19,"column":27}},"14":{"start":{"line":21,"column":4},"end":{"line":21,"column":22}},"15":{"start":{"line":22,"column":4},"end":{"line":22,"column":27}},"16":{"start":{"line":23,"column":4},"end":{"line":23,"column":27}},"17":{"start":{"line":27,"column":4},"end":{"line":28,"column":57}},"18":{"start":{"line":28,"column":6},"end":{"line":28,"column":57}},"19":{"start":{"line":32,"column":4},"end":{"line":32,"column":57}},"20":{"start":{"line":36,"column":4},"end":{"line":37,"column":32}},"21":{"start":{"line":37,"column":6},"end":{"line":37,"column":32}},"22":{"start":{"line":38,"column":4},"end":{"line":38,"column":26}},"23":{"start":{"line":42,"column":4},"end":{"line":42,"column":19}},"24":{"start":{"line":46,"column":4},"end":{"line":46,"column":22}},"25":{"start":{"line":50,"column":4},"end":{"line":51,"column":40}},"26":{"start":{"line":51,"column":6},"end":{"line":51,"column":40}},"27":{"start":{"line":52,"column":4},"end":{"line":52,"column":30}},"28":{"start":{"line":56,"column":4},"end":{"line":56,"column":25}},"29":{"start":{"line":60,"column":4},"end":{"line":60,"column":27}},"30":{"start":{"line":64,"column":4},"end":{"line":64,"column":24}},"31":{"start":{"line":68,"column":4},"end":{"line":68,"column":33}},"32":{"start":{"line":69,"column":4},"end":{"line":69,"column":30}},"33":{"start":{"line":70,"column":4},"end":{"line":70,"column":25}},"34":{"start":{"line":71,"column":4},"end":{"line":74,"column":12}},"35":{"start":{"line":72,"column":6},"end":{"line":72,"column":23}},"36":{"start":{"line":73,"column":6},"end":{"line":73,"column":25}},"37":{"start":{"line":78,"column":4},"end":{"line":78,"column":25}},"38":{"start":{"line":82,"column":16},"end":{"line":82,"column":21}},"39":{"start":{"line":84,"column":4},"end":{"line":87,"column":5}},"40":{"start":{"line":85,"column":6},"end":{"line":85,"column":28}},"41":{"start":{"line":86,"column":6},"end":{"line":86,"column":18}},"42":{"start":{"line":88,"column":4},"end":{"line":88,"column":40}},"43":{"start":{"line":89,"column":4},"end":{"line":89,"column":37}},"44":{"start":{"line":90,"column":4},"end":{"line":90,"column":96}},"45":{"start":{"line":91,"column":4},"end":{"line":91,"column":20}},"46":{"start":{"line":95,"column":4},"end":{"line":95,"column":20}},"47":{"start":{"line":96,"column":4},"end":{"line":102,"column":5}},"48":{"start":{"line":98,"column":6},"end":{"line":101,"column":7}},"49":{"start":{"line":99,"column":8},"end":{"line":99,"column":43}},"50":{"start":{"line":100,"column":8},"end":{"line":100,"column":59}},"51":{"start":{"line":103,"column":4},"end":{"line":103,"column":70}},"52":{"start":{"line":105,"column":4},"end":{"line":105,"column":38}},"53":{"start":{"line":106,"column":4},"end":{"line":106,"column":65}},"54":{"start":{"line":110,"column":4},"end":{"line":110,"column":68}},"55":{"start":{"line":114,"column":4},"end":{"line":114,"column":34}},"56":{"start":{"line":118,"column":4},"end":{"line":119,"column":30}},"57":{"start":{"line":119,"column":6},"end":{"line":119,"column":30}},"58":{"start":{"line":120,"column":4},"end":{"line":120,"column":25}},"59":{"start":{"line":124,"column":4},"end":{"line":125,"column":32}},"60":{"start":{"line":125,"column":6},"end":{"line":125,"column":32}},"61":{"start":{"line":126,"column":4},"end":{"line":126,"column":27}},"62":{"start":{"line":131,"column":4},"end":{"line":131,"column":28}},"63":{"start":{"line":137,"column":4},"end":{"line":137,"column":27}},"64":{"start":{"line":141,"column":4},"end":{"line":141,"column":31}},"65":{"start":{"line":145,"column":4},"end":{"line":145,"column":24}},"66":{"start":{"line":149,"column":4},"end":{"line":149,"column":27}},"67":{"start":{"line":153,"column":4},"end":{"line":153,"column":24}},"68":{"start":{"line":157,"column":4},"end":{"line":157,"column":31}},"69":{"start":{"line":161,"column":19},"end":{"line":161,"column":21}},"70":{"start":{"line":163,"column":4},"end":{"line":163,"column":28}},"71":{"start":{"line":164,"column":4},"end":{"line":164,"column":34}},"72":{"start":{"line":165,"column":4},"end":{"line":165,"column":38}},"73":{"start":{"line":166,"column":4},"end":{"line":166,"column":32}},"74":{"start":{"line":167,"column":4},"end":{"line":167,"column":44}},"75":{"start":{"line":170,"column":4},"end":{"line":170,"column":21}},"76":{"start":{"line":174,"column":4},"end":{"line":175,"column":19}},"77":{"start":{"line":175,"column":6},"end":{"line":175,"column":19}},"78":{"start":{"line":176,"column":4},"end":{"line":176,"column":18}},"79":{"start":{"line":182,"column":4},"end":{"line":182,"column":20}},"80":{"start":{"line":183,"column":4},"end":{"line":183,"column":20}},"81":{"start":{"line":184,"column":4},"end":{"line":184,"column":24}},"82":{"start":{"line":185,"column":4},"end":{"line":185,"column":84}},"83":{"start":{"line":186,"column":4},"end":{"line":186,"column":34}},"84":{"start":{"line":191,"column":14},"end":{"line":191,"column":16}},"85":{"start":{"line":192,"column":22},"end":{"line":192,"column":24}},"86":{"start":{"line":194,"column":4},"end":{"line":197,"column":41}},"87":{"start":{"line":195,"column":6},"end":{"line":195,"column":46}},"88":{"start":{"line":197,"column":6},"end":{"line":197,"column":41}},"89":{"start":{"line":198,"column":4},"end":{"line":201,"column":5}},"90":{"start":{"line":199,"column":6},"end":{"line":200,"column":48}},"91":{"start":{"line":200,"column":8},"end":{"line":200,"column":48}},"92":{"start":{"line":202,"column":4},"end":{"line":202,"column":16}},"93":{"start":{"line":206,"column":4},"end":{"line":207,"column":31}},"94":{"start":{"line":207,"column":6},"end":{"line":207,"column":31}},"95":{"start":{"line":211,"column":4},"end":{"line":211,"column":20}},"96":{"start":{"line":212,"column":21},"end":{"line":212,"column":66}},"97":{"start":{"line":215,"column":4},"end":{"line":224,"column":5}},"98":{"start":{"line":216,"column":6},"end":{"line":223,"column":7}},"99":{"start":{"line":217,"column":8},"end":{"line":222,"column":9}},"100":{"start":{"line":218,"column":10},"end":{"line":221,"column":23}},"101":{"start":{"line":219,"column":12},"end":{"line":219,"column":32}},"102":{"start":{"line":220,"column":15},"end":{"line":221,"column":23}},"103":{"start":{"line":221,"column":12},"end":{"line":221,"column":23}},"104":{"start":{"line":225,"column":4},"end":{"line":225,"column":16}},"105":{"start":{"line":229,"column":17},"end":{"line":229,"column":21}},"106":{"start":{"line":230,"column":14},"end":{"line":230,"column":16}},"107":{"start":{"line":232,"column":4},"end":{"line":239,"column":5}},"108":{"start":{"line":233,"column":6},"end":{"line":238,"column":7}},"109":{"start":{"line":234,"column":8},"end":{"line":237,"column":10}},"110":{"start":{"line":240,"column":4},"end":{"line":241,"column":35}},"111":{"start":{"line":241,"column":6},"end":{"line":241,"column":35}},"112":{"start":{"line":242,"column":4},"end":{"line":242,"column":14}},"113":{"start":{"line":247,"column":4},"end":{"line":249,"column":5}},"114":{"start":{"line":248,"column":6},"end":{"line":248,"column":60}},"115":{"start":{"line":253,"column":19},"end":{"line":253,"column":37}},"116":{"start":{"line":255,"column":4},"end":{"line":259,"column":5}},"117":{"start":{"line":256,"column":6},"end":{"line":258,"column":7}},"118":{"start":{"line":257,"column":8},"end":{"line":257,"column":57}},"119":{"start":{"line":260,"column":4},"end":{"line":266,"column":5}},"120":{"start":{"line":261,"column":6},"end":{"line":261,"column":32}},"121":{"start":{"line":262,"column":6},"end":{"line":265,"column":7}},"122":{"start":{"line":263,"column":8},"end":{"line":264,"column":83}},"123":{"start":{"line":264,"column":10},"end":{"line":264,"column":83}},"124":{"start":{"line":267,"column":4},"end":{"line":267,"column":35}},"125":{"start":{"line":271,"column":21},"end":{"line":271,"column":34}},"126":{"start":{"line":273,"column":4},"end":{"line":277,"column":5}},"127":{"start":{"line":274,"column":6},"end":{"line":276,"column":7}},"128":{"start":{"line":275,"column":8},"end":{"line":275,"column":38}},"129":{"start":{"line":281,"column":21},"end":{"line":281,"column":34}},"130":{"start":{"line":283,"column":4},"end":{"line":286,"column":5}},"131":{"start":{"line":284,"column":6},"end":{"line":285,"column":38}},"132":{"start":{"line":285,"column":8},"end":{"line":285,"column":38}}},"fnMap":{"0":{"name":"(anonymous_0)","decl":{"start":{"line":7,"column":2},"end":{"line":7,"column":3}},"loc":{"start":{"line":7,"column":16},"end":{"line":24,"column":3}},"line":7},"1":{"name":"(anonymous_1)","decl":{"start":{"line":26,"column":2},"end":{"line":26,"column":3}},"loc":{"start":{"line":26,"column":14},"end":{"line":29,"column":3}},"line":26},"2":{"name":"(anonymous_2)","decl":{"start":{"line":31,"column":2},"end":{"line":31,"column":3}},"loc":{"start":{"line":31,"column":16},"end":{"line":33,"column":3}},"line":31},"3":{"name":"(anonymous_3)","decl":{"start":{"line":35,"column":2},"end":{"line":35,"column":3}},"loc":{"start":{"line":35,"column":13},"end":{"line":39,"column":3}},"line":35},"4":{"name":"(anonymous_4)","decl":{"start":{"line":41,"column":2},"end":{"line":41,"column":3}},"loc":{"start":{"line":41,"column":14},"end":{"line":43,"column":3}},"line":41},"5":{"name":"(anonymous_5)","decl":{"start":{"line":45,"column":2},"end":{"line":45,"column":3}},"loc":{"start":{"line":45,"column":11},"end":{"line":47,"column":3}},"line":45},"6":{"name":"(anonymous_6)","decl":{"start":{"line":49,"column":2},"end":{"line":49,"column":3}},"loc":{"start":{"line":49,"column":25},"end":{"line":53,"column":3}},"line":49},"7":{"name":"(anonymous_7)","decl":{"start":{"line":55,"column":2},"end":{"line":55,"column":3}},"loc":{"start":{"line":55,"column":13},"end":{"line":57,"column":3}},"line":55},"8":{"name":"(anonymous_8)","decl":{"start":{"line":59,"column":2},"end":{"line":59,"column":3}},"loc":{"start":{"line":59,"column":16},"end":{"line":61,"column":3}},"line":59},"9":{"name":"(anonymous_9)","decl":{"start":{"line":63,"column":2},"end":{"line":63,"column":3}},"loc":{"start":{"line":63,"column":19},"end":{"line":65,"column":3}},"line":63},"10":{"name":"(anonymous_10)","decl":{"start":{"line":67,"column":2},"end":{"line":67,"column":3}},"loc":{"start":{"line":67,"column":12},"end":{"line":75,"column":3}},"line":67},"11":{"name":"(anonymous_11)","decl":{"start":{"line":71,"column":15},"end":{"line":71,"column":16}},"loc":{"start":{"line":71,"column":21},"end":{"line":74,"column":5}},"line":71},"12":{"name":"(anonymous_12)","decl":{"start":{"line":77,"column":2},"end":{"line":77,"column":3}},"loc":{"start":{"line":77,"column":13},"end":{"line":79,"column":3}},"line":77},"13":{"name":"(anonymous_13)","decl":{"start":{"line":81,"column":2},"end":{"line":81,"column":3}},"loc":{"start":{"line":81,"column":33},"end":{"line":92,"column":3}},"line":81},"14":{"name":"(anonymous_14)","decl":{"start":{"line":94,"column":2},"end":{"line":94,"column":3}},"loc":{"start":{"line":94,"column":25},"end":{"line":107,"column":3}},"line":94},"15":{"name":"(anonymous_15)","decl":{"start":{"line":109,"column":2},"end":{"line":109,"column":3}},"loc":{"start":{"line":109,"column":28},"end":{"line":111,"column":3}},"line":109},"16":{"name":"(anonymous_16)","decl":{"start":{"line":113,"column":2},"end":{"line":113,"column":3}},"loc":{"start":{"line":113,"column":22},"end":{"line":115,"column":3}},"line":113},"17":{"name":"(anonymous_17)","decl":{"start":{"line":117,"column":2},"end":{"line":117,"column":3}},"loc":{"start":{"line":117,"column":15},"end":{"line":121,"column":3}},"line":117},"18":{"name":"(anonymous_18)","decl":{"start":{"line":123,"column":2},"end":{"line":123,"column":3}},"loc":{"start":{"line":123,"column":17},"end":{"line":127,"column":3}},"line":123},"19":{"name":"(anonymous_19)","decl":{"start":{"line":129,"column":2},"end":{"line":129,"column":3}},"loc":{"start":{"line":129,"column":21},"end":{"line":134,"column":3}},"line":129},"20":{"name":"(anonymous_20)","decl":{"start":{"line":136,"column":2},"end":{"line":136,"column":3}},"loc":{"start":{"line":136,"column":18},"end":{"line":138,"column":3}},"line":136},"21":{"name":"(anonymous_21)","decl":{"start":{"line":140,"column":2},"end":{"line":140,"column":3}},"loc":{"start":{"line":140,"column":20},"end":{"line":142,"column":3}},"line":140},"22":{"name":"(anonymous_22)","decl":{"start":{"line":144,"column":2},"end":{"line":144,"column":3}},"loc":{"start":{"line":144,"column":13},"end":{"line":146,"column":3}},"line":144},"23":{"name":"(anonymous_23)","decl":{"start":{"line":148,"column":2},"end":{"line":148,"column":3}},"loc":{"start":{"line":148,"column":16},"end":{"line":150,"column":3}},"line":148},"24":{"name":"(anonymous_24)","decl":{"start":{"line":152,"column":2},"end":{"line":152,"column":3}},"loc":{"start":{"line":152,"column":13},"end":{"line":154,"column":3}},"line":152},"25":{"name":"(anonymous_25)","decl":{"start":{"line":156,"column":2},"end":{"line":156,"column":3}},"loc":{"start":{"line":156,"column":20},"end":{"line":158,"column":3}},"line":156},"26":{"name":"(anonymous_26)","decl":{"start":{"line":160,"column":2},"end":{"line":160,"column":3}},"loc":{"start":{"line":160,"column":16},"end":{"line":171,"column":3}},"line":160},"27":{"name":"(anonymous_27)","decl":{"start":{"line":173,"column":2},"end":{"line":173,"column":3}},"loc":{"start":{"line":173,"column":14},"end":{"line":177,"column":3}},"line":173},"28":{"name":"(anonymous_28)","decl":{"start":{"line":179,"column":2},"end":{"line":179,"column":3}},"loc":{"start":{"line":179,"column":18},"end":{"line":188,"column":3}},"line":179},"29":{"name":"(anonymous_29)","decl":{"start":{"line":190,"column":2},"end":{"line":190,"column":3}},"loc":{"start":{"line":190,"column":31},"end":{"line":203,"column":3}},"line":190},"30":{"name":"(anonymous_30)","decl":{"start":{"line":205,"column":2},"end":{"line":205,"column":3}},"loc":{"start":{"line":205,"column":21},"end":{"line":208,"column":3}},"line":205},"31":{"name":"(anonymous_31)","decl":{"start":{"line":210,"column":2},"end":{"line":210,"column":3}},"loc":{"start":{"line":210,"column":18},"end":{"line":226,"column":3}},"line":210},"32":{"name":"(anonymous_32)","decl":{"start":{"line":228,"column":2},"end":{"line":228,"column":3}},"loc":{"start":{"line":228,"column":28},"end":{"line":243,"column":3}},"line":228},"33":{"name":"(anonymous_33)","decl":{"start":{"line":245,"column":2},"end":{"line":245,"column":3}},"loc":{"start":{"line":245,"column":14},"end":{"line":250,"column":3}},"line":245},"34":{"name":"(anonymous_34)","decl":{"start":{"line":252,"column":2},"end":{"line":252,"column":3}},"loc":{"start":{"line":252,"column":31},"end":{"line":268,"column":3}},"line":252},"35":{"name":"(anonymous_35)","decl":{"start":{"line":270,"column":2},"end":{"line":270,"column":3}},"loc":{"start":{"line":270,"column":38},"end":{"line":278,"column":3}},"line":270},"36":{"name":"(anonymous_36)","decl":{"start":{"line":280,"column":2},"end":{"line":280,"column":3}},"loc":{"start":{"line":280,"column":37},"end":{"line":287,"column":3}},"line":280}},"branchMap":{"0":{"loc":{"start":{"line":27,"column":4},"end":{"line":28,"column":57}},"type":"if","locations":[{"start":{"line":27,"column":4},"end":{"line":28,"column":57}},{"start":{"line":27,"column":4},"end":{"line":28,"column":57}}],"line":27},"1":{"loc":{"start":{"line":27,"column":8},"end":{"line":27,"column":21}},"type":"binary-expr","locations":[{"start":{"line":27,"column":8},"end":{"line":27,"column":11}},{"start":{"line":27,"column":15},"end":{"line":27,"column":21}}],"line":27},"2":{"loc":{"start":{"line":36,"column":4},"end":{"line":37,"column":32}},"type":"if","locations":[{"start":{"line":36,"column":4},"end":{"line":37,"column":32}},{"start":{"line":36,"column":4},"end":{"line":37,"column":32}}],"line":36},"3":{"loc":{"start":{"line":50,"column":4},"end":{"line":51,"column":40}},"type":"if","locations":[{"start":{"line":50,"column":4},"end":{"line":51,"column":40}},{"start":{"line":50,"column":4},"end":{"line":51,"column":40}}],"line":50},"4":{"loc":{"start":{"line":84,"column":4},"end":{"line":87,"column":5}},"type":"if","locations":[{"start":{"line":84,"column":4},"end":{"line":87,"column":5}},{"start":{"line":84,"column":4},"end":{"line":87,"column":5}}],"line":84},"5":{"loc":{"start":{"line":96,"column":4},"end":{"line":102,"column":5}},"type":"if","locations":[{"start":{"line":96,"column":4},"end":{"line":102,"column":5}},{"start":{"line":96,"column":4},"end":{"line":102,"column":5}}],"line":96},"6":{"loc":{"start":{"line":98,"column":6},"end":{"line":101,"column":7}},"type":"if","locations":[{"start":{"line":98,"column":6},"end":{"line":101,"column":7}},{"start":{"line":98,"column":6},"end":{"line":101,"column":7}}],"line":98},"7":{"loc":{"start":{"line":118,"column":4},"end":{"line":119,"column":30}},"type":"if","locations":[{"start":{"line":118,"column":4},"end":{"line":119,"column":30}},{"start":{"line":118,"column":4},"end":{"line":119,"column":30}}],"line":118},"8":{"loc":{"start":{"line":124,"column":4},"end":{"line":125,"column":32}},"type":"if","locations":[{"start":{"line":124,"column":4},"end":{"line":125,"column":32}},{"start":{"line":124,"column":4},"end":{"line":125,"column":32}}],"line":124},"9":{"loc":{"start":{"line":174,"column":4},"end":{"line":175,"column":19}},"type":"if","locations":[{"start":{"line":174,"column":4},"end":{"line":175,"column":19}},{"start":{"line":174,"column":4},"end":{"line":175,"column":19}}],"line":174},"10":{"loc":{"start":{"line":194,"column":4},"end":{"line":197,"column":41}},"type":"if","locations":[{"start":{"line":194,"column":4},"end":{"line":197,"column":41}},{"start":{"line":194,"column":4},"end":{"line":197,"column":41}}],"line":194},"11":{"loc":{"start":{"line":199,"column":6},"end":{"line":200,"column":48}},"type":"if","locations":[{"start":{"line":199,"column":6},"end":{"line":200,"column":48}},{"start":{"line":199,"column":6},"end":{"line":200,"column":48}}],"line":199},"12":{"loc":{"start":{"line":199,"column":10},"end":{"line":199,"column":48}},"type":"binary-expr","locations":[{"start":{"line":199,"column":10},"end":{"line":199,"column":27}},{"start":{"line":199,"column":31},"end":{"line":199,"column":48}}],"line":199},"13":{"loc":{"start":{"line":218,"column":10},"end":{"line":221,"column":23}},"type":"if","locations":[{"start":{"line":218,"column":10},"end":{"line":221,"column":23}},{"start":{"line":218,"column":10},"end":{"line":221,"column":23}}],"line":218},"14":{"loc":{"start":{"line":218,"column":14},"end":{"line":218,"column":71}},"type":"binary-expr","locations":[{"start":{"line":218,"column":14},"end":{"line":218,"column":37}},{"start":{"line":218,"column":41},"end":{"line":218,"column":54}},{"start":{"line":218,"column":58},"end":{"line":218,"column":71}}],"line":218},"15":{"loc":{"start":{"line":220,"column":15},"end":{"line":221,"column":23}},"type":"if","locations":[{"start":{"line":220,"column":15},"end":{"line":221,"column":23}},{"start":{"line":220,"column":15},"end":{"line":221,"column":23}}],"line":220},"16":{"loc":{"start":{"line":233,"column":6},"end":{"line":238,"column":7}},"type":"if","locations":[{"start":{"line":233,"column":6},"end":{"line":238,"column":7}},{"start":{"line":233,"column":6},"end":{"line":238,"column":7}}],"line":233},"17":{"loc":{"start":{"line":233,"column":10},"end":{"line":233,"column":85}},"type":"binary-expr","locations":[{"start":{"line":233,"column":10},"end":{"line":233,"column":27}},{"start":{"line":233,"column":31},"end":{"line":233,"column":36}},{"start":{"line":233,"column":40},"end":{"line":233,"column":55}},{"start":{"line":233,"column":59},"end":{"line":233,"column":85}}],"line":233},"18":{"loc":{"start":{"line":240,"column":4},"end":{"line":241,"column":35}},"type":"if","locations":[{"start":{"line":240,"column":4},"end":{"line":241,"column":35}},{"start":{"line":240,"column":4},"end":{"line":241,"column":35}}],"line":240},"19":{"loc":{"start":{"line":240,"column":8},"end":{"line":240,"column":47}},"type":"binary-expr","locations":[{"start":{"line":240,"column":8},"end":{"line":240,"column":30}},{"start":{"line":240,"column":34},"end":{"line":240,"column":40}},{"start":{"line":240,"column":44},"end":{"line":240,"column":47}}],"line":240},"20":{"loc":{"start":{"line":256,"column":6},"end":{"line":258,"column":7}},"type":"if","locations":[{"start":{"line":256,"column":6},"end":{"line":258,"column":7}},{"start":{"line":256,"column":6},"end":{"line":258,"column":7}}],"line":256},"21":{"loc":{"start":{"line":260,"column":4},"end":{"line":266,"column":5}},"type":"if","locations":[{"start":{"line":260,"column":4},"end":{"line":266,"column":5}},{"start":{"line":260,"column":4},"end":{"line":266,"column":5}}],"line":260},"22":{"loc":{"start":{"line":263,"column":8},"end":{"line":264,"column":83}},"type":"if","locations":[{"start":{"line":263,"column":8},"end":{"line":264,"column":83}},{"start":{"line":263,"column":8},"end":{"line":264,"column":83}}],"line":263},"23":{"loc":{"start":{"line":274,"column":6},"end":{"line":276,"column":7}},"type":"if","locations":[{"start":{"line":274,"column":6},"end":{"line":276,"column":7}},{"start":{"line":274,"column":6},"end":{"line":276,"column":7}}],"line":274},"24":{"loc":{"start":{"line":284,"column":6},"end":{"line":285,"column":38}},"type":"if","locations":[{"start":{"line":284,"column":6},"end":{"line":285,"column":38}},{"start":{"line":284,"column":6},"end":{"line":285,"column":38}}],"line":284}},"s":{"0":1,"1":1,"2":1,"3":1,"4":1,"5":5,"6":5,"7":5,"8":5,"9":5,"10":5,"11":5,"12":5,"13":5,"14":5,"15":5,"16":5,"17":14,"18":1,"19":0,"20":36,"21":0,"22":36,"23":5,"24":36,"25":38,"26":27,"27":11,"28":23,"29":33,"30":1,"31":0,"32":0,"33":0,"34":0,"35":0,"36":0,"37":1,"38":14,"39":14,"40":5,"41":5,"42":14,"43":14,"44":14,"45":14,"46":8,"47":8,"48":2,"49":1,"50":1,"51":8,"52":8,"53":8,"54":1,"55":0,"56":10,"57":2,"58":8,"59":9,"60":2,"61":7,"62":2,"63":2,"64":13,"65":6,"66":7,"67":7,"68":6,"69":22,"70":22,"71":22,"72":22,"73":22,"74":22,"75":22,"76":0,"77":0,"78":0,"79":1,"80":1,"81":1,"82":1,"83":1,"84":3,"85":3,"86":3,"87":1,"88":2,"89":2,"90":2,"91":2,"92":2,"93":1,"94":1,"95":0,"96":0,"97":0,"98":0,"99":0,"100":0,"101":0,"102":0,"103":0,"104":0,"105":1,"106":1,"107":1,"108":1,"109":0,"110":1,"111":0,"112":1,"113":1,"114":1,"115":1,"116":1,"117":1,"118":1,"119":1,"120":1,"121":1,"122":1,"123":1,"124":1,"125":22,"126":22,"127":1,"128":0,"129":14,"130":14,"131":1,"132":1},"f":{"0":5,"1":14,"2":0,"3":36,"4":5,"5":36,"6":38,"7":23,"8":33,"9":1,"10":0,"11":0,"12":1,"13":14,"14":8,"15":1,"16":0,"17":10,"18":9,"19":2,"20":2,"21":13,"22":6,"23":7,"24":7,"25":6,"26":22,"27":0,"28":1,"29":3,"30":1,"31":0,"32":1,"33":1,"34":1,"35":22,"36":14},"b":{"0":[1,13],"1":[14,1],"2":[0,36],"3":[27,11],"4":[5,9],"5":[2,6],"6":[1,1],"7":[2,8],"8":[2,7],"9":[0,0],"10":[1,2],"11":[2,0],"12":[2,2],"13":[0,0],"14":[0,0,0],"15":[0,0],"16":[0,1],"17":[1,0,0,0],"18":[0,1],"19":[1,0,0],"20":[1,0],"21":[1,0],"22":[1,0],"23":[0,1],"24":[1,0]},"_coverageSchema":"1a1c01bbd47fc00a2c39e90264f33305004495a9","hash":"be09bf5c84559ffdddcdc6d6db4e607d5a265d3f","contentHash":"af40c0ca864eeaf9ffd2e0f661be49d6e0c5b970ddfe46da7f4b3ab1ade8898b"},"/Users/pbernier/Desktop/tetris/server/classes/Player.js":{"path":"/Users/pbernier/Desktop/tetris/server/classes/Player.js","statementMap":{"0":{"start":{"line":1,"column":18},"end":{"line":1,"column":42}},"1":{"start":{"line":2,"column":11},"end":{"line":2,"column":31}},"2":{"start":{"line":4,"column":0},"end":{"line":62,"column":1}},"3":{"start":{"line":7,"column":4},"end":{"line":7,"column":29}},"4":{"start":{"line":8,"column":4},"end":{"line":8,"column":25}},"5":{"start":{"line":9,"column":4},"end":{"line":9,"column":26}},"6":{"start":{"line":13,"column":4},"end":{"line":13,"column":27}},"7":{"start":{"line":17,"column":4},"end":{"line":17,"column":25}},"8":{"start":{"line":21,"column":4},"end":{"line":21,"column":29}},"9":{"start":{"line":25,"column":4},"end":{"line":25,"column":30}},"10":{"start":{"line":29,"column":4},"end":{"line":29,"column":23}},"11":{"start":{"line":33,"column":4},"end":{"line":33,"column":26}},"12":{"start":{"line":37,"column":4},"end":{"line":37,"column":43}},"13":{"start":{"line":41,"column":4},"end":{"line":41,"column":24}},"14":{"start":{"line":45,"column":18},"end":{"line":45,"column":20}},"15":{"start":{"line":47,"column":4},"end":{"line":58,"column":5}},"16":{"start":{"line":48,"column":6},"end":{"line":48,"column":47}},"17":{"start":{"line":49,"column":9},"end":{"line":58,"column":5}},"18":{"start":{"line":50,"column":6},"end":{"line":50,"column":48}},"19":{"start":{"line":51,"column":9},"end":{"line":58,"column":5}},"20":{"start":{"line":52,"column":6},"end":{"line":52,"column":47}},"21":{"start":{"line":53,"column":9},"end":{"line":58,"column":5}},"22":{"start":{"line":54,"column":6},"end":{"line":54,"column":47}},"23":{"start":{"line":55,"column":9},"end":{"line":58,"column":5}},"24":{"start":{"line":56,"column":6},"end":{"line":57,"column":49}},"25":{"start":{"line":57,"column":8},"end":{"line":57,"column":49}},"26":{"start":{"line":59,"column":4},"end":{"line":60,"column":98}},"27":{"start":{"line":60,"column":6},"end":{"line":60,"column":98}}},"fnMap":{"0":{"name":"(anonymous_0)","decl":{"start":{"line":5,"column":2},"end":{"line":5,"column":3}},"loc":{"start":{"line":5,"column":32},"end":{"line":10,"column":3}},"line":5},"1":{"name":"(anonymous_1)","decl":{"start":{"line":12,"column":2},"end":{"line":12,"column":3}},"loc":{"start":{"line":12,"column":10},"end":{"line":14,"column":3}},"line":12},"2":{"name":"(anonymous_2)","decl":{"start":{"line":16,"column":2},"end":{"line":16,"column":3}},"loc":{"start":{"line":16,"column":14},"end":{"line":18,"column":3}},"line":16},"3":{"name":"(anonymous_3)","decl":{"start":{"line":20,"column":2},"end":{"line":20,"column":3}},"loc":{"start":{"line":20,"column":15},"end":{"line":22,"column":3}},"line":20},"4":{"name":"(anonymous_4)","decl":{"start":{"line":24,"column":2},"end":{"line":24,"column":3}},"loc":{"start":{"line":24,"column":12},"end":{"line":26,"column":3}},"line":24},"5":{"name":"(anonymous_5)","decl":{"start":{"line":28,"column":2},"end":{"line":28,"column":3}},"loc":{"start":{"line":28,"column":12},"end":{"line":30,"column":3}},"line":28},"6":{"name":"(anonymous_6)","decl":{"start":{"line":32,"column":2},"end":{"line":32,"column":3}},"loc":{"start":{"line":32,"column":15},"end":{"line":34,"column":3}},"line":32},"7":{"name":"(anonymous_7)","decl":{"start":{"line":36,"column":2},"end":{"line":36,"column":3}},"loc":{"start":{"line":36,"column":31},"end":{"line":38,"column":3}},"line":36},"8":{"name":"(anonymous_8)","decl":{"start":{"line":40,"column":2},"end":{"line":40,"column":3}},"loc":{"start":{"line":40,"column":19},"end":{"line":42,"column":3}},"line":40},"9":{"name":"(anonymous_9)","decl":{"start":{"line":44,"column":2},"end":{"line":44,"column":3}},"loc":{"start":{"line":44,"column":18},"end":{"line":61,"column":3}},"line":44}},"branchMap":{"0":{"loc":{"start":{"line":47,"column":4},"end":{"line":58,"column":5}},"type":"if","locations":[{"start":{"line":47,"column":4},"end":{"line":58,"column":5}},{"start":{"line":47,"column":4},"end":{"line":58,"column":5}}],"line":47},"1":{"loc":{"start":{"line":49,"column":9},"end":{"line":58,"column":5}},"type":"if","locations":[{"start":{"line":49,"column":9},"end":{"line":58,"column":5}},{"start":{"line":49,"column":9},"end":{"line":58,"column":5}}],"line":49},"2":{"loc":{"start":{"line":51,"column":9},"end":{"line":58,"column":5}},"type":"if","locations":[{"start":{"line":51,"column":9},"end":{"line":58,"column":5}},{"start":{"line":51,"column":9},"end":{"line":58,"column":5}}],"line":51},"3":{"loc":{"start":{"line":53,"column":9},"end":{"line":58,"column":5}},"type":"if","locations":[{"start":{"line":53,"column":9},"end":{"line":58,"column":5}},{"start":{"line":53,"column":9},"end":{"line":58,"column":5}}],"line":53},"4":{"loc":{"start":{"line":55,"column":9},"end":{"line":58,"column":5}},"type":"if","locations":[{"start":{"line":55,"column":9},"end":{"line":58,"column":5}},{"start":{"line":55,"column":9},"end":{"line":58,"column":5}}],"line":55},"5":{"loc":{"start":{"line":56,"column":13},"end":{"line":56,"column":44}},"type":"binary-expr","locations":[{"start":{"line":56,"column":13},"end":{"line":56,"column":26}},{"start":{"line":56,"column":30},"end":{"line":56,"column":44}}],"line":56},"6":{"loc":{"start":{"line":59,"column":4},"end":{"line":60,"column":98}},"type":"if","locations":[{"start":{"line":59,"column":4},"end":{"line":60,"column":98}},{"start":{"line":59,"column":4},"end":{"line":60,"column":98}}],"line":59}},"s":{"0":1,"1":1,"2":1,"3":14,"4":14,"5":14,"6":2,"7":2,"8":0,"9":0,"10":2,"11":0,"12":1,"13":1,"14":0,"15":0,"16":0,"17":0,"18":0,"19":0,"20":0,"21":0,"22":0,"23":0,"24":0,"25":0,"26":0,"27":0},"f":{"0":14,"1":2,"2":2,"3":0,"4":0,"5":2,"6":0,"7":1,"8":1,"9":0},"b":{"0":[0,0],"1":[0,0],"2":[0,0],"3":[0,0],"4":[0,0],"5":[0,0],"6":[0,0]},"_coverageSchema":"1a1c01bbd47fc00a2c39e90264f33305004495a9","hash":"d27ea5bd22745791db8ce480f1e6b31f4193dfe7","contentHash":"32777e29cf13afef0864378d78ac5d2432d4a945bc69a9a340bcfb590ab4546d"},"/Users/pbernier/Desktop/tetris/server/refresh.js":{"path":"/Users/pbernier/Desktop/tetris/server/refresh.js","statementMap":{"0":{"start":{"line":1,"column":17},"end":{"line":1,"column":59}},"1":{"start":{"line":3,"column":16},"end":{"line":5,"column":1}},"2":{"start":{"line":4,"column":2},"end":{"line":4,"column":59}},"3":{"start":{"line":7,"column":17},"end":{"line":15,"column":1}},"4":{"start":{"line":8,"column":12},"end":{"line":8,"column":20}},"5":{"start":{"line":13,"column":2},"end":{"line":13,"column":25}},"6":{"start":{"line":14,"column":2},"end":{"line":14,"column":24}},"7":{"start":{"line":21,"column":2},"end":{"line":21,"column":49}},"8":{"start":{"line":22,"column":2},"end":{"line":22,"column":49}},"9":{"start":{"line":28,"column":23},"end":{"line":38,"column":1}},"10":{"start":{"line":29,"column":2},"end":{"line":29,"column":19}},"11":{"start":{"line":30,"column":2},"end":{"line":31,"column":51}},"12":{"start":{"line":31,"column":4},"end":{"line":31,"column":51}},"13":{"start":{"line":32,"column":2},"end":{"line":32,"column":55}},"14":{"start":{"line":33,"column":2},"end":{"line":33,"column":57}},"15":{"start":{"line":34,"column":2},"end":{"line":34,"column":48}},"16":{"start":{"line":35,"column":2},"end":{"line":35,"column":56}},"17":{"start":{"line":36,"column":2},"end":{"line":36,"column":88}},"18":{"start":{"line":37,"column":2},"end":{"line":37,"column":15}},"19":{"start":{"line":40,"column":17},"end":{"line":61,"column":1}},"20":{"start":{"line":41,"column":10},"end":{"line":41,"column":12}},"21":{"start":{"line":42,"column":10},"end":{"line":42,"column":12}},"22":{"start":{"line":43,"column":10},"end":{"line":43,"column":21}},"23":{"start":{"line":44,"column":10},"end":{"line":44,"column":21}},"24":{"start":{"line":45,"column":11},"end":{"line":45,"column":23}},"25":{"start":{"line":46,"column":15},"end":{"line":46,"column":36}},"26":{"start":{"line":48,"column":2},"end":{"line":60,"column":3}},"27":{"start":{"line":49,"column":4},"end":{"line":56,"column":5}},"28":{"start":{"line":50,"column":6},"end":{"line":54,"column":7}},"29":{"start":{"line":53,"column":8},"end":{"line":53,"column":31}},"30":{"start":{"line":55,"column":6},"end":{"line":55,"column":9}},"31":{"start":{"line":57,"column":4},"end":{"line":57,"column":19}},"32":{"start":{"line":58,"column":4},"end":{"line":58,"column":11}},"33":{"start":{"line":59,"column":4},"end":{"line":59,"column":7}},"34":{"start":{"line":63,"column":19},"end":{"line":86,"column":1}},"35":{"start":{"line":64,"column":10},"end":{"line":64,"column":12}},"36":{"start":{"line":65,"column":10},"end":{"line":65,"column":12}},"37":{"start":{"line":66,"column":10},"end":{"line":66,"column":21}},"38":{"start":{"line":67,"column":10},"end":{"line":67,"column":21}},"39":{"start":{"line":68,"column":15},"end":{"line":68,"column":36}},"40":{"start":{"line":70,"column":2},"end":{"line":72,"column":15}},"41":{"start":{"line":72,"column":4},"end":{"line":72,"column":15}},"42":{"start":{"line":73,"column":2},"end":{"line":83,"column":3}},"43":{"start":{"line":74,"column":4},"end":{"line":79,"column":5}},"44":{"start":{"line":75,"column":6},"end":{"line":77,"column":7}},"45":{"start":{"line":76,"column":8},"end":{"line":76,"column":19}},"46":{"start":{"line":78,"column":6},"end":{"line":78,"column":9}},"47":{"start":{"line":80,"column":4},"end":{"line":80,"column":11}},"48":{"start":{"line":81,"column":4},"end":{"line":81,"column":19}},"49":{"start":{"line":82,"column":4},"end":{"line":82,"column":7}},"50":{"start":{"line":85,"column":2},"end":{"line":85,"column":12}},"51":{"start":{"line":88,"column":20},"end":{"line":105,"column":1}},"52":{"start":{"line":89,"column":10},"end":{"line":89,"column":12}},"53":{"start":{"line":90,"column":10},"end":{"line":90,"column":12}},"54":{"start":{"line":91,"column":10},"end":{"line":91,"column":21}},"55":{"start":{"line":92,"column":10},"end":{"line":92,"column":21}},"56":{"start":{"line":93,"column":15},"end":{"line":93,"column":36}},"57":{"start":{"line":95,"column":2},"end":{"line":104,"column":3}},"58":{"start":{"line":96,"column":4},"end":{"line":100,"column":5}},"59":{"start":{"line":97,"column":6},"end":{"line":98,"column":30}},"60":{"start":{"line":98,"column":8},"end":{"line":98,"column":30}},"61":{"start":{"line":99,"column":6},"end":{"line":99,"column":9}},"62":{"start":{"line":101,"column":4},"end":{"line":101,"column":19}},"63":{"start":{"line":102,"column":4},"end":{"line":102,"column":11}},"64":{"start":{"line":103,"column":4},"end":{"line":103,"column":7}},"65":{"start":{"line":107,"column":20},"end":{"line":111,"column":1}},"66":{"start":{"line":108,"column":2},"end":{"line":109,"column":17}},"67":{"start":{"line":109,"column":4},"end":{"line":109,"column":17}},"68":{"start":{"line":110,"column":2},"end":{"line":110,"column":16}},"69":{"start":{"line":113,"column":18},"end":{"line":147,"column":1}},"70":{"start":{"line":114,"column":2},"end":{"line":117,"column":3}},"71":{"start":{"line":116,"column":4},"end":{"line":116,"column":14}},"72":{"start":{"line":118,"column":12},"end":{"line":118,"column":33}},"73":{"start":{"line":120,"column":2},"end":{"line":123,"column":71}},"74":{"start":{"line":121,"column":4},"end":{"line":121,"column":71}},"75":{"start":{"line":121,"column":34},"end":{"line":121,"column":70}},"76":{"start":{"line":121,"column":49},"end":{"line":121,"column":59}},"77":{"start":{"line":123,"column":4},"end":{"line":123,"column":71}},"78":{"start":{"line":123,"column":34},"end":{"line":123,"column":60}},"79":{"start":{"line":123,"column":49},"end":{"line":123,"column":59}},"80":{"start":{"line":129,"column":2},"end":{"line":129,"column":26}},"81":{"start":{"line":130,"column":2},"end":{"line":130,"column":12}},"82":{"start":{"line":149,"column":17},"end":{"line":175,"column":1}},"83":{"start":{"line":150,"column":17},"end":{"line":150,"column":29}},"84":{"start":{"line":151,"column":17},"end":{"line":151,"column":29}},"85":{"start":{"line":152,"column":10},"end":{"line":152,"column":11}},"86":{"start":{"line":153,"column":10},"end":{"line":153,"column":11}},"87":{"start":{"line":154,"column":10},"end":{"line":154,"column":12}},"88":{"start":{"line":155,"column":10},"end":{"line":155,"column":12}},"89":{"start":{"line":157,"column":2},"end":{"line":165,"column":3}},"90":{"start":{"line":158,"column":4},"end":{"line":163,"column":5}},"91":{"start":{"line":159,"column":6},"end":{"line":162,"column":7}},"92":{"start":{"line":160,"column":8},"end":{"line":160,"column":23}},"93":{"start":{"line":161,"column":8},"end":{"line":161,"column":23}},"94":{"start":{"line":164,"column":4},"end":{"line":164,"column":10}},"95":{"start":{"line":166,"column":2},"end":{"line":169,"column":3}},"96":{"start":{"line":167,"column":4},"end":{"line":168,"column":9}},"97":{"start":{"line":168,"column":6},"end":{"line":168,"column":9}},"98":{"start":{"line":170,"column":2},"end":{"line":173,"column":3}},"99":{"start":{"line":171,"column":4},"end":{"line":172,"column":9}},"100":{"start":{"line":172,"column":6},"end":{"line":172,"column":9}},"101":{"start":{"line":174,"column":2},"end":{"line":174,"column":17}},"102":{"start":{"line":177,"column":21},"end":{"line":205,"column":1}},"103":{"start":{"line":178,"column":10},"end":{"line":178,"column":23}},"104":{"start":{"line":179,"column":10},"end":{"line":179,"column":20}},"105":{"start":{"line":180,"column":16},"end":{"line":180,"column":17}},"106":{"start":{"line":181,"column":16},"end":{"line":181,"column":17}},"107":{"start":{"line":183,"column":10},"end":{"line":183,"column":12}},"108":{"start":{"line":184,"column":10},"end":{"line":184,"column":12}},"109":{"start":{"line":186,"column":2},"end":{"line":202,"column":3}},"110":{"start":{"line":187,"column":4},"end":{"line":195,"column":5}},"111":{"start":{"line":188,"column":6},"end":{"line":194,"column":7}},"112":{"start":{"line":190,"column":8},"end":{"line":191,"column":15}},"113":{"start":{"line":191,"column":10},"end":{"line":191,"column":15}},"114":{"start":{"line":192,"column":8},"end":{"line":193,"column":15}},"115":{"start":{"line":193,"column":10},"end":{"line":193,"column":15}},"116":{"start":{"line":201,"column":4},"end":{"line":201,"column":10}},"117":{"start":{"line":203,"column":2},"end":{"line":203,"column":36}},"118":{"start":{"line":204,"column":2},"end":{"line":204,"column":37}},"119":{"start":{"line":207,"column":18},"end":{"line":223,"column":1}},"120":{"start":{"line":208,"column":2},"end":{"line":209,"column":14}},"121":{"start":{"line":209,"column":4},"end":{"line":209,"column":14}},"122":{"start":{"line":210,"column":2},"end":{"line":213,"column":3}},"123":{"start":{"line":212,"column":4},"end":{"line":212,"column":14}},"124":{"start":{"line":214,"column":2},"end":{"line":216,"column":14}},"125":{"start":{"line":216,"column":4},"end":{"line":216,"column":14}},"126":{"start":{"line":217,"column":2},"end":{"line":221,"column":3}},"127":{"start":{"line":220,"column":4},"end":{"line":220,"column":14}},"128":{"start":{"line":222,"column":2},"end":{"line":222,"column":15}},"129":{"start":{"line":225,"column":18},"end":{"line":266,"column":1}},"130":{"start":{"line":229,"column":2},"end":{"line":230,"column":25}},"131":{"start":{"line":230,"column":4},"end":{"line":230,"column":25}},"132":{"start":{"line":231,"column":2},"end":{"line":231,"column":47}},"133":{"start":{"line":232,"column":2},"end":{"line":232,"column":41}},"134":{"start":{"line":233,"column":2},"end":{"line":237,"column":3}},"135":{"start":{"line":234,"column":4},"end":{"line":235,"column":28}},"136":{"start":{"line":235,"column":6},"end":{"line":235,"column":28}},"137":{"start":{"line":236,"column":4},"end":{"line":236,"column":19}},"138":{"start":{"line":238,"column":2},"end":{"line":239,"column":26}},"139":{"start":{"line":239,"column":4},"end":{"line":239,"column":26}},"140":{"start":{"line":240,"column":2},"end":{"line":241,"column":21}},"141":{"start":{"line":241,"column":4},"end":{"line":241,"column":21}},"142":{"start":{"line":242,"column":2},"end":{"line":243,"column":25}},"143":{"start":{"line":243,"column":4},"end":{"line":243,"column":25}},"144":{"start":{"line":244,"column":2},"end":{"line":244,"column":14}},"145":{"start":{"line":245,"column":2},"end":{"line":245,"column":14}},"146":{"start":{"line":246,"column":2},"end":{"line":263,"column":3}},"147":{"start":{"line":247,"column":4},"end":{"line":262,"column":5}},"148":{"start":{"line":249,"column":6},"end":{"line":249,"column":17}},"149":{"start":{"line":252,"column":6},"end":{"line":252,"column":18}},"150":{"start":{"line":253,"column":6},"end":{"line":253,"column":18}},"151":{"start":{"line":254,"column":6},"end":{"line":255,"column":30}},"152":{"start":{"line":255,"column":8},"end":{"line":255,"column":30}},"153":{"start":{"line":256,"column":6},"end":{"line":261,"column":7}},"154":{"start":{"line":257,"column":8},"end":{"line":257,"column":22}},"155":{"start":{"line":258,"column":8},"end":{"line":259,"column":20}},"156":{"start":{"line":259,"column":10},"end":{"line":259,"column":20}},"157":{"start":{"line":260,"column":8},"end":{"line":260,"column":18}},"158":{"start":{"line":264,"column":2},"end":{"line":264,"column":16}},"159":{"start":{"line":265,"column":2},"end":{"line":265,"column":12}},"160":{"start":{"line":268,"column":24},"end":{"line":280,"column":1}},"161":{"start":{"line":269,"column":10},"end":{"line":269,"column":12}},"162":{"start":{"line":270,"column":14},"end":{"line":270,"column":15}},"163":{"start":{"line":272,"column":2},"end":{"line":278,"column":3}},"164":{"start":{"line":273,"column":4},"end":{"line":277,"column":5}},"165":{"start":{"line":274,"column":6},"end":{"line":274,"column":30}},"166":{"start":{"line":275,"column":6},"end":{"line":275,"column":9}},"167":{"start":{"line":276,"column":6},"end":{"line":276,"column":13}},"168":{"start":{"line":279,"column":2},"end":{"line":279,"column":16}},"169":{"start":{"line":282,"column":16},"end":{"line":287,"column":1}},"170":{"start":{"line":284,"column":2},"end":{"line":284,"column":16}},"171":{"start":{"line":285,"column":2},"end":{"line":285,"column":25}},"172":{"start":{"line":290,"column":16},"end":{"line":290,"column":29}},"173":{"start":{"line":292,"column":2},"end":{"line":320,"column":3}},"174":{"start":{"line":294,"column":4},"end":{"line":319,"column":5}},"175":{"start":{"line":295,"column":6},"end":{"line":318,"column":7}},"176":{"start":{"line":295,"column":19},"end":{"line":295,"column":20}},"177":{"start":{"line":300,"column":8},"end":{"line":317,"column":9}},"178":{"start":{"line":300,"column":76},"end":{"line":300,"column":86}},"179":{"start":{"line":301,"column":10},"end":{"line":301,"column":28}},"180":{"start":{"line":302,"column":10},"end":{"line":302,"column":16}},"181":{"start":{"line":306,"column":10},"end":{"line":307,"column":66}},"182":{"start":{"line":307,"column":12},"end":{"line":307,"column":66}},"183":{"start":{"line":309,"column":10},"end":{"line":309,"column":52}},"184":{"start":{"line":311,"column":10},"end":{"line":311,"column":55}},"185":{"start":{"line":313,"column":10},"end":{"line":313,"column":64}},"186":{"start":{"line":316,"column":10},"end":{"line":316,"column":104}},"187":{"start":{"line":324,"column":17},"end":{"line":324,"column":18}},"188":{"start":{"line":325,"column":20},"end":{"line":325,"column":21}},"189":{"start":{"line":329,"column":2},"end":{"line":330,"column":30}},"190":{"start":{"line":330,"column":4},"end":{"line":330,"column":30}},"191":{"start":{"line":332,"column":2},"end":{"line":332,"column":34}},"192":{"start":{"line":334,"column":2},"end":{"line":348,"column":3}},"193":{"start":{"line":336,"column":4},"end":{"line":336,"column":21}},"194":{"start":{"line":339,"column":7},"end":{"line":348,"column":3}},"195":{"start":{"line":341,"column":4},"end":{"line":342,"column":42}},"196":{"start":{"line":342,"column":6},"end":{"line":342,"column":42}},"197":{"start":{"line":344,"column":4},"end":{"line":344,"column":30}},"198":{"start":{"line":347,"column":4},"end":{"line":347,"column":27}},"199":{"start":{"line":350,"column":2},"end":{"line":350,"column":15}},"200":{"start":{"line":354,"column":0},"end":{"line":354,"column":58}}},"fnMap":{"0":{"name":"(anonymous_0)","decl":{"start":{"line":3,"column":16},"end":{"line":3,"column":17}},"loc":{"start":{"line":3,"column":30},"end":{"line":5,"column":1}},"line":3},"1":{"name":"(anonymous_1)","decl":{"start":{"line":7,"column":17},"end":{"line":7,"column":18}},"loc":{"start":{"line":7,"column":33},"end":{"line":15,"column":1}},"line":7},"2":{"name":"initShapes","decl":{"start":{"line":17,"column":9},"end":{"line":17,"column":19}},"loc":{"start":{"line":17,"column":26},"end":{"line":26,"column":1}},"line":17},"3":{"name":"(anonymous_3)","decl":{"start":{"line":28,"column":23},"end":{"line":28,"column":24}},"loc":{"start":{"line":28,"column":39},"end":{"line":38,"column":1}},"line":28},"4":{"name":"(anonymous_4)","decl":{"start":{"line":40,"column":17},"end":{"line":40,"column":18}},"loc":{"start":{"line":40,"column":27},"end":{"line":61,"column":1}},"line":40},"5":{"name":"(anonymous_5)","decl":{"start":{"line":63,"column":19},"end":{"line":63,"column":20}},"loc":{"start":{"line":63,"column":38},"end":{"line":86,"column":1}},"line":63},"6":{"name":"(anonymous_6)","decl":{"start":{"line":88,"column":20},"end":{"line":88,"column":21}},"loc":{"start":{"line":88,"column":30},"end":{"line":105,"column":1}},"line":88},"7":{"name":"(anonymous_7)","decl":{"start":{"line":107,"column":20},"end":{"line":107,"column":21}},"loc":{"start":{"line":107,"column":30},"end":{"line":111,"column":1}},"line":107},"8":{"name":"(anonymous_8)","decl":{"start":{"line":113,"column":18},"end":{"line":113,"column":19}},"loc":{"start":{"line":113,"column":33},"end":{"line":147,"column":1}},"line":113},"9":{"name":"(anonymous_9)","decl":{"start":{"line":121,"column":18},"end":{"line":121,"column":19}},"loc":{"start":{"line":121,"column":34},"end":{"line":121,"column":70}},"line":121},"10":{"name":"(anonymous_10)","decl":{"start":{"line":121,"column":42},"end":{"line":121,"column":43}},"loc":{"start":{"line":121,"column":49},"end":{"line":121,"column":59}},"line":121},"11":{"name":"(anonymous_11)","decl":{"start":{"line":123,"column":18},"end":{"line":123,"column":19}},"loc":{"start":{"line":123,"column":34},"end":{"line":123,"column":60}},"line":123},"12":{"name":"(anonymous_12)","decl":{"start":{"line":123,"column":42},"end":{"line":123,"column":43}},"loc":{"start":{"line":123,"column":49},"end":{"line":123,"column":59}},"line":123},"13":{"name":"(anonymous_13)","decl":{"start":{"line":149,"column":17},"end":{"line":149,"column":18}},"loc":{"start":{"line":149,"column":26},"end":{"line":175,"column":1}},"line":149},"14":{"name":"(anonymous_14)","decl":{"start":{"line":177,"column":21},"end":{"line":177,"column":22}},"loc":{"start":{"line":177,"column":30},"end":{"line":205,"column":1}},"line":177},"15":{"name":"(anonymous_15)","decl":{"start":{"line":207,"column":18},"end":{"line":207,"column":19}},"loc":{"start":{"line":207,"column":43},"end":{"line":223,"column":1}},"line":207},"16":{"name":"(anonymous_16)","decl":{"start":{"line":225,"column":18},"end":{"line":225,"column":19}},"loc":{"start":{"line":225,"column":34},"end":{"line":266,"column":1}},"line":225},"17":{"name":"(anonymous_17)","decl":{"start":{"line":268,"column":24},"end":{"line":268,"column":25}},"loc":{"start":{"line":268,"column":34},"end":{"line":280,"column":1}},"line":268},"18":{"name":"(anonymous_18)","decl":{"start":{"line":282,"column":16},"end":{"line":282,"column":17}},"loc":{"start":{"line":282,"column":30},"end":{"line":287,"column":1}},"line":282},"19":{"name":"addFilledLine","decl":{"start":{"line":289,"column":9},"end":{"line":289,"column":22}},"loc":{"start":{"line":289,"column":48},"end":{"line":321,"column":1}},"line":289},"20":{"name":"(anonymous_20)","decl":{"start":{"line":300,"column":64},"end":{"line":300,"column":65}},"loc":{"start":{"line":300,"column":74},"end":{"line":300,"column":88}},"line":300},"21":{"name":"refresh","decl":{"start":{"line":323,"column":9},"end":{"line":323,"column":16}},"loc":{"start":{"line":323,"column":33},"end":{"line":351,"column":1}},"line":323}},"branchMap":{"0":{"loc":{"start":{"line":30,"column":2},"end":{"line":31,"column":51}},"type":"if","locations":[{"start":{"line":30,"column":2},"end":{"line":31,"column":51}},{"start":{"line":30,"column":2},"end":{"line":31,"column":51}}],"line":30},"1":{"loc":{"start":{"line":50,"column":6},"end":{"line":54,"column":7}},"type":"if","locations":[{"start":{"line":50,"column":6},"end":{"line":54,"column":7}},{"start":{"line":50,"column":6},"end":{"line":54,"column":7}}],"line":50},"2":{"loc":{"start":{"line":70,"column":2},"end":{"line":72,"column":15}},"type":"if","locations":[{"start":{"line":70,"column":2},"end":{"line":72,"column":15}},{"start":{"line":70,"column":2},"end":{"line":72,"column":15}}],"line":70},"3":{"loc":{"start":{"line":70,"column":6},"end":{"line":71,"column":55}},"type":"binary-expr","locations":[{"start":{"line":70,"column":6},"end":{"line":70,"column":55}},{"start":{"line":71,"column":7},"end":{"line":71,"column":55}}],"line":70},"4":{"loc":{"start":{"line":75,"column":6},"end":{"line":77,"column":7}},"type":"if","locations":[{"start":{"line":75,"column":6},"end":{"line":77,"column":7}},{"start":{"line":75,"column":6},"end":{"line":77,"column":7}}],"line":75},"5":{"loc":{"start":{"line":75,"column":10},"end":{"line":75,"column":94}},"type":"binary-expr","locations":[{"start":{"line":75,"column":10},"end":{"line":75,"column":28}},{"start":{"line":75,"column":32},"end":{"line":75,"column":65}},{"start":{"line":75,"column":69},"end":{"line":75,"column":94}}],"line":75},"6":{"loc":{"start":{"line":97,"column":6},"end":{"line":98,"column":30}},"type":"if","locations":[{"start":{"line":97,"column":6},"end":{"line":98,"column":30}},{"start":{"line":97,"column":6},"end":{"line":98,"column":30}}],"line":97},"7":{"loc":{"start":{"line":108,"column":2},"end":{"line":109,"column":17}},"type":"if","locations":[{"start":{"line":108,"column":2},"end":{"line":109,"column":17}},{"start":{"line":108,"column":2},"end":{"line":109,"column":17}}],"line":108},"8":{"loc":{"start":{"line":114,"column":2},"end":{"line":117,"column":3}},"type":"if","locations":[{"start":{"line":114,"column":2},"end":{"line":117,"column":3}},{"start":{"line":114,"column":2},"end":{"line":117,"column":3}}],"line":114},"9":{"loc":{"start":{"line":120,"column":2},"end":{"line":123,"column":71}},"type":"if","locations":[{"start":{"line":120,"column":2},"end":{"line":123,"column":71}},{"start":{"line":120,"column":2},"end":{"line":123,"column":71}}],"line":120},"10":{"loc":{"start":{"line":159,"column":6},"end":{"line":162,"column":7}},"type":"if","locations":[{"start":{"line":159,"column":6},"end":{"line":162,"column":7}},{"start":{"line":159,"column":6},"end":{"line":162,"column":7}}],"line":159},"11":{"loc":{"start":{"line":167,"column":4},"end":{"line":168,"column":9}},"type":"if","locations":[{"start":{"line":167,"column":4},"end":{"line":168,"column":9}},{"start":{"line":167,"column":4},"end":{"line":168,"column":9}}],"line":167},"12":{"loc":{"start":{"line":171,"column":4},"end":{"line":172,"column":9}},"type":"if","locations":[{"start":{"line":171,"column":4},"end":{"line":172,"column":9}},{"start":{"line":171,"column":4},"end":{"line":172,"column":9}}],"line":171},"13":{"loc":{"start":{"line":188,"column":6},"end":{"line":194,"column":7}},"type":"if","locations":[{"start":{"line":188,"column":6},"end":{"line":194,"column":7}},{"start":{"line":188,"column":6},"end":{"line":194,"column":7}}],"line":188},"14":{"loc":{"start":{"line":190,"column":8},"end":{"line":191,"column":15}},"type":"if","locations":[{"start":{"line":190,"column":8},"end":{"line":191,"column":15}},{"start":{"line":190,"column":8},"end":{"line":191,"column":15}}],"line":190},"15":{"loc":{"start":{"line":192,"column":8},"end":{"line":193,"column":15}},"type":"if","locations":[{"start":{"line":192,"column":8},"end":{"line":193,"column":15}},{"start":{"line":192,"column":8},"end":{"line":193,"column":15}}],"line":192},"16":{"loc":{"start":{"line":208,"column":2},"end":{"line":209,"column":14}},"type":"if","locations":[{"start":{"line":208,"column":2},"end":{"line":209,"column":14}},{"start":{"line":208,"column":2},"end":{"line":209,"column":14}}],"line":208},"17":{"loc":{"start":{"line":208,"column":6},"end":{"line":208,"column":46}},"type":"binary-expr","locations":[{"start":{"line":208,"column":6},"end":{"line":208,"column":24}},{"start":{"line":208,"column":28},"end":{"line":208,"column":35}},{"start":{"line":208,"column":39},"end":{"line":208,"column":46}}],"line":208},"18":{"loc":{"start":{"line":210,"column":2},"end":{"line":213,"column":3}},"type":"if","locations":[{"start":{"line":210,"column":2},"end":{"line":213,"column":3}},{"start":{"line":210,"column":2},"end":{"line":213,"column":3}}],"line":210},"19":{"loc":{"start":{"line":210,"column":6},"end":{"line":211,"column":83}},"type":"binary-expr","locations":[{"start":{"line":210,"column":6},"end":{"line":210,"column":37}},{"start":{"line":211,"column":7},"end":{"line":211,"column":83}}],"line":210},"20":{"loc":{"start":{"line":214,"column":2},"end":{"line":216,"column":14}},"type":"if","locations":[{"start":{"line":214,"column":2},"end":{"line":216,"column":14}},{"start":{"line":214,"column":2},"end":{"line":216,"column":14}}],"line":214},"21":{"loc":{"start":{"line":214,"column":6},"end":{"line":215,"column":82}},"type":"binary-expr","locations":[{"start":{"line":214,"column":6},"end":{"line":214,"column":37}},{"start":{"line":215,"column":7},"end":{"line":215,"column":82}}],"line":214},"22":{"loc":{"start":{"line":217,"column":2},"end":{"line":221,"column":3}},"type":"if","locations":[{"start":{"line":217,"column":2},"end":{"line":221,"column":3}},{"start":{"line":217,"column":2},"end":{"line":221,"column":3}}],"line":217},"23":{"loc":{"start":{"line":217,"column":6},"end":{"line":219,"column":155}},"type":"binary-expr","locations":[{"start":{"line":217,"column":6},"end":{"line":217,"column":13}},{"start":{"line":217,"column":17},"end":{"line":217,"column":24}},{"start":{"line":218,"column":9},"end":{"line":218,"column":42}},{"start":{"line":218,"column":46},"end":{"line":218,"column":153}},{"start":{"line":219,"column":10},"end":{"line":219,"column":43}},{"start":{"line":219,"column":47},"end":{"line":219,"column":153}}],"line":217},"24":{"loc":{"start":{"line":229,"column":2},"end":{"line":230,"column":25}},"type":"if","locations":[{"start":{"line":229,"column":2},"end":{"line":230,"column":25}},{"start":{"line":229,"column":2},"end":{"line":230,"column":25}}],"line":229},"25":{"loc":{"start":{"line":229,"column":6},"end":{"line":229,"column":24}},"type":"binary-expr","locations":[{"start":{"line":229,"column":6},"end":{"line":229,"column":13}},{"start":{"line":229,"column":17},"end":{"line":229,"column":24}}],"line":229},"26":{"loc":{"start":{"line":233,"column":2},"end":{"line":237,"column":3}},"type":"if","locations":[{"start":{"line":233,"column":2},"end":{"line":237,"column":3}},{"start":{"line":233,"column":2},"end":{"line":237,"column":3}}],"line":233},"27":{"loc":{"start":{"line":233,"column":6},"end":{"line":233,"column":37}},"type":"binary-expr","locations":[{"start":{"line":233,"column":6},"end":{"line":233,"column":21}},{"start":{"line":233,"column":25},"end":{"line":233,"column":37}}],"line":233},"28":{"loc":{"start":{"line":234,"column":4},"end":{"line":235,"column":28}},"type":"if","locations":[{"start":{"line":234,"column":4},"end":{"line":235,"column":28}},{"start":{"line":234,"column":4},"end":{"line":235,"column":28}}],"line":234},"29":{"loc":{"start":{"line":234,"column":8},"end":{"line":234,"column":26}},"type":"binary-expr","locations":[{"start":{"line":234,"column":8},"end":{"line":234,"column":15}},{"start":{"line":234,"column":19},"end":{"line":234,"column":26}}],"line":234},"30":{"loc":{"start":{"line":238,"column":2},"end":{"line":239,"column":26}},"type":"if","locations":[{"start":{"line":238,"column":2},"end":{"line":239,"column":26}},{"start":{"line":238,"column":2},"end":{"line":239,"column":26}}],"line":238},"31":{"loc":{"start":{"line":238,"column":6},"end":{"line":238,"column":24}},"type":"binary-expr","locations":[{"start":{"line":238,"column":6},"end":{"line":238,"column":13}},{"start":{"line":238,"column":17},"end":{"line":238,"column":24}}],"line":238},"32":{"loc":{"start":{"line":240,"column":2},"end":{"line":241,"column":21}},"type":"if","locations":[{"start":{"line":240,"column":2},"end":{"line":241,"column":21}},{"start":{"line":240,"column":2},"end":{"line":241,"column":21}}],"line":240},"33":{"loc":{"start":{"line":240,"column":6},"end":{"line":240,"column":48}},"type":"binary-expr","locations":[{"start":{"line":240,"column":6},"end":{"line":240,"column":24}},{"start":{"line":240,"column":29},"end":{"line":240,"column":36}},{"start":{"line":240,"column":40},"end":{"line":240,"column":47}}],"line":240},"34":{"loc":{"start":{"line":242,"column":2},"end":{"line":243,"column":25}},"type":"if","locations":[{"start":{"line":242,"column":2},"end":{"line":243,"column":25}},{"start":{"line":242,"column":2},"end":{"line":243,"column":25}}],"line":242},"35":{"loc":{"start":{"line":242,"column":6},"end":{"line":242,"column":24}},"type":"binary-expr","locations":[{"start":{"line":242,"column":6},"end":{"line":242,"column":13}},{"start":{"line":242,"column":17},"end":{"line":242,"column":24}}],"line":242},"36":{"loc":{"start":{"line":246,"column":2},"end":{"line":263,"column":3}},"type":"if","locations":[{"start":{"line":246,"column":2},"end":{"line":263,"column":3}},{"start":{"line":246,"column":2},"end":{"line":263,"column":3}}],"line":246},"37":{"loc":{"start":{"line":247,"column":4},"end":{"line":262,"column":5}},"type":"if","locations":[{"start":{"line":247,"column":4},"end":{"line":262,"column":5}},{"start":{"line":247,"column":4},"end":{"line":262,"column":5}}],"line":247},"38":{"loc":{"start":{"line":254,"column":6},"end":{"line":255,"column":30}},"type":"if","locations":[{"start":{"line":254,"column":6},"end":{"line":255,"column":30}},{"start":{"line":254,"column":6},"end":{"line":255,"column":30}}],"line":254},"39":{"loc":{"start":{"line":254,"column":10},"end":{"line":254,"column":28}},"type":"binary-expr","locations":[{"start":{"line":254,"column":10},"end":{"line":254,"column":17}},{"start":{"line":254,"column":21},"end":{"line":254,"column":28}}],"line":254},"40":{"loc":{"start":{"line":256,"column":6},"end":{"line":261,"column":7}},"type":"if","locations":[{"start":{"line":256,"column":6},"end":{"line":261,"column":7}},{"start":{"line":256,"column":6},"end":{"line":261,"column":7}}],"line":256},"41":{"loc":{"start":{"line":258,"column":8},"end":{"line":259,"column":20}},"type":"if","locations":[{"start":{"line":258,"column":8},"end":{"line":259,"column":20}},{"start":{"line":258,"column":8},"end":{"line":259,"column":20}}],"line":258},"42":{"loc":{"start":{"line":258,"column":12},"end":{"line":258,"column":30}},"type":"binary-expr","locations":[{"start":{"line":258,"column":12},"end":{"line":258,"column":19}},{"start":{"line":258,"column":23},"end":{"line":258,"column":30}}],"line":258},"43":{"loc":{"start":{"line":273,"column":4},"end":{"line":277,"column":5}},"type":"if","locations":[{"start":{"line":273,"column":4},"end":{"line":277,"column":5}},{"start":{"line":273,"column":4},"end":{"line":277,"column":5}}],"line":273},"44":{"loc":{"start":{"line":273,"column":8},"end":{"line":273,"column":74}},"type":"binary-expr","locations":[{"start":{"line":273,"column":8},"end":{"line":273,"column":39}},{"start":{"line":273,"column":43},"end":{"line":273,"column":74}}],"line":273},"45":{"loc":{"start":{"line":294,"column":4},"end":{"line":319,"column":5}},"type":"if","locations":[{"start":{"line":294,"column":4},"end":{"line":319,"column":5}},{"start":{"line":294,"column":4},"end":{"line":319,"column":5}}],"line":294},"46":{"loc":{"start":{"line":300,"column":8},"end":{"line":317,"column":9}},"type":"if","locations":[{"start":{"line":300,"column":8},"end":{"line":317,"column":9}},{"start":{"line":300,"column":8},"end":{"line":317,"column":9}}],"line":300},"47":{"loc":{"start":{"line":306,"column":10},"end":{"line":307,"column":66}},"type":"if","locations":[{"start":{"line":306,"column":10},"end":{"line":307,"column":66}},{"start":{"line":306,"column":10},"end":{"line":307,"column":66}}],"line":306},"48":{"loc":{"start":{"line":329,"column":2},"end":{"line":330,"column":30}},"type":"if","locations":[{"start":{"line":329,"column":2},"end":{"line":330,"column":30}},{"start":{"line":329,"column":2},"end":{"line":330,"column":30}}],"line":329},"49":{"loc":{"start":{"line":334,"column":2},"end":{"line":348,"column":3}},"type":"if","locations":[{"start":{"line":334,"column":2},"end":{"line":348,"column":3}},{"start":{"line":334,"column":2},"end":{"line":348,"column":3}}],"line":334},"50":{"loc":{"start":{"line":339,"column":7},"end":{"line":348,"column":3}},"type":"if","locations":[{"start":{"line":339,"column":7},"end":{"line":348,"column":3}},{"start":{"line":339,"column":7},"end":{"line":348,"column":3}}],"line":339},"51":{"loc":{"start":{"line":341,"column":4},"end":{"line":342,"column":42}},"type":"if","locations":[{"start":{"line":341,"column":4},"end":{"line":342,"column":42}},{"start":{"line":341,"column":4},"end":{"line":342,"column":42}}],"line":341}},"s":{"0":1,"1":1,"2":2,"3":1,"4":2,"5":2,"6":2,"7":1,"8":1,"9":1,"10":1,"11":1,"12":0,"13":1,"14":1,"15":1,"16":1,"17":1,"18":1,"19":1,"20":1,"21":1,"22":1,"23":1,"24":1,"25":1,"26":1,"27":3,"28":12,"29":4,"30":12,"31":3,"32":3,"33":3,"34":1,"35":1,"36":1,"37":1,"38":1,"39":1,"40":1,"41":0,"42":1,"43":3,"44":12,"45":0,"46":12,"47":3,"48":3,"49":3,"50":1,"51":1,"52":0,"53":0,"54":0,"55":0,"56":0,"57":0,"58":0,"59":0,"60":0,"61":0,"62":0,"63":0,"64":0,"65":1,"66":0,"67":0,"68":0,"69":1,"70":0,"71":0,"72":0,"73":0,"74":0,"75":0,"76":0,"77":0,"78":0,"79":0,"80":0,"81":0,"82":1,"83":1,"84":1,"85":1,"86":1,"87":1,"88":1,"89":1,"90":3,"91":12,"92":4,"93":4,"94":3,"95":1,"96":4,"97":2,"98":1,"99":4,"100":2,"101":1,"102":1,"103":1,"104":1,"105":1,"106":1,"107":1,"108":1,"109":1,"110":3,"111":12,"112":4,"113":1,"114":4,"115":1,"116":3,"117":1,"118":1,"119":1,"120":1,"121":0,"122":1,"123":0,"124":1,"125":0,"126":1,"127":0,"128":1,"129":1,"130":1,"131":0,"132":1,"133":1,"134":1,"135":0,"136":0,"137":0,"138":1,"139":0,"140":1,"141":0,"142":1,"143":0,"144":1,"145":1,"146":1,"147":0,"148":0,"149":0,"150":0,"151":0,"152":0,"153":0,"154":0,"155":0,"156":0,"157":0,"158":1,"159":1,"160":1,"161":0,"162":0,"163":0,"164":0,"165":0,"166":0,"167":0,"168":0,"169":1,"170":0,"171":0,"172":0,"173":0,"174":0,"175":0,"176":0,"177":0,"178":0,"179":0,"180":0,"181":0,"182":0,"183":0,"184":0,"185":0,"186":0,"187":1,"188":1,"189":1,"190":1,"191":1,"192":1,"193":0,"194":1,"195":0,"196":0,"197":0,"198":0,"199":1,"200":1},"f":{"0":2,"1":2,"2":1,"3":1,"4":1,"5":1,"6":0,"7":0,"8":0,"9":0,"10":0,"11":0,"12":0,"13":1,"14":1,"15":1,"16
[...]
4},"end":{"line":21,"column":37}},"14":{"start":{"line":22,"column":4},"end":{"line":22,"column":35}},"15":{"start":{"line":23,"column":4},"end":{"line":23,"column":21}},"16":{"start":{"line":24,"column":4},"end":{"line":24,"column":21}},"17":{"start":{"line":28,"column":4},"end":{"line":28,"column":24}},"18":{"start":{"line":32,"column":4},"end":{"line":36,"column":5}},"19":{"start":{"line":33,"column":6},"end":{"line":34,"column":34}},"20":{"start":{"line":34,"column":8},"end":{"line":34,"column":34}},"21":{"start":{"line":35,"column":6},"end":{"line":35,"column":29}},"22":{"start":{"line":37,"column":4},"end":{"line":37,"column":24}},"23":{"start":{"line":41,"column":4},"end":{"line":49,"column":25}},"24":{"start":{"line":42,"column":6},"end":{"line":46,"column":30}},"25":{"start":{"line":43,"column":8},"end":{"line":43,"column":33}},"26":{"start":{"line":46,"column":8},"end":{"line":46,"column":30}},"27":{"start":{"line":49,"column":6},"end":{"line":49,"column":25}},"28":{"start":{"line":53,"column":4},"end":{"line":60,"column":5}},"29":{"start":{"line":54,"column":6},"end":{"line":59,"column":7}},"30":{"start":{"line":55,"column":8},"end":{"line":57,"column":9}},"31":{"start":{"line":56,"column":10},"end":{"line":56,"column":48}},"32":{"start":{"line":58,"column":8},"end":{"line":58,"column":43}},"33":{"start":{"line":61,"column":4},"end":{"line":61,"column":36}},"34":{"start":{"line":65,"column":4},"end":{"line":65,"column":22}},"35":{"start":{"line":69,"column":4},"end":{"line":69,"column":25}},"36":{"start":{"line":73,"column":4},"end":{"line":73,"column":35}},"37":{"start":{"line":77,"column":4},"end":{"line":77,"column":33}},"38":{"start":{"line":81,"column":4},"end":{"line":81,"column":26}},"39":{"start":{"line":85,"column":4},"end":{"line":85,"column":27}},"40":{"start":{"line":89,"column":4},"end":{"line":89,"column":30}},"41":{"start":{"line":93,"column":4},"end":{"line":93,"column":26}},"42":{"start":{"line":97,"column":4},"end":{"line":97,"column":26}},"43":{"start":{"line":101,"column":4},"end":{"line":101,"column":26}},"44":{"start":{"line":105,"column":4},"end":{"line":105,"column":26}},"45":{"start":{"line":109,"column":4},"end":{"line":109,"column":26}},"46":{"start":{"line":113,"column":4},"end":{"line":113,"column":26}},"47":{"start":{"line":117,"column":4},"end":{"line":117,"column":25}},"48":{"start":{"line":121,"column":4},"end":{"line":121,"column":25}},"49":{"start":{"line":125,"column":4},"end":{"line":125,"column":28}},"50":{"start":{"line":126,"column":4},"end":{"line":126,"column":65}},"51":{"start":{"line":130,"column":4},"end":{"line":130,"column":64}},"52":{"start":{"line":131,"column":4},"end":{"line":131,"column":23}}},"fnMap":{"0":{"name":"(anonymous_0)","decl":{"start":{"line":5,"column":2},"end":{"line":5,"column":3}},"loc":{"start":{"line":5,"column":32},"end":{"line":15,"column":3}},"line":5},"1":{"name":"(anonymous_1)","decl":{"start":{"line":17,"column":2},"end":{"line":17,"column":3}},"loc":{"start":{"line":17,"column":18},"end":{"line":25,"column":3}},"line":17},"2":{"name":"(anonymous_2)","decl":{"start":{"line":27,"column":2},"end":{"line":27,"column":3}},"loc":{"start":{"line":27,"column":13},"end":{"line":29,"column":3}},"line":27},"3":{"name":"(anonymous_3)","decl":{"start":{"line":31,"column":2},"end":{"line":31,"column":3}},"loc":{"start":{"line":31,"column":17},"end":{"line":38,"column":3}},"line":31},"4":{"name":"(anonymous_4)","decl":{"start":{"line":40,"column":2},"end":{"line":40,"column":3}},"loc":{"start":{"line":40,"column":24},"end":{"line":50,"column":3}},"line":40},"5":{"name":"(anonymous_5)","decl":{"start":{"line":52,"column":2},"end":{"line":52,"column":3}},"loc":{"start":{"line":52,"column":23},"end":{"line":62,"column":3}},"line":52},"6":{"name":"(anonymous_6)","decl":{"start":{"line":64,"column":2},"end":{"line":64,"column":3}},"loc":{"start":{"line":64,"column":16},"end":{"line":66,"column":3}},"line":64},"7":{"name":"(anonymous_7)","decl":{"start":{"line":68,"column":2},"end":{"line":68,"column":3}},"loc":{"start":{"line":68,"column":14},"end":{"line":70,"column":3}},"line":68},"8":{"name":"(anonymous_8)","decl":{"start":{"line":72,"column":2},"end":{"line":72,"column":3}},"loc":{"start":{"line":72,"column":24},"end":{"line":74,"column":3}},"line":72},"9":{"name":"(anonymous_9)","decl":{"start":{"line":76,"column":2},"end":{"line":76,"column":3}},"loc":{"start":{"line":76,"column":22},"end":{"line":78,"column":3}},"line":76},"10":{"name":"(anonymous_10)","decl":{"start":{"line":80,"column":2},"end":{"line":80,"column":3}},"loc":{"start":{"line":80,"column":15},"end":{"line":82,"column":3}},"line":80},"11":{"name":"(anonymous_11)","decl":{"start":{"line":84,"column":2},"end":{"line":84,"column":3}},"loc":{"start":{"line":84,"column":10},"end":{"line":86,"column":3}},"line":84},"12":{"name":"(anonymous_12)","decl":{"start":{"line":88,"column":2},"end":{"line":88,"column":3}},"loc":{"start":{"line":88,"column":19},"end":{"line":90,"column":3}},"line":88},"13":{"name":"(anonymous_13)","decl":{"start":{"line":92,"column":2},"end":{"line":92,"column":3}},"loc":{"start":{"line":92,"column":9},"end":{"line":94,"column":3}},"line":92},"14":{"name":"(anonymous_14)","decl":{"start":{"line":96,"column":2},"end":{"line":96,"column":3}},"loc":{"start":{"line":96,"column":9},"end":{"line":98,"column":3}},"line":96},"15":{"name":"(anonymous_15)","decl":{"start":{"line":100,"column":2},"end":{"line":100,"column":3}},"loc":{"start":{"line":100,"column":14},"end":{"line":102,"column":3}},"line":100},"16":{"name":"(anonymous_16)","decl":{"start":{"line":104,"column":2},"end":{"line":104,"column":3}},"loc":{"start":{"line":104,"column":14},"end":{"line":106,"column":3}},"line":104},"17":{"name":"(anonymous_17)","decl":{"start":{"line":108,"column":2},"end":{"line":108,"column":3}},"loc":{"start":{"line":108,"column":14},"end":{"line":110,"column":3}},"line":108},"18":{"name":"(anonymous_18)","decl":{"start":{"line":112,"column":2},"end":{"line":112,"column":3}},"loc":{"start":{"line":112,"column":14},"end":{"line":114,"column":3}},"line":112},"19":{"name":"(anonymous_19)","decl":{"start":{"line":116,"column":2},"end":{"line":116,"column":3}},"loc":{"start":{"line":116,"column":14},"end":{"line":118,"column":3}},"line":116},"20":{"name":"(anonymous_20)","decl":{"start":{"line":120,"column":2},"end":{"line":120,"column":3}},"loc":{"start":{"line":120,"column":14},"end":{"line":122,"column":3}},"line":120},"21":{"name":"(anonymous_21)","decl":{"start":{"line":124,"column":2},"end":{"line":124,"column":3}},"loc":{"start":{"line":124,"column":22},"end":{"line":127,"column":3}},"line":124},"22":{"name":"(anonymous_22)","decl":{"start":{"line":129,"column":2},"end":{"line":129,"column":3}},"loc":{"start":{"line":129,"column":13},"end":{"line":132,"column":3}},"line":129}},"branchMap":{"0":{"loc":{"start":{"line":32,"column":4},"end":{"line":36,"column":5}},"type":"if","locations":[{"start":{"line":32,"column":4},"end":{"line":36,"column":5}},{"start":{"line":32,"column":4},"end":{"line":36,"column":5}}],"line":32},"1":{"loc":{"start":{"line":32,"column":8},"end":{"line":32,"column":38}},"type":"binary-expr","locations":[{"start":{"line":32,"column":8},"end":{"line":32,"column":19}},{"start":{"line":32,"column":23},"end":{"line":32,"column":38}}],"line":32},"2":{"loc":{"start":{"line":33,"column":6},"end":{"line":34,"column":34}},"type":"if","locations":[{"start":{"line":33,"column":6},"end":{"line":34,"column":34}},{"start":{"line":33,"column":6},"end":{"line":34,"column":34}}],"line":33},"3":{"loc":{"start":{"line":33,"column":10},"end":{"line":33,"column":43}},"type":"binary-expr","locations":[{"start":{"line":33,"column":10},"end":{"line":33,"column":24}},{"start":{"line":33,"column":28},"end":{"line":33,"column":43}}],"line":33},"4":{"loc":{"start":{"line":41,"column":4},"end":{"line":49,"column":25}},"type":"if","locations":[{"start":{"line":41,"column":4},"end":{"line":49,"column":25}},{"start":{"line":41,"column":4},"end":{"line":49,"column":25}}],"line":41},"5":{"loc":{"start":{"line":42,"column":6},"end":{"line":46,"column":30}},"type":"if","locations":[{"start":{"line":42,"column":6},"end":{"line":46,"column":30}},{"start":{"line":42,"column":6},"end":{"line":46,"column":30}}],"line":42},"6":{"loc":{"start":{"line":53,"column":4},"end":{"line":60,"column":5}},"type":"if","locations":[{"start":{"line":53,"column":4},"end":{"line":60,"column":5}},{"start":{"line":53,"column":4},"end":{"line":60,"column":5}}],"line":53},"7":{"loc":{"start":{"line":54,"column":6},"end":{"line":59,"column":7}},"type":"if","locations":[{"start":{"line":54,"column":6},"end":{"line":59,"column":7}},{"start":{"line":54,"column":6},"end":{"line":59,"column":7}}],"line":54},"8":{"loc":{"start":{"line":54,"column":10},"end":{"line":54,"column":52}},"type":"binary-expr","locations":[{"start":{"line":54,"column":10},"end":{"line":54,"column":33}},{"start":{"line":54,"column":37},"end":{"line":54,"column":52}}],"line":54},"9":{"loc":{"start":{"line":55,"column":8},"end":{"line":57,"column":9}},"type":"if","locations":[{"start":{"line":55,"column":8},"end":{"line":57,"column":9}},{"start":{"line":55,"column":8},"end":{"line":57,"column":9}}],"line":55},"10":{"loc":{"start":{"line":55,"column":12},"end":{"line":55,"column":57}},"type":"binary-expr","locations":[{"start":{"line":55,"column":12},"end":{"line":55,"column":38}},{"start":{"line":55,"column":42},"end":{"line":55,"column":57}}],"line":55}},"s":{"0":1,"1":1,"2":1,"3":1,"4":1,"5":1,"6":1,"7":1,"8":1,"9":1,"10":0,"11":0,"12":0,"13":0,"14":0,"15":0,"16":0,"17":0,"18":13,"19":11,"20":8,"21":3,"22":2,"23":4,"24":4,"25":4,"26":0,"27":0,"28":4,"29":4,"30":1,"31":0,"32":1,"33":3,"34":1,"35":6,"36":1,"37":1,"38":1,"39":2,"40":1,"41":10,"42":5,"43":1,"44":1,"45":0,"46":0,"47":1,"48":1,"49":0,"50":0,"51":0,"52":0},"f":{"0":1,"1":0,"2":0,"3":13,"4":4,"5":4,"6":1,"7":6,"8":1,"9":1,"10":1,"11":2,"12":1,"13":10,"14":5,"15":1,"16":1,"17":0,"18":0,"19":1,"20":1,"21":0,"22":0},"b":{"0":[11,2],"1":[13,13],"2":[8,3],"3":[11,11],"4":[4,0],"5":[4,0],"6":[4,0],"7":[1,3],"8":[4,4],"9":[0,1],"10":[1,1]},"_coverageSchema":"1a1c01bbd47fc00a2c39e90264f33305004495a9","hash":"146166498bc20e1dcb55af09b58aea9547aa5c4e","contentHash":"4aca3cd70f561c8320d6d395f36163bbfa87db15b765e57e538c56977bf44a6c"},"/Users/pbernier/Desktop/tetris/server/classes/Servers.js":{"path":"/Users/pbernier/Desktop/tetris/server/classes/Servers.js","statementMap":{"0":{"start":{"line":1,"column":17},"end":{"line":1,"column":43}},"1":{"start":{"line":2,"column":11},"end":{"line":2,"column":26}},"2":{"start":{"line":3,"column":17},"end":{"line":3,"column":37}},"3":{"start":{"line":5,"column":0},"end":{"line":99,"column":1}},"4":{"start":{"line":9,"column":4},"end":{"line":9,"column":33}},"5":{"start":{"line":10,"column":4},"end":{"line":10,"column":21}},"6":{"start":{"line":11,"column":4},"end":{"line":11,"column":17}},"7":{"start":{"line":19,"column":4},"end":{"line":19,"column":39}},"8":{"start":{"line":20,"column":4},"end":{"line":27,"column":7}},"9":{"start":{"line":28,"column":4},"end":{"line":28,"column":38}},"10":{"start":{"line":32,"column":4},"end":{"line":32,"column":24}},"11":{"start":{"line":36,"column":4},"end":{"line":36,"column":25}},"12":{"start":{"line":40,"column":4},"end":{"line":40,"column":21}},"13":{"start":{"line":45,"column":4},"end":{"line":49,"column":5}},"14":{"start":{"line":46,"column":6},"end":{"line":48,"column":7}},"15":{"start":{"line":47,"column":8},"end":{"line":47,"column":26}},"16":{"start":{"line":50,"column":4},"end":{"line":50,"column":20}},"17":{"start":{"line":54,"column":4},"end":{"line":95,"column":6}},"18":{"start":{"line":57,"column":6},"end":{"line":57,"column":30}},"19":{"start":{"line":60,"column":6},"end":{"line":63,"column":8}},"20":{"start":{"line":61,"column":8},"end":{"line":62,"column":46}},"21":{"start":{"line":62,"column":10},"end":{"line":62,"column":46}},"22":{"start":{"line":64,"column":6},"end":{"line":64,"column":92}},"23":{"start":{"line":64,"column":54},"end":{"line":64,"column":89}},"24":{"start":{"line":65,"column":6},"end":{"line":65,"column":98}},"25":{"start":{"line":65,"column":57},"end":{"line":65,"column":95}},"26":{"start":{"line":66,"column":6},"end":{"line":66,"column":100}},"27":{"start":{"line":66,"column":58},"end":{"line":66,"column":97}},"28":{"start":{"line":67,"column":6},"end":{"line":67,"column":78}},"29":{"start":{"line":67,"column":42},"end":{"line":67,"column":75}},"30":{"start":{"line":68,"column":6},"end":{"line":68,"column":110}},"31":{"start":{"line":68,"column":63},"end":{"line":68,"column":107}},"32":{"start":{"line":69,"column":6},"end":{"line":69,"column":90}},"33":{"start":{"line":69,"column":53},"end":{"line":69,"column":87}},"34":{"start":{"line":70,"column":6},"end":{"line":70,"column":90}},"35":{"start":{"line":70,"column":53},"end":{"line":70,"column":87}},"36":{"start":{"line":71,"column":6},"end":{"line":92,"column":9}},"37":{"start":{"line":72,"column":8},"end":{"line":72,"column":41}},"38":{"start":{"line":73,"column":8},"end":{"line":73,"column":49}},"39":{"start":{"line":94,"column":6},"end":{"line":94,"column":30}},"40":{"start":{"line":96,"column":4},"end":{"line":96,"column":32}},"41":{"start":{"line":97,"column":4},"end":{"line":97,"column":49}}},"fnMap":{"0":{"name":"(anonymous_0)","decl":{"start":{"line":6,"column":2},"end":{"line":6,"column":3}},"loc":{"start":{"line":6,"column":16},"end":{"line":12,"column":3}},"line":6},"1":{"name":"(anonymous_1)","decl":{"start":{"line":18,"column":2},"end":{"line":18,"column":3}},"loc":{"start":{"line":18,"column":16},"end":{"line":29,"column":3}},"line":18},"2":{"name":"(anonymous_2)","decl":{"start":{"line":31,"column":2},"end":{"line":31,"column":3}},"loc":{"start":{"line":31,"column":15},"end":{"line":33,"column":3}},"line":31},"3":{"name":"(anonymous_3)","decl":{"start":{"line":35,"column":2},"end":{"line":35,"column":3}},"loc":{"start":{"line":35,"column":18},"end":{"line":37,"column":3}},"line":35},"4":{"name":"(anonymous_4)","decl":{"start":{"line":39,"column":2},"end":{"line":39,"column":3}},"loc":{"start":{"line":39,"column":16},"end":{"line":41,"column":3}},"line":39},"5":{"name":"(anonymous_5)","decl":{"start":{"line":43,"column":2},"end":{"line":43,"column":3}},"loc":{"start":{"line":43,"column":25},"end":{"line":51,"column":3}},"line":43},"6":{"name":"(anonymous_6)","decl":{"start":{"line":53,"column":2},"end":{"line":53,"column":3}},"loc":{"start":{"line":53,"column":20},"end":{"line":98,"column":3}},"line":53},"7":{"name":"(anonymous_7)","decl":{"start":{"line":54,"column":30},"end":{"line":54,"column":31}},"loc":{"start":{"line":54,"column":42},"end":{"line":95,"column":5}},"line":54},"8":{"name":"(anonymous_8)","decl":{"start":{"line":60,"column":24},"end":{"line":60,"column":25}},"loc":{"start":{"line":60,"column":48},"end":{"line":63,"column":7}},"line":60},"9":{"name":"(anonymous_9)","decl":{"start":{"line":64,"column":30},"end":{"line":64,"column":31}},"loc":{"start":{"line":64,"column":52},"end":{"line":64,"column":91}},"line":64},"10":{"name":"(anonymous_10)","decl":{"start":{"line":65,"column":28},"end":{"line":65,"column":29}},"loc":{"start":{"line":65,"column":55},"end":{"line":65,"column":97}},"line":65},"11":{"name":"(anonymous_11)","decl":{"start":{"line":66,"column":29},"end":{"line":66,"column":30}},"loc":{"start":{"line":66,"column":56},"end":{"line":66,"column":99}},"line":66},"12":{"name":"(anonymous_12)","decl":{"start":{"line":67,"column":31},"end":{"line":67,"column":32}},"loc":{"start":{"line":67,"column":40},"end":{"line":67,"column":77}},"line":67},"13":{"name":"(anonymous_13)","decl":{"start":{"line":68,"column":34},"end":{"line":68,"column":35}},"loc":{"start":{"line":68,"column":61},"end":{"line":68,"column":109}},"line":68},"14":{"name":"(anonymous_14)","decl":{"start":{"line":69,"column":32},"end":{"line":69,"column":33}},"loc":{"start":{"line":69,"column":51},"end":{"line":69,"column":89}},"line":69},"15":{"name":"(anonymous_15)","decl":{"start":{"line":70,"column":32},"end":{"line":70,"column":33}},"loc":{"start":{"line":70,"column":51},"end":{"line":70,"column":89}},"line":70},"16":{"name":"(anonymous_16)","decl":{"start":{"line":71,"column":34},"end":{"line":71,"column":35}},"loc":{"start":{"line":71,"column":40},"end":{"line":92,"column":7}},"line":71}},"branchMap":{"0":{"loc":{"start":{"line":45,"column":4},"end":{"line":49,"column":5}},"type":"if","locations":[{"start":{"line":45,"column":4},"end":{"line":49,"column":5}},{"start":{"line":45,"column":4},"end":{"line":49,"column":5}}],"line":45},"1":{"loc":{"start":{"line":61,"column":8},"end":{"line":62,"column":46}},"type":"if","locations":[{"start":{"line":61,"column":8},"end":{"line":62,"column":46}},{"start":{"line":61,"column":8},"end":{"line":62,"column":46}}],"line":61}},"s":{"0":1,"1":1,"2":1,"3":1,"4":1,"5":1,"6":1,"7":1,"8":1,"9":1,"10":1,"11":1,"12":3,"13":1,"14":1,"15":2,"16":1,"17":1,"18":2,"19":2,"20":0,"21":0,"22":2,"23":0,"24":2,"25":0,"26":2,"27":0,"28":2,"29":0,"30":2,"31":0,"32":2,"33":0,"34":2,"35":0,"36":2,"37":0,"38":0,"39":2,"40":1,"41":1},"f":{"0":1,"1":1,"2":1,"3":1,"4":3,"5":1,"6":1,"7":2,"8":0,"9":0,"10":0,"11":0,"12":0,"13":0,"14":0,"15":0,"16":0},"b":{"0":[1,0],"1":[0,0]},"_coverageSchema":"1a1c01bbd47fc00a2c39e90264f33305004495a9","hash":"9492d787ed03379c7c3dd4e16e9abbaf0626423f","contentHash":"510231e0d09a37cbebbd223b854a5ce1d16414ae952d5a3ff7a91dfc9c8fabf1"},"/Users/pbernier/Desktop/tetris/server/utils.js":{"path":"/Users/pbernier/Desktop/tetris/server/utils.js","statementMap":{"0":{"start":{"line":1,"column":20},"end":{"line":3,"column":1}},"1":{"start":{"line":2,"column":2},"end":{"line":2,"column":50}},"2":{"start":{"line":5,"column":21},"end":{"line":10,"column":1}},"3":{"start":{"line":6,"column":12},"end":{"line":6,"column":25}},"4":{"start":{"line":7,"column":2},"end":{"line":8,"column":23}},"5":{"start":{"line":8,"column":4},"end":{"line":8,"column":23}},"6":{"start":{"line":9,"column":2},"end":{"line":9,"column":14}},"7":{"start":{"line":12,"column":27},"end":{"line":18,"column":1}},"8":{"start":{"line":13,"column":12},"end":{"line":13,"column":14}},"9":{"start":{"line":15,"column":2},"end":{"line":16,"column":19}},"10":{"start":{"line":16,"column":4},"end":{"line":16,"column":19}},"11":{"start":{"line":17,"column":2},"end":{"line":17,"column":12}},"12":{"start":{"line":20,"column":0},"end":{"line":20,"column":66}}},"fnMap":{"0":{"name":"(anonymous_0)","decl":{"start":{"line":1,"column":20},"end":{"line":1,"column":21}},"loc":{"start":{"line":1,"column":26},"end":{"line":3,"column":1}},"line":1},"1":{"name":"(anonymous_1)","decl":{"start":{"line":5,"column":21},"end":{"line":5,"column":22}},"loc":{"start":{"line":5,"column":36},"end":{"line":10,"column":1}},"line":5},"2":{"name":"(anonymous_2)","decl":{"start":{"line":12,"column":27},"end":{"line":12,"column":28}},"loc":{"start":{"line":12,"column":36},"end":{"line":18,"column":1}},"line":12}},"branchMap":{},"s":{"0":1,"1":5,"2":1,"3":5,"4":5,"5":0,"6":5,"7":1,"8":0,"9":0,"10":0,"11":0,"12":1},"f":{"0":5,"1":5,"2":0},"b":{},"_coverageSchema":"1a1c01bbd47fc00a2c39e90264f33305004495a9","hash":"6dca248b75b1a3f09e6653a38f5b317298fc5793","contentHash":"f691b36c4ba750be1264f25f5f24654d63787013e4e222783d9ec06d4fb4770d"},"/Users/pbernier/Desktop/tetris/server/server.js":{"path":"/Users/pbernier/Desktop/tetris/server/server.js","statementMap":{"0":{"start":{"line":1,"column":13},"end":{"line":1,"column":43}},"1":{"start":{"line":4,"column":13},"end":{"line":4,"column":25}},"2":{"start":{"line":6,"column":0},"end":{"line":6,"column":20}},"3":{"start":{"line":11,"column":0},"end":{"line":11,"column":23}}},"fnMap":{},"branchMap":{},"s":{"0":1,"1":1,"2":1,"3":1},"f":{},"b":{},"_coverageSchema":"1a1c01bbd47fc00a2c39e90264f33305004495a9","hash":"4c34e81ca1db94d40105861c8401a0045c01d6fa","contentHash":"a094031411460cc99cdd410ba40284b5e612e4932867d4ca3517725fe473a6f0"}}