{"/Users/rlecart/Desktop/TRAVAIL/42/red-tetris/server/classes/Game.js":{"path":"/Users/rlecart/Desktop/TRAVAIL/42/red-tetris/server/classes/Game.js","statementMap":{"0":{"start":{"line":1,"column":16},"end":{"line":1,"column":43}},"1":{"start":{"line":2,"column":18},"end":{"line":2,"column":57}},"2":{"start":{"line":4,"column":0},"end":{"line":142,"column":2}},"3":{"start":{"line":6,"column":4},"end":{"line":6,"column":47}},"4":{"start":{"line":7,"column":4},"end":{"line":7,"column":46}},"5":{"start":{"line":8,"column":4},"end":{"line":8,"column":47}},"6":{"start":{"line":9,"column":4},"end":{"line":9,"column":33}},"7":{"start":{"line":10,"column":4},"end":{"line":10,"column":37}},"8":{"start":{"line":11,"column":4},"end":{"line":11,"column":40}},"9":{"start":{"line":12,"column":4},"end":{"line":12,"column":38}},"10":{"start":{"line":13,"column":4},"end":{"line":13,"column":98}},"11":{"start":{"line":14,"column":4},"end":{"line":14,"column":23}},"12":{"start":{"line":15,"column":4},"end":{"line":15,"column":49}},"13":{"start":{"line":19,"column":4},"end":{"line":19,"column":25}},"14":{"start":{"line":23,"column":4},"end":{"line":27,"column":5}},"15":{"start":{"line":24,"column":6},"end":{"line":25,"column":35}},"16":{"start":{"line":25,"column":8},"end":{"line":25,"column":35}},"17":{"start":{"line":26,"column":6},"end":{"line":26,"column":30}},"18":{"start":{"line":28,"column":4},"end":{"line":28,"column":25}},"19":{"start":{"line":32,"column":4},"end":{"line":32,"column":24}},"20":{"start":{"line":36,"column":4},"end":{"line":43,"column":5}},"21":{"start":{"line":37,"column":6},"end":{"line":42,"column":7}},"22":{"start":{"line":38,"column":8},"end":{"line":40,"column":9}},"23":{"start":{"line":39,"column":10},"end":{"line":39,"column":49}},"24":{"start":{"line":41,"column":8},"end":{"line":41,"column":44}},"25":{"start":{"line":44,"column":4},"end":{"line":44,"column":37}},"26":{"start":{"line":48,"column":4},"end":{"line":48,"column":26}},"27":{"start":{"line":52,"column":4},"end":{"line":52,"column":28}},"28":{"start":{"line":56,"column":4},"end":{"line":56,"column":27}},"29":{"start":{"line":60,"column":4},"end":{"line":60,"column":27}},"30":{"start":{"line":64,"column":4},"end":{"line":64,"column":30}},"31":{"start":{"line":65,"column":4},"end":{"line":65,"column":48}},"32":{"start":{"line":66,"column":4},"end":{"line":66,"column":38}},"33":{"start":{"line":67,"column":4},"end":{"line":67,"column":44}},"34":{"start":{"line":68,"column":4},"end":{"line":68,"column":42}},"35":{"start":{"line":69,"column":4},"end":{"line":69,"column":28}},"36":{"start":{"line":70,"column":4},"end":{"line":70,"column":28}},"37":{"start":{"line":74,"column":4},"end":{"line":82,"column":26}},"38":{"start":{"line":75,"column":6},"end":{"line":79,"column":31}},"39":{"start":{"line":76,"column":8},"end":{"line":76,"column":34}},"40":{"start":{"line":79,"column":8},"end":{"line":79,"column":31}},"41":{"start":{"line":82,"column":6},"end":{"line":82,"column":26}},"42":{"start":{"line":86,"column":4},"end":{"line":86,"column":23}},"43":{"start":{"line":90,"column":4},"end":{"line":90,"column":36}},"44":{"start":{"line":94,"column":4},"end":{"line":94,"column":34}},"45":{"start":{"line":98,"column":4},"end":{"line":98,"column":27}},"46":{"start":{"line":102,"column":4},"end":{"line":102,"column":31}},"47":{"start":{"line":106,"column":4},"end":{"line":106,"column":27}},"48":{"start":{"line":110,"column":4},"end":{"line":110,"column":27}},"49":{"start":{"line":114,"column":4},"end":{"line":114,"column":27}},"50":{"start":{"line":118,"column":4},"end":{"line":118,"column":27}},"51":{"start":{"line":122,"column":4},"end":{"line":122,"column":26}},"52":{"start":{"line":126,"column":4},"end":{"line":126,"column":26}},"53":{"start":{"line":130,"column":4},"end":{"line":130,"column":29}},"54":{"start":{"line":131,"column":4},"end":{"line":131,"column":66}},"55":{"start":{"line":135,"column":4},"end":{"line":135,"column":65}},"56":{"start":{"line":136,"column":4},"end":{"line":136,"column":24}},"57":{"start":{"line":140,"column":4},"end":{"line":140,"column":34}}},"fnMap":{"0":{"name":"(anonymous_0)","decl":{"start":{"line":5,"column":2},"end":{"line":5,"column":3}},"loc":{"start":{"line":5,"column":32},"end":{"line":16,"column":3}},"line":5},"1":{"name":"(anonymous_1)","decl":{"start":{"line":18,"column":2},"end":{"line":18,"column":3}},"loc":{"start":{"line":18,"column":13},"end":{"line":20,"column":3}},"line":18},"2":{"name":"(anonymous_2)","decl":{"start":{"line":22,"column":2},"end":{"line":22,"column":3}},"loc":{"start":{"line":22,"column":17},"end":{"line":29,"column":3}},"line":22},"3":{"name":"(anonymous_3)","decl":{"start":{"line":31,"column":2},"end":{"line":31,"column":3}},"loc":{"start":{"line":31,"column":12},"end":{"line":33,"column":3}},"line":31},"4":{"name":"(anonymous_4)","decl":{"start":{"line":35,"column":2},"end":{"line":35,"column":3}},"loc":{"start":{"line":35,"column":23},"end":{"line":45,"column":3}},"line":35},"5":{"name":"(anonymous_5)","decl":{"start":{"line":47,"column":2},"end":{"line":47,"column":3}},"loc":{"start":{"line":47,"column":14},"end":{"line":49,"column":3}},"line":47},"6":{"name":"(anonymous_6)","decl":{"start":{"line":51,"column":2},"end":{"line":51,"column":3}},"loc":{"start":{"line":51,"column":10},"end":{"line":53,"column":3}},"line":51},"7":{"name":"(anonymous_7)","decl":{"start":{"line":55,"column":2},"end":{"line":55,"column":3}},"loc":{"start":{"line":55,"column":9},"end":{"line":57,"column":3}},"line":55},"8":{"name":"(anonymous_8)","decl":{"start":{"line":59,"column":2},"end":{"line":59,"column":3}},"loc":{"start":{"line":59,"column":9},"end":{"line":61,"column":3}},"line":59},"9":{"name":"(anonymous_9)","decl":{"start":{"line":63,"column":2},"end":{"line":63,"column":3}},"loc":{"start":{"line":63,"column":18},"end":{"line":71,"column":3}},"line":63},"10":{"name":"(anonymous_10)","decl":{"start":{"line":73,"column":2},"end":{"line":73,"column":3}},"loc":{"start":{"line":73,"column":24},"end":{"line":83,"column":3}},"line":73},"11":{"name":"(anonymous_11)","decl":{"start":{"line":85,"column":2},"end":{"line":85,"column":3}},"loc":{"start":{"line":85,"column":16},"end":{"line":87,"column":3}},"line":85},"12":{"name":"(anonymous_12)","decl":{"start":{"line":89,"column":2},"end":{"line":89,"column":3}},"loc":{"start":{"line":89,"column":24},"end":{"line":91,"column":3}},"line":89},"13":{"name":"(anonymous_13)","decl":{"start":{"line":93,"column":2},"end":{"line":93,"column":3}},"loc":{"start":{"line":93,"column":22},"end":{"line":95,"column":3}},"line":93},"14":{"name":"(anonymous_14)","decl":{"start":{"line":97,"column":2},"end":{"line":97,"column":3}},"loc":{"start":{"line":97,"column":15},"end":{"line":99,"column":3}},"line":97},"15":{"name":"(anonymous_15)","decl":{"start":{"line":101,"column":2},"end":{"line":101,"column":3}},"loc":{"start":{"line":101,"column":19},"end":{"line":103,"column":3}},"line":101},"16":{"name":"(anonymous_16)","decl":{"start":{"line":105,"column":2},"end":{"line":105,"column":3}},"loc":{"start":{"line":105,"column":14},"end":{"line":107,"column":3}},"line":105},"17":{"name":"(anonymous_17)","decl":{"start":{"line":109,"column":2},"end":{"line":109,"column":3}},"loc":{"start":{"line":109,"column":14},"end":{"line":111,"column":3}},"line":109},"18":{"name":"(anonymous_18)","decl":{"start":{"line":113,"column":2},"end":{"line":113,"column":3}},"loc":{"start":{"line":113,"column":14},"end":{"line":115,"column":3}},"line":113},"19":{"name":"(anonymous_19)","decl":{"start":{"line":117,"column":2},"end":{"line":117,"column":3}},"loc":{"start":{"line":117,"column":14},"end":{"line":119,"column":3}},"line":117},"20":{"name":"(anonymous_20)","decl":{"start":{"line":121,"column":2},"end":{"line":121,"column":3}},"loc":{"start":{"line":121,"column":14},"end":{"line":123,"column":3}},"line":121},"21":{"name":"(anonymous_21)","decl":{"start":{"line":125,"column":2},"end":{"line":125,"column":3}},"loc":{"start":{"line":125,"column":14},"end":{"line":127,"column":3}},"line":125},"22":{"name":"(anonymous_22)","decl":{"start":{"line":129,"column":2},"end":{"line":129,"column":3}},"loc":{"start":{"line":129,"column":22},"end":{"line":132,"column":3}},"line":129},"23":{"name":"(anonymous_23)","decl":{"start":{"line":134,"column":2},"end":{"line":134,"column":3}},"loc":{"start":{"line":134,"column":13},"end":{"line":137,"column":3}},"line":134},"24":{"name":"(anonymous_24)","decl":{"start":{"line":139,"column":2},"end":{"line":139,"column":3}},"loc":{"start":{"line":139,"column":21},"end":{"line":141,"column":3}},"line":139}},"branchMap":{"0":{"loc":{"start":{"line":23,"column":4},"end":{"line":27,"column":5}},"type":"if","locations":[{"start":{"line":23,"column":4},"end":{"line":27,"column":5}},{"start":{"line":23,"column":4},"end":{"line":27,"column":5}}],"line":23},"1":{"loc":{"start":{"line":23,"column":8},"end":{"line":23,"column":38}},"type":"binary-expr","locations":[{"start":{"line":23,"column":8},"end":{"line":23,"column":19}},{"start":{"line":23,"column":23},"end":{"line":23,"column":38}}],"line":23},"2":{"loc":{"start":{"line":24,"column":6},"end":{"line":25,"column":35}},"type":"if","locations":[{"start":{"line":24,"column":6},"end":{"line":25,"column":35}},{"start":{"line":24,"column":6},"end":{"line":25,"column":35}}],"line":24},"3":{"loc":{"start":{"line":24,"column":10},"end":{"line":24,"column":43}},"type":"binary-expr","locations":[{"start":{"line":24,"column":10},"end":{"line":24,"column":24}},{"start":{"line":24,"column":28},"end":{"line":24,"column":43}}],"line":24},"4":{"loc":{"start":{"line":36,"column":4},"end":{"line":43,"column":5}},"type":"if","locations":[{"start":{"line":36,"column":4},"end":{"line":43,"column":5}},{"start":{"line":36,"column":4},"end":{"line":43,"column":5}}],"line":36},"5":{"loc":{"start":{"line":37,"column":6},"end":{"line":42,"column":7}},"type":"if","locations":[{"start":{"line":37,"column":6},"end":{"line":42,"column":7}},{"start":{"line":37,"column":6},"end":{"line":42,"column":7}}],"line":37},"6":{"loc":{"start":{"line":37,"column":10},"end":{"line":37,"column":52}},"type":"binary-expr","locations":[{"start":{"line":37,"column":10},"end":{"line":37,"column":33}},{"start":{"line":37,"column":37},"end":{"line":37,"column":52}}],"line":37},"7":{"loc":{"start":{"line":38,"column":8},"end":{"line":40,"column":9}},"type":"if","locations":[{"start":{"line":38,"column":8},"end":{"line":40,"column":9}},{"start":{"line":38,"column":8},"end":{"line":40,"column":9}}],"line":38},"8":{"loc":{"start":{"line":38,"column":12},"end":{"line":38,"column":57}},"type":"binary-expr","locations":[{"start":{"line":38,"column":12},"end":{"line":38,"column":38}},{"start":{"line":38,"column":42},"end":{"line":38,"column":57}}],"line":38},"9":{"loc":{"start":{"line":74,"column":4},"end":{"line":82,"column":26}},"type":"if","locations":[{"start":{"line":74,"column":4},"end":{"line":82,"column":26}},{"start":{"line":74,"column":4},"end":{"line":82,"column":26}}],"line":74},"10":{"loc":{"start":{"line":75,"column":6},"end":{"line":79,"column":31}},"type":"if","locations":[{"start":{"line":75,"column":6},"end":{"line":79,"column":31}},{"start":{"line":75,"column":6},"end":{"line":79,"column":31}}],"line":75}},"s":{"0":0,"1":0,"2":0,"3":0,"4":0,"5":0,"6":0,"7":0,"8":0,"9":0,"10":0,"11":0,"12":0,"13":0,"14":0,"15":0,"16":0,"17":0,"18":0,"19":0,"20":0,"21":0,"22":0,"23":0,"24":0,"25":0,"26":0,"27":0,"28":0,"29":0,"30":0,"31":0,"32":0,"33":0,"34":0,"35":0,"36":0,"37":0,"38":0,"39":0,"40":0,"41":0,"42":0,"43":0,"44":0,"45":0,"46":0,"47":0,"48":0,"49":0,"50":0,"51":0,"52":0,"53":0,"54":0,"55":0,"56":0,"57":0},"f":{"0":0,"1":0,"2":0,"3":0,"4":0,"5":0,"6":0,"7":0,"8":0,"9":0,"10":0,"11":0,"12":0,"13":0,"14":0,"15":0,"16":0,"17":0,"18":0,"19":0,"20":0,"21":0,"22":0,"23":0,"24":0},"b":{"0":[0,0],"1":[0,0],"2":[0,0],"3":[0,0],"4":[0,0],"5":[0,0],"6":[0,0],"7":[0,0],"8":[0,0],"9":[0,0],"10":[0,0]},"all":true},"/Users/rlecart/Desktop/TRAVAIL/42/red-tetris/server/classes/Master.js":{"path":"/Users/rlecart/Desktop/TRAVAIL/42/red-tetris/server/classes/Master.js","statementMap":{"0":{"start":{"line":1,"column":11},"end":{"line":1,"column":31}},"1":{"start":{"line":2,"column":17},"end":{"line":2,"column":40}},"2":{"start":{"line":3,"column":23},"end":{"line":3,"column":45}},"3":{"start":{"line":4,"column":18},"end":{"line":4,"column":42}},"4":{"start":{"line":6,"column":8},"end":{"line":6,"column":25}},"5":{"start":{"line":8,"column":0},"end":{"line":230,"column":2}},"6":{"start":{"line":10,"column":4},"end":{"line":10,"column":25}},"7":{"start":{"line":11,"column":4},"end":{"line":11,"column":29}},"8":{"start":{"line":12,"column":4},"end":{"line":12,"column":22}},"9":{"start":{"line":16,"column":4},"end":{"line":16,"column":40}},"10":{"start":{"line":17,"column":4},"end":{"line":17,"column":31}},"11":{"start":{"line":18,"column":4},"end":{"line":18,"column":33}},"12":{"start":{"line":23,"column":4},"end":{"line":23,"column":52}},"13":{"start":{"line":24,"column":4},"end":{"line":24,"column":30}},"14":{"start":{"line":25,"column":4},"end":{"line":25,"column":29}},"15":{"start":{"line":30,"column":4},"end":{"line":30,"column":26}},"16":{"start":{"line":34,"column":4},"end":{"line":34,"column":29}},"17":{"start":{"line":38,"column":4},"end":{"line":39,"column":36}},"18":{"start":{"line":39,"column":6},"end":{"line":39,"column":36}},"19":{"start":{"line":43,"column":4},"end":{"line":44,"column":41}},"20":{"start":{"line":44,"column":6},"end":{"line":44,"column":41}},"21":{"start":{"line":45,"column":4},"end":{"line":45,"column":33}},"22":{"start":{"line":49,"column":4},"end":{"line":49,"column":43}},"23":{"start":{"line":55,"column":4},"end":{"line":61,"column":5}},"24":{"start":{"line":56,"column":6},"end":{"line":60,"column":7}},"25":{"start":{"line":57,"column":8},"end":{"line":57,"column":33}},"26":{"start":{"line":58,"column":8},"end":{"line":59,"column":24}},"27":{"start":{"line":59,"column":10},"end":{"line":59,"column":24}},"28":{"start":{"line":62,"column":4},"end":{"line":62,"column":23}},"29":{"start":{"line":69,"column":4},"end":{"line":72,"column":5}},"30":{"start":{"line":70,"column":6},"end":{"line":71,"column":52}},"31":{"start":{"line":71,"column":8},"end":{"line":71,"column":52}},"32":{"start":{"line":73,"column":4},"end":{"line":73,"column":17}},"33":{"start":{"line":77,"column":4},"end":{"line":82,"column":5}},"34":{"start":{"line":78,"column":6},"end":{"line":81,"column":7}},"35":{"start":{"line":79,"column":8},"end":{"line":80,"column":24}},"36":{"start":{"line":80,"column":10},"end":{"line":80,"column":24}},"37":{"start":{"line":83,"column":4},"end":{"line":83,"column":19}},"38":{"start":{"line":87,"column":4},"end":{"line":87,"column":68}},"39":{"start":{"line":91,"column":4},"end":{"line":91,"column":42}},"40":{"start":{"line":95,"column":4},"end":{"line":95,"column":74}},"41":{"start":{"line":99,"column":4},"end":{"line":102,"column":5}},"42":{"start":{"line":100,"column":6},"end":{"line":100,"column":47}},"43":{"start":{"line":101,"column":6},"end":{"line":101,"column":41}},"44":{"start":{"line":108,"column":4},"end":{"line":115,"column":5}},"45":{"start":{"line":109,"column":6},"end":{"line":110,"column":48}},"46":{"start":{"line":110,"column":8},"end":{"line":110,"column":48}},"47":{"start":{"line":111,"column":6},"end":{"line":111,"column":28}},"48":{"start":{"line":112,"column":6},"end":{"line":112,"column":53}},"49":{"start":{"line":113,"column":6},"end":{"line":113,"column":28}},"50":{"start":{"line":114,"column":6},"end":{"line":114,"column":58}},"51":{"start":{"line":121,"column":4},"end":{"line":132,"column":5}},"52":{"start":{"line":122,"column":6},"end":{"line":123,"column":48}},"53":{"start":{"line":123,"column":8},"end":{"line":123,"column":48}},"54":{"start":{"line":124,"column":6},"end":{"line":131,"column":7}},"55":{"start":{"line":125,"column":8},"end":{"line":125,"column":41}},"56":{"start":{"line":126,"column":8},"end":{"line":126,"column":44}},"57":{"start":{"line":127,"column":8},"end":{"line":127,"column":47}},"58":{"start":{"line":128,"column":8},"end":{"line":128,"column":70}},"59":{"start":{"line":129,"column":8},"end":{"line":129,"column":17}},"60":{"start":{"line":138,"column":4},"end":{"line":145,"column":5}},"61":{"start":{"line":139,"column":6},"end":{"line":139,"column":34}},"62":{"start":{"line":140,"column":6},"end":{"line":142,"column":7}},"63":{"start":{"line":141,"column":8},"end":{"line":141,"column":29}},"64":{"start":{"line":143,"column":6},"end":{"line":144,"column":14}},"65":{"start":{"line":144,"column":8},"end":{"line":144,"column":14}},"66":{"start":{"line":149,"column":14},"end":{"line":149,"column":27}},"67":{"start":{"line":152,"column":4},"end":{"line":155,"column":5}},"68":{"start":{"line":153,"column":6},"end":{"line":154,"column":30}},"69":{"start":{"line":154,"column":8},"end":{"line":154,"column":30}},"70":{"start":{"line":156,"column":4},"end":{"line":156,"column":20}},"71":{"start":{"line":157,"column":4},"end":{"line":157,"column":37}},"72":{"start":{"line":158,"column":4},"end":{"line":158,"column":32}},"73":{"start":{"line":163,"column":15},"end":{"line":163,"column":17}},"74":{"start":{"line":165,"column":4},"end":{"line":166,"column":31}},"75":{"start":{"line":166,"column":6},"end":{"line":166,"column":31}},"76":{"start":{"line":167,"column":4},"end":{"line":168,"column":12}},"77":{"start":{"line":168,"column":6},"end":{"line":168,"column":12}},"78":{"start":{"line":172,"column":15},"end":{"line":172,"column":17}},"79":{"start":{"line":174,"column":4},"end":{"line":175,"column":35}},"80":{"start":{"line":175,"column":6},"end":{"line":175,"column":35}},"81":{"start":{"line":176,"column":4},"end":{"line":177,"column":12}},"82":{"start":{"line":177,"column":6},"end":{"line":177,"column":12}},"83":{"start":{"line":181,"column":12},"end":{"line":181,"column":13}},"84":{"start":{"line":183,"column":4},"end":{"line":184,"column":10}},"85":{"start":{"line":184,"column":6},"end":{"line":184,"column":10}},"86":{"start":{"line":185,"column":4},"end":{"line":186,"column":18}},"87":{"start":{"line":186,"column":6},"end":{"line":186,"column":18}},"88":{"start":{"line":187,"column":4},"end":{"line":187,"column":17}},"89":{"start":{"line":193,"column":4},"end":{"line":201,"column":112}},"90":{"start":{"line":194,"column":6},"end":{"line":194,"column":37}},"91":{"start":{"line":195,"column":6},"end":{"line":196,"column":54}},"92":{"start":{"line":196,"column":8},"end":{"line":196,"column":54}},"93":{"start":{"line":197,"column":6},"end":{"line":198,"column":14}},"94":{"start":{"line":198,"column":8},"end":{"line":198,"column":14}},"95":{"start":{"line":200,"column":9},"end":{"line":201,"column":112}},"96":{"start":{"line":201,"column":6},"end":{"line":201,"column":112}},"97":{"start":{"line":205,"column":15},"end":{"line":205,"column":17}},"98":{"start":{"line":206,"column":17},"end":{"line":206,"column":19}},"99":{"start":{"line":207,"column":15},"end":{"line":207,"column":17}},"100":{"start":{"line":209,"column":4},"end":{"line":214,"column":5}},"101":{"start":{"line":210,"column":6},"end":{"line":211,"column":31}},"102":{"start":{"line":211,"column":8},"end":{"line":211,"column":31}},"103":{"start":{"line":212,"column":6},"end":{"line":213,"column":14}},"104":{"start":{"line":213,"column":8},"end":{"line":213,"column":14}},"105":{"start":{"line":218,"column":15},"end":{"line":218,"column":17}},"106":{"start":{"line":219,"column":18},"end":{"line":219,"column":20}},"107":{"start":{"line":221,"column":4},"end":{"line":228,"column":5}},"108":{"start":{"line":222,"column":6},"end":{"line":224,"column":7}},"109":{"start":{"line":223,"column":8},"end":{"line":223,"column":96}},"110":{"start":{"line":225,"column":6},"end":{"line":225,"column":28}},"111":{"start":{"line":226,"column":6},"end":{"line":227,"column":14}},"112":{"start":{"line":227,"column":8},"end":{"line":227,"column":14}}},"fnMap":{"0":{"name":"(anonymous_0)","decl":{"start":{"line":9,"column":2},"end":{"line":9,"column":3}},"loc":{"start":{"line":9,"column":16},"end":{"line":13,"column":3}},"line":9},"1":{"name":"(anonymous_1)","decl":{"start":{"line":15,"column":2},"end":{"line":15,"column":3}},"loc":{"start":{"line":15,"column":16},"end":{"line":20,"column":3}},"line":15},"2":{"name":"(anonymous_2)","decl":{"start":{"line":22,"column":2},"end":{"line":22,"column":3}},"loc":{"start":{"line":22,"column":15},"end":{"line":27,"column":3}},"line":22},"3":{"name":"(anonymous_3)","decl":{"start":{"line":29,"column":2},"end":{"line":29,"column":3}},"loc":{"start":{"line":29,"column":14},"end":{"line":31,"column":3}},"line":29},"4":{"name":"(anonymous_4)","decl":{"start":{"line":33,"column":2},"end":{"line":33,"column":3}},"loc":{"start":{"line":33,"column":17},"end":{"line":35,"column":3}},"line":33},"5":{"name":"(anonymous_5)","decl":{"start":{"line":37,"column":2},"end":{"line":37,"column":3}},"loc":{"start":{"line":37,"column":15},"end":{"line":40,"column":3}},"line":37},"6":{"name":"(anonymous_6)","decl":{"start":{"line":42,"column":2},"end":{"line":42,"column":3}},"loc":{"start":{"line":42,"column":19},"end":{"line":46,"column":3}},"line":42},"7":{"name":"(anonymous_7)","decl":{"start":{"line":48,"column":2},"end":{"line":48,"column":3}},"loc":{"start":{"line":48,"column":18},"end":{"line":50,"column":3}},"line":48},"8":{"name":"(anonymous_8)","decl":{"start":{"line":52,"column":2},"end":{"line":52,"column":3}},"loc":{"start":{"line":52,"column":26},"end":{"line":63,"column":3}},"line":52},"9":{"name":"(anonymous_9)","decl":{"start":{"line":65,"column":2},"end":{"line":65,"column":3}},"loc":{"start":{"line":65,"column":26},"end":{"line":74,"column":3}},"line":65},"10":{"name":"(anonymous_10)","decl":{"start":{"line":76,"column":2},"end":{"line":76,"column":3}},"loc":{"start":{"line":76,"column":21},"end":{"line":84,"column":3}},"line":76},"11":{"name":"(anonymous_11)","decl":{"start":{"line":86,"column":2},"end":{"line":86,"column":3}},"loc":{"start":{"line":86,"column":19},"end":{"line":88,"column":3}},"line":86},"12":{"name":"(anonymous_12)","decl":{"start":{"line":90,"column":2},"end":{"line":90,"column":3}},"loc":{"start":{"line":90,"column":25},"end":{"line":92,"column":3}},"line":90},"13":{"name":"(anonymous_13)","decl":{"start":{"line":94,"column":2},"end":{"line":94,"column":3}},"loc":{"start":{"line":94,"column":20},"end":{"line":96,"column":3}},"line":94},"14":{"name":"(anonymous_14)","decl":{"start":{"line":98,"column":2},"end":{"line":98,"column":3}},"loc":{"start":{"line":98,"column":20},"end":{"line":103,"column":3}},"line":98},"15":{"name":"(anonymous_15)","decl":{"start":{"line":105,"column":2},"end":{"line":105,"column":3}},"loc":{"start":{"line":105,"column":36},"end":{"line":116,"column":3}},"line":105},"16":{"name":"(anonymous_16)","decl":{"start":{"line":118,"column":2},"end":{"line":118,"column":3}},"loc":{"start":{"line":118,"column":39},"end":{"line":133,"column":3}},"line":118},"17":{"name":"(anonymous_17)","decl":{"start":{"line":135,"column":2},"end":{"line":135,"column":3}},"loc":{"start":{"line":135,"column":32},"end":{"line":146,"column":3}},"line":135},"18":{"name":"(anonymous_18)","decl":{"start":{"line":148,"column":2},"end":{"line":148,"column":3}},"loc":{"start":{"line":148,"column":18},"end":{"line":160,"column":3}},"line":148},"19":{"name":"(anonymous_19)","decl":{"start":{"line":162,"column":2},"end":{"line":162,"column":3}},"loc":{"start":{"line":162,"column":37},"end":{"line":169,"column":3}},"line":162},"20":{"name":"(anonymous_20)","decl":{"start":{"line":171,"column":2},"end":{"line":171,"column":3}},"loc":{"start":{"line":171,"column":35},"end":{"line":178,"column":3}},"line":171},"21":{"name":"(anonymous_21)","decl":{"start":{"line":180,"column":2},"end":{"line":180,"column":3}},"loc":{"start":{"line":180,"column":36},"end":{"line":188,"column":3}},"line":180},"22":{"name":"(anonymous_22)","decl":{"start":{"line":190,"column":2},"end":{"line":190,"column":3}},"loc":{"start":{"line":190,"column":35},"end":{"line":202,"column":3}},"line":190},"23":{"name":"(anonymous_23)","decl":{"start":{"line":204,"column":2},"end":{"line":204,"column":3}},"loc":{"start":{"line":204,"column":37},"end":{"line":215,"column":3}},"line":204},"24":{"name":"(anonymous_24)","decl":{"start":{"line":217,"column":2},"end":{"line":217,"column":3}},"loc":{"start":{"line":217,"column":45},"end":{"line":229,"column":3}},"line":217}},"branchMap":{"0":{"loc":{"start":{"line":38,"column":4},"end":{"line":39,"column":36}},"type":"if","locations":[{"start":{"line":38,"column":4},"end":{"line":39,"column":36}},{"start":{"line":38,"column":4},"end":{"line":39,"column":36}}],"line":38},"1":{"loc":{"start":{"line":38,"column":8},"end":{"line":38,"column":96}},"type":"binary-expr","locations":[{"start":{"line":38,"column":8},"end":{"line":38,"column":25}},{"start":{"line":38,"column":29},"end":{"line":38,"column":58}},{"start":{"line":38,"column":62},"end":{"line":38,"column":96}}],"line":38},"2":{"loc":{"start":{"line":43,"column":4},"end":{"line":44,"column":41}},"type":"if","locations":[{"start":{"line":43,"column":4},"end":{"line":44,"column":41}},{"start":{"line":43,"column":4},"end":{"line":44,"column":41}}],"line":43},"3":{"loc":{"start":{"line":55,"column":4},"end":{"line":61,"column":5}},"type":"if","locations":[{"start":{"line":55,"column":4},"end":{"line":61,"column":5}},{"start":{"line":55,"column":4},"end":{"line":61,"column":5}}],"line":55},"4":{"loc":{"start":{"line":58,"column":8},"end":{"line":59,"column":24}},"type":"if","locations":[{"start":{"line":58,"column":8},"end":{"line":59,"column":24}},{"start":{"line":58,"column":8},"end":{"line":59,"column":24}}],"line":58},"5":{"loc":{"start":{"line":69,"column":4},"end":{"line":72,"column":5}},"type":"if","locations":[{"start":{"line":69,"column":4},"end":{"line":72,"column":5}},{"start":{"line":69,"column":4},"end":{"line":72,"column":5}}],"line":69},"6":{"loc":{"start":{"line":69,"column":8},"end":{"line":69,"column":59}},"type":"binary-expr","locations":[{"start":{"line":69,"column":9},"end":{"line":69,"column":33}},{"start":{"line":69,"column":38},"end":{"line":69,"column":59}}],"line":69},"7":{"loc":{"start":{"line":77,"column":4},"end":{"line":82,"column":5}},"type":"if","locations":[{"start":{"line":77,"column":4},"end":{"line":82,"column":5}},{"start":{"line":77,"column":4},"end":{"line":82,"column":5}}],"line":77},"8":{"loc":{"start":{"line":79,"column":8},"end":{"line":80,"column":24}},"type":"if","locations":[{"start":{"line":79,"column":8},"end":{"line":80,"column":24}},{"start":{"line":79,"column":8},"end":{"line":80,"column":24}}],"line":79},"9":{"loc":{"start":{"line":99,"column":4},"end":{"line":102,"column":5}},"type":"if","locations":[{"start":{"line":99,"column":4},"end":{"line":102,"column":5}},{"start":{"line":99,"column":4},"end":{"line":102,"column":5}}],"line":99},"10":{"loc":{"start":{"line":108,"column":4},"end":{"line":115,"column":5}},"type":"if","locations":[{"start":{"line":108,"column":4},"end":{"line":115,"column":5}},{"start":{"line":108,"column":4},"end":{"line":115,"column":5}}],"line":108},"11":{"loc":{"start":{"line":108,"column":8},"end":{"line":108,"column":155}},"type":"binary-expr","locations":[{"start":{"line":108,"column":8},"end":{"line":108,"column":14}},{"start":{"line":108,"column":18},"end":{"line":108,"column":38}},{"start":{"line":108,"column":42},"end":{"line":108,"column":53}},{"start":{"line":108,"column":57},"end":{"line":108,"column":82}},{"start":{"line":108,"column":86},"end":{"line":108,"column":108}},{"start":{"line":108,"column":112},"end":{"line":108,"column":134}},{"start":{"line":108,"column":138},"end":{"line":108,"column":155}}],"line":108},"12":{"loc":{"start":{"line":109,"column":6},"end":{"line":110,"column":48}},"type":"if","locations":[{"start":{"line":109,"column":6},"end":{"line":110,"column":48}},{"start":{"line":109,"column":6},"end":{"line":110,"column":48}}],"line":109},"13":{"loc":{"start":{"line":109,"column":10},"end":{"line":109,"column":80}},"type":"binary-expr","locations":[{"start":{"line":109,"column":10},"end":{"line":109,"column":33}},{"start":{"line":109,"column":38},"end":{"line":109,"column":79}}],"line":109},"14":{"loc":{"start":{"line":121,"column":4},"end":{"line":132,"column":5}},"type":"if","locations":[{"start":{"line":121,"column":4},"end":{"line":132,"column":5}},{"start":{"line":121,"column":4},"end":{"line":132,"column":5}}],"line":121},"15":{"loc":{"start":{"line":121,"column":8},"end":{"line":121,"column":53}},"type":"binary-expr","locations":[{"start":{"line":121,"column":8},"end":{"line":121,"column":14}},{"start":{"line":121,"column":18},"end":{"line":121,"column":38}},{"start":{"line":121,"column":42},"end":{"line":121,"column":53}}],"line":121},"16":{"loc":{"start":{"line":122,"column":6},"end":{"line":123,"column":48}},"type":"if","locations":[{"start":{"line":122,"column":6},"end":{"line":123,"column":48}},{"start":{"line":122,"column":6},"end":{"line":123,"column":48}}],"line":122},"17":{"loc":{"start":{"line":122,"column":10},"end":{"line":122,"column":80}},"type":"binary-expr","locations":[{"start":{"line":122,"column":10},"end":{"line":122,"column":33}},{"start":{"line":122,"column":38},"end":{"line":122,"column":79}}],"line":122},"18":{"loc":{"start":{"line":124,"column":6},"end":{"line":131,"column":7}},"type":"if","locations":[{"start":{"line":124,"column":6},"end":{"line":131,"column":7}},{"start":{"line":124,"column":6},"end":{"line":131,"column":7}}],"line":124},"19":{"loc":{"start":{"line":124,"column":10},"end":{"line":124,"column":90}},"type":"binary-expr","locations":[{"start":{"line":124,"column":11},"end":{"line":124,"column":35}},{"start":{"line":124,"column":40},"end":{"line":124,"column":64}},{"start":{"line":124,"column":68},"end":{"line":124,"column":90}}],"line":124},"20":{"loc":{"start":{"line":138,"column":4},"end":{"line":145,"column":5}},"type":"if","locations":[{"start":{"line":138,"column":4},"end":{"line":145,"column":5}},{"start":{"line":138,"column":4},"end":{"line":145,"column":5}}],"line":138},"21":{"loc":{"start":{"line":138,"column":8},"end":{"line":138,"column":67}},"type":"binary-expr","locations":[{"start":{"line":138,"column":9},"end":{"line":138,"column":33}},{"start":{"line":138,"column":38},"end":{"line":138,"column":67}}],"line":138},"22":{"loc":{"start":{"line":140,"column":6},"end":{"line":142,"column":7}},"type":"if","locations":[{"start":{"line":140,"column":6},"end":{"line":142,"column":7}},{"start":{"line":140,"column":6},"end":{"line":142,"column":7}}],"line":140},"23":{"loc":{"start":{"line":143,"column":6},"end":{"line":144,"column":14}},"type":"if","locations":[{"start":{"line":143,"column":6},"end":{"line":144,"column":14}},{"start":{"line":143,"column":6},"end":{"line":144,"column":14}}],"line":143},"24":{"loc":{"start":{"line":152,"column":4},"end":{"line":155,"column":5}},"type":"if","locations":[{"start":{"line":152,"column":4},"end":{"line":155,"column":5}},{"start":{"line":152,"column":4},"end":{"line":155,"column":5}}],"line":152},"25":{"loc":{"start":{"line":165,"column":4},"end":{"line":166,"column":31}},"type":"if","locations":[{"start":{"line":165,"column":4},"end":{"line":166,"column":31}},{"start":{"line":165,"column":4},"end":{"line":166,"column":31}}],"line":165},"26":{"loc":{"start":{"line":165,"column":8},"end":{"line":165,"column":89}},"type":"binary-expr","locations":[{"start":{"line":165,"column":9},"end":{"line":165,"column":33}},{"start":{"line":165,"column":38},"end":{"line":165,"column":60}},{"start":{"line":165,"column":64},"end":{"line":165,"column":89}}],"line":165},"27":{"loc":{"start":{"line":167,"column":4},"end":{"line":168,"column":12}},"type":"if","locations":[{"start":{"line":167,"column":4},"end":{"line":168,"column":12}},{"start":{"line":167,"column":4},"end":{"line":168,"column":12}}],"line":167},"28":{"loc":{"start":{"line":174,"column":4},"end":{"line":175,"column":35}},"type":"if","locations":[{"start":{"line":174,"column":4},"end":{"line":175,"column":35}},{"start":{"line":174,"column":4},"end":{"line":175,"column":35}}],"line":174},"29":{"loc":{"start":{"line":176,"column":4},"end":{"line":177,"column":12}},"type":"if","locations":[{"start":{"line":176,"column":4},"end":{"line":177,"column":12}},{"start":{"line":176,"column":4},"end":{"line":177,"column":12}}],"line":176},"30":{"loc":{"start":{"line":185,"column":4},"end":{"line":186,"column":18}},"type":"if","locations":[{"start":{"line":185,"column":4},"end":{"line":186,"column":18}},{"start":{"line":185,"column":4},"end":{"line":186,"column":18}}],"line":185},"31":{"loc":{"start":{"line":193,"column":4},"end":{"line":201,"column":112}},"type":"if","locations":[{"start":{"line":193,"column":4},"end":{"line":201,"column":112}},{"start":{"line":193,"column":4},"end":{"line":201,"column":112}}],"line":193},"32":{"loc":{"start":{"line":193,"column":8},"end":{"line":193,"column":135}},"type":"binary-expr","locations":[{"start":{"line":193,"column":8},"end":{"line":193,"column":11}},{"start":{"line":193,"column":15},"end":{"line":193,"column":23}},{"start":{"line":193,"column":28},"end":{"line":193,"column":52}},{"start":{"line":193,"column":57},"end":{"line":193,"column":86}},{"start":{"line":193,"column":90},"end":{"line":193,"column":115}},{"start":{"line":193,"column":119},"end":{"line":193,"column":135}}],"line":193},"33":{"loc":{"start":{"line":195,"column":6},"end":{"line":196,"column":54}},"type":"if","locations":[{"start":{"line":195,"column":6},"end":{"line":196,"column":54}},{"start":{"line":195,"column":6},"end":{"line":196,"column":54}}],"line":195},"34":{"loc":{"start":{"line":197,"column":6},"end":{"line":198,"column":14}},"type":"if","locations":[{"start":{"line":197,"column":6},"end":{"line":198,"column":14}},{"start":{"line":197,"column":6},"end":{"line":198,"column":14}}],"line":197},"35":{"loc":{"start":{"line":200,"column":9},"end":{"line":201,"column":112}},"type":"if","locations":[{"start":{"line":200,"column":9},"end":{"line":201,"column":112}},{"start":{"line":200,"column":9},"end":{"line":201,"column":112}}],"line":200},"36":{"loc":{"start":{"line":200,"column":13},"end":{"line":200,"column":52}},"type":"binary-expr","locations":[{"start":{"line":200,"column":13},"end":{"line":200,"column":31}},{"start":{"line":200,"column":35},"end":{"line":200,"column":52}}],"line":200},"37":{"loc":{"start":{"line":209,"column":4},"end":{"line":214,"column":5}},"type":"if","locations":[{"start":{"line":209,"column":4},"end":{"line":214,"column":5}},{"start":{"line":209,"column":4},"end":{"line":214,"column":5}}],"line":209},"38":{"loc":{"start":{"line":209,"column":8},"end":{"line":209,"column":78}},"type":"binary-expr","locations":[{"start":{"line":209,"column":9},"end":{"line":209,"column":33}},{"start":{"line":209,"column":39},"end":{"line":209,"column":77}}],"line":209},"39":{"loc":{"start":{"line":210,"column":6},"end":{"line":211,"column":31}},"type":"if","locations":[{"start":{"line":210,"column":6},"end":{"line":211,"column":31}},{"start":{"line":210,"column":6},"end":{"line":211,"column":31}}],"line":210},"40":{"loc":{"start":{"line":210,"column":10},"end":{"line":210,"column":57}},"type":"binary-expr","locations":[{"start":{"line":210,"column":11},"end":{"line":210,"column":34}},{"start":{"line":210,"column":39},"end":{"line":210,"column":57}}],"line":210},"41":{"loc":{"start":{"line":212,"column":6},"end":{"line":213,"column":14}},"type":"if","locations":[{"start":{"line":212,"column":6},"end":{"line":213,"column":14}},{"start":{"line":212,"column":6},"end":{"line":213,"column":14}}],"line":212},"42":{"loc":{"start":{"line":221,"column":4},"end":{"line":228,"column":5}},"type":"if","locations":[{"start":{"line":221,"column":4},"end":{"line":228,"column":5}},{"start":{"line":221,"column":4},"end":{"line":228,"column":5}}],"line":221},"43":{"loc":{"start":{"line":221,"column":8},"end":{"line":221,"column":95}},"type":"binary-expr","locations":[{"start":{"line":221,"column":9},"end":{"line":221,"column":33}},{"start":{"line":221,"column":38},"end":{"line":221,"column":66}},{"start":{"line":221,"column":71},"end":{"line":221,"column":94}}],"line":221},"44":{"loc":{"start":{"line":226,"column":6},"end":{"line":227,"column":14}},"type":"if","locations":[{"start":{"line":226,"column":6},"end":{"line":227,"column":14}},{"start":{"line":226,"column":6},"end":{"line":227,"column":14}}],"line":226}},"s":{"0":0,"1":0,"2":0,"3":0,"4":0,"5":0,"6":0,"7":0,"8":0,"9":0,"10":0,"11":0,"12":0,"13":0,"14":0,"15":0,"16":0,"17":0,"18":0,"19":0,"20":0,"21":0,"22":0,"23":0,"24":0,"25":0,"26":0,"27":0,"28":0,"29":0,"30":0,"31":0,"32":0,"33":0,"34":0,"35":0,"36":0,"37":0,"38":0,"39":0,"40":0,"41":0,"42":0,"43":0,"44":0,"45":0,"46":0,"47":0,"48":0,"49":0,"50":0,"51":0,"52":0,"53":0,"54":0,"55":0,"56":0,"57":0,"58":0,"59":0,"60":0,"61":0,"62":0,"63":0,"64":0,"65":0,"66":0,"67":0,"68":0,"69":0,"70":0,"71":0,"72":0,"73":0,"74":0,"75":0,"76":0,"77":0,"78":0,"79":0,"80":0,"81":0,"82":0,"83":0,"84":0,"85":0,"86":0,"87":0,"88":0,"89":0,"90":0,"91":0,"92":0,"93":0,"94":0,"95":0,"96":0,"97":0,"98":0,"99":0,"100":0,"101":0,"102":0,"103":0,"104":0,"105":0,"106":0,"107":0,"108":0,"109":0,"110":0,"111":0,"112":0},"f":{"0":0,"1":0,"2":0,"3":0,"4":0,"5":0,"6":0,"7":0,"8":0,"9":0,"10":0,"11":0,"12":0,"13":0,"14":0,"15":0,"16":0,"17":0,"18":0,"19":0,"20":0,"21":0,"22":0,"23":0,"24":0},"b":{"0":[0,0],"1":[0,0,0],"2":[0,0],"3":[0,0],"4":[0,0],"5":[0,0],"6":[0,0],"7":[0,0],"8":[0,0],"9":[0,0],"10":[0,0],"11":[0,0,0,0,0,0,0],"12":[0,0],"13":[0,0],"14":[0,0],"15":[0,0,0],"16":[0,0],"17":[0,0],"18":[0,0],"19":[0,0,0],"20":[0,0],"21":[0,0],"22":[0,0],"23":[0,0],"24":[0,0],"25":[0,0],"26":[0,0,0],"27":[0,0],"28":[0,0],"29":[0,0],"30":[0,0],"31":[0,0],"32":[0,0,0,0,0,0],"33":[0,0],"34":[0,0],"35":[0,0],"36":[0,0],"37":[0,0],"38":[0,0],"39":[0,0],"40":[0,0],"41":[0,0],"42":[0,0],"43":[0,0,0],"44":[0,0]},"all":true},"/Users/rlecart/Desktop/TRAVAIL/42/red-tetris/server/classes/Player.js":{"path":"/Users/rlecart/Desktop/TRAVAIL/42/red-tetris/server/classes/Player.js","statementMap":{"0":{"start":{"line":1,"column":20},"end":{"line":1,"column":44}},"1":{"start":{"line":2,"column":11},"end":{"line":2,"column":31}},"2":{"start":{"line":4,"column":0},"end":{"line":62,"column":2}},"3":{"start":{"line":7,"column":4},"end":{"line":7,"column":30}},"4":{"start":{"line":8,"column":4},"end":{"line":8,"column":26}},"5":{"start":{"line":9,"column":4},"end":{"line":9,"column":27}},"6":{"start":{"line":13,"column":4},"end":{"line":13,"column":28}},"7":{"start":{"line":17,"column":4},"end":{"line":17,"column":26}},"8":{"start":{"line":21,"column":4},"end":{"line":21,"column":30}},"9":{"start":{"line":25,"column":4},"end":{"line":25,"column":31}},"10":{"start":{"line":29,"column":4},"end":{"line":29,"column":24}},"11":{"start":{"line":33,"column":4},"end":{"line":33,"column":27}},"12":{"start":{"line":37,"column":4},"end":{"line":37,"column":44}},"13":{"start":{"line":41,"column":4},"end":{"line":41,"column":25}},"14":{"start":{"line":45,"column":18},"end":{"line":45,"column":20}},"15":{"start":{"line":47,"column":4},"end":{"line":58,"column":5}},"16":{"start":{"line":48,"column":6},"end":{"line":48,"column":48}},"17":{"start":{"line":49,"column":9},"end":{"line":58,"column":5}},"18":{"start":{"line":50,"column":6},"end":{"line":50,"column":49}},"19":{"start":{"line":51,"column":9},"end":{"line":58,"column":5}},"20":{"start":{"line":52,"column":6},"end":{"line":52,"column":48}},"21":{"start":{"line":53,"column":9},"end":{"line":58,"column":5}},"22":{"start":{"line":54,"column":6},"end":{"line":54,"column":48}},"23":{"start":{"line":55,"column":9},"end":{"line":58,"column":5}},"24":{"start":{"line":56,"column":6},"end":{"line":57,"column":50}},"25":{"start":{"line":57,"column":8},"end":{"line":57,"column":50}},"26":{"start":{"line":59,"column":4},"end":{"line":60,"column":113}},"27":{"start":{"line":60,"column":6},"end":{"line":60,"column":113}}},"fnMap":{"0":{"name":"(anonymous_0)","decl":{"start":{"line":5,"column":2},"end":{"line":5,"column":3}},"loc":{"start":{"line":5,"column":32},"end":{"line":10,"column":3}},"line":5},"1":{"name":"(anonymous_1)","decl":{"start":{"line":12,"column":2},"end":{"line":12,"column":3}},"loc":{"start":{"line":12,"column":10},"end":{"line":14,"column":3}},"line":12},"2":{"name":"(anonymous_2)","decl":{"start":{"line":16,"column":2},"end":{"line":16,"column":3}},"loc":{"start":{"line":16,"column":14},"end":{"line":18,"column":3}},"line":16},"3":{"name":"(anonymous_3)","decl":{"start":{"line":20,"column":2},"end":{"line":20,"column":3}},"loc":{"start":{"line":20,"column":15},"end":{"line":22,"column":3}},"line":20},"4":{"name":"(anonymous_4)","decl":{"start":{"line":24,"column":2},"end":{"line":24,"column":3}},"loc":{"start":{"line":24,"column":12},"end":{"line":26,"column":3}},"line":24},"5":{"name":"(anonymous_5)","decl":{"start":{"line":28,"column":2},"end":{"line":28,"column":3}},"loc":{"start":{"line":28,"column":12},"end":{"line":30,"column":3}},"line":28},"6":{"name":"(anonymous_6)","decl":{"start":{"line":32,"column":2},"end":{"line":32,"column":3}},"loc":{"start":{"line":32,"column":15},"end":{"line":34,"column":3}},"line":32},"7":{"name":"(anonymous_7)","decl":{"start":{"line":36,"column":2},"end":{"line":36,"column":3}},"loc":{"start":{"line":36,"column":31},"end":{"line":38,"column":3}},"line":36},"8":{"name":"(anonymous_8)","decl":{"start":{"line":40,"column":2},"end":{"line":40,"column":3}},"loc":{"start":{"line":40,"column":19},"end":{"line":42,"column":3}},"line":40},"9":{"name":"(anonymous_9)","decl":{"start":{"line":44,"column":2},"end":{"line":44,"column":3}},"loc":{"start":{"line":44,"column":18},"end":{"line":61,"column":3}},"line":44}},"branchMap":{"0":{"loc":{"start":{"line":47,"column":4},"end":{"line":58,"column":5}},"type":"if","locations":[{"start":{"line":47,"column":4},"end":{"line":58,"column":5}},{"start":{"line":47,"column":4},"end":{"line":58,"column":5}}],"line":47},"1":{"loc":{"start":{"line":49,"column":9},"end":{"line":58,"column":5}},"type":"if","locations":[{"start":{"line":49,"column":9},"end":{"line":58,"column":5}},{"start":{"line":49,"column":9},"end":{"line":58,"column":5}}],"line":49},"2":{"loc":{"start":{"line":51,"column":9},"end":{"line":58,"column":5}},"type":"if","locations":[{"start":{"line":51,"column":9},"end":{"line":58,"column":5}},{"start":{"line":51,"column":9},"end":{"line":58,"column":5}}],"line":51},"3":{"loc":{"start":{"line":53,"column":9},"end":{"line":58,"column":5}},"type":"if","locations":[{"start":{"line":53,"column":9},"end":{"line":58,"column":5}},{"start":{"line":53,"column":9},"end":{"line":58,"column":5}}],"line":53},"4":{"loc":{"start":{"line":55,"column":9},"end":{"line":58,"column":5}},"type":"if","locations":[{"start":{"line":55,"column":9},"end":{"line":58,"column":5}},{"start":{"line":55,"column":9},"end":{"line":58,"column":5}}],"line":55},"5":{"loc":{"start":{"line":56,"column":13},"end":{"line":56,"column":44}},"type":"binary-expr","locations":[{"start":{"line":56,"column":13},"end":{"line":56,"column":26}},{"start":{"line":56,"column":30},"end":{"line":56,"column":44}}],"line":56},"6":{"loc":{"start":{"line":59,"column":4},"end":{"line":60,"column":113}},"type":"if","locations":[{"start":{"line":59,"column":4},"end":{"line":60,"column":113}},{"start":{"line":59,"column":4},"end":{"line":60,"column":113}}],"line":59}},"s":{"0":0,"1":0,"2":0,"3":0,"4":0,"5":0,"6":0,"7":0,"8":0,"9":0,"10":0,"11":0,"12":0,"13":0,"14":0,"15":0,"16":0,"17":0,"18":0,"19":0,"20":0,"21":0,"22":0,"23":0,"24":0,"25":0,"26":0,"27":0},"f":{"0":0,"1":0,"2":0,"3":0,"4":0,"5":0,"6":0,"7":0,"8":0,"9":0},"b":{"0":[0,0],"1":[0,0],"2":[0,0],"3":[0,0],"4":[0,0],"5":[0,0],"6":[0,0]},"all":true},"/Users/rlecart/Desktop/TRAVAIL/42/red-tetris/server/classes/Room.js":{"path":"/Users/rlecart/Desktop/TRAVAIL/42/red-tetris/server/classes/Room.js","statementMap":{"0":{"start":{"line":1,"column":23},"end":{"line":1,"column":63}},"1":{"start":{"line":2,"column":13},"end":{"line":2,"column":35}},"2":{"start":{"line":3,"column":8},"end":{"line":3,"column":25}},"3":{"start":{"line":4,"column":40},"end":{"line":4,"column":64}},"4":{"start":{"line":6,"column":0},"end":{"line":345,"column":2}},"5":{"start":{"line":8,"column":4},"end":{"line":8,"column":19}},"6":{"start":{"line":9,"column":4},"end":{"line":9,"column":25}},"7":{"start":{"line":10,"column":4},"end":{"line":10,"column":23}},"8":{"start":{"line":11,"column":4},"end":{"line":11,"column":27}},"9":{"start":{"line":12,"column":4},"end":{"line":12,"column":44}},"10":{"start":{"line":13,"column":4},"end":{"line":13,"column":21}},"11":{"start":{"line":16,"column":4},"end":{"line":16,"column":31}},"12":{"start":{"line":17,"column":4},"end":{"line":17,"column":22}},"13":{"start":{"line":18,"column":4},"end":{"line":18,"column":24}},"14":{"start":{"line":20,"column":4},"end":{"line":20,"column":28}},"15":{"start":{"line":22,"column":4},"end":{"line":22,"column":23}},"16":{"start":{"line":23,"column":4},"end":{"line":23,"column":28}},"17":{"start":{"line":24,"column":4},"end":{"line":24,"column":28}},"18":{"start":{"line":25,"column":4},"end":{"line":25,"column":25}},"19":{"start":{"line":29,"column":4},"end":{"line":30,"column":33}},"20":{"start":{"line":30,"column":6},"end":{"line":30,"column":33}},"21":{"start":{"line":31,"column":4},"end":{"line":31,"column":27}},"22":{"start":{"line":35,"column":4},"end":{"line":35,"column":23}},"23":{"start":{"line":39,"column":4},"end":{"line":40,"column":41}},"24":{"start":{"line":40,"column":6},"end":{"line":40,"column":41}},"25":{"start":{"line":41,"column":4},"end":{"line":41,"column":31}},"26":{"start":{"line":45,"column":4},"end":{"line":45,"column":28}},"27":{"start":{"line":49,"column":4},"end":{"line":50,"column":31}},"28":{"start":{"line":50,"column":6},"end":{"line":50,"column":31}},"29":{"start":{"line":51,"column":4},"end":{"line":51,"column":26}},"30":{"start":{"line":55,"column":4},"end":{"line":56,"column":33}},"31":{"start":{"line":56,"column":6},"end":{"line":56,"column":33}},"32":{"start":{"line":57,"column":4},"end":{"line":57,"column":28}},"33":{"start":{"line":61,"column":4},"end":{"line":61,"column":32}},"34":{"start":{"line":65,"column":4},"end":{"line":65,"column":25}},"35":{"start":{"line":69,"column":4},"end":{"line":69,"column":28}},"36":{"start":{"line":73,"column":4},"end":{"line":73,"column":25}},"37":{"start":{"line":77,"column":4},"end":{"line":77,"column":32}},"38":{"start":{"line":81,"column":19},"end":{"line":81,"column":21}},"39":{"start":{"line":83,"column":4},"end":{"line":83,"column":29}},"40":{"start":{"line":84,"column":4},"end":{"line":84,"column":35}},"41":{"start":{"line":85,"column":4},"end":{"line":85,"column":39}},"42":{"start":{"line":86,"column":4},"end":{"line":86,"column":33}},"43":{"start":{"line":87,"column":4},"end":{"line":87,"column":45}},"44":{"start":{"line":88,"column":4},"end":{"line":88,"column":33}},"45":{"start":{"line":89,"column":4},"end":{"line":89,"column":22}},"46":{"start":{"line":93,"column":14},"end":{"line":93,"column":16}},"47":{"start":{"line":94,"column":22},"end":{"line":94,"column":24}},"48":{"start":{"line":96,"column":4},"end":{"line":99,"column":42}},"49":{"start":{"line":97,"column":6},"end":{"line":97,"column":51}},"50":{"start":{"line":99,"column":6},"end":{"line":99,"column":42}},"51":{"start":{"line":100,"column":4},"end":{"line":103,"column":5}},"52":{"start":{"line":101,"column":6},"end":{"line":102,"column":49}},"53":{"start":{"line":102,"column":8},"end":{"line":102,"column":49}},"54":{"start":{"line":104,"column":4},"end":{"line":104,"column":17}},"55":{"start":{"line":108,"column":4},"end":{"line":109,"column":31}},"56":{"start":{"line":109,"column":6},"end":{"line":109,"column":31}},"57":{"start":{"line":113,"column":4},"end":{"line":114,"column":58}},"58":{"start":{"line":114,"column":6},"end":{"line":114,"column":58}},"59":{"start":{"line":118,"column":4},"end":{"line":118,"column":26}},"60":{"start":{"line":122,"column":4},"end":{"line":122,"column":27}},"61":{"start":{"line":126,"column":4},"end":{"line":127,"column":20}},"62":{"start":{"line":127,"column":6},"end":{"line":127,"column":20}},"63":{"start":{"line":128,"column":4},"end":{"line":128,"column":19}},"64":{"start":{"line":132,"column":4},"end":{"line":132,"column":58}},"65":{"start":{"line":133,"column":4},"end":{"line":133,"column":29}},"66":{"start":{"line":137,"column":4},"end":{"line":137,"column":20}},"67":{"start":{"line":141,"column":4},"end":{"line":141,"column":47}},"68":{"start":{"line":143,"column":4},"end":{"line":162,"column":5}},"69":{"start":{"line":144,"column":23},"end":{"line":144,"column":25}},"70":{"start":{"line":147,"column":6},"end":{"line":156,"column":7}},"71":{"start":{"line":148,"column":8},"end":{"line":151,"column":9}},"72":{"start":{"line":149,"column":10},"end":{"line":150,"column":27}},"73":{"start":{"line":150,"column":12},"end":{"line":150,"column":27}},"74":{"start":{"line":152,"column":8},"end":{"line":155,"column":10}},"75":{"start":{"line":157,"column":6},"end":{"line":157,"column":30}},"76":{"start":{"line":158,"column":6},"end":{"line":158,"column":21}},"77":{"start":{"line":159,"column":6},"end":{"line":159,"column":80}},"78":{"start":{"line":160,"column":6},"end":{"line":161,"column":34}},"79":{"start":{"line":161,"column":8},"end":{"line":161,"column":34}},"80":{"start":{"line":166,"column":4},"end":{"line":166,"column":25}},"81":{"start":{"line":170,"column":4},"end":{"line":170,"column":34}},"82":{"start":{"line":171,"column":4},"end":{"line":171,"column":26}},"83":{"start":{"line":172,"column":4},"end":{"line":172,"column":31}},"84":{"start":{"line":173,"column":4},"end":{"line":173,"column":30}},"85":{"start":{"line":174,"column":4},"end":{"line":180,"column":13}},"86":{"start":{"line":175,"column":6},"end":{"line":175,"column":24}},"87":{"start":{"line":176,"column":6},"end":{"line":176,"column":26}},"88":{"start":{"line":177,"column":6},"end":{"line":177,"column":28}},"89":{"start":{"line":178,"column":6},"end":{"line":179,"column":14}},"90":{"start":{"line":179,"column":8},"end":{"line":179,"column":14}},"91":{"start":{"line":184,"column":4},"end":{"line":184,"column":26}},"92":{"start":{"line":188,"column":16},"end":{"line":188,"column":21}},"93":{"start":{"line":190,"column":4},"end":{"line":193,"column":5}},"94":{"start":{"line":191,"column":6},"end":{"line":191,"column":29}},"95":{"start":{"line":192,"column":6},"end":{"line":192,"column":19}},"96":{"start":{"line":194,"column":4},"end":{"line":194,"column":41}},"97":{"start":{"line":195,"column":4},"end":{"line":195,"column":38}},"98":{"start":{"line":196,"column":4},"end":{"line":196,"column":97}},"99":{"start":{"line":197,"column":4},"end":{"line":197,"column":21}},"100":{"start":{"line":201,"column":4},"end":{"line":201,"column":26}},"101":{"start":{"line":205,"column":4},"end":{"line":205,"column":69}},"102":{"start":{"line":209,"column":4},"end":{"line":209,"column":29}},"103":{"start":{"line":213,"column":4},"end":{"line":213,"column":28}},"104":{"start":{"line":217,"column":4},"end":{"line":218,"column":32}},"105":{"start":{"line":218,"column":6},"end":{"line":218,"column":32}},"106":{"start":{"line":222,"column":4},"end":{"line":222,"column":35}},"107":{"start":{"line":226,"column":4},"end":{"line":226,"column":21}},"108":{"start":{"line":227,"column":4},"end":{"line":232,"column":5}},"109":{"start":{"line":228,"column":6},"end":{"line":231,"column":7}},"110":{"start":{"line":229,"column":8},"end":{"line":229,"column":44}},"111":{"start":{"line":230,"column":8},"end":{"line":230,"column":60}},"112":{"start":{"line":233,"column":4},"end":{"line":233,"column":71}},"113":{"start":{"line":234,"column":4},"end":{"line":235,"column":35}},"114":{"start":{"line":235,"column":6},"end":{"line":235,"column":35}},"115":{"start":{"line":236,"column":4},"end":{"line":236,"column":39}},"116":{"start":{"line":237,"column":4},"end":{"line":237,"column":35}},"117":{"start":{"line":238,"column":4},"end":{"line":238,"column":66}},"118":{"start":{"line":242,"column":4},"end":{"line":242,"column":21}},"119":{"start":{"line":243,"column":4},"end":{"line":243,"column":21}},"120":{"start":{"line":244,"column":4},"end":{"line":244,"column":25}},"121":{"start":{"line":245,"column":4},"end":{"line":245,"column":27}},"122":{"start":{"line":246,"column":4},"end":{"line":246,"column":95}},"123":{"start":{"line":247,"column":4},"end":{"line":247,"column":35}},"124":{"start":{"line":251,"column":21},"end":{"line":251,"column":42}},"125":{"start":{"line":253,"column":4},"end":{"line":263,"column":5}},"126":{"start":{"line":254,"column":6},"end":{"line":254,"column":78}},"127":{"start":{"line":255,"column":6},"end":{"line":262,"column":7}},"128":{"start":{"line":256,"column":8},"end":{"line":261,"column":9}},"129":{"start":{"line":257,"column":10},"end":{"line":260,"column":43}},"130":{"start":{"line":258,"column":12},"end":{"line":258,"column":41}},"131":{"start":{"line":259,"column":15},"end":{"line":260,"column":43}},"132":{"start":{"line":260,"column":12},"end":{"line":260,"column":43}},"133":{"start":{"line":264,"column":4},"end":{"line":264,"column":22}},"134":{"start":{"line":265,"column":4},"end":{"line":265,"column":17}},"135":{"start":{"line":269,"column":17},"end":{"line":269,"column":21}},"136":{"start":{"line":270,"column":20},"end":{"line":270,"column":22}},"137":{"start":{"line":271,"column":14},"end":{"line":271,"column":16}},"138":{"start":{"line":273,"column":4},"end":{"line":280,"column":5}},"139":{"start":{"line":274,"column":6},"end":{"line":279,"column":7}},"140":{"start":{"line":275,"column":8},"end":{"line":278,"column":11}},"141":{"start":{"line":281,"column":4},"end":{"line":285,"column":5}},"142":{"start":{"line":282,"column":6},"end":{"line":283,"column":41}},"143":{"start":{"line":283,"column":8},"end":{"line":283,"column":41}},"144":{"start":{"line":284,"column":6},"end":{"line":284,"column":25}},"145":{"start":{"line":286,"column":4},"end":{"line":286,"column":17}},"146":{"start":{"line":290,"column":4},"end":{"line":292,"column":5}},"147":{"start":{"line":291,"column":6},"end":{"line":291,"column":62}},"148":{"start":{"line":298,"column":4},"end":{"line":302,"column":5}},"149":{"start":{"line":299,"column":6},"end":{"line":299,"column":48}},"150":{"start":{"line":300,"column":6},"end":{"line":300,"column":20}},"151":{"start":{"line":301,"column":6},"end":{"line":301,"column":19}},"152":{"start":{"line":306,"column":4},"end":{"line":311,"column":5}},"153":{"start":{"line":307,"column":6},"end":{"line":310,"column":7}},"154":{"start":{"line":308,"column":23},"end":{"line":308,"column":41}},"155":{"start":{"line":309,"column":8},"end":{"line":309,"column":69}},"156":{"start":{"line":315,"column":19},"end":{"line":315,"column":50}},"157":{"start":{"line":317,"column":4},"end":{"line":320,"column":5}},"158":{"start":{"line":318,"column":6},"end":{"line":319,"column":55}},"159":{"start":{"line":319,"column":8},"end":{"line":319,"column":55}},"160":{"start":{"line":321,"column":4},"end":{"line":324,"column":5}},"161":{"start":{"line":322,"column":6},"end":{"line":322,"column":33}},"162":{"start":{"line":323,"column":6},"end":{"line":323,"column":46}},"163":{"start":{"line":328,"column":21},"end":{"line":328,"column":34}},"164":{"start":{"line":330,"column":4},"end":{"line":334,"column":5}},"165":{"start":{"line":331,"column":6},"end":{"line":333,"column":7}},"166":{"start":{"line":332,"column":8},"end":{"line":332,"column":40}},"167":{"start":{"line":338,"column":21},"end":{"line":338,"column":34}},"168":{"start":{"line":340,"column":4},"end":{"line":343,"column":5}},"169":{"start":{"line":341,"column":6},"end":{"line":342,"column":40}},"170":{"start":{"line":342,"column":8},"end":{"line":342,"column":40}}},"fnMap":{"0":{"name":"(anonymous_0)","decl":{"start":{"line":7,"column":2},"end":{"line":7,"column":3}},"loc":{"start":{"line":7,"column":16},"end":{"line":26,"column":3}},"line":7},"1":{"name":"(anonymous_1)","decl":{"start":{"line":28,"column":2},"end":{"line":28,"column":3}},"loc":{"start":{"line":28,"column":13},"end":{"line":32,"column":3}},"line":28},"2":{"name":"(anonymous_2)","decl":{"start":{"line":34,"column":2},"end":{"line":34,"column":3}},"loc":{"start":{"line":34,"column":11},"end":{"line":36,"column":3}},"line":34},"3":{"name":"(anonymous_3)","decl":{"start":{"line":38,"column":2},"end":{"line":38,"column":3}},"loc":{"start":{"line":38,"column":25},"end":{"line":42,"column":3}},"line":38},"4":{"name":"(anonymous_4)","decl":{"start":{"line":44,"column":2},"end":{"line":44,"column":3}},"loc":{"start":{"line":44,"column":16},"end":{"line":46,"column":3}},"line":44},"5":{"name":"(anonymous_5)","decl":{"start":{"line":48,"column":2},"end":{"line":48,"column":3}},"loc":{"start":{"line":48,"column":15},"end":{"line":52,"column":3}},"line":48},"6":{"name":"(anonymous_6)","decl":{"start":{"line":54,"column":2},"end":{"line":54,"column":3}},"loc":{"start":{"line":54,"column":17},"end":{"line":58,"column":3}},"line":54},"7":{"name":"(anonymous_7)","decl":{"start":{"line":60,"column":2},"end":{"line":60,"column":3}},"loc":{"start":{"line":60,"column":20},"end":{"line":62,"column":3}},"line":60},"8":{"name":"(anonymous_8)","decl":{"start":{"line":64,"column":2},"end":{"line":64,"column":3}},"loc":{"start":{"line":64,"column":13},"end":{"line":66,"column":3}},"line":64},"9":{"name":"(anonymous_9)","decl":{"start":{"line":68,"column":2},"end":{"line":68,"column":3}},"loc":{"start":{"line":68,"column":16},"end":{"line":70,"column":3}},"line":68},"10":{"name":"(anonymous_10)","decl":{"start":{"line":72,"column":2},"end":{"line":72,"column":3}},"loc":{"start":{"line":72,"column":13},"end":{"line":74,"column":3}},"line":72},"11":{"name":"(anonymous_11)","decl":{"start":{"line":76,"column":2},"end":{"line":76,"column":3}},"loc":{"start":{"line":76,"column":20},"end":{"line":78,"column":3}},"line":76},"12":{"name":"(anonymous_12)","decl":{"start":{"line":80,"column":2},"end":{"line":80,"column":3}},"loc":{"start":{"line":80,"column":16},"end":{"line":90,"column":3}},"line":80},"13":{"name":"(anonymous_13)","decl":{"start":{"line":92,"column":2},"end":{"line":92,"column":3}},"loc":{"start":{"line":92,"column":31},"end":{"line":105,"column":3}},"line":92},"14":{"name":"(anonymous_14)","decl":{"start":{"line":107,"column":2},"end":{"line":107,"column":3}},"loc":{"start":{"line":107,"column":12},"end":{"line":110,"column":3}},"line":107},"15":{"name":"(anonymous_15)","decl":{"start":{"line":112,"column":2},"end":{"line":112,"column":3}},"loc":{"start":{"line":112,"column":14},"end":{"line":115,"column":3}},"line":112},"16":{"name":"(anonymous_16)","decl":{"start":{"line":117,"column":2},"end":{"line":117,"column":3}},"loc":{"start":{"line":117,"column":13},"end":{"line":119,"column":3}},"line":117},"17":{"name":"(anonymous_17)","decl":{"start":{"line":121,"column":2},"end":{"line":121,"column":3}},"loc":{"start":{"line":121,"column":14},"end":{"line":123,"column":3}},"line":121},"18":{"name":"(anonymous_18)","decl":{"start":{"line":125,"column":2},"end":{"line":125,"column":3}},"loc":{"start":{"line":125,"column":14},"end":{"line":129,"column":3}},"line":125},"19":{"name":"(anonymous_19)","decl":{"start":{"line":131,"column":2},"end":{"line":131,"column":3}},"loc":{"start":{"line":131,"column":16},"end":{"line":134,"column":3}},"line":131},"20":{"name":"(anonymous_20)","decl":{"start":{"line":136,"column":2},"end":{"line":136,"column":3}},"loc":{"start":{"line":136,"column":14},"end":{"line":138,"column":3}},"line":136},"21":{"name":"(anonymous_21)","decl":{"start":{"line":140,"column":2},"end":{"line":140,"column":3}},"loc":{"start":{"line":140,"column":13},"end":{"line":163,"column":3}},"line":140},"22":{"name":"(anonymous_22)","decl":{"start":{"line":165,"column":2},"end":{"line":165,"column":3}},"loc":{"start":{"line":165,"column":19},"end":{"line":167,"column":3}},"line":165},"23":{"name":"(anonymous_23)","decl":{"start":{"line":169,"column":2},"end":{"line":169,"column":3}},"loc":{"start":{"line":169,"column":15},"end":{"line":181,"column":3}},"line":169},"24":{"name":"(anonymous_24)","decl":{"start":{"line":174,"column":15},"end":{"line":174,"column":16}},"loc":{"start":{"line":174,"column":21},"end":{"line":180,"column":5}},"line":174},"25":{"name":"(anonymous_25)","decl":{"start":{"line":183,"column":2},"end":{"line":183,"column":3}},"loc":{"start":{"line":183,"column":13},"end":{"line":185,"column":3}},"line":183},"26":{"name":"(anonymous_26)","decl":{"start":{"line":187,"column":2},"end":{"line":187,"column":3}},"loc":{"start":{"line":187,"column":33},"end":{"line":198,"column":3}},"line":187},"27":{"name":"(anonymous_27)","decl":{"start":{"line":200,"column":2},"end":{"line":200,"column":3}},"loc":{"start":{"line":200,"column":20},"end":{"line":202,"column":3}},"line":200},"28":{"name":"(anonymous_28)","decl":{"start":{"line":204,"column":2},"end":{"line":204,"column":3}},"loc":{"start":{"line":204,"column":28},"end":{"line":206,"column":3}},"line":204},"29":{"name":"(anonymous_29)","decl":{"start":{"line":208,"column":2},"end":{"line":208,"column":3}},"loc":{"start":{"line":208,"column":21},"end":{"line":210,"column":3}},"line":208},"30":{"name":"(anonymous_30)","decl":{"start":{"line":212,"column":2},"end":{"line":212,"column":3}},"loc":{"start":{"line":212,"column":18},"end":{"line":214,"column":3}},"line":212},"31":{"name":"(anonymous_31)","decl":{"start":{"line":216,"column":2},"end":{"line":216,"column":3}},"loc":{"start":{"line":216,"column":21},"end":{"line":219,"column":3}},"line":216},"32":{"name":"(anonymous_32)","decl":{"start":{"line":221,"column":2},"end":{"line":221,"column":3}},"loc":{"start":{"line":221,"column":22},"end":{"line":223,"column":3}},"line":221},"33":{"name":"(anonymous_33)","decl":{"start":{"line":225,"column":2},"end":{"line":225,"column":3}},"loc":{"start":{"line":225,"column":25},"end":{"line":239,"column":3}},"line":225},"34":{"name":"(anonymous_34)","decl":{"start":{"line":241,"column":2},"end":{"line":241,"column":3}},"loc":{"start":{"line":241,"column":18},"end":{"line":248,"column":3}},"line":241},"35":{"name":"(anonymous_35)","decl":{"start":{"line":250,"column":2},"end":{"line":250,"column":3}},"loc":{"start":{"line":250,"column":18},"end":{"line":266,"column":3}},"line":250},"36":{"name":"(anonymous_36)","decl":{"start":{"line":268,"column":2},"end":{"line":268,"column":3}},"loc":{"start":{"line":268,"column":28},"end":{"line":287,"column":3}},"line":268},"37":{"name":"(anonymous_37)","decl":{"start":{"line":289,"column":2},"end":{"line":289,"column":3}},"loc":{"start":{"line":289,"column":14},"end":{"line":293,"column":3}},"line":289},"38":{"name":"(anonymous_38)","decl":{"start":{"line":295,"column":2},"end":{"line":295,"column":3}},"loc":{"start":{"line":295,"column":18},"end":{"line":303,"column":3}},"line":295},"39":{"name":"(anonymous_39)","decl":{"start":{"line":305,"column":2},"end":{"line":305,"column":3}},"loc":{"start":{"line":305,"column":48},"end":{"line":312,"column":3}},"line":305},"40":{"name":"(anonymous_40)","decl":{"start":{"line":314,"column":2},"end":{"line":314,"column":3}},"loc":{"start":{"line":314,"column":31},"end":{"line":325,"column":3}},"line":314},"41":{"name":"(anonymous_41)","decl":{"start":{"line":327,"column":2},"end":{"line":327,"column":3}},"loc":{"start":{"line":327,"column":38},"end":{"line":335,"column":3}},"line":327},"42":{"name":"(anonymous_42)","decl":{"start":{"line":337,"column":2},"end":{"line":337,"column":3}},"loc":{"start":{"line":337,"column":37},"end":{"line":344,"column":3}},"line":337}},"branchMap":{"0":{"loc":{"start":{"line":29,"column":4},"end":{"line":30,"column":33}},"type":"if","locations":[{"start":{"line":29,"column":4},"end":{"line":30,"column":33}},{"start":{"line":29,"column":4},"end":{"line":30,"column":33}}],"line":29},"1":{"loc":{"start":{"line":39,"column":4},"end":{"line":40,"column":41}},"type":"if","locations":[{"start":{"line":39,"column":4},"end":{"line":40,"column":41}},{"start":{"line":39,"column":4},"end":{"line":40,"column":41}}],"line":39},"2":{"loc":{"start":{"line":49,"column":4},"end":{"line":50,"column":31}},"type":"if","locations":[{"start":{"line":49,"column":4},"end":{"line":50,"column":31}},{"start":{"line":49,"column":4},"end":{"line":50,"column":31}}],"line":49},"3":{"loc":{"start":{"line":55,"column":4},"end":{"line":56,"column":33}},"type":"if","locations":[{"start":{"line":55,"column":4},"end":{"line":56,"column":33}},{"start":{"line":55,"column":4},"end":{"line":56,"column":33}}],"line":55},"4":{"loc":{"start":{"line":96,"column":4},"end":{"line":99,"column":42}},"type":"if","locations":[{"start":{"line":96,"column":4},"end":{"line":99,"column":42}},{"start":{"line":96,"column":4},"end":{"line":99,"column":42}}],"line":96},"5":{"loc":{"start":{"line":101,"column":6},"end":{"line":102,"column":49}},"type":"if","locations":[{"start":{"line":101,"column":6},"end":{"line":102,"column":49}},{"start":{"line":101,"column":6},"end":{"line":102,"column":49}}],"line":101},"6":{"loc":{"start":{"line":101,"column":10},"end":{"line":101,"column":48}},"type":"binary-expr","locations":[{"start":{"line":101,"column":10},"end":{"line":101,"column":27}},{"start":{"line":101,"column":31},"end":{"line":101,"column":48}}],"line":101},"7":{"loc":{"start":{"line":108,"column":4},"end":{"line":109,"column":31}},"type":"if","locations":[{"start":{"line":108,"column":4},"end":{"line":109,"column":31}},{"start":{"line":108,"column":4},"end":{"line":109,"column":31}}],"line":108},"8":{"loc":{"start":{"line":113,"column":4},"end":{"line":114,"column":58}},"type":"if","locations":[{"start":{"line":113,"column":4},"end":{"line":114,"column":58}},{"start":{"line":113,"column":4},"end":{"line":114,"column":58}}],"line":113},"9":{"loc":{"start":{"line":113,"column":8},"end":{"line":113,"column":21}},"type":"binary-expr","locations":[{"start":{"line":113,"column":8},"end":{"line":113,"column":11}},{"start":{"line":113,"column":15},"end":{"line":113,"column":21}}],"line":113},"10":{"loc":{"start":{"line":126,"column":4},"end":{"line":127,"column":20}},"type":"if","locations":[{"start":{"line":126,"column":4},"end":{"line":127,"column":20}},{"start":{"line":126,"column":4},"end":{"line":127,"column":20}}],"line":126},"11":{"loc":{"start":{"line":143,"column":4},"end":{"line":162,"column":5}},"type":"if","locations":[{"start":{"line":143,"column":4},"end":{"line":162,"column":5}},{"start":{"line":143,"column":4},"end":{"line":162,"column":5}}],"line":143},"12":{"loc":{"start":{"line":147,"column":6},"end":{"line":156,"column":7}},"type":"if","locations":[{"start":{"line":147,"column":6},"end":{"line":156,"column":7}},{"start":{"line":147,"column":6},"end":{"line":156,"column":7}}],"line":147},"13":{"loc":{"start":{"line":149,"column":10},"end":{"line":150,"column":27}},"type":"if","locations":[{"start":{"line":149,"column":10},"end":{"line":150,"column":27}},{"start":{"line":149,"column":10},"end":{"line":150,"column":27}}],"line":149},"14":{"loc":{"start":{"line":178,"column":6},"end":{"line":179,"column":14}},"type":"if","locations":[{"start":{"line":178,"column":6},"end":{"line":179,"column":14}},{"start":{"line":178,"column":6},"end":{"line":179,"column":14}}],"line":178},"15":{"loc":{"start":{"line":190,"column":4},"end":{"line":193,"column":5}},"type":"if","locations":[{"start":{"line":190,"column":4},"end":{"line":193,"column":5}},{"start":{"line":190,"column":4},"end":{"line":193,"column":5}}],"line":190},"16":{"loc":{"start":{"line":227,"column":4},"end":{"line":232,"column":5}},"type":"if","locations":[{"start":{"line":227,"column":4},"end":{"line":232,"column":5}},{"start":{"line":227,"column":4},"end":{"line":232,"column":5}}],"line":227},"17":{"loc":{"start":{"line":228,"column":6},"end":{"line":231,"column":7}},"type":"if","locations":[{"start":{"line":228,"column":6},"end":{"line":231,"column":7}},{"start":{"line":228,"column":6},"end":{"line":231,"column":7}}],"line":228},"18":{"loc":{"start":{"line":234,"column":4},"end":{"line":235,"column":35}},"type":"if","locations":[{"start":{"line":234,"column":4},"end":{"line":235,"column":35}},{"start":{"line":234,"column":4},"end":{"line":235,"column":35}}],"line":234},"19":{"loc":{"start":{"line":257,"column":10},"end":{"line":260,"column":43}},"type":"if","locations":[{"start":{"line":257,"column":10},"end":{"line":260,"column":43}},{"start":{"line":257,"column":10},"end":{"line":260,"column":43}}],"line":257},"20":{"loc":{"start":{"line":257,"column":14},"end":{"line":257,"column":117}},"type":"binary-expr","locations":[{"start":{"line":257,"column":14},"end":{"line":257,"column":45}},{"start":{"line":257,"column":49},"end":{"line":257,"column":81}},{"start":{"line":257,"column":85},"end":{"line":257,"column":117}}],"line":257},"21":{"loc":{"start":{"line":259,"column":15},"end":{"line":260,"column":43}},"type":"if","locations":[{"start":{"line":259,"column":15},"end":{"line":260,"column":43}},{"start":{"line":259,"column":15},"end":{"line":260,"column":43}}],"line":259},"22":{"loc":{"start":{"line":274,"column":6},"end":{"line":279,"column":7}},"type":"if","locations":[{"start":{"line":274,"column":6},"end":{"line":279,"column":7}},{"start":{"line":274,"column":6},"end":{"line":279,"column":7}}],"line":274},"23":{"loc":{"start":{"line":274,"column":10},"end":{"line":274,"column":86}},"type":"binary-expr","locations":[{"start":{"line":274,"column":10},"end":{"line":274,"column":26}},{"start":{"line":274,"column":30},"end":{"line":274,"column":36}},{"start":{"line":274,"column":40},"end":{"line":274,"column":56}},{"start":{"line":274,"column":60},"end":{"line":274,"column":86}}],"line":274},"24":{"loc":{"start":{"line":281,"column":4},"end":{"line":285,"column":5}},"type":"if","locations":[{"start":{"line":281,"column":4},"end":{"line":285,"column":5}},{"start":{"line":281,"column":4},"end":{"line":285,"column":5}}],"line":281},"25":{"loc":{"start":{"line":281,"column":8},"end":{"line":281,"column":37}},"type":"binary-expr","locations":[{"start":{"line":281,"column":8},"end":{"line":281,"column":30}},{"start":{"line":281,"column":34},"end":{"line":281,"column":37}}],"line":281},"26":{"loc":{"start":{"line":282,"column":6},"end":{"line":283,"column":41}},"type":"if","locations":[{"start":{"line":282,"column":6},"end":{"line":283,"column":41}},{"start":{"line":282,"column":6},"end":{"line":283,"column":41}}],"line":282},"27":{"loc":{"start":{"line":298,"column":4},"end":{"line":302,"column":5}},"type":"if","locations":[{"start":{"line":298,"column":4},"end":{"line":302,"column":5}},{"start":{"line":298,"column":4},"end":{"line":302,"column":5}}],"line":298},"28":{"loc":{"start":{"line":307,"column":6},"end":{"line":310,"column":7}},"type":"if","locations":[{"start":{"line":307,"column":6},"end":{"line":310,"column":7}},{"start":{"line":307,"column":6},"end":{"line":310,"column":7}}],"line":307},"29":{"loc":{"start":{"line":307,"column":10},"end":{"line":307,"column":54}},"type":"binary-expr","locations":[{"start":{"line":307,"column":10},"end":{"line":307,"column":34}},{"start":{"line":307,"column":38},"end":{"line":307,"column":54}}],"line":307},"30":{"loc":{"start":{"line":318,"column":6},"end":{"line":319,"column":55}},"type":"if","locations":[{"start":{"line":318,"column":6},"end":{"line":319,"column":55}},{"start":{"line":318,"column":6},"end":{"line":319,"column":55}}],"line":318},"31":{"loc":{"start":{"line":318,"column":10},"end":{"line":318,"column":53}},"type":"binary-expr","locations":[{"start":{"line":318,"column":10},"end":{"line":318,"column":34}},{"start":{"line":318,"column":38},"end":{"line":318,"column":53}}],"line":318},"32":{"loc":{"start":{"line":321,"column":4},"end":{"line":324,"column":5}},"type":"if","locations":[{"start":{"line":321,"column":4},"end":{"line":324,"column":5}},{"start":{"line":321,"column":4},"end":{"line":324,"column":5}}],"line":321},"33":{"loc":{"start":{"line":331,"column":6},"end":{"line":333,"column":7}},"type":"if","locations":[{"start":{"line":331,"column":6},"end":{"line":333,"column":7}},{"start":{"line":331,"column":6},"end":{"line":333,"column":7}}],"line":331},"34":{"loc":{"start":{"line":341,"column":6},"end":{"line":342,"column":40}},"type":"if","locations":[{"start":{"line":341,"column":6},"end":{"line":342,"column":40}},{"start":{"line":341,"column":6},"end":{"line":342,"column":40}}],"line":341}},"s":{"0":0,"1":0,"2":0,"3":0,"4":0,"5":0,"6":0,"7":0,"8":0,"9":0,"10":0,"11":0,"12":0,"13":0,"14":0,"15":0,"16":0,"17":0,"18":0,"19":0,"20":0,"21":0,"22":0,"23":0,"24":0,"25":0,"26":0,"27":0,"28":0,"29":0,"30":0,"31":0,"32":0,"33":0,"34":0,"35":0,"36":0,"37":0,"38":0,"39":0,"40":0,"41":0,"42":0,"43":0,"44":0,"45":0,"46":0,"47":0,"48":0,"49":0,"50":0,"51":0,"52":0,"53":0,"54":0,"55":0,"56":0,"57":0,"58":0,"59":0,"60":0,"61":0,"62":0,"63":0,"64":0,"65":0,"66":0,"67":0,"68":0,"69":0,"70":0,"71":0,"72":0,"73":0,"74":0,"75":0,"76":0,"77":0,"78":0,"79":0,"80":0,"81":0,"82":0,"83":0,"84":0,"85":0,"86":0,"87":0,"88":0,"89":0,"90":0,"91":0,"92":0,"93":0,"94":0,"95":0,"96":0,"97":0,"98":0,"99":0,"100":0,"101":0,"102":0,"103":0,"104":0,"105":0,"106":0,"107":0,"108":0,"109":0,"110":0,"111":0,"112":0,"113":0,"114":0,"115":0,"116":0,"117":0,"118":0,"119":0,"120":0,"121":0,"122":0,"123":0,"124":0,"125":0,"126":0,"127":0,"128":0,"129":0,"130":0,"131":0,"132":0,"133":0,"134":0,"135":0,"136":0,"137":0,"138":0,"139":0,"140":0,"141":0,"142":0,"143":0,"144":0,"145":0,"146":0,"147":0,"148":0,"149":0,"150":0,"151":0,"152":0,"153":0,"154":0,"155":0,"156":0,"157":0,"158":0,"159":0,"160":0,"161":0,"162":0,"163":0,"164":0,"165":0,"166":0,"167":0,"168":0,"169":0,"170":0},"f":{"0":0,"1":0,"2":0,"3":0,"4":0,"5":0,"6":0,"7":0,"8":0,"9":0,"10":0,"11":0,"12":0,"13":0,"14":0,"15":0,"16":0,"17":0,"18":0,"19":0,"20":0,"21":0,"22":0,"23":0,"24":0,"25":0,"26":0,"27":0,"28":0,"29":0,"30":0,"31":0,"32":0,"33":0,"34":0,"35":0,"36":0,"37":0,"38":0,"39":0,"40":0,"41":0,"42":0},"b":{"0":[0,0],"1":[0,0],"2":[0,0],"3":[0,0],"4":[0,0],"5":[0,0],"6":[0,0],"7":[0,0],"8":[0,0],"9":[0,0],"10":[0,0],"11":[0,0],"12":[0,0],"13":[0,0],"14":[0,0],"15":[0,0],"16":[0,0],"17":[0,0],"18":[0,0],"19":[0,0],"20":[0,0,0],"21":[0,0],"22":[0,0],"23":[0,0,0,0],"24":[0,0],"25":[0,0],"26":[0,0],"27":[0,0],"28":[0,0],"29":[0,0],"30":[0,0],"31":[0,0],"32":[0,0],"33":[0,0],"34":[0,0]},"all":true},"/Users/rlecart/Desktop/TRAVAIL/42/red-tetris/server/classes/Servers.js":{"path":"/Users/rlecart/Desktop/TRAVAIL/42/red-tetris/server/classes/Servers.js","statementMap":{"0":{"start":{"line":1,"column":17},"end":{"line":1,"column":49}},"1":{"start":{"line":2,"column":11},"end":{"line":2,"column":26}},"2":{"start":{"line":3,"column":17},"end":{"line":3,"column":37}},"3":{"start":{"line":5,"column":0},"end":{"line":88,"column":2}},"4":{"start":{"line":7,"column":4},"end":{"line":7,"column":34}},"5":{"start":{"line":8,"column":4},"end":{"line":8,"column":22}},"6":{"start":{"line":9,"column":4},"end":{"line":9,"column":18}},"7":{"start":{"line":13,"column":4},"end":{"line":13,"column":26}},"8":{"start":{"line":17,"column":4},"end":{"line":17,"column":22}},"9":{"start":{"line":21,"column":4},"end":{"line":21,"column":39}},"10":{"start":{"line":22,"column":4},"end":{"line":29,"column":7}},"11":{"start":{"line":34,"column":4},"end":{"line":34,"column":25}},"12":{"start":{"line":38,"column":4},"end":{"line":42,"column":5}},"13":{"start":{"line":39,"column":6},"end":{"line":41,"column":7}},"14":{"start":{"line":40,"column":8},"end":{"line":40,"column":28}},"15":{"start":{"line":43,"column":4},"end":{"line":43,"column":21}},"16":{"start":{"line":47,"column":4},"end":{"line":84,"column":7}},"17":{"start":{"line":48,"column":6},"end":{"line":48,"column":31}},"18":{"start":{"line":49,"column":6},"end":{"line":52,"column":9}},"19":{"start":{"line":50,"column":8},"end":{"line":51,"column":52}},"20":{"start":{"line":51,"column":10},"end":{"line":51,"column":52}},"21":{"start":{"line":53,"column":6},"end":{"line":53,"column":104}},"22":{"start":{"line":53,"column":59},"end":{"line":53,"column":100}},"23":{"start":{"line":54,"column":6},"end":{"line":54,"column":110}},"24":{"start":{"line":54,"column":62},"end":{"line":54,"column":106}},"25":{"start":{"line":55,"column":6},"end":{"line":55,"column":96}},"26":{"start":{"line":55,"column":55},"end":{"line":55,"column":92}},"27":{"start":{"line":56,"column":6},"end":{"line":61,"column":9}},"28":{"start":{"line":59,"column":8},"end":{"line":60,"column":34}},"29":{"start":{"line":60,"column":10},"end":{"line":60,"column":34}},"30":{"start":{"line":62,"column":6},"end":{"line":62,"column":106}},"31":{"start":{"line":62,"column":60},"end":{"line":62,"column":102}},"32":{"start":{"line":63,"column":6},"end":{"line":63,"column":102}},"33":{"start":{"line":63,"column":58},"end":{"line":63,"column":98}},"34":{"start":{"line":64,"column":6},"end":{"line":64,"column":102}},"35":{"start":{"line":64,"column":58},"end":{"line":64,"column":98}},"36":{"start":{"line":65,"column":6},"end":{"line":65,"column":122}},"37":{"start":{"line":65,"column":68},"end":{"line":65,"column":118}},"38":{"start":{"line":66,"column":6},"end":{"line":66,"column":56}},"39":{"start":{"line":66,"column":32},"end":{"line":66,"column":52}},"40":{"start":{"line":67,"column":6},"end":{"line":82,"column":9}},"41":{"start":{"line":68,"column":8},"end":{"line":68,"column":41}},"42":{"start":{"line":69,"column":8},"end":{"line":69,"column":50}},"43":{"start":{"line":70,"column":8},"end":{"line":81,"column":17}},"44":{"start":{"line":71,"column":20},"end":{"line":71,"column":30}},"45":{"start":{"line":73,"column":10},"end":{"line":79,"column":11}},"46":{"start":{"line":74,"column":12},"end":{"line":74,"column":70}},"47":{"start":{"line":75,"column":23},"end":{"line":75,"column":68}},"48":{"start":{"line":76,"column":12},"end":{"line":77,"column":68}},"49":{"start":{"line":77,"column":14},"end":{"line":77,"column":68}},"50":{"start":{"line":78,"column":12},"end":{"line":78,"column":60}},"51":{"start":{"line":78,"column":29},"end":{"line":78,"column":53}},"52":{"start":{"line":80,"column":10},"end":{"line":80,"column":21}},"53":{"start":{"line":85,"column":4},"end":{"line":85,"column":32}}},"fnMap":{"0":{"name":"(anonymous_0)","decl":{"start":{"line":6,"column":2},"end":{"line":6,"column":3}},"loc":{"start":{"line":6,"column":16},"end":{"line":10,"column":3}},"line":6},"1":{"name":"(anonymous_1)","decl":{"start":{"line":12,"column":2},"end":{"line":12,"column":3}},"loc":{"start":{"line":12,"column":18},"end":{"line":14,"column":3}},"line":12},"2":{"name":"(anonymous_2)","decl":{"start":{"line":16,"column":2},"end":{"line":16,"column":3}},"loc":{"start":{"line":16,"column":16},"end":{"line":18,"column":3}},"line":16},"3":{"name":"(anonymous_3)","decl":{"start":{"line":20,"column":2},"end":{"line":20,"column":3}},"loc":{"start":{"line":20,"column":16},"end":{"line":31,"column":3}},"line":20},"4":{"name":"(anonymous_4)","decl":{"start":{"line":33,"column":2},"end":{"line":33,"column":3}},"loc":{"start":{"line":33,"column":15},"end":{"line":35,"column":3}},"line":33},"5":{"name":"(anonymous_5)","decl":{"start":{"line":37,"column":2},"end":{"line":37,"column":3}},"loc":{"start":{"line":37,"column":25},"end":{"line":44,"column":3}},"line":37},"6":{"name":"(anonymous_6)","decl":{"start":{"line":46,"column":2},"end":{"line":46,"column":3}},"loc":{"start":{"line":46,"column":20},"end":{"line":87,"column":3}},"line":46},"7":{"name":"(anonymous_7)","decl":{"start":{"line":47,"column":30},"end":{"line":47,"column":31}},"loc":{"start":{"line":47,"column":42},"end":{"line":84,"column":5}},"line":47},"8":{"name":"(anonymous_8)","decl":{"start":{"line":49,"column":24},"end":{"line":49,"column":25}},"loc":{"start":{"line":49,"column":53},"end":{"line":52,"column":7}},"line":49},"9":{"name":"(anonymous_9)","decl":{"sta
[...]
"s":{"0":0,"1":0,"2":0,"3":0,"4":0,"5":0,"6":0,"7":0,"8":0,"9":0,"10":0,"11":0,"12":0,"13":0,"14":0,"15":0,"16":0,"17":0,"18":0,"19":0,"20":0,"21":0,"22":0,"23":0,"24":0,"25":0,"26":0,"27":0,"28":0,"29":0,"30":0,"31":0,"32":0,"33":0,"34":0,"35":0,"36":0,"37":0,"38":0,"39":0,"40":0,"41":0,"42":0,"43":0,"44":0,"45":0,"46":0,"47":0,"48":0,"49":0,"50":0,"51":0,"52":0,"53":0,"54":0,"55":0,"56":0,"57":0,"58":0,"59":0,"60":0,"61":0,"62":0,"63":0,"64":0,"65":0,"66":0,"67":0,"68":0,"69":0,"70":0,"71":0,"72":0,"73":0,"74":0,"75":0,"76":0,"77":0,"78":0,"79":0,"80":0,"81":0,"82":0,"83":0,"84":0,"85":0,"86":0,"87":0,"88":0,"89":0,"90":0,"91":0,"92":0,"93":0,"94":0,"95":0,"96":0,"97":0,"98":0,"99":0,"100":0,"101":0,"102":0,"103":0,"104":0,"105":0,"106":0,"107":0,"108":0,"109":0,"110":0,"111":0,"112":0,"113":0,"114":0,"115":0,"116":0,"117":0,"118":0,"119":0,"120":0,"121":0,"122":0,"123":0,"124":0,"125":0,"126":0,"127":0,"128":0,"129":0,"130":0,"131":0,"132":0,"133":0,"134":0,"135":0,"136":0,"137":0,"138":0,"139":0,"140":0,"141":0,"142":0,"143":0,"144":0,"145":0,"146":0,"147":0,"148":0,"149":0,"150":0,"151":0,"152":0,"153":0,"154":0,"155":0,"156":0,"157":0,"158":0,"159":0,"160":0,"161":0,"162":0,"163":0,"164":0,"165":0,"166":0,"167":0,"168":0,"169":0,"170":0,"171":0,"172":0,"173":0,"174":0,"175":0,"176":0,"177":0,"178":0,"179":0,"180":0,"181":0,"182":0},"f":{"0":0,"1":0,"2":0,"3":0,"4":0,"5":0,"6":0,"7":0,"8":0,"9":0,"10":0,"11":0,"12":0,"13":0,"14":0,"15":0,"16":0,"17":0,"18":0,"19":0,"20":0},"b":{"0":[0,0],"1":[0,0],"2":[0,0],"3":[0,0],"4":[0,0],"5":[0,0],"6":[0,0],"7":[0,0,0,0],"8":[0,0],"9":[0,0],"10":[0,0],"11":[0,0],"12":[0,0],"13":[0,0],"14":[0,0],"15":[0,0],"16":[0,0],"17":[0,0],"18":[0,0,0],"19":[0,0],"20":[0,0],"21":[0,0],"22":[0,0,0,0,0,0],"23":[0,0],"24":[0,0],"25":[0,0],"26":[0,0],"27":[0,0],"28":[0,0],"29":[0,0],"30":[0,0],"31":[0,0,0],"32":[0,0],"33":[0,0],"34":[0,0],"35":[0,0],"36":[0,0],"37":[0,0],"38":[0,0],"39":[0,0],"40":[0,0],"41":[0,0],"42":[0,0],"43":[0,0],"44":[0,0],"45":[0,0],"46":[0,0],"47":[0,0]},"all":true},"/Users/rlecart/Desktop/TRAVAIL/42/red-tetris/server/server.js":{"path":"/Users/rlecart/Desktop/TRAVAIL/42/red-tetris/server/server.js","statementMap":{"0":{"start":{"line":1,"column":13},"end":{"line":1,"column":43}},"1":{"start":{"line":2,"column":13},"end":{"line":2,"column":25}},"2":{"start":{"line":4,"column":0},"end":{"line":4,"column":21}},"3":{"start":{"line":6,"column":0},"end":{"line":6,"column":24}}},"fnMap":{},"branchMap":{},"s":{"0":0,"1":0,"2":0,"3":0},"f":{},"b":{},"all":true},"/Users/rlecart/Desktop/TRAVAIL/42/red-tetris/server/utils.js":{"path":"/Users/rlecart/Desktop/TRAVAIL/42/red-tetris/server/utils.js","statementMap":{"0":{"start":{"line":1,"column":20},"end":{"line":3,"column":1}},"1":{"start":{"line":2,"column":2},"end":{"line":2,"column":51}},"2":{"start":{"line":5,"column":21},"end":{"line":10,"column":1}},"3":{"start":{"line":6,"column":12},"end":{"line":6,"column":25}},"4":{"start":{"line":7,"column":2},"end":{"line":8,"column":24}},"5":{"start":{"line":8,"column":4},"end":{"line":8,"column":24}},"6":{"start":{"line":9,"column":2},"end":{"line":9,"column":15}},"7":{"start":{"line":12,"column":27},"end":{"line":18,"column":1}},"8":{"start":{"line":13,"column":12},"end":{"line":13,"column":14}},"9":{"start":{"line":15,"column":2},"end":{"line":16,"column":20}},"10":{"start":{"line":16,"column":4},"end":{"line":16,"column":20}},"11":{"start":{"line":17,"column":2},"end":{"line":17,"column":15}},"12":{"start":{"line":20,"column":0},"end":{"line":20,"column":67}}},"fnMap":{"0":{"name":"(anonymous_0)","decl":{"start":{"line":1,"column":20},"end":{"line":1,"column":21}},"loc":{"start":{"line":1,"column":26},"end":{"line":3,"column":1}},"line":1},"1":{"name":"(anonymous_1)","decl":{"start":{"line":5,"column":21},"end":{"line":5,"column":22}},"loc":{"start":{"line":5,"column":36},"end":{"line":10,"column":1}},"line":5},"2":{"name":"(anonymous_2)","decl":{"start":{"line":12,"column":27},"end":{"line":12,"column":28}},"loc":{"start":{"line":12,"column":36},"end":{"line":18,"column":1}},"line":12}},"branchMap":{},"s":{"0":0,"1":0,"2":0,"3":0,"4":0,"5":0,"6":0,"7":0,"8":0,"9":0,"10":0,"11":0,"12":0},"f":{"0":0,"1":0,"2":0},"b":{},"all":true},"/Users/rlecart/Desktop/TRAVAIL/42/red-tetris/src/api/clientApi.js":{"path":"/Users/rlecart/Desktop/TRAVAIL/42/red-tetris/src/api/clientApi.js","statementMap":{"0":{"start":{"line":1,"column":13},"end":{"line":8,"column":1}},"1":{"start":{"line":2,"column":2},"end":{"line":7,"column":6}},"2":{"start":{"line":3,"column":4},"end":{"line":6,"column":34}},"3":{"start":{"line":4,"column":6},"end":{"line":4,"column":55}},"4":{"start":{"line":6,"column":6},"end":{"line":6,"column":34}},"5":{"start":{"line":10,"column":20},"end":{"line":17,"column":1}},"6":{"start":{"line":11,"column":2},"end":{"line":16,"column":6}},"7":{"start":{"line":12,"column":4},"end":{"line":15,"column":34}},"8":{"start":{"line":13,"column":6},"end":{"line":13,"column":46}},"9":{"start":{"line":15,"column":6},"end":{"line":15,"column":34}},"10":{"start":{"line":19,"column":19},"end":{"line":26,"column":1}},"11":{"start":{"line":20,"column":2},"end":{"line":25,"column":6}},"12":{"start":{"line":21,"column":4},"end":{"line":24,"column":34}},"13":{"start":{"line":22,"column":6},"end":{"line":22,"column":56}},"14":{"start":{"line":24,"column":6},"end":{"line":24,"column":34}},"15":{"start":{"line":28,"column":17},"end":{"line":35,"column":1}},"16":{"start":{"line":29,"column":2},"end":{"line":34,"column":6}},"17":{"start":{"line":30,"column":4},"end":{"line":33,"column":34}},"18":{"start":{"line":31,"column":6},"end":{"line":31,"column":62}},"19":{"start":{"line":33,"column":6},"end":{"line":33,"column":34}},"20":{"start":{"line":37,"column":23},"end":{"line":44,"column":1}},"21":{"start":{"line":38,"column":2},"end":{"line":43,"column":6}},"22":{"start":{"line":39,"column":4},"end":{"line":42,"column":34}},"23":{"start":{"line":40,"column":6},"end":{"line":40,"column":60}},"24":{"start":{"line":42,"column":6},"end":{"line":42,"column":34}},"25":{"start":{"line":46,"column":18},"end":{"line":53,"column":1}},"26":{"start":{"line":47,"column":2},"end":{"line":52,"column":6}},"27":{"start":{"line":48,"column":4},"end":{"line":51,"column":34}},"28":{"start":{"line":49,"column":6},"end":{"line":49,"column":55}},"29":{"start":{"line":51,"column":6},"end":{"line":51,"column":34}},"30":{"start":{"line":55,"column":21},"end":{"line":62,"column":1}},"31":{"start":{"line":56,"column":2},"end":{"line":61,"column":6}},"32":{"start":{"line":57,"column":4},"end":{"line":60,"column":34}},"33":{"start":{"line":58,"column":6},"end":{"line":58,"column":58}},"34":{"start":{"line":60,"column":6},"end":{"line":60,"column":34}},"35":{"start":{"line":64,"column":21},"end":{"line":71,"column":1}},"36":{"start":{"line":65,"column":2},"end":{"line":70,"column":6}},"37":{"start":{"line":66,"column":4},"end":{"line":69,"column":34}},"38":{"start":{"line":67,"column":6},"end":{"line":67,"column":58}},"39":{"start":{"line":69,"column":6},"end":{"line":69,"column":34}},"40":{"start":{"line":73,"column":31},"end":{"line":80,"column":1}},"41":{"start":{"line":74,"column":2},"end":{"line":79,"column":6}},"42":{"start":{"line":75,"column":4},"end":{"line":78,"column":34}},"43":{"start":{"line":76,"column":6},"end":{"line":76,"column":68}},"44":{"start":{"line":78,"column":6},"end":{"line":78,"column":34}},"45":{"start":{"line":82,"column":0},"end":{"line":82,"column":140}}},"fnMap":{"0":{"name":"(anonymous_0)","decl":{"start":{"line":1,"column":13},"end":{"line":1,"column":14}},"loc":{"start":{"line":1,"column":38},"end":{"line":8,"column":1}},"line":1},"1":{"name":"(anonymous_1)","decl":{"start":{"line":2,"column":22},"end":{"line":2,"column":23}},"loc":{"start":{"line":2,"column":36},"end":{"line":7,"column":3}},"line":2},"2":{"name":"(anonymous_2)","decl":{"start":{"line":10,"column":20},"end":{"line":10,"column":21}},"loc":{"start":{"line":10,"column":40},"end":{"line":17,"column":1}},"line":10},"3":{"name":"(anonymous_3)","decl":{"start":{"line":11,"column":22},"end":{"line":11,"column":23}},"loc":{"start":{"line":11,"column":36},"end":{"line":16,"column":3}},"line":11},"4":{"name":"(anonymous_4)","decl":{"start":{"line":19,"column":19},"end":{"line":19,"column":20}},"loc":{"start":{"line":19,"column":39},"end":{"line":26,"column":1}},"line":19},"5":{"name":"(anonymous_5)","decl":{"start":{"line":20,"column":22},"end":{"line":20,"column":23}},"loc":{"start":{"line":20,"column":36},"end":{"line":25,"column":3}},"line":20},"6":{"name":"(anonymous_6)","decl":{"start":{"line":28,"column":17},"end":{"line":28,"column":18}},"loc":{"start":{"line":28,"column":45},"end":{"line":35,"column":1}},"line":28},"7":{"name":"(anonymous_7)","decl":{"start":{"line":29,"column":22},"end":{"line":29,"column":23}},"loc":{"start":{"line":29,"column":36},"end":{"line":34,"column":3}},"line":29},"8":{"name":"(anonymous_8)","decl":{"start":{"line":37,"column":23},"end":{"line":37,"column":24}},"loc":{"start":{"line":37,"column":43},"end":{"line":44,"column":1}},"line":37},"9":{"name":"(anonymous_9)","decl":{"start":{"line":38,"column":22},"end":{"line":38,"column":23}},"loc":{"start":{"line":38,"column":36},"end":{"line":43,"column":3}},"line":38},"10":{"name":"(anonymous_10)","decl":{"start":{"line":46,"column":18},"end":{"line":46,"column":19}},"loc":{"start":{"line":46,"column":38},"end":{"line":53,"column":1}},"line":46},"11":{"name":"(anonymous_11)","decl":{"start":{"line":47,"column":22},"end":{"line":47,"column":23}},"loc":{"start":{"line":47,"column":36},"end":{"line":52,"column":3}},"line":47},"12":{"name":"(anonymous_12)","decl":{"start":{"line":55,"column":21},"end":{"line":55,"column":22}},"loc":{"start":{"line":55,"column":41},"end":{"line":62,"column":1}},"line":55},"13":{"name":"(anonymous_13)","decl":{"start":{"line":56,"column":22},"end":{"line":56,"column":23}},"loc":{"start":{"line":56,"column":36},"end":{"line":61,"column":3}},"line":56},"14":{"name":"(anonymous_14)","decl":{"start":{"line":64,"column":21},"end":{"line":64,"column":22}},"loc":{"start":{"line":64,"column":41},"end":{"line":71,"column":1}},"line":64},"15":{"name":"(anonymous_15)","decl":{"start":{"line":65,"column":22},"end":{"line":65,"column":23}},"loc":{"start":{"line":65,"column":36},"end":{"line":70,"column":3}},"line":65},"16":{"name":"(anonymous_16)","decl":{"start":{"line":73,"column":31},"end":{"line":73,"column":32}},"loc":{"start":{"line":73,"column":51},"end":{"line":80,"column":1}},"line":73},"17":{"name":"(anonymous_17)","decl":{"start":{"line":74,"column":22},"end":{"line":74,"column":23}},"loc":{"start":{"line":74,"column":36},"end":{"line":79,"column":3}},"line":74}},"branchMap":{"0":{"loc":{"start":{"line":3,"column":4},"end":{"line":6,"column":34}},"type":"if","locations":[{"start":{"line":3,"column":4},"end":{"line":6,"column":34}},{"start":{"line":3,"column":4},"end":{"line":6,"column":34}}],"line":3},"1":{"loc":{"start":{"line":3,"column":8},"end":{"line":3,"column":47}},"type":"binary-expr","locations":[{"start":{"line":3,"column":8},"end":{"line":3,"column":14}},{"start":{"line":3,"column":18},"end":{"line":3,"column":34}},{"start":{"line":3,"column":38},"end":{"line":3,"column":47}}],"line":3},"2":{"loc":{"start":{"line":12,"column":4},"end":{"line":15,"column":34}},"type":"if","locations":[{"start":{"line":12,"column":4},"end":{"line":15,"column":34}},{"start":{"line":12,"column":4},"end":{"line":15,"column":34}}],"line":12},"3":{"loc":{"start":{"line":12,"column":8},"end":{"line":12,"column":47}},"type":"binary-expr","locations":[{"start":{"line":12,"column":8},"end":{"line":12,"column":14}},{"start":{"line":12,"column":18},"end":{"line":12,"column":34}},{"start":{"line":12,"column":38},"end":{"line":12,"column":47}}],"line":12},"4":{"loc":{"start":{"line":21,"column":4},"end":{"line":24,"column":34}},"type":"if","locations":[{"start":{"line":21,"column":4},"end":{"line":24,"column":34}},{"start":{"line":21,"column":4},"end":{"line":24,"column":34}}],"line":21},"5":{"loc":{"start":{"line":21,"column":8},"end":{"line":21,"column":47}},"type":"binary-expr","locations":[{"start":{"line":21,"column":8},"end":{"line":21,"column":14}},{"start":{"line":21,"column":18},"end":{"line":21,"column":34}},{"start":{"line":21,"column":38},"end":{"line":21,"column":47}}],"line":21},"6":{"loc":{"start":{"line":30,"column":4},"end":{"line":33,"column":34}},"type":"if","locations":[{"start":{"line":30,"column":4},"end":{"line":33,"column":34}},{"start":{"line":30,"column":4},"end":{"line":33,"column":34}}],"line":30},"7":{"loc":{"start":{"line":30,"column":8},"end":{"line":30,"column":47}},"type":"binary-expr","locations":[{"start":{"line":30,"column":8},"end":{"line":30,"column":14}},{"start":{"line":30,"column":18},"end":{"line":30,"column":34}},{"start":{"line":30,"column":38},"end":{"line":30,"column":47}}],"line":30},"8":{"loc":{"start":{"line":39,"column":4},"end":{"line":42,"column":34}},"type":"if","locations":[{"start":{"line":39,"column":4},"end":{"line":42,"column":34}},{"start":{"line":39,"column":4},"end":{"line":42,"column":34}}],"line":39},"9":{"loc":{"start":{"line":39,"column":8},"end":{"line":39,"column":47}},"type":"binary-expr","locations":[{"start":{"line":39,"column":8},"end":{"line":39,"column":14}},{"start":{"line":39,"column":18},"end":{"line":39,"column":34}},{"start":{"line":39,"column":38},"end":{"line":39,"column":47}}],"line":39},"10":{"loc":{"start":{"line":48,"column":4},"end":{"line":51,"column":34}},"type":"if","locations":[{"start":{"line":48,"column":4},"end":{"line":51,"column":34}},{"start":{"line":48,"column":4},"end":{"line":51,"column":34}}],"line":48},"11":{"loc":{"start":{"line":48,"column":8},"end":{"line":48,"column":47}},"type":"binary-expr","locations":[{"start":{"line":48,"column":8},"end":{"line":48,"column":14}},{"start":{"line":48,"column":18},"end":{"line":48,"column":34}},{"start":{"line":48,"column":38},"end":{"line":48,"column":47}}],"line":48},"12":{"loc":{"start":{"line":57,"column":4},"end":{"line":60,"column":34}},"type":"if","locations":[{"start":{"line":57,"column":4},"end":{"line":60,"column":34}},{"start":{"line":57,"column":4},"end":{"line":60,"column":34}}],"line":57},"13":{"loc":{"start":{"line":57,"column":8},"end":{"line":57,"column":47}},"type":"binary-expr","locations":[{"start":{"line":57,"column":8},"end":{"line":57,"column":14}},{"start":{"line":57,"column":18},"end":{"line":57,"column":34}},{"start":{"line":57,"column":38},"end":{"line":57,"column":47}}],"line":57},"14":{"loc":{"start":{"line":66,"column":4},"end":{"line":69,"column":34}},"type":"if","locations":[{"start":{"line":66,"column":4},"end":{"line":69,"column":34}},{"start":{"line":66,"column":4},"end":{"line":69,"column":34}}],"line":66},"15":{"loc":{"start":{"line":66,"column":8},"end":{"line":66,"column":47}},"type":"binary-expr","locations":[{"start":{"line":66,"column":8},"end":{"line":66,"column":14}},{"start":{"line":66,"column":18},"end":{"line":66,"column":34}},{"start":{"line":66,"column":38},"end":{"line":66,"column":47}}],"line":66},"16":{"loc":{"start":{"line":75,"column":4},"end":{"line":78,"column":34}},"type":"if","locations":[{"start":{"line":75,"column":4},"end":{"line":78,"column":34}},{"start":{"line":75,"column":4},"end":{"line":78,"column":34}}],"line":75},"17":{"loc":{"start":{"line":75,"column":8},"end":{"line":75,"column":47}},"type":"binary-expr","locations":[{"start":{"line":75,"column":8},"end":{"line":75,"column":14}},{"start":{"line":75,"column":18},"end":{"line":75,"column":34}},{"start":{"line":75,"column":38},"end":{"line":75,"column":47}}],"line":75}},"s":{"0":0,"1":0,"2":0,"3":0,"4":0,"5":0,"6":0,"7":0,"8":0,"9":0,"10":0,"11":0,"12":0,"13":0,"14":0,"15":0,"16":0,"17":0,"18":0,"19":0,"20":0,"21":0,"22":0,"23":0,"24":0,"25":0,"26":0,"27":0,"28":0,"29":0,"30":0,"31":0,"32":0,"33":0,"34":0,"35":0,"36":0,"37":0,"38":0,"39":0,"40":0,"41":0,"42":0,"43":0,"44":0,"45":0},"f":{"0":0,"1":0,"2":0,"3":0,"4":0,"5":0,"6":0,"7":0,"8":0,"9":0,"10":0,"11":0,"12":0,"13":0,"14":0,"15":0,"16":0,"17":0},"b":{"0":[0,0],"1":[0,0,0],"2":[0,0],"3":[0,0,0],"4":[0,0],"5":[0,0,0],"6":[0,0],"7":[0,0,0],"8":[0,0],"9":[0,0,0],"10":[0,0],"11":[0,0,0],"12":[0,0],"13":[0,0,0],"14":[0,0],"15":[0,0,0],"16":[0,0],"17":[0,0,0]},"all":true},"/Users/rlecart/Desktop/TRAVAIL/42/red-tetris/src/vues/utils.js":{"path":"/Users/rlecart/Desktop/TRAVAIL/42/red-tetris/src/vues/utils.js","statementMap":{"0":{"start":{"line":1,"column":21},"end":{"line":17,"column":1}},"1":{"start":{"line":2,"column":2},"end":{"line":16,"column":6}},"2":{"start":{"line":3,"column":4},"end":{"line":15,"column":5}},"3":{"start":{"line":4,"column":6},"end":{"line":7,"column":14}},"4":{"start":{"line":5,"column":8},"end":{"line":5,"column":14}},"5":{"start":{"line":7,"column":8},"end":{"line":7,"column":14}},"6":{"start":{"line":10,"column":9},"end":{"line":15,"column":5}},"7":{"start":{"line":11,"column":6},"end":{"line":14,"column":14}},"8":{"start":{"line":12,"column":8},"end":{"line":12,"column":14}},"9":{"start":{"line":14,"column":8},"end":{"line":14,"column":14}},"10":{"start":{"line":19,"column":16},"end":{"line":24,"column":1}},"11":{"start":{"line":20,"column":2},"end":{"line":23,"column":19}},"12":{"start":{"line":21,"column":4},"end":{"line":21,"column":18}},"13":{"start":{"line":23,"column":4},"end":{"line":23,"column":19}},"14":{"start":{"line":26,"column":0},"end":{"line":26,"column":43}}},"fnMap":{"0":{"name":"(anonymous_0)","decl":{"start":{"line":1,"column":21},"end":{"line":1,"column":22}},"loc":{"start":{"line":1,"column":41},"end":{"line":17,"column":1}},"line":1},"1":{"name":"(anonymous_1)","decl":{"start":{"line":2,"column":22},"end":{"line":2,"column":23}},"loc":{"start":{"line":2,"column":36},"end":{"line":16,"column":3}},"line":2},"2":{"name":"(anonymous_2)","decl":{"start":{"line":19,"column":16},"end":{"line":19,"column":17}},"loc":{"start":{"line":19,"column":25},"end":{"line":24,"column":1}},"line":19}},"branchMap":{"0":{"loc":{"start":{"line":3,"column":4},"end":{"line":15,"column":5}},"type":"if","locations":[{"start":{"line":3,"column":4},"end":{"line":15,"column":5}},{"start":{"line":3,"column":4},"end":{"line":15,"column":5}}],"line":3},"1":{"loc":{"start":{"line":4,"column":6},"end":{"line":7,"column":14}},"type":"if","locations":[{"start":{"line":4,"column":6},"end":{"line":7,"column":14}},{"start":{"line":4,"column":6},"end":{"line":7,"column":14}}],"line":4},"2":{"loc":{"start":{"line":4,"column":10},"end":{"line":4,"column":127}},"type":"binary-expr","locations":[{"start":{"line":4,"column":10},"end":{"line":4,"column":61}},{"start":{"line":4,"column":65},"end":{"line":4,"column":127}}],"line":4},"3":{"loc":{"start":{"line":10,"column":9},"end":{"line":15,"column":5}},"type":"if","locations":[{"start":{"line":10,"column":9},"end":{"line":15,"column":5}},{"start":{"line":10,"column":9},"end":{"line":15,"column":5}}],"line":10},"4":{"loc":{"start":{"line":11,"column":6},"end":{"line":14,"column":14}},"type":"if","locations":[{"start":{"line":11,"column":6},"end":{"line":14,"column":14}},{"start":{"line":11,"column":6},"end":{"line":14,"column":14}}],"line":11},"5":{"loc":{"start":{"line":11,"column":10},"end":{"line":11,"column":189}},"type":"binary-expr","locations":[{"start":{"line":11,"column":11},"end":{"line":11,"column":62}},{"start":{"line":11,"column":66},"end":{"line":11,"column":122}},{"start":{"line":11,"column":127},"end":{"line":11,"column":189}}],"line":11},"6":{"loc":{"start":{"line":20,"column":2},"end":{"line":23,"column":19}},"type":"if","locations":[{"start":{"line":20,"column":2},"end":{"line":23,"column":19}},{"start":{"line":20,"column":2},"end":{"line":23,"column":19}}],"line":20}},"s":{"0":0,"1":0,"2":0,"3":0,"4":0,"5":0,"6":0,"7":0,"8":0,"9":0,"10":0,"11":0,"12":0,"13":0,"14":0},"f":{"0":0,"1":0,"2":0},"b":{"0":[0,0],"1":[0,0],"2":[0,0],"3":[0,0],"4":[0,0],"5":[0,0,0],"6":[0,0]},"all":true}}