TN:
SF:/Users/rlecart/Desktop/TRAVAIL/42/red-tetris/src/client/actions/gameAction.js
FN:5,setNewGameInfo
FN:19,deleteGameData
FN:24,addWinner
FNF:3
FNH:0
FNDA:0,setNewGameInfo
FNDA:0,deleteGameData
FNDA:0,addWinner
DA:1,0
DA:2,0
DA:3,0
DA:5,0
DA:6,0
DA:16,0
DA:19,0
DA:20,0
DA:21,0
DA:24,0
DA:25,0
DA:29,0
LF:12
LH:0
BRF:0
BRH:0
end_of_record
TN:
SF:/Users/rlecart/Desktop/TRAVAIL/42/red-tetris/src/client/actions/homeAction.js
FN:3,setNewHomeInfo
FNF:1
FNH:0
FNDA:0,setNewHomeInfo
DA:1,0
DA:3,0
DA:4,0
DA:12,0
LF:4
LH:0
BRF:0
BRH:0
end_of_record
TN:
SF:/Users/rlecart/Desktop/TRAVAIL/42/red-tetris/src/client/actions/roomAction.js
FN:6,setNewRoomInfo
FN:17,deleteRoomData
FNF:2
FNH:0
FNDA:0,setNewRoomInfo
FNDA:0,deleteRoomData
DA:1,0
DA:3,0
DA:4,0
DA:6,0
DA:7,0
DA:12,0
DA:13,0
DA:14,0
DA:17,0
DA:18,0
DA:19,0
LF:11
LH:0
BRDA:12,1,0,0
BRDA:12,1,1,0
BRDA:12,2,0,0
BRDA:12,2,1,0
BRF:4
BRH:0
end_of_record
TN:
SF:/Users/rlecart/Desktop/TRAVAIL/42/red-tetris/src/client/actions/socketAction.js
FN:3,addSocket
FNF:1
FNH:0
FNDA:0,addSocket
DA:1,0
DA:3,0
DA:4,0
DA:9,0
DA:10,0
LF:5
LH:0
BRDA:9,1,0,0
BRDA:9,1,1,0
BRF:2
BRH:0
end_of_record
TN:
SF:/Users/rlecart/Desktop/TRAVAIL/42/red-tetris/src/client/api/clientApi.js
FN:1,move
FN:2,(anonymous_2)
FN:10,getRoomInfo
FN:11,(anonymous_4)
FN:13,(anonymous_5)
FN:25,createRoom
FN:26,(anonymous_7)
FN:28,(anonymous_8)
FN:39,joinRoom
FN:40,(anonymous_10)
FN:42,(anonymous_11)
FN:53,askToStartGame
FN:54,(anonymous_13)
FN:62,leaveRoom
FN:63,(anonymous_15)
FN:71,askToEndGame
FN:72,(anonymous_17)
FN:80,readyToStart
FN:81,(anonymous_19)
FN:89,askEverybodyToCalmDown
FN:90,(anonymous_21)
FNF:21
FNH:0
FNDA:0,move
FNDA:0,(anonymous_2)
FNDA:0,getRoomInfo
FNDA:0,(anonymous_4)
FNDA:0,(anonymous_5)
FNDA:0,createRoom
FNDA:0,(anonymous_7)
FNDA:0,(anonymous_8)
FNDA:0,joinRoom
FNDA:0,(anonymous_10)
FNDA:0,(anonymous_11)
FNDA:0,askToStartGame
FNDA:0,(anonymous_13)
FNDA:0,leaveRoom
FNDA:0,(anonymous_15)
FNDA:0,askToEndGame
FNDA:0,(anonymous_17)
FNDA:0,readyToStart
FNDA:0,(anonymous_19)
FNDA:0,askEverybodyToCalmDown
FNDA:0,(anonymous_21)
DA:1,0
DA:2,0
DA:3,0
DA:4,0
DA:6,0
DA:10,0
DA:11,0
DA:12,0
DA:13,0
DA:14,0
DA:15,0
DA:17,0
DA:21,0
DA:25,0
DA:26,0
DA:27,0
DA:28,0
DA:29,0
DA:30,0
DA:32,0
DA:35,0
DA:39,0
DA:40,0
DA:41,0
DA:42,0
DA:43,0
DA:44,0
DA:46,0
DA:49,0
DA:53,0
DA:54,0
DA:55,0
DA:56,0
DA:58,0
DA:62,0
DA:63,0
DA:64,0
DA:65,0
DA:67,0
DA:71,0
DA:72,0
DA:73,0
DA:74,0
DA:76,0
DA:80,0
DA:81,0
DA:82,0
DA:83,0
DA:85,0
DA:89,0
DA:90,0
DA:91,0
DA:92,0
DA:94,0
LF:54
LH:0
BRDA:3,1,0,0
BRDA:3,1,1,0
BRDA:3,2,0,0
BRDA:3,2,1,0
BRDA:3,2,2,0
BRDA:12,3,0,0
BRDA:12,3,1,0
BRDA:12,4,0,0
BRDA:12,4,1,0
BRDA:12,4,2,0
BRDA:14,5,0,0
BRDA:14,5,1,0
BRDA:14,6,0,0
BRDA:14,6,1,0
BRDA:27,7,0,0
BRDA:27,7,1,0
BRDA:27,8,0,0
BRDA:27,8,1,0
BRDA:27,8,2,0
BRDA:29,9,0,0
BRDA:29,9,1,0
BRDA:29,10,0,0
BRDA:29,10,1,0
BRDA:41,11,0,0
BRDA:41,11,1,0
BRDA:41,12,0,0
BRDA:41,12,1,0
BRDA:41,12,2,0
BRDA:43,13,0,0
BRDA:43,13,1,0
BRDA:43,14,0,0
BRDA:43,14,1,0
BRDA:55,15,0,0
BRDA:55,15,1,0
BRDA:55,16,0,0
BRDA:55,16,1,0
BRDA:55,16,2,0
BRDA:64,17,0,0
BRDA:64,17,1,0
BRDA:64,18,0,0
BRDA:64,18,1,0
BRDA:64,18,2,0
BRDA:73,19,0,0
BRDA:73,19,1,0
BRDA:73,20,0,0
BRDA:73,20,1,0
BRDA:73,20,2,0
BRDA:82,21,0,0
BRDA:82,21,1,0
BRDA:82,22,0,0
BRDA:82,22,1,0
BRDA:82,22,2,0
BRDA:91,23,0,0
BRDA:91,23,1,0
BRDA:91,24,0,0
BRDA:91,24,1,0
BRDA:91,24,2,0
BRF:57
BRH:0
end_of_record
TN:
SF:/Users/rlecart/Desktop/TRAVAIL/42/red-tetris/src/client/components/Game.js
FN:11,Game
FN:26,createbloc
FN:32,createLine
FN:40,createLines
FN:55,acidMode
FN:68,eventDispatcher
FN:87,(anonymous_12)
FN:91,(anonymous_13)
FN:94,(anonymous_14)
FN:98,(anonymous_15)
FN:106,(anonymous_16)
FN:107,(anonymous_17)
FN:111,(anonymous_18)
FN:116,(anonymous_19)
FN:118,(anonymous_20)
FN:129,(anonymous_21)
FN:130,(anonymous_22)
FN:133,pleaseUnmountGame
FN:148,createSpec
FN:164,createGameOverDisplay
FN:166,onClick
FN:173,onClick
FN:252,mapStateToProps
FNF:23
FNH:0
FNDA:0,Game
FNDA:0,createbloc
FNDA:0,createLine
FNDA:0,createLines
FNDA:0,acidMode
FNDA:0,eventDispatcher
FNDA:0,(anonymous_12)
FNDA:0,(anonymous_13)
FNDA:0,(anonymous_14)
FNDA:0,(anonymous_15)
FNDA:0,(anonymous_16)
FNDA:0,(anonymous_17)
FNDA:0,(anonymous_18)
FNDA:0,(anonymous_19)
FNDA:0,(anonymous_20)
FNDA:0,(anonymous_21)
FNDA:0,(anonymous_22)
FNDA:0,pleaseUnmountGame
FNDA:0,createSpec
FNDA:0,createGameOverDisplay
FNDA:0,onClick
FNDA:0,onClick
FNDA:0,mapStateToProps
DA:1,0
DA:2,0
DA:4,0
DA:5,0
DA:6,0
DA:8,0
DA:9,0
DA:11,0
DA:20,0
DA:21,0
DA:22,0
DA:26,0
DA:27,0
DA:29,0
DA:32,0
DA:33,0
DA:35,0
DA:36,0
DA:37,0
DA:40,0
DA:41,0
DA:43,0
DA:44,0
DA:45,0
DA:46,0
DA:52,0
DA:55,0
DA:56,0
DA:57,0
DA:59,0
DA:60,0
DA:62,0
DA:65,0
DA:68,0
DA:69,0
DA:70,0
DA:71,0
DA:72,0
DA:73,0
DA:74,0
DA:75,0
DA:76,0
DA:77,0
DA:78,0
DA:79,0
DA:80,0
DA:81,0
DA:82,0
DA:83,0
DA:87,0
DA:88,0
DA:89,0
DA:92,0
DA:93,0
DA:94,0
DA:95,0
DA:96,0
DA:98,0
DA:99,0
DA:100,0
DA:101,0
DA:102,0
DA:103,0
DA:106,0
DA:107,0
DA:108,0
DA:109,0
DA:111,0
DA:112,0
DA:113,0
DA:114,0
DA:116,0
DA:117,0
DA:118,0
DA:119,0
DA:120,0
DA:122,0
DA:124,0
DA:125,0
DA:126,0
DA:129,0
DA:130,0
DA:133,0
DA:134,0
DA:135,0
DA:136,0
DA:137,0
DA:138,0
DA:139,0
DA:142,0
DA:148,0
DA:149,0
DA:151,0
DA:152,0
DA:161,0
DA:164,0
DA:165,0
DA:167,0
DA:172,0
DA:174,0
DA:175,0
DA:176,0
DA:181,0
DA:182,0
DA:184,0
DA:185,0
DA:197,0
DA:214,0
DA:218,0
DA:220,0
DA:252,0
DA:253,0
LF:112
LH:0
BRDA:27,1,0,0
BRDA:27,1,1,0
BRDA:27,2,0,0
BRDA:27,2,1,0
BRDA:32,3,0,0
BRDA:32,3,1,0
BRDA:32,4,0,0
BRDA:32,4,1,0
BRDA:32,5,0,0
BRDA:32,5,1,0
BRDA:43,6,0,0
BRDA:43,6,1,0
BRDA:43,7,0,0
BRDA:43,7,1,0
BRDA:40,8,0,0
BRDA:40,8,1,0
BRDA:40,9,0,0
BRDA:40,9,1,0
BRDA:40,10,0,0
BRDA:40,10,1,0
BRDA:70,11,0,0
BRDA:70,11,1,0
BRDA:72,12,0,0
BRDA:72,12,1,0
BRDA:74,13,0,0
BRDA:74,13,1,0
BRDA:76,14,0,0
BRDA:76,14,1,0
BRDA:78,15,0,0
BRDA:78,15,1,0
BRDA:80,16,0,0
BRDA:80,16,1,0
BRDA:82,17,0,0
BRDA:82,17,1,0
BRDA:93,18,0,0
BRDA:93,18,1,0
BRDA:101,19,0,0
BRDA:101,19,1,0
BRDA:119,20,0,0
BRDA:119,20,1,0
BRDA:125,21,0,0
BRDA:125,21,1,0
BRDA:134,22,0,0
BRDA:134,22,1,0
BRDA:135,23,0,0
BRDA:135,23,1,0
BRDA:137,24,0,0
BRDA:137,24,1,0
BRDA:148,25,0,0
BRDA:148,25,1,0
BRDA:148,26,0,0
BRDA:148,26,1,0
BRDA:148,27,0,0
BRDA:148,27,1,0
BRDA:166,28,0,0
BRDA:166,28,1,0
BRDA:173,29,0,0
BRDA:173,29,1,0
BRDA:172,30,0,0
BRDA:172,30,1,0
BRDA:181,31,0,0
BRDA:181,31,1,0
BRDA:184,32,0,0
BRDA:184,32,1,0
BRDA:186,33,0,0
BRDA:186,33,1,0
BRDA:214,34,0,0
BRDA:214,34,1,0
BRDA:214,35,0,0
BRDA:214,35,1,0
BRDA:218,36,0,0
BRDA:218,36,1,0
BRDA:225,37,0,0
BRDA:225,37,1,0
BRDA:230,38,0,0
BRDA:230,38,1,0
BRDA:235,39,0,0
BRDA:235,39,1,0
BRDA:242,40,0,0
BRDA:242,40,1,0
BRF:80
BRH:0
end_of_record
TN:
SF:/Users/rlecart/Desktop/TRAVAIL/42/red-tetris/src/client/components/Home.js
FN:9,Home
FN:21,handleChange
FN:36,(anonymous_7)
FN:44,(anonymous_8)
FN:47,submitForm
FN:52,(anonymous_10)
FN:60,(anonymous_11)
FN:67,(anonymous_12)
FN:86,onSubmit
FN:94,onChange
FN:98,onChange
FN:99,onClick
FN:102,onClick
FN:113,mapStateToProps
FNF:14
FNH:0
FNDA:0,Home
FNDA:0,handleChange
FNDA:0,(anonymous_7)
FNDA:0,(anonymous_8)
FNDA:0,submitForm
FNDA:0,(anonymous_10)
FNDA:0,(anonymous_11)
FNDA:0,(anonymous_12)
FNDA:0,onSubmit
FNDA:0,onChange
FNDA:0,onChange
FNDA:0,onClick
FNDA:0,onClick
FNDA:0,mapStateToProps
DA:1,0
DA:2,0
DA:4,0
DA:5,0
DA:6,0
DA:7,0
DA:9,0
DA:18,0
DA:21,0
DA:22,0
DA:23,0
DA:25,0
DA:26,0
DA:27,0
DA:28,0
DA:29,0
DA:36,0
DA:37,0
DA:39,0
DA:40,0
DA:41,0
DA:42,0
DA:44,0
DA:47,0
DA:48,0
DA:49,0
DA:50,0
DA:51,0
DA:53,0
DA:58,0
DA:61,0
DA:64,0
DA:65,0
DA:66,0
DA:68,0
DA:73,0
DA:76,0
DA:79,0
DA:86,0
DA:94,0
DA:98,0
DA:99,0
DA:102,0
DA:113,0
DA:114,0
LF:45
LH:0
BRDA:25,1,0,0
BRDA:25,1,1,0
BRDA:27,2,0,0
BRDA:27,2,1,0
BRDA:39,3,0,0
BRDA:39,3,1,0
BRDA:50,4,0,0
BRDA:50,4,1,0
BRDA:64,5,0,0
BRDA:64,5,1,0
BRF:10
BRH:0
end_of_record
TN:
SF:/Users/rlecart/Desktop/TRAVAIL/42/red-tetris/src/client/components/NotFound.js
FN:1,NotFound
FNF:1
FNH:0
FNDA:0,NotFound
DA:1,0
LF:1
LH:0
BRF:0
BRH:0
end_of_record
TN:
SF:/Users/rlecart/Desktop/TRAVAIL/42/red-tetris/src/client/components/Room.js
FN:8,Room
FN:20,createList
FN:31,ifOwner
FN:34,onClick
FN:40,pleaseUnmountRoom
FN:50,(anonymous_7)
FN:53,(anonymous_8)
FN:56,(anonymous_9)
FN:60,(anonymous_10)
FN:64,(anonymous_11)
FN:65,(anonymous_12)
FN:69,(anonymous_13)
FN:71,(anonymous_14)
FN:93,onClick
FN:95,(anonymous_16)
FN:111,mapStateToProps
FNF:16
FNH:0
FNDA:0,Room
FNDA:0,createList
FNDA:0,ifOwner
FNDA:0,onClick
FNDA:0,pleaseUnmountRoom
FNDA:0,(anonymous_7)
FNDA:0,(anonymous_8)
FNDA:0,(anonymous_9)
FNDA:0,(anonymous_10)
FNDA:0,(anonymous_11)
FNDA:0,(anonymous_12)
FNDA:0,(anonymous_13)
FNDA:0,(anonymous_14)
FNDA:0,onClick
FNDA:0,(anonymous_16)
FNDA:0,mapStateToProps
DA:1,0
DA:2,0
DA:4,0
DA:5,0
DA:6,0
DA:8,0
DA:17,0
DA:18,0
DA:20,0
DA:21,0
DA:23,0
DA:24,0
DA:25,0
DA:28,0
DA:31,0
DA:32,0
DA:33,0
DA:34,0
DA:40,0
DA:41,0
DA:42,0
DA:44,0
DA:45,0
DA:46,0
DA:47,0
DA:50,0
DA:51,0
DA:54,0
DA:55,0
DA:56,0
DA:57,0
DA:58,0
DA:60,0
DA:61,0
DA:62,0
DA:64,0
DA:65,0
DA:66,0
DA:69,0
DA:71,0
DA:72,0
DA:76,0
DA:77,0
DA:79,0
DA:94,0
DA:96,0
DA:97,0
DA:111,0
DA:112,0
LF:49
LH:0
BRDA:23,1,0,0
BRDA:23,1,1,0
BRDA:23,2,0,0
BRDA:23,2,1,0
BRDA:23,3,0,0
BRDA:23,3,1,0
BRDA:23,4,0,0
BRDA:23,4,1,0
BRDA:23,5,0,0
BRDA:23,5,1,0
BRDA:32,6,0,0
BRDA:32,6,1,0
BRDA:32,7,0,0
BRDA:32,7,1,0
BRDA:32,7,2,0
BRDA:41,8,0,0
BRDA:41,8,1,0
BRDA:41,9,0,0
BRDA:41,9,1,0
BRDA:44,10,0,0
BRDA:44,10,1,0
BRDA:55,11,0,0
BRDA:55,11,1,0
BRF:23
BRH:0
end_of_record
TN:
SF:/Users/rlecart/Desktop/TRAVAIL/42/red-tetris/src/client/containers/app.js
FN:5,App
FN:11,mapStateToProps
FNF:2
FNH:0
FNDA:0,App
FNDA:0,mapStateToProps
DA:1,0
DA:2,0
DA:5,0
DA:6,0
DA:11,0
DA:12,0
LF:6
LH:0
BRF:0
BRH:0
end_of_record
TN:
SF:/Users/rlecart/Desktop/TRAVAIL/42/red-tetris/src/client/index.js
FN:31,Root
FNF:1
FNH:0
FNDA:0,Root
DA:1,0
DA:2,0
DA:4,0
DA:5,0
DA:7,0
DA:8,0
DA:9,0
DA:10,0
DA:12,0
DA:18,0
DA:19,0
DA:20,0
DA:21,0
DA:22,0
DA:24,0
DA:31,0
DA:44,0
LF:17
LH:0
BRF:0
BRH:0
end_of_record
TN:
SF:/Users/rlecart/Desktop/TRAVAIL/42/red-tetris/src/client/middleware/configureStore.js
FN:3,configureStore
FN:11,isFunction
FN:13,myMiddleware
FN:16,(anonymous_4)
FN:16,(anonymous_5)
FN:16,(anonymous_6)
FNF:6
FNH:0
FNDA:0,configureStore
FNDA:0,isFunction
FNDA:0,myMiddleware
FNDA:0,(anonymous_4)
FNDA:0,(anonymous_5)
FNDA:0,(anonymous_6)
DA:1,0
DA:3,0
DA:11,0
DA:13,0
DA:14,0
DA:16,0
DA:17,0
DA:18,0
DA:20,0
DA:21,0
DA:22,0
DA:23,0
DA:25,0
LF:13
LH:0
BRDA:13,1,0,0
BRDA:13,1,1,0
BRDA:13,2,0,0
BRDA:13,2,1,0
BRDA:20,3,0,0
BRDA:20,3,1,0
BRDA:20,4,0,0
BRDA:20,4,1,0
BRDA:21,5,0,0
BRDA:21,5,1,0
BRF:10
BRH:0
end_of_record
TN:
SF:/Users/rlecart/Desktop/TRAVAIL/42/red-tetris/src/client/misc/utils.js
FN:1,canIStayHere
FN:2,(anonymous_2)
FN:18,isEmpty
FN:25,generateUrl
FN:29,createNewUrl
FNF:5
FNH:0
FNDA:0,canIStayHere
FNDA:0,(anonymous_2)
FNDA:0,isEmpty
FNDA:0,generateUrl
FNDA:0,createNewUrl
DA:1,0
DA:2,0
DA:3,0
DA:4,0
DA:5,0
DA:7,0
DA:9,0
DA:10,0
DA:11,0
DA:13,0
DA:18,0
DA:19,0
DA:20,0
DA:22,0
DA:25,0
DA:26,0
DA:29,0
DA:30,0
DA:31,0
DA:32,0
DA:33,0
LF:21
LH:0
BRDA:3,1,0,0
BRDA:3,1,1,0
BRDA:4,2,0,0
BRDA:4,2,1,0
BRDA:4,3,0,0
BRDA:4,3,1,0
BRDA:9,4,0,0
BRDA:9,4,1,0
BRDA:10,5,0,0
BRDA:10,5,1,0
BRDA:10,6,0,0
BRDA:10,6,1,0
BRDA:10,6,2,0
BRDA:19,7,0,0
BRDA:19,7,1,0
BRDA:19,8,0,0
BRDA:19,8,1,0
BRF:17
BRH:0
end_of_record
TN:
SF:/Users/rlecart/Desktop/TRAVAIL/42/red-tetris/src/client/reducers/gameReducer.js
FN:12,gameReducer
FNF:1
FNH:0
FNDA:0,gameReducer
DA:1,0
DA:6,0
DA:8,0
DA:12,0
DA:13,0
DA:15,0
DA:17,0
DA:21,0
DA:23,0
DA:25,0
DA:29,0
DA:31,0
LF:12
LH:0
BRDA:12,1,0,0
BRDA:12,1,1,0
BRDA:12,2,0,0
BRDA:12,2,1,0
BRDA:16,3,0,0
BRDA:16,3,1,0
BRDA:16,3,2,0
BRDA:16,3,3,0
BRF:8
BRH:0
end_of_record
TN:
SF:/Users/rlecart/Desktop/TRAVAIL/42/red-tetris/src/client/reducers/homeReducer.js
FN:11,homeReducer
FNF:1
FNH:0
FNDA:0,homeReducer
DA:1,0
DA:3,0
DA:11,0
DA:12,0
DA:14,0
DA:16,0
DA:20,0
DA:22,0
LF:8
LH:0
BRDA:11,1,0,0
BRDA:11,1,1,0
BRDA:11,2,0,0
BRDA:11,2,1,0
BRDA:15,3,0,0
BRDA:15,3,1,0
BRF:6
BRH:0
end_of_record
TN:
SF:/Users/rlecart/Desktop/TRAVAIL/42/red-tetris/src/client/reducers/roomReducer.js
FN:8,roomReducer
FNF:1
FNH:0
FNDA:0,roomReducer
DA:1,0
DA:2,0
DA:4,0
DA:8,0
DA:9,0
DA:11,0
DA:13,0
DA:17,0
DA:19,0
DA:21,0
LF:10
LH:0
BRDA:8,1,0,0
BRDA:8,1,1,0
BRDA:8,2,0,0
BRDA:8,2,1,0
BRDA:12,3,0,0
BRDA:12,3,1,0
BRDA:12,3,2,0
BRF:7
BRH:0
end_of_record
TN:
SF:/Users/rlecart/Desktop/TRAVAIL/42/red-tetris/src/client/reducers/socketReducer.js
FN:7,socketReducer
FNF:1
FNH:0
FNDA:0,socketReducer
DA:1,0
DA:3,0
DA:7,0
DA:8,0
DA:10,0
DA:12,0
DA:16,0
DA:18,0
LF:8
LH:0
BRDA:7,1,0,0
BRDA:7,1,1,0
BRDA:7,2,0,0
BRDA:7,2,1,0
BRDA:11,3,0,0
BRDA:11,3,1,0
BRF:6
BRH:0
end_of_record
TN:
SF:/Users/rlecart/Desktop/TRAVAIL/42/red-tetris/src/client/ressources/defaultColors.js
FNF:0
FNH:0
DA:1,0
LF:1
LH:0
BRF:0
BRH:0
end_of_record
TN:
SF:/Users/rlecart/Desktop/TRAVAIL/42/red-tetris/src/client/ressources/defaultGame.js
FNF:0
FNH:0
DA:1,0
LF:1
LH:0
BRF:0
BRH:0
end_of_record
TN:
SF:/Users/rlecart/Desktop/TRAVAIL/42/red-tetris/src/client/ressources/defaultRoom.js
FNF:0
FNH:0
DA:1,0
DA:3,0
LF:2
LH:0
BRF:0
BRH:0
end_of_record
TN:
SF:/Users/rlecart/Desktop/TRAVAIL/42/red-tetris/src/client/ressources/defaultRules.js
FNF:0
FNH:0
DA:1,0
LF:1
LH:0
BRF:0
BRH:0
end_of_record
TN:
SF:/Users/rlecart/Desktop/TRAVAIL/42/red-tetris/src/client/ressources/defaultTetriminos.js
FNF:0
FNH:0
DA:1,0
LF:1
LH:0
BRF:0
BRH:0
end_of_record
TN:
SF:/Users/rlecart/Desktop/TRAVAIL/42/red-tetris/src/server/classes/Game.js
FN:5,Game
FNF:1
FNH:0
FNDA:0,Game
DA:1,0
DA:2,0
DA:5,1
DA:6,0
DA:7,0
DA:8,0
DA:9,0
DA:10,0
DA:11,0
DA:12,0
DA:13,0
DA:14,0
DA:15,0
DA:16,0
DA:20,0
DA:22,0
DA:23,0
DA:24,0
DA:25,0
DA:29,0
DA:33,0
DA:37,0
DA:38,0
DA:39,0
DA:40,0
DA:42,0
DA:46,0
DA:50,0
DA:51,0
DA:52,0
DA:53,0
DA:55,0
DA:58,0
DA:62,0
DA:66,0
DA:70,0
DA:74,0
DA:78,0
DA:82,0
DA:83,0
DA:84,0
DA:85,0
DA:86,0
DA:87,0
DA:88,0
DA:92,0
DA:93,0
DA:94,0
DA:97,0
DA:100,0
DA:104,0
DA:108,0
DA:112,0
DA:116,0
DA:120,0
DA:124,0
DA:128,0
DA:132,0
DA:136,0
DA:140,0
DA:144,0
DA:148,0
DA:149,0
DA:153,0
DA:154,0
DA:155,0
DA:159,0
LF:67
LH:1
BRDA:37,1,0,0
BRDA:37,1,1,0
BRDA:37,2,0,0
BRDA:37,2,1,0
BRDA:38,3,0,0
BRDA:38,3,1,0
BRDA:38,4,0,0
BRDA:38,4,1,0
BRDA:50,5,0,0
BRDA:50,5,1,0
BRDA:51,6,0,0
BRDA:51,6,1,0
BRDA:51,7,0,0
BRDA:51,7,1,0
BRDA:52,8,0,0
BRDA:52,8,1,0
BRDA:52,9,0,0
BRDA:52,9,1,0
BRDA:92,10,0,0
BRDA:92,10,1,0
BRDA:92,11,0,0
BRDA:92,11,1,0
BRDA:93,12,0,0
BRDA:93,12,1,0
BRDA:93,13,0,0
BRDA:93,13,1,0
BRF:26
BRH:0
end_of_record
TN:
SF:/Users/rlecart/Desktop/TRAVAIL/42/red-tetris/src/server/classes/Master.js
FN:9,Master
FN:16,(anonymous_14)
FN:18,(anonymous_15)
FNF:3
FNH:0
FNDA:0,Master
FNDA:0,(anonymous_14)
FNDA:0,(anonymous_15)
DA:1,0
DA:2,0
DA:3,0
DA:4,0
DA:6,0
DA:9,1
DA:10,0
DA:11,0
DA:12,0
DA:15,0
DA:16,0
DA:17,0
DA:18,0
DA:19,0
DA:20,0
DA:21,0
DA:28,0
DA:29,0
DA:30,0
DA:35,0
DA:39,0
DA:43,0
DA:44,0
DA:48,0
DA:49,0
DA:50,0
DA:54,0
DA:58,0
DA:60,0
DA:61,0
DA:62,0
DA:63,0
DA:64,0
DA:67,0
DA:71,0
DA:72,0
DA:74,0
DA:75,0
DA:76,0
DA:78,0
DA:82,0
DA:83,0
DA:84,0
DA:85,0
DA:88,0
DA:92,0
DA:96,0
DA:100,0
DA:104,0
DA:105,0
DA:106,0
DA:111,0
DA:113,0
DA:114,0
DA:115,0
DA:116,0
DA:117,0
DA:118,0
DA:119,0
DA:124,0
DA:126,0
DA:127,0
DA:128,0
DA:129,0
DA:130,0
DA:131,0
DA:132,0
DA:133,0
DA:134,0
DA:137,0
DA:142,0
DA:144,0
DA:145,0
DA:146,0
DA:147,0
DA:149,0
DA:150,0
DA:155,0
DA:156,0
DA:158,0
DA:159,0
DA:160,0
DA:162,0
DA:163,0
DA:164,0
DA:168,0
DA:170,0
DA:171,0
DA:172,0
DA:173,0
DA:177,0
DA:179,0
DA:180,0
DA:181,0
DA:182,0
DA:186,0
DA:188,0
DA:189,0
DA:190,0
DA:191,0
DA:192,0
DA:196,0
DA:198,0
DA:199,0
DA:200,0
DA:201,0
DA:203,0
DA:204,0
DA:206,0
DA:207,0
DA:211,0
DA:212,0
DA:213,0
DA:215,0
DA:216,0
DA:217,0
DA:218,0
DA:219,0
DA:224,0
DA:225,0
DA:227,0
DA:228,0
DA:229,0
DA:231,0
DA:232,0
DA:233,0
LF:126
LH:1
BRDA:43,1,0,0
BRDA:43,1,1,0
BRDA:43,2,0,0
BRDA:43,2,1,0
BRDA:43,2,2,0
BRDA:48,3,0,0
BRDA:48,3,1,0
BRDA:60,4,0,0
BRDA:60,4,1,0
BRDA:63,5,0,0
BRDA:63,5,1,0
BRDA:74,6,0,0
BRDA:74,6,1,0
BRDA:74,7,0,0
BRDA:74,7,1,0
BRDA:74,8,0,0
BRDA:74,8,1,0
BRDA:74,9,0,0
BRDA:74,9,1,0
BRDA:74,10,0,0
BRDA:74,10,1,0
BRDA:82,11,0,0
BRDA:82,11,1,0
BRDA:84,12,0,0
BRDA:84,12,1,0
BRDA:82,13,0,0
BRDA:82,13,1,0
BRDA:82,14,0,0
BRDA:82,14,1,0
BRDA:82,15,0,0
BRDA:82,15,1,0
BRDA:104,16,0,0
BRDA:104,16,1,0
BRDA:113,17,0,0
BRDA:113,17,1,0
BRDA:113,18,0,0
BRDA:113,18,1,0
BRDA:113,18,2,0
BRDA:113,18,3,0
BRDA:113,18,4,0
BRDA:113,18,5,0
BRDA:113,18,6,0
BRDA:114,19,0,0
BRDA:114,19,1,0
BRDA:114,20,0,0
BRDA:114,20,1,0
BRDA:126,21,0,0
BRDA:126,21,1,0
BRDA:126,22,0,0
BRDA:126,22,1,0
BRDA:126,22,2,0
BRDA:127,23,0,0
BRDA:127,23,1,0
BRDA:127,24,0,0
BRDA:127,24,1,0
BRDA:129,25,0,0
BRDA:129,25,1,0
BRDA:129,26,0,0
BRDA:129,26,1,0
BRDA:129,26,2,0
BRDA:144,27,0,0
BRDA:144,27,1,0
BRDA:144,28,0,0
BRDA:144,28,1,0
BRDA:146,29,0,0
BRDA:146,29,1,0
BRDA:149,30,0,0
BRDA:149,30,1,0
BRDA:158,31,0,0
BRDA:158,31,1,0
BRDA:158,32,0,0
BRDA:158,32,1,0
BRDA:158,33,0,0
BRDA:158,33,1,0
BRDA:158,34,0,0
BRDA:158,34,1,0
BRDA:170,35,0,0
BRDA:170,35,1,0
BRDA:170,36,0,0
BRDA:170,36,1,0
BRDA:170,36,2,0
BRDA:172,37,0,0
BRDA:172,37,1,0
BRDA:179,38,0,0
BRDA:179,38,1,0
BRDA:181,39,0,0
BRDA:181,39,1,0
BRDA:190,40,0,0
BRDA:190,40,1,0
BRDA:198,41,0,0
BRDA:198,41,1,0
BRDA:198,42,0,0
BRDA:198,42,1,0
BRDA:198,42,2,0
BRDA:198,42,3,0
BRDA:198,42,4,0
BRDA:198,42,5,0
BRDA:200,43,0,0
BRDA:200,43,1,0
BRDA:203,44,0,0
BRDA:203,44,1,0
BRDA:206,45,0,0
BRDA:206,45,1,0
BRDA:206,46,0,0
BRDA:206,46,1,0
BRDA:206,46,2,0
BRDA:215,47,0,0
BRDA:215,47,1,0
BRDA:215,48,0,0
BRDA:215,48,1,0
BRDA:216,49,0,0
BRDA:216,49,1,0
BRDA:216,50,0,0
BRDA:216,50,1,0
BRDA:218,51,0,0
BRDA:218,51,1,0
BRDA:227,52,0,0
BRDA:227,52,1,0
BRDA:227,53,0,0
BRDA:227,53,1,0
BRDA:227,53,2,0
BRDA:227,54,0,0
BRDA:227,54,1,0
BRDA:227,55,0,0
BRDA:227,55,1,0
BRDA:227,56,0,0
BRDA:227,56,1,0
BRDA:232,57,0,0
BRDA:232,57,1,0
BRF:129
BRH:0
end_of_record
TN:
SF:/Users/rlecart/Desktop/TRAVAIL/42/red-tetris/src/server/classes/Player.js
FN:5,Player
FNF:1
FNH:0
FNDA:0,Player
DA:1,0
DA:2,0
DA:5,1
DA:7,0
DA:8,0
DA:9,0
DA:13,0
DA:17,0
DA:21,0
DA:25,0
DA:29,0
DA:33,0
DA:37,0
DA:41,0
DA:45,0
DA:47,0
DA:48,0
DA:49,0
DA:50,0
DA:51,0
DA:52,0
DA:53,0
DA:54,0
DA:55,0
DA:56,0
DA:57,0
DA:59,0
DA:60,0
LF:28
LH:1
BRDA:47,1,0,0
BRDA:47,1,1,0
BRDA:49,2,0,0
BRDA:49,2,1,0
BRDA:51,3,0,0
BRDA:51,3,1,0
BRDA:53,4,0,0
BRDA:53,4,1,0
BRDA:55,5,0,0
BRDA:55,5,1,0
BRDA:56,6,0,0
BRDA:56,6,1,0
BRDA:59,7,0,0
BRDA:59,7,1,0
BRF:14
BRH:0
end_of_record
TN:
SF:/Users/rlecart/Desktop/TRAVAIL/42/red-tetris/src/server/classes/Room.js
FN:7,Room
FN:174,(anonymous_36)
FNF:2
FNH:0
FNDA:0,Room
FNDA:0,(anonymous_36)
DA:1,0
DA:2,0
DA:3,0
DA:4,0
DA:7,1
DA:8,0
DA:9,0
DA:10,0
DA:11,0
DA:12,0
DA:13,0
DA:16,0
DA:17,0
DA:18,0
DA:20,0
DA:22,0
DA:23,0
DA:24,0
DA:25,0
DA:29,0
DA:30,0
DA:31,0
DA:35,0
DA:39,0
DA:40,0
DA:41,0
DA:45,0
DA:49,0
DA:50,0
DA:51,0
DA:55,0
DA:56,0
DA:57,0
DA:61,0
DA:65,0
DA:69,0
DA:73,0
DA:77,0
DA:81,0
DA:83,0
DA:84,0
DA:85,0
DA:86,0
DA:87,0
DA:88,0
DA:89,0
DA:92,0
DA:93,0
DA:94,0
DA:96,0
DA:97,0
DA:99,0
DA:100,0
DA:101,0
DA:102,0
DA:104,0
DA:108,0
DA:109,0
DA:113,0
DA:117,0
DA:121,0
DA:122,0
DA:123,0
DA:127,0
DA:128,0
DA:132,0
DA:133,0
DA:137,0
DA:141,0
DA:143,0
DA:144,0
DA:145,0
DA:147,0
DA:148,0
DA:149,0
DA:150,0
DA:152,0
DA:157,0
DA:158,0
DA:159,0
DA:160,0
DA:161,0
DA:166,0
DA:169,0
DA:170,0
DA:171,0
DA:172,0
DA:173,0
DA:174,0
DA:175,0
DA:176,0
DA:177,0
DA:178,0
DA:179,0
DA:184,0
DA:188,0
DA:190,0
DA:191,0
DA:192,0
DA:194,0
DA:195,0
DA:196,0
DA:197,0
DA:201,0
DA:205,0
DA:209,0
DA:213,0
DA:216,0
DA:217,0
DA:218,0
DA:222,0
DA:226,0
DA:227,0
DA:228,0
DA:229,0
DA:230,0
DA:233,0
DA:234,0
DA:235,0
DA:236,0
DA:237,0
DA:238,0
DA:242,0
DA:243,0
DA:244,0
DA:245,0
DA:246,0
DA:247,0
DA:251,0
DA:253,0
DA:254,0
DA:255,0
DA:256,0
DA:257,0
DA:258,0
DA:259,0
DA:260,0
DA:264,0
DA:265,0
DA:268,0
DA:269,0
DA:270,0
DA:271,0
DA:273,0
DA:274,0
DA:275,0
DA:281,0
DA:282,0
DA:283,0
DA:284,0
DA:286,0
DA:289,0
DA:290,0
DA:291,0
DA:296,0
DA:298,0
DA:299,0
DA:300,0
DA:301,0
DA:305,0
DA:306,0
DA:307,0
DA:308,0
DA:309,0
DA:314,0
DA:316,0
DA:318,0
DA:319,0
DA:320,0
DA:322,0
DA:323,0
DA:324,0
DA:328,0
DA:329,0
DA:331,0
DA:332,0
DA:333,0
DA:338,0
DA:339,0
DA:341,0
DA:342,0
DA:343,0
LF:182
LH:1
BRDA:29,1,0,0
BRDA:29,1,1,0
BRDA:39,2,0,0
BRDA:39,2,1,0
BRDA:49,3,0,0
BRDA:49,3,1,0
BRDA:55,4,0,0
BRDA:55,4,1,0
BRDA:96,5,0,0
BRDA:96,5,1,0
BRDA:101,6,0,0
BRDA:101,6,1,0
BRDA:101,7,0,0
BRDA:101,7,1,0
BRDA:92,8,0,0
BRDA:92,8,1,0
BRDA:92,9,0,0
BRDA:92,9,1,0
BRDA:92,10,0,0
BRDA:92,10,1,0
BRDA:108,11,0,0
BRDA:108,11,1,0
BRDA:121,12,0,0
BRDA:121,12,1,0
BRDA:127,13,0,0
BRDA:127,13,1,0
BRDA:127,14,0,0
BRDA:127,14,1,0
BRDA:143,15,0,0
BRDA:143,15,1,0
BRDA:147,16,0,0
BRDA:147,16,1,0
BRDA:149,17,0,0
BRDA:149,17,1,0
BRDA:147,18,0,0
BRDA:147,18,1,0
BRDA:147,19,0,0
BRDA:147,19,1,0
BRDA:147,20,0,0
BRDA:147,20,1,0
BRDA:143,21,0,0
BRDA:143,21,1,0
BRDA:143,22,0,0
BRDA:143,22,1,0
BRDA:143,23,0,0
BRDA:143,23,1,0
BRDA:178,24,0,0
BRDA:178,24,1,0
BRDA:190,25,0,0
BRDA:190,25,1,0
BRDA:216,26,0,0
BRDA:216,26,1,0
BRDA:216,27,0,0
BRDA:216,27,1,0
BRDA:216,28,0,0
BRDA:216,28,1,0
BRDA:227,29,0,0
BRDA:227,29,1,0
BRDA:228,30,0,0
BRDA:228,30,1,0
BRDA:234,31,0,0
BRDA:234,31,1,0
BRDA:257,32,0,0
BRDA:257,32,1,0
BRDA:257,33,0,0
BRDA:257,33,1,0
BRDA:257,33,2,0
BRDA:259,34,0,0
BRDA:259,34,1,0
BRDA:274,35,0,0
BRDA:274,35,1,0
BRDA:274,36,0,0
BRDA:274,36,1,0
BRDA:274,36,2,0
BRDA:274,36,3,0
BRDA:268,37,0,0
BRDA:268,37,1,0
BRDA:268,38,0,0
BRDA:268,38,1,0
BRDA:268,39,0,0
BRDA:268,39,1,0
BRDA:281,40,0,0
BRDA:281,40,1,0
BRDA:281,41,0,0
BRDA:281,41,1,0
BRDA:282,42,0,0
BRDA:282,42,1,0
BRDA:289,43,0,0
BRDA:289,43,1,0
BRDA:289,44,0,0
BRDA:289,44,1,0
BRDA:289,45,0,0
BRDA:289,45,1,0
BRDA:298,46,0,0
BRDA:298,46,1,0
BRDA:298,47,0,0
BRDA:298,47,1,0
BRDA:307,48,0,0
BRDA:307,48,1,0
BRDA:307,49,0,0
BRDA:307,49,1,0
BRDA:305,50,0,0
BRDA:305,50,1,0
BRDA:305,51,0,0
BRDA:305,51,1,0
BRDA:305,52,0,0
BRDA:305,52,1,0
BRDA:319,53,0,0
BRDA:319,53,1,0
BRDA:319,54,0,0
BRDA:319,54,1,0
BRDA:314,55,0,0
BRDA:314,55,1,0
BRDA:314,56,0,0
BRDA:314,56,1,0
BRDA:314,57,0,0
BRDA:314,57,1,0
BRDA:322,58,0,0
BRDA:322,58,1,0
BRDA:332,59,0,0
BRDA:332,59,1,0
BRDA:328,60,0,0
BRDA:328,60,1,0
BRDA:328,61,0,0
BRDA:328,61,1,0
BRDA:328,62,0,0
BRDA:328,62,1,0
BRDA:342,63,0,0
BRDA:342,63,1,0
BRDA:338,64,0,0
BRDA:338,64,1,0
BRDA:338,65,0,0
BRDA:338,65,1,0
BRDA:338,66,0,0
BRDA:338,66,1,0
BRF:135
BRH:0
end_of_record
TN:
SF:/Users/rlecart/Desktop/TRAVAIL/42/red-tetris/src/server/classes/Servers.js
FN:8,mainServer
FN:26,handler
FN:28,(anonymous_12)
FN:43,(anonymous_13)
FN:51,(anonymous_15)
FN:79,(anonymous_19)
FN:81,(anonymous_20)
FN:85,(anonymous_21)
FN:86,(anonymous_22)
FN:87,(anonymous_23)
FN:88,(anonymous_24)
FN:94,(anonymous_25)
FN:95,(anonymous_26)
FN:96,(anonymous_27)
FN:97,(anonymous_28)
FN:98,(anonymous_29)
FN:99,(anonymous_30)
FN:102,(anonymous_31)
FN:109,(anonymous_32)
FN:110,(anonymous_33)
FNF:20
FNH:0
FNDA:0,mainServer
FNDA:0,handler
FNDA:0,(anonymous_12)
FNDA:0,(anonymous_13)
FNDA:0,(anonymous_15)
FNDA:0,(anonymous_19)
FNDA:0,(anonymous_20)
FNDA:0,(anonymous_21)
FNDA:0,(anonymous_22)
FNDA:0,(anonymous_23)
FNDA:0,(anonymous_24)
FNDA:0,(anonymous_25)
FNDA:0,(anonymous_26)
FNDA:0,(anonymous_27)
FNDA:0,(anonymous_28)
FNDA:0,(anonymous_29)
FNDA:0,(anonymous_30)
FNDA:0,(anonymous_31)
FNDA:0,(anonymous_32)
FNDA:0,(anonymous_33)
DA:1,0
DA:2,0
DA:3,0
DA:4,0
DA:5,0
DA:8,1
DA:9,0
DA:10,0
DA:11,0
DA:12,0
DA:13,0
DA:17,0
DA:21,0
DA:24,0
DA:26,0
DA:27,0
DA:28,0
DA:29,0
DA:30,0
DA:32,0
DA:33,0
DA:35,0
DA:36,0
DA:37,0
DA:41,0
DA:43,0
DA:45,0
DA:49,0
DA:50,0
DA:51,0
DA:52,0
DA:60,0
DA:66,0
DA:70,0
DA:71,0
DA:72,0
DA:75,0
DA:79,0
DA:80,0
DA:81,0
DA:82,0
DA:83,0
DA:85,0
DA:86,0
DA:87,0
DA:88,0
DA:89,0
DA:91,0
DA:92,0
DA:94,0
DA:95,0
DA:96,0
DA:97,0
DA:98,0
DA:99,0
DA:100,0
DA:101,0
DA:102,0
DA:103,0
DA:105,0
DA:106,0
DA:107,0
DA:108,0
DA:109,0
DA:110,0
DA:112,0
DA:115,0
DA:117,0
DA:118,0
LF:69
LH:1
BRDA:27,1,0,0
BRDA:27,1,1,0
BRDA:29,2,0,0
BRDA:29,2,1,0
BRDA:70,3,0,0
BRDA:70,3,1,0
BRDA:70,4,0,0
BRDA:70,4,1,0
BRDA:70,5,0,0
BRDA:70,5,1,0
BRDA:70,6,0,0
BRDA:70,6,1,0
BRDA:82,7,0,0
BRDA:82,7,1,0
BRDA:82,8,0,0
BRDA:82,8,1,0
BRDA:91,9,0,0
BRDA:91,9,1,0
BRDA:105,10,0,0
BRDA:105,10,1,0
BRDA:108,11,0,0
BRDA:108,11,1,0
BRF:22
BRH:0
end_of_record
TN:
SF:/Users/rlecart/Desktop/TRAVAIL/42/red-tetris/src/server/index___.js
FN:7,initApp
FN:9,handler
FN:11,(anonymous_4)
FN:24,(anonymous_5)
FN:30,initEngine
FN:31,(anonymous_7)
FN:33,(anonymous_8)
FN:41,create
FN:42,(anonymous_10)
FN:44,(anonymous_11)
FN:46,stop
FN:48,(anonymous_13)
FNF:12
FNH:0
FNDA:0,initApp
FNDA:0,handler
FNDA:0,(anonymous_4)
FNDA:0,(anonymous_5)
FNDA:0,initEngine
FNDA:0,(anonymous_7)
FNDA:0,(anonymous_8)
FNDA:0,create
FNDA:0,(anonymous_10)
FNDA:0,(anonymous_11)
FNDA:0,stop
FNDA:0,(anonymous_13)
DA:1,0
DA:2,0
DA:4,0
DA:7,0
DA:9,0
DA:10,0
DA:11,0
DA:12,0
DA:13,0
DA:14,0
DA:15,0
DA:17,0
DA:18,0
DA:22,0
DA:24,0
DA:25,0
DA:26,0
DA:30,0
DA:31,0
DA:32,0
DA:33,0
DA:34,0
DA:35,0
DA:41,1
DA:42,0
DA:43,0
DA:44,0
DA:45,0
DA:46,0
DA:47,0
DA:48,0
DA:49,0
DA:51,0
DA:52,0
DA:55,0
DA:56,0
DA:59,0
LF:37
LH:1
BRDA:10,1,0,0
BRDA:10,1,1,0
BRDA:12,2,0,0
BRDA:12,2,1,0
BRDA:34,3,0,0
BRDA:34,3,1,0
BRF:6
BRH:0
end_of_record
TN:
SF:/Users/rlecart/Desktop/TRAVAIL/42/red-tetris/src/server/main.js
FN:4,(anonymous_2)
FN:4,(anonymous_3)
FNF:2
FNH:0
FNDA:0,(anonymous_2)
FNDA:0,(anonymous_3)
DA:1,0
DA:2,0
DA:4,0
LF:3
LH:0
BRF:0
BRH:0
end_of_record
TN:
SF:/Users/rlecart/Desktop/TRAVAIL/42/red-tetris/src/server/refresh.js
FN:3,newRand
FN:7,newShape
FN:14,initShapes
FN:19,createNewTetri
FN:31,addTetri
FN:51,checkTetri
FN:75,noMoreSpace
FN:81,turnTetri
FN:87,(anonymous_13)
FN:87,(anonymous_14)
FN:89,(anonymous_15)
FN:89,(anonymous_16)
FN:94,parseLen
FN:122,parseTruePos
FN:145,checkIfOk
FN:162,moveTetri
FN:199,checkFilledLine
FN:213,endGame
FN:220,addFilledLine
FN:226,(anonymous_24)
FN:243,refresh
FNF:21
FNH:0
FNDA:0,newRand
FNDA:0,newShape
FNDA:0,initShapes
FNDA:0,createNewTetri
FNDA:0,addTetri
FNDA:0,checkTetri
FNDA:0,noMoreSpace
FNDA:0,turnTetri
FNDA:0,(anonymous_13)
FNDA:0,(anonymous_14)
FNDA:0,(anonymous_15)
FNDA:0,(anonymous_16)
FNDA:0,parseLen
FNDA:0,parseTruePos
FNDA:0,checkIfOk
FNDA:0,moveTetri
FNDA:0,checkFilledLine
FNDA:0,endGame
FNDA:0,addFilledLine
FNDA:0,(anonymous_24)
FNDA:0,refresh
DA:1,0
DA:3,0
DA:4,0
DA:7,0
DA:8,0
DA:10,0
DA:11,0
DA:14,1
DA:15,0
DA:16,0
DA:19,0
DA:20,0
DA:21,0
DA:22,0
DA:23,0
DA:24,0
DA:25,0
DA:26,0
DA:27,0
DA:28,0
DA:31,0
DA:32,0
DA:33,0
DA:34,0
DA:35,0
DA:36,0
DA:37,0
DA:39,0
DA:40,0
DA:41,0
DA:42,0
DA:43,0
DA:45,0
DA:46,0
DA:47,0
DA:51,0
DA:52,0
DA:53,0
DA:54,0
DA:55,0
DA:56,0
DA:58,0
DA:60,0
DA:61,0
DA:62,0
DA:63,0
DA:65,0
DA:66,0
DA:68,0
DA:69,0
DA:70,0
DA:72,0
DA:75,0
DA:76,0
DA:77,0
DA:78,0
DA:81,0
DA:82,0
DA:84,0
DA:85,0
DA:86,0
DA:87,0
DA:89,0
DA:90,0
DA:91,0
DA:94,0
DA:95,0
DA:96,0
DA:97,0
DA:98,0
DA:99,0
DA:100,0
DA:102,0
DA:103,0
DA:104,0
DA:105,0
DA:106,0
DA:109,0
DA:111,0
DA:112,0
DA:113,0
DA:115,0
DA:116,0
DA:117,0
DA:119,0
DA:122,0
DA:123,0
DA:124,0
DA:125,0
DA:126,0
DA:127,0
DA:128,0
DA:130,0
DA:131,0
DA:132,0
DA:133,0
DA:134,0
DA:135,0
DA:136,0
DA:139,0
DA:141,0
DA:142,0
DA:145,0
DA:146,0
DA:147,0
DA:148,0
DA:149,0
DA:150,0
DA:152,0
DA:154,0
DA:157,0
DA:159,0
DA:162,0
DA:163,0
DA:164,0
DA:166,0
DA:167,0
DA:168,0
DA:169,0
DA:170,0
DA:171,0
DA:172,0
DA:173,0
DA:175,0
DA:176,0
DA:177,0
DA:178,0
DA:179,0
DA:181,0
DA:182,0
DA:183,0
DA:184,0
DA:185,0
DA:186,0
DA:187,0
DA:188,0
DA:189,0
DA:190,0
DA:192,0
DA:196,0
DA:199,0
DA:200,0
DA:201,0
DA:203,0
DA:204,0
DA:205,0
DA:206,0
DA:207,0
DA:210,0
DA:213,0
DA:214,0
DA:215,0
DA:220,1
DA:221,0
DA:223,0
DA:224,0
DA:225,0
DA:226,0
DA:227,0
DA:228,0
DA:231,0
DA:232,0
DA:233,0
DA:234,0
DA:235,0
DA:236,0
DA:243,1
DA:244,0
DA:245,0
DA:247,0
DA:248,0
DA:249,0
DA:250,0
DA:251,0
DA:252,0
DA:253,0
DA:254,0
DA:255,0
DA:256,0
DA:257,0
DA:258,0
DA:260,0
LF:182
LH:3
BRDA:21,1,0,0
BRDA:21,1,1,0
BRDA:41,2,0,0
BRDA:41,2,1,0
BRDA:58,3,0,0
BRDA:58,3,1,0
BRDA:58,4,0,0
BRDA:58,4,1,0
BRDA:61,5,0,0
BRDA:61,5,1,0
BRDA:62,6,0,0
BRDA:62,6,1,0
BRDA:63,7,0,0
BRDA:63,7,1,0
BRDA:63,8,0,0
BRDA:63,8,1,0
BRDA:63,8,2,0
BRDA:63,8,3,0
BRDA:76,9,0,0
BRDA:76,9,1,0
BRDA:84,10,0,0
BRDA:84,10,1,0
BRDA:86,11,0,0
BRDA:86,11,1,0
BRDA:104,12,0,0
BRDA:104,12,1,0
BRDA:112,13,0,0
BRDA:112,13,1,0
BRDA:94,14,0,0
BRDA:94,14,1,0
BRDA:94,15,0,0
BRDA:94,15,1,0
BRDA:94,16,0,0
BRDA:94,16,1,0
BRDA:116,17,0,0
BRDA:116,17,1,0
BRDA:94,18,0,0
BRDA:94,18,1,0
BRDA:94,19,0,0
BRDA:94,19,1,0
BRDA:94,20,0,0
BRDA:94,20,1,0
BRDA:132,21,0,0
BRDA:132,21,1,0
BRDA:133,22,0,0
BRDA:133,22,1,0
BRDA:135,23,0,0
BRDA:135,23,1,0
BRDA:146,24,0,0
BRDA:146,24,1,0
BRDA:148,25,0,0
BRDA:148,25,1,0
BRDA:148,26,0,0
BRDA:148,26,1,0
BRDA:148,26,2,0
BRDA:150,27,0,0
BRDA:150,27,1,0
BRDA:150,28,0,0
BRDA:150,28,1,0
BRDA:154,29,0,0
BRDA:154,29,1,0
BRDA:154,30,0,0
BRDA:154,30,1,0
BRDA:154,30,2,0
BRDA:154,30,3,0
BRDA:154,30,4,0
BRDA:154,30,5,0
BRDA:166,31,0,0
BRDA:166,31,1,0
BRDA:166,32,0,0
BRDA:166,32,1,0
BRDA:170,33,0,0
BRDA:170,33,1,0
BRDA:171,34,0,0
BRDA:171,34,1,0
BRDA:171,35,0,0
BRDA:171,35,1,0
BRDA:177,36,0,0
BRDA:177,36,1,0
BRDA:178,37,0,0
BRDA:178,37,1,0
BRDA:178,38,0,0
BRDA:178,38,1,0
BRDA:178,38,2,0
BRDA:183,39,0,0
BRDA:183,39,1,0
BRDA:183,40,0,0
BRDA:183,40,1,0
BRDA:185,41,0,0
BRDA:185,41,1,0
BRDA:186,42,0,0
BRDA:186,42,1,0
BRDA:186,43,0,0
BRDA:186,43,1,0
BRDA:188,44,0,0
BRDA:188,44,1,0
BRDA:204,45,0,0
BRDA:204,45,1,0
BRDA:204,46,0,0
BRDA:204,46,1,0
BRDA:224,47,0,0
BRDA:224,47,1,0
BRDA:224,48,0,0
BRDA:224,48,1,0
BRDA:226,49,0,0
BRDA:226,49,1,0
BRDA:231,50,0,0
BRDA:231,50,1,0
BRDA:220,51,0,0
BRDA:220,51,1,0
BRDA:220,52,0,0
BRDA:220,52,1,0
BRDA:220,53,0,0
BRDA:220,53,1,0
BRDA:248,54,0,0
BRDA:248,54,1,0
BRDA:251,55,0,0
BRDA:251,55,1,0
BRDA:253,56,0,0
BRDA:253,56,1,0
BRDA:254,57,0,0
BRDA:254,57,1,0
BRF:122
BRH:0
end_of_record
