TN:
SF:/Users/rlecart/Desktop/TRAVAIL/42/red-tetris/src/client/actions/gameAction.js
FN:5,setNewGameInfo
FN:19,deleteGameData
FN:24,addWinner
FNF:3
FNH:0
FNDA:0,setNewGameInfo
FNDA:0,deleteGameData
FNDA:0,addWinner
LF:0
LH:0
BRF:0
BRH:0
end_of_record
TN:
SF:/Users/rlecart/Desktop/TRAVAIL/42/red-tetris/src/client/actions/homeAction.js
FN:3,setNewHomeInfo
FNF:1
FNH:0
FNDA:0,setNewHomeInfo
LF:0
LH:0
BRF:0
BRH:0
end_of_record
TN:
SF:/Users/rlecart/Desktop/TRAVAIL/42/red-tetris/src/client/actions/roomAction.js
FN:6,setNewRoomInfo
FN:17,deleteRoomData
FNF:2
FNH:0
FNDA:0,setNewRoomInfo
FNDA:0,deleteRoomData
DA:12,0
LF:1
LH:0
BRDA:12,1,0,0
BRDA:12,1,1,0
BRDA:12,2,0,0
BRDA:12,2,1,0
BRF:4
BRH:0
end_of_record
TN:
SF:/Users/rlecart/Desktop/TRAVAIL/42/red-tetris/src/client/actions/socketAction.js
FN:3,addSocket
FNF:1
FNH:0
FNDA:0,addSocket
DA:9,0
LF:1
LH:0
BRDA:9,1,0,0
BRDA:9,1,1,0
BRF:2
BRH:0
end_of_record
TN:
SF:/Users/rlecart/Desktop/TRAVAIL/42/red-tetris/src/client/api/clientApi.js
FN:1,move
FN:2,(anonymous_2)
FN:10,getRoomInfo
FN:11,(anonymous_4)
FN:13,(anonymous_5)
FN:25,createRoom
FN:26,(anonymous_7)
FN:28,(anonymous_8)
FN:39,joinRoom
FN:40,(anonymous_10)
FN:42,(anonymous_11)
FN:53,askToStartGame
FN:54,(anonymous_13)
FN:62,leaveRoom
FN:63,(anonymous_15)
FN:71,askToEndGame
FN:72,(anonymous_17)
FN:80,readyToStart
FN:81,(anonymous_19)
FN:89,askEverybodyToCalmDown
FN:90,(anonymous_21)
FNF:21
FNH:0
FNDA:0,move
FNDA:0,(anonymous_2)
FNDA:0,getRoomInfo
FNDA:0,(anonymous_4)
FNDA:0,(anonymous_5)
FNDA:0,createRoom
FNDA:0,(anonymous_7)
FNDA:0,(anonymous_8)
FNDA:0,joinRoom
FNDA:0,(anonymous_10)
FNDA:0,(anonymous_11)
FNDA:0,askToStartGame
FNDA:0,(anonymous_13)
FNDA:0,leaveRoom
FNDA:0,(anonymous_15)
FNDA:0,askToEndGame
FNDA:0,(anonymous_17)
FNDA:0,readyToStart
FNDA:0,(anonymous_19)
FNDA:0,askEverybodyToCalmDown
FNDA:0,(anonymous_21)
DA:3,0
DA:4,0
DA:12,0
DA:14,0
DA:15,0
DA:27,0
DA:28,0
DA:29,0
DA:30,0
DA:41,0
DA:42,0
DA:43,0
DA:44,0
DA:55,0
DA:56,0
DA:64,0
DA:65,0
DA:73,0
DA:74,0
DA:82,0
DA:83,0
DA:91,0
DA:92,0
LF:23
LH:0
BRDA:3,1,0,0
BRDA:3,1,1,0
BRDA:3,2,0,0
BRDA:3,2,1,0
BRDA:3,2,2,0
BRDA:12,3,0,0
BRDA:12,3,1,0
BRDA:12,4,0,0
BRDA:12,4,1,0
BRDA:12,4,2,0
BRDA:14,5,0,0
BRDA:14,5,1,0
BRDA:14,6,0,0
BRDA:14,6,1,0
BRDA:27,7,0,0
BRDA:27,7,1,0
BRDA:27,8,0,0
BRDA:27,8,1,0
BRDA:27,8,2,0
BRDA:29,9,0,0
BRDA:29,9,1,0
BRDA:29,10,0,0
BRDA:29,10,1,0
BRDA:41,11,0,0
BRDA:41,11,1,0
BRDA:41,12,0,0
BRDA:41,12,1,0
BRDA:41,12,2,0
BRDA:43,13,0,0
BRDA:43,13,1,0
BRDA:43,14,0,0
BRDA:43,14,1,0
BRDA:55,15,0,0
BRDA:55,15,1,0
BRDA:55,16,0,0
BRDA:55,16,1,0
BRDA:55,16,2,0
BRDA:64,17,0,0
BRDA:64,17,1,0
BRDA:64,18,0,0
BRDA:64,18,1,0
BRDA:64,18,2,0
BRDA:73,19,0,0
BRDA:73,19,1,0
BRDA:73,20,0,0
BRDA:73,20,1,0
BRDA:73,20,2,0
BRDA:82,21,0,0
BRDA:82,21,1,0
BRDA:82,22,0,0
BRDA:82,22,1,0
BRDA:82,22,2,0
BRDA:91,23,0,0
BRDA:91,23,1,0
BRDA:91,24,0,0
BRDA:91,24,1,0
BRDA:91,24,2,0
BRF:57
BRH:0
end_of_record
TN:
SF:/Users/rlecart/Desktop/TRAVAIL/42/red-tetris/src/client/components/Board.js
FNF:0
FNH:0
LF:0
LH:0
BRF:0
BRH:0
end_of_record
TN:
SF:/Users/rlecart/Desktop/TRAVAIL/42/red-tetris/src/client/components/BottomPanel.js
FNF:0
FNH:0
LF:0
LH:0
BRF:0
BRH:0
end_of_record
TN:
SF:/Users/rlecart/Desktop/TRAVAIL/42/red-tetris/src/client/components/GameOver.js
FNF:0
FNH:0
LF:0
LH:0
BRF:0
BRH:0
end_of_record
TN:
SF:/Users/rlecart/Desktop/TRAVAIL/42/red-tetris/src/client/components/GamePanel.js
FNF:0
FNH:0
LF:0
LH:0
BRF:0
BRH:0
end_of_record
TN:
SF:/Users/rlecart/Desktop/TRAVAIL/42/red-tetris/src/client/components/LeaveButton.js
FNF:0
FNH:0
LF:0
LH:0
BRF:0
BRH:0
end_of_record
TN:
SF:/Users/rlecart/Desktop/TRAVAIL/42/red-tetris/src/client/components/NotFound.js
FNF:0
FNH:0
LF:0
LH:0
BRF:0
BRH:0
end_of_record
TN:
SF:/Users/rlecart/Desktop/TRAVAIL/42/red-tetris/src/client/components/PlayersPanel.js
FN:17,onClick
FN:19,(anonymous_4)
FNF:2
FNH:0
FNDA:0,onClick
FNDA:0,(anonymous_4)
LF:0
LH:0
BRF:0
BRH:0
end_of_record
TN:
SF:/Users/rlecart/Desktop/TRAVAIL/42/red-tetris/src/client/components/ProfilPanel.js
FNF:0
FNH:0
LF:0
LH:0
BRF:0
BRH:0
end_of_record
TN:
SF:/Users/rlecart/Desktop/TRAVAIL/42/red-tetris/src/client/components/RightPanel.js
FNF:0
FNH:0
LF:0
LH:0
BRF:0
BRH:0
end_of_record
TN:
SF:/Users/rlecart/Desktop/TRAVAIL/42/red-tetris/src/client/components/RoomSelectorPanel.js
FNF:0
FNH:0
LF:0
LH:0
BRF:0
BRH:0
end_of_record
TN:
SF:/Users/rlecart/Desktop/TRAVAIL/42/red-tetris/src/client/components/RulesPanel.js
FNF:0
FNH:0
LF:0
LH:0
BRF:0
BRH:0
end_of_record
TN:
SF:/Users/rlecart/Desktop/TRAVAIL/42/red-tetris/src/client/components/Spec.js
FNF:0
FNH:0
LF:0
LH:0
BRF:0
BRH:0
end_of_record
TN:
SF:/Users/rlecart/Desktop/TRAVAIL/42/red-tetris/src/client/components/SpecList.js
FNF:0
FNH:0
LF:0
LH:0
BRF:0
BRH:0
end_of_record
TN:
SF:/Users/rlecart/Desktop/TRAVAIL/42/red-tetris/src/client/components/TextReveal.js
FNF:0
FNH:0
LF:0
LH:0
BRF:0
BRH:0
end_of_record
TN:
SF:/Users/rlecart/Desktop/TRAVAIL/42/red-tetris/src/client/components/TopPanel.js
FNF:0
FNH:0
LF:0
LH:0
BRF:0
BRH:0
end_of_record
TN:
SF:/Users/rlecart/Desktop/TRAVAIL/42/red-tetris/src/client/containers/Display.js
FNF:0
FNH:0
LF:0
LH:0
BRF:0
BRH:0
end_of_record
TN:
SF:/Users/rlecart/Desktop/TRAVAIL/42/red-tetris/src/client/containers/GameContainer.js
FN:15,GameContainer
FN:27,acidMode
FN:40,eventDispatcher
FN:59,(anonymous_9)
FN:63,(anonymous_10)
FN:66,(anonymous_11)
FN:70,(anonymous_12)
FN:78,(anonymous_13)
FN:79,(anonymous_14)
FN:83,(anonymous_15)
FN:88,(anonymous_16)
FN:90,(anonymous_17)
FN:101,(anonymous_18)
FN:105,pleaseUnmountGame
FN:162,mapStateToProps
FNF:15
FNH:0
FNDA:0,GameContainer
FNDA:0,acidMode
FNDA:0,eventDispatcher
FNDA:0,(anonymous_9)
FNDA:0,(anonymous_10)
FNDA:0,(anonymous_11)
FNDA:0,(anonymous_12)
FNDA:0,(anonymous_13)
FNDA:0,(anonymous_14)
FNDA:0,(anonymous_15)
FNDA:0,(anonymous_16)
FNDA:0,(anonymous_17)
FNDA:0,(anonymous_18)
FNDA:0,pleaseUnmountGame
FNDA:0,mapStateToProps
DA:31,0
DA:32,0
DA:42,0
DA:43,0
DA:44,0
DA:45,0
DA:46,0
DA:47,0
DA:48,0
DA:49,0
DA:50,0
DA:51,0
DA:52,0
DA:53,0
DA:54,0
DA:65,0
DA:73,0
DA:86,0
DA:91,0
DA:97,0
DA:106,0
DA:107,0
DA:109,0
LF:23
LH:0
BRDA:42,1,0,0
BRDA:42,1,1,0
BRDA:44,2,0,0
BRDA:44,2,1,0
BRDA:46,3,0,0
BRDA:46,3,1,0
BRDA:48,4,0,0
BRDA:48,4,1,0
BRDA:50,5,0,0
BRDA:50,5,1,0
BRDA:52,6,0,0
BRDA:52,6,1,0
BRDA:54,7,0,0
BRDA:54,7,1,0
BRDA:65,8,0,0
BRDA:65,8,1,0
BRDA:73,9,0,0
BRDA:73,9,1,0
BRDA:91,10,0,0
BRDA:91,10,1,0
BRDA:97,11,0,0
BRDA:97,11,1,0
BRDA:106,12,0,0
BRDA:106,12,1,0
BRDA:107,13,0,0
BRDA:107,13,1,0
BRDA:109,14,0,0
BRDA:109,14,1,0
BRDA:117,15,0,0
BRDA:117,15,1,0
BRDA:117,16,0,0
BRDA:117,16,1,0
BRDA:123,17,0,0
BRDA:123,17,1,0
BRDA:134,18,0,0
BRDA:134,18,1,0
BRDA:141,19,0,0
BRDA:141,19,1,0
BRF:38
BRH:0
end_of_record
TN:
SF:/Users/rlecart/Desktop/TRAVAIL/42/red-tetris/src/client/containers/GameOverContainer.js
FN:8,GameOverContainer
FN:35,toExecute
FNF:2
FNH:0
FNDA:0,GameOverContainer
FNDA:0,toExecute
DA:17,0
DA:24,0
DA:31,0
DA:42,0
LF:4
LH:0
BRDA:17,1,0,0
BRDA:17,1,1,0
BRDA:24,2,0,0
BRDA:24,2,1,0
BRDA:31,3,0,0
BRDA:31,3,1,0
BRDA:31,4,0,0
BRDA:31,4,1,0
BRDA:42,5,0,0
BRDA:42,5,1,0
BRDA:44,6,0,0
BRDA:44,6,1,0
BRDA:47,7,0,0
BRDA:47,7,1,0
BRF:14
BRH:0
end_of_record
TN:
SF:/Users/rlecart/Desktop/TRAVAIL/42/red-tetris/src/client/containers/HomeContainer.js
FN:14,Home
FN:22,handleChange
FN:37,(anonymous_7)
FN:48,submitForm
FN:53,(anonymous_10)
FN:61,(anonymous_11)
FN:68,(anonymous_12)
FN:103,mapStateToProps
FNF:8
FNH:0
FNDA:0,Home
FNDA:0,handleChange
FNDA:0,(anonymous_7)
FNDA:0,submitForm
FNDA:0,(anonymous_10)
FNDA:0,(anonymous_11)
FNDA:0,(anonymous_12)
FNDA:0,mapStateToProps
DA:26,0
DA:27,0
DA:28,0
DA:40,0
DA:51,0
DA:65,0
LF:6
LH:0
BRDA:26,1,0,0
BRDA:26,1,1,0
BRDA:28,2,0,0
BRDA:28,2,1,0
BRDA:40,3,0,0
BRDA:40,3,1,0
BRDA:51,4,0,0
BRDA:51,4,1,0
BRDA:65,5,0,0
BRDA:65,5,1,0
BRF:10
BRH:0
end_of_record
TN:
SF:/Users/rlecart/Desktop/TRAVAIL/42/red-tetris/src/client/containers/LinesContainer.js
FN:4,Bloc
FN:10,Line
FN:18,LinesContainer
FNF:3
FNH:0
FNDA:0,Bloc
FNDA:0,Line
FNDA:0,LinesContainer
DA:21,0
DA:23,0
LF:2
LH:0
BRDA:5,1,0,0
BRDA:5,1,1,0
BRDA:5,2,0,0
BRDA:5,2,1,0
BRDA:21,3,0,0
BRDA:21,3,1,0
BRDA:21,4,0,0
BRDA:21,4,1,0
BRF:8
BRH:0
end_of_record
TN:
SF:/Users/rlecart/Desktop/TRAVAIL/42/red-tetris/src/client/containers/RoomContainer.js
FN:13,RoomContainer
FN:23,createList
FN:34,ifOwner
FN:37,onClick
FN:43,pleaseUnmountRoom
FN:53,(anonymous_8)
FN:56,(anonymous_9)
FN:59,(anonymous_10)
FN:63,(anonymous_11)
FN:67,(anonymous_12)
FN:68,(anonymous_13)
FN:72,(anonymous_14)
FN:74,(anonymous_15)
FN:104,mapStateToProps
FNF:14
FNH:0
FNDA:0,RoomContainer
FNDA:0,createList
FNDA:0,ifOwner
FNDA:0,onClick
FNDA:0,pleaseUnmountRoom
FNDA:0,(anonymous_8)
FNDA:0,(anonymous_9)
FNDA:0,(anonymous_10)
FNDA:0,(anonymous_11)
FNDA:0,(anonymous_12)
FNDA:0,(anonymous_13)
FNDA:0,(anonymous_14)
FNDA:0,(anonymous_15)
FNDA:0,mapStateToProps
DA:26,0
DA:27,0
DA:35,0
DA:44,0
DA:47,0
DA:58,0
LF:6
LH:0
BRDA:26,1,0,0
BRDA:26,1,1,0
BRDA:26,2,0,0
BRDA:26,2,1,0
BRDA:35,3,0,0
BRDA:35,3,1,0
BRDA:35,4,0,0
BRDA:35,4,1,0
BRDA:35,4,2,0
BRDA:44,5,0,0
BRDA:44,5,1,0
BRDA:44,6,0,0
BRDA:44,6,1,0
BRDA:47,7,0,0
BRDA:47,7,1,0
BRDA:58,8,0,0
BRDA:58,8,1,0
BRF:17
BRH:0
end_of_record
TN:
SF:/Users/rlecart/Desktop/TRAVAIL/42/red-tetris/src/client/containers/SpecListContainer.js
FN:6,createSpec
FN:27,SpecListContainer
FNF:2
FNH:0
FNDA:0,createSpec
FNDA:0,SpecListContainer
DA:9,0
LF:1
LH:0
BRDA:28,1,0,0
BRDA:28,1,1,0
BRDA:32,2,0,0
BRF:3
BRH:0
end_of_record
TN:
SF:/Users/rlecart/Desktop/TRAVAIL/42/red-tetris/src/client/index.js
FNF:0
FNH:0
LF:0
LH:0
BRF:0
BRH:0
end_of_record
TN:
SF:/Users/rlecart/Desktop/TRAVAIL/42/red-tetris/src/client/middleware/configureStore.js
FN:11,isFunction
FN:13,myMiddleware
FN:16,(anonymous_6)
FNF:3
FNH:0
FNDA:0,isFunction
FNDA:0,myMiddleware
FNDA:0,(anonymous_6)
DA:20,0
DA:21,0
LF:2
LH:0
BRDA:13,1,0,0
BRDA:13,1,1,0
BRDA:13,2,0,0
BRDA:13,2,1,0
BRDA:20,3,0,0
BRDA:20,3,1,0
BRDA:20,4,0,0
BRDA:20,4,1,0
BRDA:21,5,0,0
BRDA:21,5,1,0
BRF:10
BRH:0
end_of_record
TN:
SF:/Users/rlecart/Desktop/TRAVAIL/42/red-tetris/src/client/reducers/gameReducer.js
FN:12,gameReducer
FNF:1
FNH:0
FNDA:0,gameReducer
LF:0
LH:0
BRDA:12,1,0,0
BRDA:12,1,1,0
BRDA:12,2,0,0
BRDA:12,2,1,0
BRDA:16,3,0,0
BRDA:16,3,1,0
BRDA:16,3,2,0
BRDA:16,3,3,0
BRF:8
BRH:0
end_of_record
TN:
SF:/Users/rlecart/Desktop/TRAVAIL/42/red-tetris/src/client/reducers/homeReducer.js
FN:11,homeReducer
FNF:1
FNH:0
FNDA:0,homeReducer
LF:0
LH:0
BRDA:11,1,0,0
BRDA:11,1,1,0
BRDA:11,2,0,0
BRDA:11,2,1,0
BRDA:15,3,0,0
BRDA:15,3,1,0
BRF:6
BRH:0
end_of_record
TN:
SF:/Users/rlecart/Desktop/TRAVAIL/42/red-tetris/src/client/reducers/roomReducer.js
FN:8,roomReducer
FNF:1
FNH:0
FNDA:0,roomReducer
LF:0
LH:0
BRDA:8,1,0,0
BRDA:8,1,1,0
BRDA:8,2,0,0
BRDA:8,2,1,0
BRDA:12,3,0,0
BRDA:12,3,1,0
BRDA:12,3,2,0
BRF:7
BRH:0
end_of_record
TN:
SF:/Users/rlecart/Desktop/TRAVAIL/42/red-tetris/src/client/reducers/socketReducer.js
FN:7,socketReducer
FNF:1
FNH:0
FNDA:0,socketReducer
LF:0
LH:0
BRDA:7,1,0,0
BRDA:7,1,1,0
BRDA:7,2,0,0
BRDA:7,2,1,0
BRDA:11,3,0,0
BRDA:11,3,1,0
BRF:6
BRH:0
end_of_record
TN:
SF:/Users/rlecart/Desktop/TRAVAIL/42/red-tetris/src/misc/utils.js
FN:1,canIStayHere
FN:2,(anonymous_2)
FN:18,isEmpty
FN:25,generateUrl
FN:29,createNewUrl
FNF:5
FNH:0
FNDA:0,canIStayHere
FNDA:0,(anonymous_2)
FNDA:0,isEmpty
FNDA:0,generateUrl
FNDA:0,createNewUrl
DA:3,0
DA:4,0
DA:5,0
DA:9,0
DA:10,0
DA:11,0
DA:19,0
DA:20,0
DA:31,0
LF:9
LH:0
BRDA:3,1,0,0
BRDA:3,1,1,0
BRDA:4,2,0,0
BRDA:4,2,1,0
BRDA:4,3,0,0
BRDA:4,3,1,0
BRDA:9,4,0,0
BRDA:9,4,1,0
BRDA:10,5,0,0
BRDA:10,5,1,0
BRDA:10,6,0,0
BRDA:10,6,1,0
BRDA:10,6,2,0
BRDA:19,7,0,0
BRDA:19,7,1,0
BRDA:19,8,0,0
BRDA:19,8,1,0
BRF:17
BRH:0
end_of_record
TN:
SF:/Users/rlecart/Desktop/TRAVAIL/42/red-tetris/src/ressources/defaultColors.js
FNF:0
FNH:0
LF:0
LH:0
BRF:0
BRH:0
end_of_record
TN:
SF:/Users/rlecart/Desktop/TRAVAIL/42/red-tetris/src/ressources/defaultGame.js
FNF:0
FNH:0
LF:0
LH:0
BRF:0
BRH:0
end_of_record
TN:
SF:/Users/rlecart/Desktop/TRAVAIL/42/red-tetris/src/ressources/defaultRoom.js
FNF:0
FNH:0
LF:0
LH:0
BRF:0
BRH:0
end_of_record
TN:
SF:/Users/rlecart/Desktop/TRAVAIL/42/red-tetris/src/ressources/defaultRules.js
FNF:0
FNH:0
LF:0
LH:0
BRF:0
BRH:0
end_of_record
TN:
SF:/Users/rlecart/Desktop/TRAVAIL/42/red-tetris/src/ressources/defaultTetriminos.js
FNF:0
FNH:0
LF:0
LH:0
BRF:0
BRH:0
end_of_record
TN:
SF:/Users/rlecart/Desktop/TRAVAIL/42/red-tetris/src/server/classes/Game.js
FN:5,Game
FNF:1
FNH:0
FNDA:0,Game
DA:5,2
DA:37,0
DA:38,0
DA:50,0
DA:51,0
DA:52,0
DA:92,0
DA:93,0
LF:8
LH:1
BRDA:37,1,0,0
BRDA:37,1,1,0
BRDA:37,2,0,0
BRDA:37,2,1,0
BRDA:38,3,0,0
BRDA:38,3,1,0
BRDA:38,4,0,0
BRDA:38,4,1,0
BRDA:50,5,0,0
BRDA:50,5,1,0
BRDA:51,6,0,0
BRDA:51,6,1,0
BRDA:51,7,0,0
BRDA:51,7,1,0
BRDA:52,8,0,0
BRDA:52,8,1,0
BRDA:52,9,0,0
BRDA:52,9,1,0
BRDA:92,10,0,0
BRDA:92,10,1,0
BRDA:92,11,0,0
BRDA:92,11,1,0
BRDA:93,12,0,0
BRDA:93,12,1,0
BRDA:93,13,0,0
BRDA:93,13,1,0
BRF:26
BRH:0
end_of_record
TN:
SF:/Users/rlecart/Desktop/TRAVAIL/42/red-tetris/src/server/classes/Master.js
FN:9,Master
FN:16,(anonymous_14)
FN:18,(anonymous_15)
FN:28,(anonymous_17)
FNF:4
FNH:0
FNDA:0,Master
FNDA:0,(anonymous_14)
FNDA:0,(anonymous_15)
FNDA:0,(anonymous_17)
DA:9,2
DA:46,0
DA:51,0
DA:63,0
DA:64,0
DA:66,0
DA:77,0
DA:85,0
DA:86,0
DA:87,0
DA:107,0
DA:116,0
DA:117,0
DA:129,0
DA:130,0
DA:132,0
DA:147,0
DA:149,0
DA:152,0
DA:161,0
DA:173,0
DA:175,0
DA:182,0
DA:184,0
DA:191,0
DA:193,0
DA:201,0
DA:203,0
DA:206,0
DA:209,0
DA:218,0
DA:219,0
DA:221,0
DA:230,0
DA:231,0
DA:235,0
LF:36
LH:1
BRDA:46,1,0,0
BRDA:46,1,1,0
BRDA:46,2,0,0
BRDA:46,2,1,0
BRDA:46,2,2,0
BRDA:51,3,0,0
BRDA:51,3,1,0
BRDA:63,4,0,0
BRDA:63,4,1,0
BRDA:66,5,0,0
BRDA:66,5,1,0
BRDA:77,6,0,0
BRDA:77,6,1,0
BRDA:77,7,0,0
BRDA:77,7,1,0
BRDA:85,8,0,0
BRDA:85,8,1,0
BRDA:87,9,0,0
BRDA:87,9,1,0
BRDA:107,10,0,0
BRDA:107,10,1,0
BRDA:116,11,0,0
BRDA:116,11,1,0
BRDA:116,12,0,0
BRDA:116,12,1,0
BRDA:116,12,2,0
BRDA:116,12,3,0
BRDA:116,12,4,0
BRDA:116,12,5,0
BRDA:116,12,6,0
BRDA:117,13,0,0
BRDA:117,13,1,0
BRDA:117,14,0,0
BRDA:117,14,1,0
BRDA:129,15,0,0
BRDA:129,15,1,0
BRDA:129,16,0,0
BRDA:129,16,1,0
BRDA:129,16,2,0
BRDA:130,17,0,0
BRDA:130,17,1,0
BRDA:130,18,0,0
BRDA:130,18,1,0
BRDA:132,19,0,0
BRDA:132,19,1,0
BRDA:132,20,0,0
BRDA:132,20,1,0
BRDA:132,20,2,0
BRDA:147,21,0,0
BRDA:147,21,1,0
BRDA:147,22,0,0
BRDA:147,22,1,0
BRDA:149,23,0,0
BRDA:149,23,1,0
BRDA:152,24,0,0
BRDA:152,24,1,0
BRDA:161,25,0,0
BRDA:161,25,1,0
BRDA:173,26,0,0
BRDA:173,26,1,0
BRDA:173,27,0,0
BRDA:173,27,1,0
BRDA:173,27,2,0
BRDA:175,28,0,0
BRDA:175,28,1,0
BRDA:182,29,0,0
BRDA:182,29,1,0
BRDA:184,30,0,0
BRDA:184,30,1,0
BRDA:193,31,0,0
BRDA:193,31,1,0
BRDA:201,32,0,0
BRDA:201,32,1,0
BRDA:201,33,0,0
BRDA:201,33,1,0
BRDA:201,33,2,0
BRDA:201,33,3,0
BRDA:201,33,4,0
BRDA:201,33,5,0
BRDA:203,34,0,0
BRDA:203,34,1,0
BRDA:206,35,0,0
BRDA:206,35,1,0
BRDA:209,36,0,0
BRDA:209,36,1,0
BRDA:209,37,0,0
BRDA:209,37,1,0
BRDA:209,37,2,0
BRDA:218,38,0,0
BRDA:218,38,1,0
BRDA:218,39,0,0
BRDA:218,39,1,0
BRDA:219,40,0,0
BRDA:219,40,1,0
BRDA:219,41,0,0
BRDA:219,41,1,0
BRDA:221,42,0,0
BRDA:221,42,1,0
BRDA:230,43,0,0
BRDA:230,43,1,0
BRDA:230,44,0,0
BRDA:230,44,1,0
BRDA:230,44,2,0
BRDA:235,45,0,0
BRDA:235,45,1,0
BRF:105
BRH:0
end_of_record
TN:
SF:/Users/rlecart/Desktop/TRAVAIL/42/red-tetris/src/server/classes/Player.js
FN:5,Player
FNF:1
FNH:1
FNDA:1,Player
DA:5,2
DA:47,0
DA:48,0
DA:49,0
DA:50,0
DA:51,0
DA:52,0
DA:53,0
DA:54,0
DA:55,0
DA:59,0
LF:11
LH:1
BRDA:47,1,0,0
BRDA:47,1,1,0
BRDA:49,2,0,0
BRDA:49,2,1,0
BRDA:51,3,0,0
BRDA:51,3,1,0
BRDA:53,4,0,0
BRDA:53,4,1,0
BRDA:55,5,0,0
BRDA:55,5,1,0
BRDA:56,6,0,0
BRDA:56,6,1,0
BRDA:59,7,0,0
BRDA:59,7,1,0
BRF:14
BRH:0
end_of_record
TN:
SF:/Users/rlecart/Desktop/TRAVAIL/42/red-tetris/src/server/classes/Room.js
FN:7,Room
FN:174,(anonymous_36)
FNF:2
FNH:0
FNDA:0,Room
FNDA:0,(anonymous_36)
DA:7,2
DA:29,0
DA:39,0
DA:49,0
DA:55,0
DA:96,0
DA:97,0
DA:100,0
DA:101,0
DA:108,0
DA:121,0
DA:127,0
DA:143,0
DA:147,0
DA:148,0
DA:149,0
DA:178,0
DA:190,0
DA:227,0
DA:228,0
DA:234,0
DA:253,0
DA:255,0
DA:256,0
DA:257,0
DA:258,0
DA:259,0
DA:273,0
DA:274,0
DA:281,0
DA:282,0
DA:290,0
DA:298,0
DA:306,0
DA:307,0
DA:318,0
DA:319,0
DA:322,0
DA:331,0
DA:332,0
DA:341,0
DA:342,0
LF:42
LH:1
BRDA:29,1,0,0
BRDA:29,1,1,0
BRDA:39,2,0,0
BRDA:39,2,1,0
BRDA:49,3,0,0
BRDA:49,3,1,0
BRDA:55,4,0,0
BRDA:55,4,1,0
BRDA:96,5,0,0
BRDA:96,5,1,0
BRDA:101,6,0,0
BRDA:101,6,1,0
BRDA:101,7,0,0
BRDA:101,7,1,0
BRDA:108,8,0,0
BRDA:108,8,1,0
BRDA:121,9,0,0
BRDA:121,9,1,0
BRDA:127,10,0,0
BRDA:127,10,1,0
BRDA:127,11,0,0
BRDA:127,11,1,0
BRDA:143,12,0,0
BRDA:143,12,1,0
BRDA:147,13,0,0
BRDA:147,13,1,0
BRDA:149,14,0,0
BRDA:149,14,1,0
BRDA:178,15,0,0
BRDA:178,15,1,0
BRDA:190,16,0,0
BRDA:190,16,1,0
BRDA:227,17,0,0
BRDA:227,17,1,0
BRDA:228,18,0,0
BRDA:228,18,1,0
BRDA:234,19,0,0
BRDA:234,19,1,0
BRDA:257,20,0,0
BRDA:257,20,1,0
BRDA:257,21,0,0
BRDA:257,21,1,0
BRDA:257,21,2,0
BRDA:259,22,0,0
BRDA:259,22,1,0
BRDA:274,23,0,0
BRDA:274,23,1,0
BRDA:274,24,0,0
BRDA:274,24,1,0
BRDA:274,24,2,0
BRDA:274,24,3,0
BRDA:281,25,0,0
BRDA:281,25,1,0
BRDA:281,26,0,0
BRDA:281,26,1,0
BRDA:282,27,0,0
BRDA:282,27,1,0
BRDA:298,28,0,0
BRDA:298,28,1,0
BRDA:298,29,0,0
BRDA:298,29,1,0
BRDA:307,30,0,0
BRDA:307,30,1,0
BRDA:307,31,0,0
BRDA:307,31,1,0
BRDA:319,32,0,0
BRDA:319,32,1,0
BRDA:319,33,0,0
BRDA:319,33,1,0
BRDA:322,34,0,0
BRDA:322,34,1,0
BRDA:332,35,0,0
BRDA:332,35,1,0
BRDA:342,36,0,0
BRDA:342,36,1,0
BRF:75
BRH:0
end_of_record
TN:
SF:/Users/rlecart/Desktop/TRAVAIL/42/red-tetris/src/server/classes/Servers.js
FN:8,mainServer
FN:26,handler
FN:28,(anonymous_12)
FN:43,(anonymous_13)
FN:51,(anonymous_15)
FN:79,(anonymous_19)
FN:81,(anonymous_20)
FN:85,(anonymous_21)
FN:86,(anonymous_22)
FN:87,(anonymous_23)
FN:88,(anonymous_24)
FN:94,(anonymous_25)
FN:95,(anonymous_26)
FN:96,(anonymous_27)
FN:97,(anonymous_28)
FN:98,(anonymous_29)
FN:99,(anonymous_30)
FN:102,(anonymous_31)
FN:109,(anonymous_32)
FNF:19
FNH:0
FNDA:0,mainServer
FNDA:0,handler
FNDA:0,(anonymous_12)
FNDA:0,(anonymous_13)
FNDA:0,(anonymous_15)
FNDA:0,(anonymous_19)
FNDA:0,(anonymous_20)
FNDA:0,(anonymous_21)
FNDA:0,(anonymous_22)
FNDA:0,(anonymous_23)
FNDA:0,(anonymous_24)
FNDA:0,(anonymous_25)
FNDA:0,(anonymous_26)
FNDA:0,(anonymous_27)
FNDA:0,(anonymous_28)
FNDA:0,(anonymous_29)
FNDA:0,(anonymous_30)
FNDA:0,(anonymous_31)
FNDA:0,(anonymous_32)
DA:8,2
DA:29,0
DA:70,0
DA:71,0
DA:82,0
DA:91,0
DA:105,0
DA:108,0
LF:8
LH:1
BRDA:27,1,0,0
BRDA:27,1,1,0
BRDA:29,2,0,0
BRDA:29,2,1,0
BRDA:70,3,0,0
BRDA:70,3,1,0
BRDA:82,4,0,0
BRDA:82,4,1,0
BRDA:82,5,0,0
BRDA:82,5,1,0
BRDA:91,6,0,0
BRDA:91,6,1,0
BRDA:105,7,0,0
BRDA:105,7,1,0
BRDA:108,8,0,0
BRDA:108,8,1,0
BRF:16
BRH:0
end_of_record
TN:
SF:/Users/rlecart/Desktop/TRAVAIL/42/red-tetris/src/server/main.js
FNF:0
FNH:0
LF:0
LH:0
BRF:0
BRH:0
end_of_record
TN:
SF:/Users/rlecart/Desktop/TRAVAIL/42/red-tetris/src/server/refresh.js
FN:3,newRand
FN:7,newShape
FN:14,initShapes
FN:19,createNewTetri
FN:31,addTetri
FN:51,checkTetri
FN:75,noMoreSpace
FN:81,turnTetri
FN:94,parseLen
FN:122,parseTruePos
FN:145,checkIfOk
FN:162,moveTetri
FN:199,checkFilledLine
FN:213,endGame
FN:220,addFilledLine
FN:226,(anonymous_24)
FN:243,refresh
FNF:17
FNH:0
FNDA:0,newRand
FNDA:0,newShape
FNDA:0,initShapes
FNDA:0,createNewTetri
FNDA:0,addTetri
FNDA:0,checkTetri
FNDA:0,noMoreSpace
FNDA:0,turnTetri
FNDA:0,parseLen
FNDA:0,parseTruePos
FNDA:0,checkIfOk
FNDA:0,moveTetri
FNDA:0,checkFilledLine
FNDA:0,endGame
FNDA:0,addFilledLine
FNDA:0,(anonymous_24)
FNDA:0,refresh
DA:14,2
DA:21,0
DA:39,0
DA:40,0
DA:41,0
DA:58,0
DA:61,0
DA:62,0
DA:63,0
DA:76,0
DA:84,0
DA:86,0
DA:87,0
DA:102,0
DA:103,0
DA:104,0
DA:111,0
DA:112,0
DA:115,0
DA:116,0
DA:130,0
DA:131,0
DA:132,0
DA:133,0
DA:135,0
DA:141,0
DA:146,0
DA:148,0
DA:150,0
DA:154,0
DA:166,0
DA:170,0
DA:171,0
DA:177,0
DA:178,0
DA:179,0
DA:183,0
DA:185,0
DA:186,0
DA:188,0
DA:203,0
DA:204,0
DA:220,2
DA:223,0
DA:224,0
DA:225,0
DA:226,0
DA:231,0
DA:243,2
DA:248,0
DA:251,0
DA:252,0
DA:253,0
DA:254,0
LF:54
LH:3
BRDA:21,1,0,0
BRDA:21,1,1,0
BRDA:41,2,0,0
BRDA:41,2,1,0
BRDA:58,3,0,0
BRDA:58,3,1,0
BRDA:58,4,0,0
BRDA:58,4,1,0
BRDA:61,5,0,0
BRDA:61,5,1,0
BRDA:62,6,0,0
BRDA:62,6,1,0
BRDA:63,7,0,0
BRDA:63,7,1,0
BRDA:63,8,0,0
BRDA:63,8,1,0
BRDA:63,8,2,0
BRDA:63,8,3,0
BRDA:76,9,0,0
BRDA:76,9,1,0
BRDA:84,10,0,0
BRDA:84,10,1,0
BRDA:86,11,0,0
BRDA:86,11,1,0
BRDA:104,12,0,0
BRDA:104,12,1,0
BRDA:112,13,0,0
BRDA:112,13,1,0
BRDA:116,14,0,0
BRDA:116,14,1,0
BRDA:132,15,0,0
BRDA:132,15,1,0
BRDA:133,16,0,0
BRDA:133,16,1,0
BRDA:135,17,0,0
BRDA:135,17,1,0
BRDA:146,18,0,0
BRDA:146,18,1,0
BRDA:148,19,0,0
BRDA:148,19,1,0
BRDA:148,20,0,0
BRDA:148,20,1,0
BRDA:148,20,2,0
BRDA:150,21,0,0
BRDA:150,21,1,0
BRDA:150,22,0,0
BRDA:150,22,1,0
BRDA:154,23,0,0
BRDA:154,23,1,0
BRDA:154,24,0,0
BRDA:154,24,1,0
BRDA:154,24,2,0
BRDA:154,24,3,0
BRDA:154,24,4,0
BRDA:154,24,5,0
BRDA:166,25,0,0
BRDA:166,25,1,0
BRDA:166,26,0,0
BRDA:166,26,1,0
BRDA:170,27,0,0
BRDA:170,27,1,0
BRDA:171,28,0,0
BRDA:171,28,1,0
BRDA:171,29,0,0
BRDA:171,29,1,0
BRDA:177,30,0,0
BRDA:177,30,1,0
BRDA:178,31,0,0
BRDA:178,31,1,0
BRDA:178,32,0,0
BRDA:178,32,1,0
BRDA:178,32,2,0
BRDA:183,33,0,0
BRDA:183,33,1,0
BRDA:183,34,0,0
BRDA:183,34,1,0
BRDA:185,35,0,0
BRDA:185,35,1,0
BRDA:186,36,0,0
BRDA:186,36,1,0
BRDA:186,37,0,0
BRDA:186,37,1,0
BRDA:188,38,0,0
BRDA:188,38,1,0
BRDA:204,39,0,0
BRDA:204,39,1,0
BRDA:204,40,0,0
BRDA:204,40,1,0
BRDA:224,41,0,0
BRDA:224,41,1,0
BRDA:224,42,0,0
BRDA:224,42,1,0
BRDA:226,43,0,0
BRDA:226,43,1,0
BRDA:231,44,0,0
BRDA:231,44,1,0
BRDA:248,45,0,0
BRDA:248,45,1,0
BRDA:251,46,0,0
BRDA:251,46,1,0
BRDA:253,47,0,0
BRDA:253,47,1,0
BRDA:254,48,0,0
BRDA:254,48,1,0
BRF:104
BRH:0
end_of_record
